2024-03-26 22:05:44,754 - INFO - Args parsed succesfully
2024-03-26 22:05:44,754 - INFO - Params: Namespace(emotion_transform_prob=None, epochs=100, exp_name='Expanded', net_name='resnet18', use_expanded_dataset=True)
2024-03-26 22:05:45,075 - INFO - Model was initialized and sent to cuda:0
2024-03-26 22:05:47,117 - INFO - All data has been loaded
2024-03-26 22:05:47,118 - INFO - Got hyper parametrs for current model:
2024-03-26 22:05:47,118 - INFO - batch size=32
2024-03-26 22:05:47,118 - INFO - RMSprop (
Parameter Group 0
    alpha: 0.99
    centered: False
    differentiable: False
    eps: 1e-08
    foreach: None
    initial_lr: 0.0002
    lr: 0.0002
    maximize: False
    momentum: 0
    weight_decay: 2e-05
)
2024-03-26 22:05:47,118 - INFO - <torch.optim.lr_scheduler.StepLR object at 0x7fc5ca146a30>
2024-03-26 22:05:47,119 - INFO - DataLoaders initialized
2024-03-26 22:05:47,119 - INFO - HyperParams initiliazed, starting training...
2024-03-26 22:07:47,759 - INFO - Epoch: 1 | Loss: 0.0180 | Validation accuracy: 53.636% | Epoch Time: 120.64 secs
2024-03-26 22:09:48,904 - INFO - Epoch: 2 | Loss: 0.0119 | Validation accuracy: 55.670% | Epoch Time: 120.94 secs
2024-03-26 22:11:49,279 - INFO - Epoch: 3 | Loss: 0.0104 | Validation accuracy: 56.032% | Epoch Time: 119.75 secs
2024-03-26 22:13:50,607 - INFO - Epoch: 4 | Loss: 0.0094 | Validation accuracy: 58.596% | Epoch Time: 120.27 secs
2024-03-26 22:17:20,827 - INFO - Epoch: 5 | Loss: 0.0086 | Training accuracy: 90.548% | Validation accuracy: 58.011% | Epoch Time: 209.54 secs
2024-03-26 22:19:21,573 - INFO - Epoch: 6 | Loss: 0.0079 | Validation accuracy: 60.351% | Epoch Time: 120.47 secs
2024-03-26 22:21:22,368 - INFO - Epoch: 7 | Loss: 0.0074 | Validation accuracy: 61.438% | Epoch Time: 119.89 secs
2024-03-26 22:23:23,562 - INFO - Epoch: 8 | Loss: 0.0069 | Validation accuracy: 60.351% | Epoch Time: 120.25 secs
2024-03-26 22:25:23,588 - INFO - Epoch: 9 | Loss: 0.0064 | Validation accuracy: 62.970% | Epoch Time: 119.76 secs
2024-03-26 22:28:54,465 - INFO - Epoch: 10 | Loss: 0.0060 | Training accuracy: 94.270% | Validation accuracy: 63.750% | Epoch Time: 210.17 secs
2024-03-26 22:30:56,150 - INFO - Epoch: 11 | Loss: 0.0044 | Validation accuracy: 64.308% | Epoch Time: 120.27 secs
2024-03-26 22:32:57,351 - INFO - Epoch: 12 | Loss: 0.0037 | Validation accuracy: 64.085% | Epoch Time: 120.61 secs
2024-03-26 22:34:57,757 - INFO - Epoch: 13 | Loss: 0.0033 | Validation accuracy: 62.552% | Epoch Time: 120.11 secs
2024-03-26 22:36:57,581 - INFO - Epoch: 14 | Loss: 0.0030 | Validation accuracy: 64.391% | Epoch Time: 119.56 secs
2024-03-26 22:40:28,346 - INFO - Epoch: 15 | Loss: 0.0027 | Training accuracy: 97.832% | Validation accuracy: 62.692% | Epoch Time: 210.13 secs
2024-03-26 22:42:28,756 - INFO - Epoch: 16 | Loss: 0.0024 | Validation accuracy: 63.778% | Epoch Time: 120.12 secs
2024-03-26 22:44:29,015 - INFO - Epoch: 17 | Loss: 0.0022 | Validation accuracy: 63.165% | Epoch Time: 119.73 secs
2024-03-26 22:46:29,570 - INFO - Epoch: 18 | Loss: 0.0020 | Validation accuracy: 64.140% | Epoch Time: 120.28 secs
2024-03-26 22:48:29,955 - INFO - Epoch: 19 | Loss: 0.0019 | Validation accuracy: 62.970% | Epoch Time: 119.92 secs
2024-03-26 22:51:59,502 - INFO - Epoch: 20 | Loss: 0.0018 | Training accuracy: 98.444% | Validation accuracy: 63.137% | Epoch Time: 209.27 secs
2024-03-26 22:53:59,590 - INFO - Epoch: 21 | Loss: 0.0011 | Validation accuracy: 63.806% | Epoch Time: 119.82 secs
2024-03-26 22:55:59,839 - INFO - Epoch: 22 | Loss: 0.0009 | Validation accuracy: 64.113% | Epoch Time: 119.77 secs
2024-03-26 22:58:00,071 - INFO - Epoch: 23 | Loss: 0.0008 | Validation accuracy: 64.168% | Epoch Time: 119.96 secs
2024-03-26 23:00:00,185 - INFO - Epoch: 24 | Loss: 0.0007 | Validation accuracy: 64.363% | Epoch Time: 119.75 secs
2024-03-26 23:03:30,630 - INFO - Epoch: 25 | Loss: 0.0007 | Training accuracy: 99.596% | Validation accuracy: 64.085% | Epoch Time: 210.12 secs
2024-03-26 23:05:30,687 - INFO - Epoch: 26 | Loss: 0.0006 | Validation accuracy: 64.280% | Epoch Time: 119.63 secs
2024-03-26 23:07:30,843 - INFO - Epoch: 27 | Loss: 0.0006 | Validation accuracy: 64.447% | Epoch Time: 119.78 secs
2024-03-26 23:09:31,172 - INFO - Epoch: 28 | Loss: 0.0006 | Validation accuracy: 64.698% | Epoch Time: 119.38 secs
2024-03-26 23:11:32,413 - INFO - Epoch: 29 | Loss: 0.0006 | Validation accuracy: 64.531% | Epoch Time: 120.63 secs
2024-03-26 23:15:02,681 - INFO - Epoch: 30 | Loss: 0.0006 | Training accuracy: 99.639% | Validation accuracy: 63.639% | Epoch Time: 209.78 secs
2024-03-26 23:17:02,624 - INFO - Epoch: 31 | Loss: 0.0004 | Validation accuracy: 64.308% | Epoch Time: 119.39 secs
2024-03-26 23:19:02,607 - INFO - Epoch: 32 | Loss: 0.0003 | Validation accuracy: 64.280% | Epoch Time: 119.71 secs
2024-03-26 23:21:03,262 - INFO - Epoch: 33 | Loss: 0.0003 | Validation accuracy: 64.085% | Epoch Time: 120.36 secs
2024-03-26 23:23:03,817 - INFO - Epoch: 34 | Loss: 0.0002 | Validation accuracy: 64.391% | Epoch Time: 120.15 secs
2024-03-26 23:26:33,004 - INFO - Epoch: 35 | Loss: 0.0002 | Training accuracy: 99.856% | Validation accuracy: 64.586% | Epoch Time: 208.90 secs
2024-03-26 23:28:33,013 - INFO - Epoch: 36 | Loss: 0.0002 | Validation accuracy: 64.391% | Epoch Time: 119.74 secs
2024-03-26 23:30:33,075 - INFO - Epoch: 37 | Loss: 0.0002 | Validation accuracy: 64.531% | Epoch Time: 119.80 secs
2024-03-26 23:32:33,258 - INFO - Epoch: 38 | Loss: 0.0002 | Validation accuracy: 64.586% | Epoch Time: 119.88 secs
2024-03-26 23:34:33,375 - INFO - Epoch: 39 | Loss: 0.0002 | Validation accuracy: 64.837% | Epoch Time: 119.84 secs
2024-03-26 23:38:04,357 - INFO - Epoch: 40 | Loss: 0.0002 | Training accuracy: 99.870% | Validation accuracy: 64.809% | Epoch Time: 210.40 secs
2024-03-26 23:40:05,104 - INFO - Epoch: 41 | Loss: 0.0002 | Validation accuracy: 64.976% | Epoch Time: 120.48 secs
2024-03-26 23:42:06,406 - INFO - Epoch: 42 | Loss: 0.0001 | Validation accuracy: 64.781% | Epoch Time: 120.42 secs
2024-03-26 23:44:08,012 - INFO - Epoch: 43 | Loss: 0.0001 | Validation accuracy: 65.116% | Epoch Time: 121.31 secs
2024-03-26 23:46:08,650 - INFO - Epoch: 44 | Loss: 0.0001 | Validation accuracy: 64.586% | Epoch Time: 119.95 secs
2024-03-26 23:49:39,086 - INFO - Epoch: 45 | Loss: 0.0001 | Training accuracy: 99.931% | Validation accuracy: 64.837% | Epoch Time: 210.16 secs
2024-03-26 23:51:39,056 - INFO - Epoch: 46 | Loss: 0.0001 | Validation accuracy: 64.586% | Epoch Time: 119.50 secs
2024-03-26 23:53:39,585 - INFO - Epoch: 47 | Loss: 0.0001 | Validation accuracy: 64.781% | Epoch Time: 120.25 secs
2024-03-26 23:55:40,061 - INFO - Epoch: 48 | Loss: 0.0001 | Validation accuracy: 64.698% | Epoch Time: 120.21 secs
2024-03-26 23:57:40,735 - INFO - Epoch: 49 | Loss: 0.0001 | Validation accuracy: 64.252% | Epoch Time: 120.31 secs
2024-03-27 00:01:11,163 - INFO - Epoch: 50 | Loss: 0.0001 | Training accuracy: 99.930% | Validation accuracy: 64.391% | Epoch Time: 210.16 secs
2024-03-27 00:03:11,891 - INFO - Epoch: 51 | Loss: 0.0001 | Validation accuracy: 64.140% | Epoch Time: 120.45 secs
2024-03-27 00:05:12,458 - INFO - Epoch: 52 | Loss: 0.0001 | Validation accuracy: 64.809% | Epoch Time: 120.29 secs
2024-03-27 00:07:12,970 - INFO - Epoch: 53 | Loss: 0.0001 | Validation accuracy: 64.921% | Epoch Time: 120.24 secs
2024-03-27 00:09:15,093 - INFO - Epoch: 54 | Loss: 0.0001 | Validation accuracy: 64.865% | Epoch Time: 121.62 secs
2024-03-27 00:12:45,337 - INFO - Epoch: 55 | Loss: 0.0001 | Training accuracy: 99.945% | Validation accuracy: 64.948% | Epoch Time: 209.97 secs
2024-03-27 00:14:45,049 - INFO - Epoch: 56 | Loss: 0.0001 | Validation accuracy: 64.893% | Epoch Time: 119.44 secs
2024-03-27 00:16:45,058 - INFO - Epoch: 57 | Loss: 0.0001 | Validation accuracy: 64.976% | Epoch Time: 119.52 secs
2024-03-27 00:18:45,557 - INFO - Epoch: 58 | Loss: 0.0001 | Validation accuracy: 65.143% | Epoch Time: 120.20 secs
2024-03-27 00:20:46,255 - INFO - Epoch: 59 | Loss: 0.0001 | Validation accuracy: 65.004% | Epoch Time: 119.89 secs
2024-03-27 00:24:16,522 - INFO - Epoch: 60 | Loss: 0.0001 | Training accuracy: 99.947% | Validation accuracy: 64.642% | Epoch Time: 209.98 secs
2024-03-27 00:26:16,737 - INFO - Epoch: 61 | Loss: 0.0001 | Validation accuracy: 64.781% | Epoch Time: 119.95 secs
2024-03-27 00:28:17,027 - INFO - Epoch: 62 | Loss: 0.0001 | Validation accuracy: 65.227% | Epoch Time: 120.01 secs
2024-03-27 00:30:17,699 - INFO - Epoch: 63 | Loss: 0.0001 | Validation accuracy: 65.060% | Epoch Time: 120.08 secs
2024-03-27 00:32:18,460 - INFO - Epoch: 64 | Loss: 0.0001 | Validation accuracy: 65.004% | Epoch Time: 120.47 secs
2024-03-27 00:35:48,649 - INFO - Epoch: 65 | Loss: 0.0001 | Training accuracy: 99.952% | Validation accuracy: 64.726% | Epoch Time: 209.92 secs
2024-03-27 00:37:48,696 - INFO - Epoch: 66 | Loss: 0.0001 | Validation accuracy: 64.837% | Epoch Time: 119.75 secs
2024-03-27 00:39:48,869 - INFO - Epoch: 67 | Loss: 0.0001 | Validation accuracy: 64.781% | Epoch Time: 119.89 secs
2024-03-27 00:41:49,612 - INFO - Epoch: 68 | Loss: 0.0001 | Validation accuracy: 64.586% | Epoch Time: 120.47 secs
2024-03-27 00:43:50,083 - INFO - Epoch: 69 | Loss: 0.0001 | Validation accuracy: 65.004% | Epoch Time: 120.19 secs
2024-03-27 00:47:20,686 - INFO - Epoch: 70 | Loss: 0.0001 | Training accuracy: 99.951% | Validation accuracy: 64.865% | Epoch Time: 210.12 secs
2024-03-27 00:49:20,895 - INFO - Epoch: 71 | Loss: 0.0001 | Validation accuracy: 64.419% | Epoch Time: 119.94 secs
2024-03-27 00:51:21,125 - INFO - Epoch: 72 | Loss: 0.0001 | Validation accuracy: 64.726% | Epoch Time: 119.94 secs
2024-03-27 00:53:20,818 - INFO - Epoch: 73 | Loss: 0.0000 | Validation accuracy: 64.921% | Epoch Time: 119.40 secs
2024-03-27 00:55:21,463 - INFO - Epoch: 74 | Loss: 0.0000 | Validation accuracy: 65.060% | Epoch Time: 120.37 secs
2024-03-27 00:58:51,820 - INFO - Epoch: 75 | Loss: 0.0000 | Training accuracy: 99.957% | Validation accuracy: 64.531% | Epoch Time: 210.08 secs
2024-03-27 01:00:51,706 - INFO - Epoch: 76 | Loss: 0.0000 | Validation accuracy: 64.753% | Epoch Time: 119.39 secs
2024-03-27 01:02:52,916 - INFO - Epoch: 77 | Loss: 0.0001 | Validation accuracy: 64.865% | Epoch Time: 120.92 secs
2024-03-27 01:04:53,526 - INFO - Epoch: 78 | Loss: 0.0001 | Validation accuracy: 64.698% | Epoch Time: 120.33 secs
2024-03-27 01:06:54,022 - INFO - Epoch: 79 | Loss: 0.0000 | Validation accuracy: 64.865% | Epoch Time: 120.21 secs
2024-03-27 01:10:24,626 - INFO - Epoch: 80 | Loss: 0.0000 | Training accuracy: 99.955% | Validation accuracy: 64.865% | Epoch Time: 210.32 secs
2024-03-27 01:12:25,129 - INFO - Epoch: 81 | Loss: 0.0000 | Validation accuracy: 64.670% | Epoch Time: 120.21 secs
2024-03-27 01:14:26,746 - INFO - Epoch: 82 | Loss: 0.0000 | Validation accuracy: 64.948% | Epoch Time: 121.33 secs
2024-03-27 01:16:26,754 - INFO - Epoch: 83 | Loss: 0.0000 | Validation accuracy: 64.865% | Epoch Time: 119.73 secs
2024-03-27 01:18:26,656 - INFO - Epoch: 84 | Loss: 0.0000 | Validation accuracy: 64.586% | Epoch Time: 119.59 secs
2024-03-27 01:21:57,345 - INFO - Epoch: 85 | Loss: 0.0000 | Training accuracy: 99.958% | Validation accuracy: 64.837% | Epoch Time: 210.40 secs
2024-03-27 01:23:57,377 - INFO - Epoch: 86 | Loss: 0.0001 | Validation accuracy: 64.921% | Epoch Time: 119.76 secs
2024-03-27 01:25:57,669 - INFO - Epoch: 87 | Loss: 0.0000 | Validation accuracy: 64.698% | Epoch Time: 119.99 secs
2024-03-27 01:27:58,315 - INFO - Epoch: 88 | Loss: 0.0000 | Validation accuracy: 64.809% | Epoch Time: 120.37 secs
2024-03-27 01:29:58,461 - INFO - Epoch: 89 | Loss: 0.0000 | Validation accuracy: 64.809% | Epoch Time: 119.87 secs
2024-03-27 01:33:28,711 - INFO - Epoch: 90 | Loss: 0.0000 | Training accuracy: 99.957% | Validation accuracy: 64.948% | Epoch Time: 209.95 secs
2024-03-27 01:35:28,517 - INFO - Epoch: 91 | Loss: 0.0001 | Validation accuracy: 64.670% | Epoch Time: 119.53 secs
2024-03-27 01:37:28,604 - INFO - Epoch: 92 | Loss: 0.0000 | Validation accuracy: 64.837% | Epoch Time: 119.80 secs
2024-03-27 01:39:28,958 - INFO - Epoch: 93 | Loss: 0.0000 | Validation accuracy: 64.642% | Epoch Time: 120.08 secs
2024-03-27 01:41:29,087 - INFO - Epoch: 94 | Loss: 0.0000 | Validation accuracy: 64.698% | Epoch Time: 119.85 secs
2024-03-27 01:44:59,758 - INFO - Epoch: 95 | Loss: 0.0000 | Training accuracy: 99.955% | Validation accuracy: 65.060% | Epoch Time: 210.39 secs
2024-03-27 01:46:59,902 - INFO - Epoch: 96 | Loss: 0.0000 | Validation accuracy: 64.726% | Epoch Time: 119.85 secs
2024-03-27 01:49:00,376 - INFO - Epoch: 97 | Loss: 0.0000 | Validation accuracy: 64.837% | Epoch Time: 120.17 secs
2024-03-27 01:51:00,953 - INFO - Epoch: 98 | Loss: 0.0000 | Validation accuracy: 64.558% | Epoch Time: 120.29 secs
2024-03-27 01:53:00,511 - INFO - Epoch: 99 | Loss: 0.0000 | Validation accuracy: 64.614% | Epoch Time: 119.27 secs
2024-03-27 01:56:30,559 - INFO - Epoch: 100 | Loss: 0.0000 | Training accuracy: 99.952% | Validation accuracy: 64.948% | Epoch Time: 209.74 secs
2024-03-27 01:56:31,025 - INFO - Train Ended!
2024-03-27 01:56:31,025 - INFO - Saving train statistics
2024-03-27 01:56:31,200 - INFO - Save statistics done!
