2024-04-01 17:39:24,689 - INFO - Args parsed succesfully
2024-04-01 17:39:24,689 - INFO - Params: Namespace(emotion_transform_prob=0.0, epochs=100, exp_name='BYOL_No_Normalization', fine_tune=True, load_byol=True, net_name='resnet18', use_expanded_dataset=False)
2024-04-01 17:39:25,196 - INFO - BYOL Model was loaded successfully and sent to cuda:0
2024-04-01 17:39:25,197 - INFO - BYOL_Fine_Tune(
  (backbone): Sequential(
    (0): Conv2d(3, 64, kernel_size=(7, 7), stride=(2, 2), padding=(3, 3), bias=False)
    (1): BatchNorm2d(64, eps=1e-05, momentum=0.1, affine=True, track_running_stats=True)
    (2): ReLU(inplace=True)
    (3): MaxPool2d(kernel_size=3, stride=2, padding=1, dilation=1, ceil_mode=False)
    (4): Sequential(
      (0): BasicBlock(
        (conv1): Conv2d(64, 64, kernel_size=(3, 3), stride=(1, 1), padding=(1, 1), bias=False)
        (bn1): BatchNorm2d(64, eps=1e-05, momentum=0.1, affine=True, track_running_stats=True)
        (relu): ReLU(inplace=True)
        (conv2): Conv2d(64, 64, kernel_size=(3, 3), stride=(1, 1), padding=(1, 1), bias=False)
        (bn2): BatchNorm2d(64, eps=1e-05, momentum=0.1, affine=True, track_running_stats=True)
      )
      (1): BasicBlock(
        (conv1): Conv2d(64, 64, kernel_size=(3, 3), stride=(1, 1), padding=(1, 1), bias=False)
        (bn1): BatchNorm2d(64, eps=1e-05, momentum=0.1, affine=True, track_running_stats=True)
        (relu): ReLU(inplace=True)
        (conv2): Conv2d(64, 64, kernel_size=(3, 3), stride=(1, 1), padding=(1, 1), bias=False)
        (bn2): BatchNorm2d(64, eps=1e-05, momentum=0.1, affine=True, track_running_stats=True)
      )
    )
    (5): Sequential(
      (0): BasicBlock(
        (conv1): Conv2d(64, 128, kernel_size=(3, 3), stride=(2, 2), padding=(1, 1), bias=False)
        (bn1): BatchNorm2d(128, eps=1e-05, momentum=0.1, affine=True, track_running_stats=True)
        (relu): ReLU(inplace=True)
        (conv2): Conv2d(128, 128, kernel_size=(3, 3), stride=(1, 1), padding=(1, 1), bias=False)
        (bn2): BatchNorm2d(128, eps=1e-05, momentum=0.1, affine=True, track_running_stats=True)
        (downsample): Sequential(
          (0): Conv2d(64, 128, kernel_size=(1, 1), stride=(2, 2), bias=False)
          (1): BatchNorm2d(128, eps=1e-05, momentum=0.1, affine=True, track_running_stats=True)
        )
      )
      (1): BasicBlock(
        (conv1): Conv2d(128, 128, kernel_size=(3, 3), stride=(1, 1), padding=(1, 1), bias=False)
        (bn1): BatchNorm2d(128, eps=1e-05, momentum=0.1, affine=True, track_running_stats=True)
        (relu): ReLU(inplace=True)
        (conv2): Conv2d(128, 128, kernel_size=(3, 3), stride=(1, 1), padding=(1, 1), bias=False)
        (bn2): BatchNorm2d(128, eps=1e-05, momentum=0.1, affine=True, track_running_stats=True)
      )
    )
    (6): Sequential(
      (0): BasicBlock(
        (conv1): Conv2d(128, 256, kernel_size=(3, 3), stride=(2, 2), padding=(1, 1), bias=False)
        (bn1): BatchNorm2d(256, eps=1e-05, momentum=0.1, affine=True, track_running_stats=True)
        (relu): ReLU(inplace=True)
        (conv2): Conv2d(256, 256, kernel_size=(3, 3), stride=(1, 1), padding=(1, 1), bias=False)
        (bn2): BatchNorm2d(256, eps=1e-05, momentum=0.1, affine=True, track_running_stats=True)
        (downsample): Sequential(
          (0): Conv2d(128, 256, kernel_size=(1, 1), stride=(2, 2), bias=False)
          (1): BatchNorm2d(256, eps=1e-05, momentum=0.1, affine=True, track_running_stats=True)
        )
      )
      (1): BasicBlock(
        (conv1): Conv2d(256, 256, kernel_size=(3, 3), stride=(1, 1), padding=(1, 1), bias=False)
        (bn1): BatchNorm2d(256, eps=1e-05, momentum=0.1, affine=True, track_running_stats=True)
        (relu): ReLU(inplace=True)
        (conv2): Conv2d(256, 256, kernel_size=(3, 3), stride=(1, 1), padding=(1, 1), bias=False)
        (bn2): BatchNorm2d(256, eps=1e-05, momentum=0.1, affine=True, track_running_stats=True)
      )
    )
    (7): Sequential(
      (0): BasicBlock(
        (conv1): Conv2d(256, 512, kernel_size=(3, 3), stride=(2, 2), padding=(1, 1), bias=False)
        (bn1): BatchNorm2d(512, eps=1e-05, momentum=0.1, affine=True, track_running_stats=True)
        (relu): ReLU(inplace=True)
        (conv2): Conv2d(512, 512, kernel_size=(3, 3), stride=(1, 1), padding=(1, 1), bias=False)
        (bn2): BatchNorm2d(512, eps=1e-05, momentum=0.1, affine=True, track_running_stats=True)
        (downsample): Sequential(
          (0): Conv2d(256, 512, kernel_size=(1, 1), stride=(2, 2), bias=False)
          (1): BatchNorm2d(512, eps=1e-05, momentum=0.1, affine=True, track_running_stats=True)
        )
      )
      (1): BasicBlock(
        (conv1): Conv2d(512, 512, kernel_size=(3, 3), stride=(1, 1), padding=(1, 1), bias=False)
        (bn1): BatchNorm2d(512, eps=1e-05, momentum=0.1, affine=True, track_running_stats=True)
        (relu): ReLU(inplace=True)
        (conv2): Conv2d(512, 512, kernel_size=(3, 3), stride=(1, 1), padding=(1, 1), bias=False)
        (bn2): BatchNorm2d(512, eps=1e-05, momentum=0.1, affine=True, track_running_stats=True)
      )
    )
    (8): AdaptiveAvgPool2d(output_size=(1, 1))
  )
  (classifier): Sequential(
    (0): Linear(in_features=512, out_features=128, bias=True)
    (1): ReLU(inplace=True)
    (2): Linear(in_features=128, out_features=7, bias=True)
  )
)
2024-04-01 17:39:26,822 - INFO - All data has been loaded
2024-04-01 17:39:26,823 - INFO - Got hyper parametrs for current model:
2024-04-01 17:39:26,823 - INFO - batch size=128
2024-04-01 17:39:26,823 - INFO - Adam (
Parameter Group 0
    amsgrad: False
    betas: (0.9, 0.999)
    capturable: False
    differentiable: False
    eps: 1e-08
    foreach: None
    fused: None
    initial_lr: 0.0002
    lr: 0.0002
    maximize: False
    weight_decay: 2e-05
)
2024-04-01 17:39:26,823 - INFO - <torch.optim.lr_scheduler.CosineAnnealingLR object at 0x7f4d13669100>
2024-04-01 17:39:26,823 - INFO - DataLoaders initialized
2024-04-01 17:39:26,823 - INFO - HyperParams initiliazed, starting training...
2024-04-01 17:40:39,508 - INFO - Epoch: 1 | Loss: 0.0119 | Validation accuracy: 54.890% | Epoch Time: 72.68 secs
2024-04-01 17:41:52,938 - INFO - Epoch: 2 | Loss: 0.0101 | Validation accuracy: 60.045% | Epoch Time: 73.12 secs
2024-04-01 17:43:09,123 - INFO - Epoch: 3 | Loss: 0.0096 | Validation accuracy: 60.630% | Epoch Time: 73.52 secs
2024-04-01 17:44:23,754 - INFO - Epoch: 4 | Loss: 0.0092 | Validation accuracy: 60.797% | Epoch Time: 73.31 secs
2024-04-01 17:46:31,016 - INFO - Epoch: 5 | Loss: 0.0090 | Training accuracy: 57.595% | Validation accuracy: 64.057% | Epoch Time: 125.70 secs
2024-04-01 17:47:48,089 - INFO - Epoch: 6 | Loss: 0.0088 | Validation accuracy: 63.778% | Epoch Time: 75.36 secs
2024-04-01 17:49:04,268 - INFO - Epoch: 7 | Loss: 0.0086 | Validation accuracy: 65.311% | Epoch Time: 75.34 secs
2024-04-01 17:50:21,424 - INFO - Epoch: 8 | Loss: 0.0085 | Validation accuracy: 64.419% | Epoch Time: 75.65 secs
2024-04-01 17:51:37,690 - INFO - Epoch: 9 | Loss: 0.0084 | Validation accuracy: 65.868% | Epoch Time: 75.63 secs
2024-04-01 17:53:44,791 - INFO - Epoch: 10 | Loss: 0.0083 | Training accuracy: 61.232% | Validation accuracy: 66.063% | Epoch Time: 125.83 secs
2024-04-01 17:55:00,914 - INFO - Epoch: 11 | Loss: 0.0082 | Validation accuracy: 65.060% | Epoch Time: 74.98 secs
2024-04-01 17:56:15,611 - INFO - Epoch: 12 | Loss: 0.0080 | Validation accuracy: 67.038% | Epoch Time: 74.22 secs
2024-04-01 17:57:32,576 - INFO - Epoch: 13 | Loss: 0.0080 | Validation accuracy: 66.955% | Epoch Time: 75.42 secs
2024-04-01 17:58:47,599 - INFO - Epoch: 14 | Loss: 0.0078 | Validation accuracy: 65.450% | Epoch Time: 74.39 secs
2024-04-01 18:00:54,451 - INFO - Epoch: 15 | Loss: 0.0078 | Training accuracy: 62.235% | Validation accuracy: 67.345% | Epoch Time: 126.38 secs
2024-04-01 18:02:11,252 - INFO - Epoch: 16 | Loss: 0.0078 | Validation accuracy: 67.930% | Epoch Time: 75.23 secs
2024-04-01 18:03:27,879 - INFO - Epoch: 17 | Loss: 0.0076 | Validation accuracy: 67.038% | Epoch Time: 75.57 secs
2024-04-01 18:04:43,538 - INFO - Epoch: 18 | Loss: 0.0076 | Validation accuracy: 67.317% | Epoch Time: 75.22 secs
2024-04-01 18:06:02,725 - INFO - Epoch: 19 | Loss: 0.0075 | Validation accuracy: 67.345% | Epoch Time: 78.34 secs
2024-04-01 18:08:13,892 - INFO - Epoch: 20 | Loss: 0.0074 | Training accuracy: 65.007% | Validation accuracy: 68.181% | Epoch Time: 130.72 secs
2024-04-01 18:09:32,619 - INFO - Epoch: 21 | Loss: 0.0073 | Validation accuracy: 66.787% | Epoch Time: 77.55 secs
2024-04-01 18:10:51,642 - INFO - Epoch: 22 | Loss: 0.0072 | Validation accuracy: 68.766% | Epoch Time: 78.37 secs
2024-04-01 18:12:11,329 - INFO - Epoch: 23 | Loss: 0.0072 | Validation accuracy: 67.902% | Epoch Time: 78.19 secs
2024-04-01 18:13:29,256 - INFO - Epoch: 24 | Loss: 0.0072 | Validation accuracy: 68.320% | Epoch Time: 77.49 secs
2024-04-01 18:15:42,020 - INFO - Epoch: 25 | Loss: 0.0070 | Training accuracy: 66.794% | Validation accuracy: 67.763% | Epoch Time: 132.35 secs
2024-04-01 18:16:59,380 - INFO - Epoch: 26 | Loss: 0.0070 | Validation accuracy: 68.598% | Epoch Time: 76.91 secs
2024-04-01 18:18:16,324 - INFO - Epoch: 27 | Loss: 0.0069 | Validation accuracy: 68.738% | Epoch Time: 75.90 secs
2024-04-01 18:19:32,721 - INFO - Epoch: 28 | Loss: 0.0068 | Validation accuracy: 68.821% | Epoch Time: 75.56 secs
2024-04-01 18:20:49,889 - INFO - Epoch: 29 | Loss: 0.0068 | Validation accuracy: 68.125% | Epoch Time: 75.84 secs
2024-04-01 18:23:02,291 - INFO - Epoch: 30 | Loss: 0.0067 | Training accuracy: 68.742% | Validation accuracy: 68.181% | Epoch Time: 131.97 secs
2024-04-01 18:24:20,876 - INFO - Epoch: 31 | Loss: 0.0066 | Validation accuracy: 68.933% | Epoch Time: 77.94 secs
2024-04-01 18:25:40,897 - INFO - Epoch: 32 | Loss: 0.0065 | Validation accuracy: 67.456% | Epoch Time: 78.54 secs
2024-04-01 18:26:59,912 - INFO - Epoch: 33 | Loss: 0.0065 | Validation accuracy: 69.239% | Epoch Time: 78.17 secs
2024-04-01 18:28:19,937 - INFO - Epoch: 34 | Loss: 0.0064 | Validation accuracy: 69.211% | Epoch Time: 78.12 secs
2024-04-01 18:30:32,521 - INFO - Epoch: 35 | Loss: 0.0064 | Training accuracy: 70.069% | Validation accuracy: 69.267% | Epoch Time: 131.75 secs
2024-04-01 18:31:50,130 - INFO - Epoch: 36 | Loss: 0.0062 | Validation accuracy: 68.459% | Epoch Time: 76.32 secs
2024-04-01 18:33:09,134 - INFO - Epoch: 37 | Loss: 0.0061 | Validation accuracy: 69.239% | Epoch Time: 78.34 secs
2024-04-01 18:34:25,649 - INFO - Epoch: 38 | Loss: 0.0061 | Validation accuracy: 69.211% | Epoch Time: 75.68 secs
2024-04-01 18:35:43,252 - INFO - Epoch: 39 | Loss: 0.0060 | Validation accuracy: 70.326% | Epoch Time: 77.16 secs
2024-04-01 18:37:56,952 - INFO - Epoch: 40 | Loss: 0.0060 | Training accuracy: 71.640% | Validation accuracy: 68.208% | Epoch Time: 131.32 secs
2024-04-01 18:39:15,879 - INFO - Epoch: 41 | Loss: 0.0059 | Validation accuracy: 68.933% | Epoch Time: 78.08 secs
2024-04-01 18:40:32,657 - INFO - Epoch: 42 | Loss: 0.0058 | Validation accuracy: 68.738% | Epoch Time: 76.35 secs
2024-04-01 18:41:50,472 - INFO - Epoch: 43 | Loss: 0.0058 | Validation accuracy: 67.651% | Epoch Time: 76.95 secs
2024-04-01 18:43:08,364 - INFO - Epoch: 44 | Loss: 0.0057 | Validation accuracy: 68.794% | Epoch Time: 77.28 secs
2024-04-01 18:45:22,144 - INFO - Epoch: 45 | Loss: 0.0057 | Training accuracy: 73.576% | Validation accuracy: 69.797% | Epoch Time: 133.35 secs
2024-04-01 18:46:40,899 - INFO - Epoch: 46 | Loss: 0.0055 | Validation accuracy: 69.239% | Epoch Time: 78.33 secs
2024-04-01 18:48:00,159 - INFO - Epoch: 47 | Loss: 0.0055 | Validation accuracy: 68.933% | Epoch Time: 78.43 secs
2024-04-01 18:49:15,708 - INFO - Epoch: 48 | Loss: 0.0055 | Validation accuracy: 69.407% | Epoch Time: 73.70 secs
2024-04-01 18:50:33,079 - INFO - Epoch: 49 | Loss: 0.0054 | Validation accuracy: 69.462% | Epoch Time: 76.54 secs
2024-04-01 18:52:42,297 - INFO - Epoch: 50 | Loss: 0.0053 | Training accuracy: 76.056% | Validation accuracy: 69.769% | Epoch Time: 128.61 secs
2024-04-01 18:54:01,583 - INFO - Epoch: 51 | Loss: 0.0052 | Validation accuracy: 69.490% | Epoch Time: 78.46 secs
2024-04-01 18:55:20,219 - INFO - Epoch: 52 | Loss: 0.0052 | Validation accuracy: 69.184% | Epoch Time: 78.01 secs
2024-04-01 18:56:37,931 - INFO - Epoch: 53 | Loss: 0.0051 | Validation accuracy: 69.629% | Epoch Time: 77.26 secs
2024-04-01 18:57:56,714 - INFO - Epoch: 54 | Loss: 0.0051 | Validation accuracy: 69.629% | Epoch Time: 78.13 secs
2024-04-01 19:00:09,730 - INFO - Epoch: 55 | Loss: 0.0050 | Training accuracy: 77.105% | Validation accuracy: 69.685% | Epoch Time: 132.39 secs
2024-04-01 19:01:28,794 - INFO - Epoch: 56 | Loss: 0.0050 | Validation accuracy: 69.184% | Epoch Time: 78.43 secs
2024-04-01 19:02:47,612 - INFO - Epoch: 57 | Loss: 0.0049 | Validation accuracy: 70.632% | Epoch Time: 77.98 secs
2024-04-01 19:04:06,414 - INFO - Epoch: 58 | Loss: 0.0048 | Validation accuracy: 71.190% | Epoch Time: 77.88 secs
2024-04-01 19:05:27,436 - INFO - Epoch: 59 | Loss: 0.0047 | Validation accuracy: 69.769% | Epoch Time: 78.71 secs
2024-04-01 19:07:42,380 - INFO - Epoch: 60 | Loss: 0.0047 | Training accuracy: 78.425% | Validation accuracy: 69.267% | Epoch Time: 134.48 secs
2024-04-01 19:09:01,911 - INFO - Epoch: 61 | Loss: 0.0047 | Validation accuracy: 70.270% | Epoch Time: 78.50 secs
2024-04-01 19:10:21,237 - INFO - Epoch: 62 | Loss: 0.0046 | Validation accuracy: 71.106% | Epoch Time: 78.86 secs
2024-04-01 19:11:37,115 - INFO - Epoch: 63 | Loss: 0.0046 | Validation accuracy: 69.713% | Epoch Time: 75.45 secs
2024-04-01 19:12:54,438 - INFO - Epoch: 64 | Loss: 0.0045 | Validation accuracy: 70.354% | Epoch Time: 76.89 secs
2024-04-01 19:15:08,131 - INFO - Epoch: 65 | Loss: 0.0045 | Training accuracy: 79.285% | Validation accuracy: 71.273% | Epoch Time: 133.05 secs
2024-04-01 19:16:27,053 - INFO - Epoch: 66 | Loss: 0.0045 | Validation accuracy: 70.688% | Epoch Time: 78.04 secs
2024-04-01 19:17:44,677 - INFO - Epoch: 67 | Loss: 0.0044 | Validation accuracy: 70.465% | Epoch Time: 76.98 secs
2024-04-01 19:19:01,659 - INFO - Epoch: 68 | Loss: 0.0043 | Validation accuracy: 71.190% | Epoch Time: 76.53 secs
2024-04-01 19:20:21,162 - INFO - Epoch: 69 | Loss: 0.0043 | Validation accuracy: 70.911% | Epoch Time: 78.68 secs
2024-04-01 19:22:35,327 - INFO - Epoch: 70 | Loss: 0.0042 | Training accuracy: 80.874% | Validation accuracy: 71.218% | Epoch Time: 133.53 secs
2024-04-01 19:23:54,119 - INFO - Epoch: 71 | Loss: 0.0042 | Validation accuracy: 70.632% | Epoch Time: 77.88 secs
2024-04-01 19:25:12,561 - INFO - Epoch: 72 | Loss: 0.0042 | Validation accuracy: 70.354% | Epoch Time: 77.80 secs
2024-04-01 19:26:31,595 - INFO - Epoch: 73 | Loss: 0.0041 | Validation accuracy: 71.218% | Epoch Time: 78.42 secs
2024-04-01 19:27:50,845 - INFO - Epoch: 74 | Loss: 0.0041 | Validation accuracy: 71.078% | Epoch Time: 78.61 secs
2024-04-01 19:30:02,296 - INFO - Epoch: 75 | Loss: 0.0040 | Training accuracy: 81.306% | Validation accuracy: 70.800% | Epoch Time: 130.80 secs
2024-04-01 19:31:20,005 - INFO - Epoch: 76 | Loss: 0.0040 | Validation accuracy: 70.632% | Epoch Time: 77.05 secs
2024-04-01 19:32:39,316 - INFO - Epoch: 77 | Loss: 0.0040 | Validation accuracy: 70.911% | Epoch Time: 78.66 secs
2024-04-01 19:33:57,162 - INFO - Epoch: 78 | Loss: 0.0040 | Validation accuracy: 70.772% | Epoch Time: 77.21 secs
2024-04-01 19:35:15,967 - INFO - Epoch: 79 | Loss: 0.0039 | Validation accuracy: 70.632% | Epoch Time: 77.96 secs
2024-04-01 19:37:29,465 - INFO - Epoch: 80 | Loss: 0.0040 | Training accuracy: 81.793% | Validation accuracy: 70.465% | Epoch Time: 133.08 secs
2024-04-01 19:38:48,016 - INFO - Epoch: 81 | Loss: 0.0039 | Validation accuracy: 70.744% | Epoch Time: 77.91 secs
2024-04-01 19:40:07,134 - INFO - Epoch: 82 | Loss: 0.0039 | Validation accuracy: 70.465% | Epoch Time: 78.30 secs
2024-04-01 19:41:26,514 - INFO - Epoch: 83 | Loss: 0.0038 | Validation accuracy: 70.437% | Epoch Time: 78.54 secs
2024-04-01 19:42:45,996 - INFO - Epoch: 84 | Loss: 0.0039 | Validation accuracy: 70.800% | Epoch Time: 79.05 secs
2024-04-01 19:44:58,044 - INFO - Epoch: 85 | Loss: 0.0038 | Training accuracy: 82.559% | Validation accuracy: 70.855% | Epoch Time: 131.44 secs
2024-04-01 19:46:16,950 - INFO - Epoch: 86 | Loss: 0.0038 | Validation accuracy: 70.800% | Epoch Time: 78.47 secs
2024-04-01 19:47:35,678 - INFO - Epoch: 87 | Loss: 0.0038 | Validation accuracy: 70.382% | Epoch Time: 78.11 secs
2024-04-01 19:48:55,335 - INFO - Epoch: 88 | Loss: 0.0038 | Validation accuracy: 70.632% | Epoch Time: 79.25 secs
2024-04-01 19:50:15,651 - INFO - Epoch: 89 | Loss: 0.0037 | Validation accuracy: 70.744% | Epoch Time: 79.70 secs
2024-04-01 19:52:30,020 - INFO - Epoch: 90 | Loss: 0.0037 | Training accuracy: 82.960% | Validation accuracy: 70.632% | Epoch Time: 133.94 secs
2024-04-01 19:53:48,986 - INFO - Epoch: 91 | Loss: 0.0038 | Validation accuracy: 70.493% | Epoch Time: 78.49 secs
2024-04-01 19:55:08,086 - INFO - Epoch: 92 | Loss: 0.0037 | Validation accuracy: 70.716% | Epoch Time: 78.67 secs
2024-04-01 19:56:26,256 - INFO - Epoch: 93 | Loss: 0.0037 | Validation accuracy: 70.437% | Epoch Time: 77.53 secs
2024-04-01 19:57:43,018 - INFO - Epoch: 94 | Loss: 0.0037 | Validation accuracy: 70.855% | Epoch Time: 76.32 secs
2024-04-01 20:00:06,127 - INFO - Epoch: 95 | Loss: 0.0037 | Training accuracy: 82.984% | Validation accuracy: 70.493% | Epoch Time: 142.63 secs
2024-04-01 20:01:26,152 - INFO - Epoch: 96 | Loss: 0.0037 | Validation accuracy: 70.772% | Epoch Time: 79.58 secs
2024-04-01 20:02:46,793 - INFO - Epoch: 97 | Loss: 0.0037 | Validation accuracy: 70.995% | Epoch Time: 80.20 secs
2024-04-01 20:04:08,177 - INFO - Epoch: 98 | Loss: 0.0037 | Validation accuracy: 70.688% | Epoch Time: 80.70 secs
2024-04-01 20:05:28,883 - INFO - Epoch: 99 | Loss: 0.0037 | Validation accuracy: 70.382% | Epoch Time: 80.06 secs
2024-04-01 20:07:44,355 - INFO - Epoch: 100 | Loss: 0.0037 | Training accuracy: 82.869% | Validation accuracy: 70.632% | Epoch Time: 135.03 secs
2024-04-01 20:07:44,948 - INFO - Train Ended!
2024-04-01 20:07:44,948 - INFO - Saving train statistics
2024-04-01 20:07:45,131 - INFO - Save statistics done!
