2024-03-29 21:49:11,030 - INFO - Args parsed succesfully
2024-03-29 21:49:11,030 - INFO - Params: Namespace(emotion_transform_prob=None, epochs=100, exp_name='Expanded_New_Transforms_No_Normalization', fine_tune=True, load_byol=False, net_name='resnet18', use_expanded_dataset=True)
2024-03-29 21:49:11,349 - INFO - Model was initialized and sent to cuda:0
2024-03-29 21:49:11,350 - INFO - EmotionNet(
  (nn_model): ResNet(
    (conv1): Conv2d(3, 64, kernel_size=(7, 7), stride=(2, 2), padding=(3, 3), bias=False)
    (bn1): BatchNorm2d(64, eps=1e-05, momentum=0.1, affine=True, track_running_stats=True)
    (relu): ReLU(inplace=True)
    (maxpool): MaxPool2d(kernel_size=3, stride=2, padding=1, dilation=1, ceil_mode=False)
    (layer1): Sequential(
      (0): BasicBlock(
        (conv1): Conv2d(64, 64, kernel_size=(3, 3), stride=(1, 1), padding=(1, 1), bias=False)
        (bn1): BatchNorm2d(64, eps=1e-05, momentum=0.1, affine=True, track_running_stats=True)
        (relu): ReLU(inplace=True)
        (conv2): Conv2d(64, 64, kernel_size=(3, 3), stride=(1, 1), padding=(1, 1), bias=False)
        (bn2): BatchNorm2d(64, eps=1e-05, momentum=0.1, affine=True, track_running_stats=True)
      )
      (1): BasicBlock(
        (conv1): Conv2d(64, 64, kernel_size=(3, 3), stride=(1, 1), padding=(1, 1), bias=False)
        (bn1): BatchNorm2d(64, eps=1e-05, momentum=0.1, affine=True, track_running_stats=True)
        (relu): ReLU(inplace=True)
        (conv2): Conv2d(64, 64, kernel_size=(3, 3), stride=(1, 1), padding=(1, 1), bias=False)
        (bn2): BatchNorm2d(64, eps=1e-05, momentum=0.1, affine=True, track_running_stats=True)
      )
    )
    (layer2): Sequential(
      (0): BasicBlock(
        (conv1): Conv2d(64, 128, kernel_size=(3, 3), stride=(2, 2), padding=(1, 1), bias=False)
        (bn1): BatchNorm2d(128, eps=1e-05, momentum=0.1, affine=True, track_running_stats=True)
        (relu): ReLU(inplace=True)
        (conv2): Conv2d(128, 128, kernel_size=(3, 3), stride=(1, 1), padding=(1, 1), bias=False)
        (bn2): BatchNorm2d(128, eps=1e-05, momentum=0.1, affine=True, track_running_stats=True)
        (downsample): Sequential(
          (0): Conv2d(64, 128, kernel_size=(1, 1), stride=(2, 2), bias=False)
          (1): BatchNorm2d(128, eps=1e-05, momentum=0.1, affine=True, track_running_stats=True)
        )
      )
      (1): BasicBlock(
        (conv1): Conv2d(128, 128, kernel_size=(3, 3), stride=(1, 1), padding=(1, 1), bias=False)
        (bn1): BatchNorm2d(128, eps=1e-05, momentum=0.1, affine=True, track_running_stats=True)
        (relu): ReLU(inplace=True)
        (conv2): Conv2d(128, 128, kernel_size=(3, 3), stride=(1, 1), padding=(1, 1), bias=False)
        (bn2): BatchNorm2d(128, eps=1e-05, momentum=0.1, affine=True, track_running_stats=True)
      )
    )
    (layer3): Sequential(
      (0): BasicBlock(
        (conv1): Conv2d(128, 256, kernel_size=(3, 3), stride=(2, 2), padding=(1, 1), bias=False)
        (bn1): BatchNorm2d(256, eps=1e-05, momentum=0.1, affine=True, track_running_stats=True)
        (relu): ReLU(inplace=True)
        (conv2): Conv2d(256, 256, kernel_size=(3, 3), stride=(1, 1), padding=(1, 1), bias=False)
        (bn2): BatchNorm2d(256, eps=1e-05, momentum=0.1, affine=True, track_running_stats=True)
        (downsample): Sequential(
          (0): Conv2d(128, 256, kernel_size=(1, 1), stride=(2, 2), bias=False)
          (1): BatchNorm2d(256, eps=1e-05, momentum=0.1, affine=True, track_running_stats=True)
        )
      )
      (1): BasicBlock(
        (conv1): Conv2d(256, 256, kernel_size=(3, 3), stride=(1, 1), padding=(1, 1), bias=False)
        (bn1): BatchNorm2d(256, eps=1e-05, momentum=0.1, affine=True, track_running_stats=True)
        (relu): ReLU(inplace=True)
        (conv2): Conv2d(256, 256, kernel_size=(3, 3), stride=(1, 1), padding=(1, 1), bias=False)
        (bn2): BatchNorm2d(256, eps=1e-05, momentum=0.1, affine=True, track_running_stats=True)
      )
    )
    (layer4): Sequential(
      (0): BasicBlock(
        (conv1): Conv2d(256, 512, kernel_size=(3, 3), stride=(2, 2), padding=(1, 1), bias=False)
        (bn1): BatchNorm2d(512, eps=1e-05, momentum=0.1, affine=True, track_running_stats=True)
        (relu): ReLU(inplace=True)
        (conv2): Conv2d(512, 512, kernel_size=(3, 3), stride=(1, 1), padding=(1, 1), bias=False)
        (bn2): BatchNorm2d(512, eps=1e-05, momentum=0.1, affine=True, track_running_stats=True)
        (downsample): Sequential(
          (0): Conv2d(256, 512, kernel_size=(1, 1), stride=(2, 2), bias=False)
          (1): BatchNorm2d(512, eps=1e-05, momentum=0.1, affine=True, track_running_stats=True)
        )
      )
      (1): BasicBlock(
        (conv1): Conv2d(512, 512, kernel_size=(3, 3), stride=(1, 1), padding=(1, 1), bias=False)
        (bn1): BatchNorm2d(512, eps=1e-05, momentum=0.1, affine=True, track_running_stats=True)
        (relu): ReLU(inplace=True)
        (conv2): Conv2d(512, 512, kernel_size=(3, 3), stride=(1, 1), padding=(1, 1), bias=False)
        (bn2): BatchNorm2d(512, eps=1e-05, momentum=0.1, affine=True, track_running_stats=True)
      )
    )
    (avgpool): AdaptiveAvgPool2d(output_size=(1, 1))
    (fc): Linear(in_features=512, out_features=7, bias=True)
  )
)
2024-03-29 21:49:13,375 - INFO - All data has been loaded
2024-03-29 21:49:13,376 - INFO - Got hyper parametrs for current model:
2024-03-29 21:49:13,376 - INFO - batch size=128
2024-03-29 21:49:13,376 - INFO - Adam (
Parameter Group 0
    amsgrad: False
    betas: (0.9, 0.999)
    capturable: False
    differentiable: False
    eps: 1e-08
    foreach: None
    fused: None
    initial_lr: 0.0002
    lr: 0.0002
    maximize: False
    weight_decay: 2e-05
)
2024-03-29 21:49:13,376 - INFO - <torch.optim.lr_scheduler.CosineAnnealingLR object at 0x7f06a5362d30>
2024-03-29 21:49:13,376 - INFO - DataLoaders initialized
2024-03-29 21:49:13,376 - INFO - HyperParams initiliazed, starting training...
2024-03-29 21:55:00,401 - INFO - Epoch: 1 | Loss: 0.0053 | Validation accuracy: 58.846% | Epoch Time: 347.02 secs
2024-03-29 22:00:50,068 - INFO - Epoch: 2 | Loss: 0.0040 | Validation accuracy: 61.048% | Epoch Time: 349.38 secs
2024-03-29 22:06:34,938 - INFO - Epoch: 3 | Loss: 0.0037 | Validation accuracy: 61.298% | Epoch Time: 343.91 secs
2024-03-29 22:12:24,560 - INFO - Epoch: 4 | Loss: 0.0035 | Validation accuracy: 62.524% | Epoch Time: 348.45 secs
2024-03-29 22:22:22,082 - INFO - Epoch: 5 | Loss: 0.0034 | Training accuracy: 85.220% | Validation accuracy: 64.140% | Epoch Time: 596.22 secs
2024-03-29 22:28:11,616 - INFO - Epoch: 6 | Loss: 0.0033 | Validation accuracy: 64.335% | Epoch Time: 347.84 secs
2024-03-29 22:34:00,681 - INFO - Epoch: 7 | Loss: 0.0031 | Validation accuracy: 65.366% | Epoch Time: 347.63 secs
2024-03-29 22:39:48,569 - INFO - Epoch: 8 | Loss: 0.0031 | Validation accuracy: 63.500% | Epoch Time: 345.81 secs
2024-03-29 22:45:34,646 - INFO - Epoch: 9 | Loss: 0.0030 | Validation accuracy: 65.896% | Epoch Time: 345.53 secs
2024-03-29 22:55:30,540 - INFO - Epoch: 10 | Loss: 0.0030 | Training accuracy: 86.473% | Validation accuracy: 66.676% | Epoch Time: 594.91 secs
2024-03-29 23:01:15,124 - INFO - Epoch: 11 | Loss: 0.0029 | Validation accuracy: 67.317% | Epoch Time: 343.29 secs
2024-03-29 23:07:00,265 - INFO - Epoch: 12 | Loss: 0.0028 | Validation accuracy: 66.648% | Epoch Time: 344.06 secs
2024-03-29 23:12:45,985 - INFO - Epoch: 13 | Loss: 0.0028 | Validation accuracy: 65.589% | Epoch Time: 344.90 secs
2024-03-29 23:18:36,298 - INFO - Epoch: 14 | Loss: 0.0028 | Validation accuracy: 66.787% | Epoch Time: 349.70 secs
2024-03-29 23:28:29,831 - INFO - Epoch: 15 | Loss: 0.0027 | Training accuracy: 87.878% | Validation accuracy: 67.177% | Epoch Time: 592.68 secs
2024-03-29 23:34:20,096 - INFO - Epoch: 16 | Loss: 0.0027 | Validation accuracy: 66.481% | Epoch Time: 349.85 secs
2024-03-29 23:40:09,762 - INFO - Epoch: 17 | Loss: 0.0026 | Validation accuracy: 67.595% | Epoch Time: 348.78 secs
2024-03-29 23:45:56,977 - INFO - Epoch: 18 | Loss: 0.0026 | Validation accuracy: 67.484% | Epoch Time: 345.67 secs
2024-03-29 23:51:45,403 - INFO - Epoch: 19 | Loss: 0.0026 | Validation accuracy: 68.487% | Epoch Time: 347.90 secs
2024-03-30 00:01:38,505 - INFO - Epoch: 20 | Loss: 0.0025 | Training accuracy: 88.859% | Validation accuracy: 69.072% | Epoch Time: 592.16 secs
2024-03-30 00:07:27,507 - INFO - Epoch: 21 | Loss: 0.0025 | Validation accuracy: 69.016% | Epoch Time: 347.59 secs
2024-03-30 00:13:18,014 - INFO - Epoch: 22 | Loss: 0.0025 | Validation accuracy: 68.097% | Epoch Time: 350.08 secs
2024-03-30 00:19:08,909 - INFO - Epoch: 23 | Loss: 0.0024 | Validation accuracy: 67.568% | Epoch Time: 350.47 secs
2024-03-30 00:24:57,503 - INFO - Epoch: 24 | Loss: 0.0024 | Validation accuracy: 67.818% | Epoch Time: 347.89 secs
2024-03-30 00:34:49,453 - INFO - Epoch: 25 | Loss: 0.0023 | Training accuracy: 88.936% | Validation accuracy: 68.181% | Epoch Time: 591.22 secs
2024-03-30 00:40:37,612 - INFO - Epoch: 26 | Loss: 0.0024 | Validation accuracy: 68.376% | Epoch Time: 347.34 secs
2024-03-30 00:46:23,507 - INFO - Epoch: 27 | Loss: 0.0023 | Validation accuracy: 68.654% | Epoch Time: 345.42 secs
2024-03-30 00:52:10,297 - INFO - Epoch: 28 | Loss: 0.0023 | Validation accuracy: 68.849% | Epoch Time: 346.34 secs
2024-03-30 00:57:59,183 - INFO - Epoch: 29 | Loss: 0.0023 | Validation accuracy: 68.654% | Epoch Time: 348.45 secs
2024-03-30 01:07:56,940 - INFO - Epoch: 30 | Loss: 0.0022 | Training accuracy: 89.845% | Validation accuracy: 68.877% | Epoch Time: 597.13 secs
2024-03-30 01:13:44,266 - INFO - Epoch: 31 | Loss: 0.0022 | Validation accuracy: 68.654% | Epoch Time: 346.55 secs
2024-03-30 01:19:32,301 - INFO - Epoch: 32 | Loss: 0.0022 | Validation accuracy: 69.546% | Epoch Time: 347.60 secs
2024-03-30 01:25:20,319 - INFO - Epoch: 33 | Loss: 0.0021 | Validation accuracy: 69.100% | Epoch Time: 347.16 secs
2024-03-30 01:31:06,398 - INFO - Epoch: 34 | Loss: 0.0021 | Validation accuracy: 69.323% | Epoch Time: 345.48 secs
2024-03-30 01:41:01,455 - INFO - Epoch: 35 | Loss: 0.0021 | Training accuracy: 90.673% | Validation accuracy: 68.682% | Epoch Time: 594.46 secs
2024-03-30 01:46:46,607 - INFO - Epoch: 36 | Loss: 0.0020 | Validation accuracy: 69.239% | Epoch Time: 344.43 secs
2024-03-30 01:52:35,658 - INFO - Epoch: 37 | Loss: 0.0020 | Validation accuracy: 70.242% | Epoch Time: 348.61 secs
2024-03-30 01:58:23,669 - INFO - Epoch: 38 | Loss: 0.0020 | Validation accuracy: 69.211% | Epoch Time: 346.76 secs
2024-03-30 02:04:13,391 - INFO - Epoch: 39 | Loss: 0.0020 | Validation accuracy: 69.379% | Epoch Time: 349.31 secs
2024-03-30 02:14:08,345 - INFO - Epoch: 40 | Loss: 0.0019 | Training accuracy: 91.240% | Validation accuracy: 68.766% | Epoch Time: 594.43 secs
2024-03-30 02:19:57,708 - INFO - Epoch: 41 | Loss: 0.0019 | Validation accuracy: 69.797% | Epoch Time: 348.94 secs
2024-03-30 02:25:46,596 - INFO - Epoch: 42 | Loss: 0.0019 | Validation accuracy: 69.964% | Epoch Time: 348.46 secs
2024-03-30 02:31:33,352 - INFO - Epoch: 43 | Loss: 0.0018 | Validation accuracy: 69.629% | Epoch Time: 346.29 secs
2024-03-30 02:37:16,797 - INFO - Epoch: 44 | Loss: 0.0018 | Validation accuracy: 69.602% | Epoch Time: 342.99 secs
2024-03-30 02:47:14,331 - INFO - Epoch: 45 | Loss: 0.0018 | Training accuracy: 91.815% | Validation accuracy: 69.100% | Epoch Time: 597.11 secs
2024-03-30 02:53:00,715 - INFO - Epoch: 46 | Loss: 0.0018 | Validation accuracy: 68.794% | Epoch Time: 345.74 secs
2024-03-30 02:58:47,102 - INFO - Epoch: 47 | Loss: 0.0018 | Validation accuracy: 69.629% | Epoch Time: 345.94 secs
2024-03-30 03:04:36,075 - INFO - Epoch: 48 | Loss: 0.0017 | Validation accuracy: 69.518% | Epoch Time: 348.53 secs
2024-03-30 03:10:24,728 - INFO - Epoch: 49 | Loss: 0.0017 | Validation accuracy: 69.713% | Epoch Time: 348.02 secs
2024-03-30 03:20:25,540 - INFO - Epoch: 50 | Loss: 0.0017 | Training accuracy: 92.385% | Validation accuracy: 68.710% | Epoch Time: 600.36 secs
2024-03-30 03:26:14,589 - INFO - Epoch: 51 | Loss: 0.0017 | Validation accuracy: 69.769% | Epoch Time: 348.18 secs
2024-03-30 03:32:02,865 - INFO - Epoch: 52 | Loss: 0.0016 | Validation accuracy: 69.797% | Epoch Time: 347.84 secs
2024-03-30 03:37:50,868 - INFO - Epoch: 53 | Loss: 0.0016 | Validation accuracy: 68.431% | Epoch Time: 347.32 secs
2024-03-30 03:43:40,318 - INFO - Epoch: 54 | Loss: 0.0016 | Validation accuracy: 69.072% | Epoch Time: 349.02 secs
2024-03-30 03:53:36,011 - INFO - Epoch: 55 | Loss: 0.0016 | Training accuracy: 92.921% | Validation accuracy: 69.657% | Epoch Time: 595.27 secs
2024-03-30 03:59:22,520 - INFO - Epoch: 56 | Loss: 0.0016 | Validation accuracy: 68.877% | Epoch Time: 346.04 secs
2024-03-30 04:05:11,124 - INFO - Epoch: 57 | Loss: 0.0015 | Validation accuracy: 69.992% | Epoch Time: 348.16 secs
2024-03-30 04:10:57,662 - INFO - Epoch: 58 | Loss: 0.0015 | Validation accuracy: 69.741% | Epoch Time: 345.60 secs
2024-03-30 04:16:45,710 - INFO - Epoch: 59 | Loss: 0.0015 | Validation accuracy: 69.741% | Epoch Time: 347.42 secs
2024-03-30 04:26:41,742 - INFO - Epoch: 60 | Loss: 0.0015 | Training accuracy: 93.408% | Validation accuracy: 69.824% | Epoch Time: 595.40 secs
2024-03-30 04:32:31,375 - INFO - Epoch: 61 | Loss: 0.0015 | Validation accuracy: 69.072% | Epoch Time: 348.99 secs
2024-03-30 04:38:18,246 - INFO - Epoch: 62 | Loss: 0.0014 | Validation accuracy: 69.657% | Epoch Time: 346.46 secs
2024-03-30 04:44:08,414 - INFO - Epoch: 63 | Loss: 0.0014 | Validation accuracy: 69.267% | Epoch Time: 349.72 secs
2024-03-30 04:49:57,488 - INFO - Epoch: 64 | Loss: 0.0014 | Validation accuracy: 70.270% | Epoch Time: 348.65 secs
2024-03-30 04:59:49,563 - INFO - Epoch: 65 | Loss: 0.0014 | Training accuracy: 93.787% | Validation accuracy: 69.908% | Epoch Time: 591.17 secs
2024-03-30 05:05:27,363 - INFO - Epoch: 66 | Loss: 0.0014 | Validation accuracy: 69.797% | Epoch Time: 337.38 secs
2024-03-30 05:11:16,768 - INFO - Epoch: 67 | Loss: 0.0014 | Validation accuracy: 70.883% | Epoch Time: 348.79 secs
2024-03-30 05:17:06,556 - INFO - Epoch: 68 | Loss: 0.0013 | Validation accuracy: 69.629% | Epoch Time: 348.76 secs
2024-03-30 05:22:55,143 - INFO - Epoch: 69 | Loss: 0.0013 | Validation accuracy: 69.797% | Epoch Time: 348.14 secs
2024-03-30 05:32:55,860 - INFO - Epoch: 70 | Loss: 0.0013 | Training accuracy: 94.209% | Validation accuracy: 70.465% | Epoch Time: 599.99 secs
2024-03-30 05:38:43,958 - INFO - Epoch: 71 | Loss: 0.0013 | Validation accuracy: 70.215% | Epoch Time: 347.47 secs
2024-03-30 05:44:33,414 - INFO - Epoch: 72 | Loss: 0.0012 | Validation accuracy: 70.075% | Epoch Time: 349.03 secs
2024-03-30 05:50:24,231 - INFO - Epoch: 73 | Loss: 0.0013 | Validation accuracy: 70.298% | Epoch Time: 350.39 secs
2024-03-30 05:56:12,375 - INFO - Epoch: 74 | Loss: 0.0012 | Validation accuracy: 69.824% | Epoch Time: 347.72 secs
2024-03-30 06:06:05,358 - INFO - Epoch: 75 | Loss: 0.0012 | Training accuracy: 94.437% | Validation accuracy: 70.020% | Epoch Time: 592.52 secs
2024-03-30 06:11:52,297 - INFO - Epoch: 76 | Loss: 0.0012 | Validation accuracy: 69.880% | Epoch Time: 346.50 secs
2024-03-30 06:17:41,126 - INFO - Epoch: 77 | Loss: 0.0012 | Validation accuracy: 69.936% | Epoch Time: 348.40 secs
2024-03-30 06:23:27,132 - INFO - Epoch: 78 | Loss: 0.0012 | Validation accuracy: 69.908% | Epoch Time: 345.57 secs
2024-03-30 06:29:14,687 - INFO - Epoch: 79 | Loss: 0.0012 | Validation accuracy: 70.020% | Epoch Time: 347.13 secs
2024-03-30 06:39:06,412 - INFO - Epoch: 80 | Loss: 0.0012 | Training accuracy: 94.640% | Validation accuracy: 70.159% | Epoch Time: 591.31 secs
2024-03-30 06:44:52,713 - INFO - Epoch: 81 | Loss: 0.0012 | Validation accuracy: 70.020% | Epoch Time: 345.86 secs
2024-03-30 06:50:40,568 - INFO - Epoch: 82 | Loss: 0.0012 | Validation accuracy: 70.437% | Epoch Time: 347.41 secs
2024-03-30 06:56:24,839 - INFO - Epoch: 83 | Loss: 0.0011 | Validation accuracy: 70.382% | Epoch Time: 343.86 secs
2024-03-30 07:02:10,174 - INFO - Epoch: 84 | Loss: 0.0011 | Validation accuracy: 70.020% | Epoch Time: 344.88 secs
2024-03-30 07:12:09,763 - INFO - Epoch: 85 | Loss: 0.0011 | Training accuracy: 94.902% | Validation accuracy: 70.326% | Epoch Time: 599.15 secs
2024-03-30 07:17:58,518 - INFO - Epoch: 86 | Loss: 0.0011 | Validation accuracy: 70.744% | Epoch Time: 348.32 secs
2024-03-30 07:23:47,562 - INFO - Epoch: 87 | Loss: 0.0011 | Validation accuracy: 70.632% | Epoch Time: 348.62 secs
2024-03-30 07:29:38,391 - INFO - Epoch: 88 | Loss: 0.0011 | Validation accuracy: 70.215% | Epoch Time: 350.38 secs
2024-03-30 07:35:26,171 - INFO - Epoch: 89 | Loss: 0.0011 | Validation accuracy: 70.577% | Epoch Time: 347.31 secs
2024-03-30 07:45:19,751 - INFO - Epoch: 90 | Loss: 0.0011 | Training accuracy: 95.021% | Validation accuracy: 70.800% | Epoch Time: 593.13 secs
2024-03-30 07:51:06,936 - INFO - Epoch: 91 | Loss: 0.0011 | Validation accuracy: 70.521% | Epoch Time: 346.76 secs
2024-03-30 07:56:56,629 - INFO - Epoch: 92 | Loss: 0.0011 | Validation accuracy: 70.688% | Epoch Time: 349.04 secs
2024-03-30 08:02:46,356 - INFO - Epoch: 93 | Loss: 0.0011 | Validation accuracy: 70.772% | Epoch Time: 349.28 secs
2024-03-30 08:08:34,382 - INFO - Epoch: 94 | Loss: 0.0011 | Validation accuracy: 70.716% | Epoch Time: 347.59 secs
2024-03-30 08:18:27,481 - INFO - Epoch: 95 | Loss: 0.0011 | Training accuracy: 94.954% | Validation accuracy: 70.828% | Epoch Time: 592.69 secs
2024-03-30 08:24:14,700 - INFO - Epoch: 96 | Loss: 0.0011 | Validation accuracy: 70.549% | Epoch Time: 346.57 secs
2024-03-30 08:30:06,220 - INFO - Epoch: 97 | Loss: 0.0011 | Validation accuracy: 70.577% | Epoch Time: 351.08 secs
2024-03-30 08:35:50,683 - INFO - Epoch: 98 | Loss: 0.0011 | Validation accuracy: 70.605% | Epoch Time: 344.00 secs
2024-03-30 08:41:38,635 - INFO - Epoch: 99 | Loss: 0.0011 | Validation accuracy: 70.577% | Epoch Time: 347.37 secs
2024-03-30 08:51:37,769 - INFO - Epoch: 100 | Loss: 0.0011 | Training accuracy: 95.130% | Validation accuracy: 70.410% | Epoch Time: 598.68 secs
2024-03-30 08:51:38,364 - INFO - Train Ended!
2024-03-30 08:51:38,364 - INFO - Saving train statistics
2024-03-30 08:51:38,540 - INFO - Save statistics done!
