2024-03-30 14:23:52,105 - INFO - Args parsed succesfully
2024-03-30 14:23:52,105 - INFO - Params: Namespace(emotion_transform_prob=0.0, epochs=100, exp_name='Regular_New_Transforms_No_Normalization', fine_tune=True, load_byol=False, net_name='densenet201', use_expanded_dataset=False)
2024-03-30 14:23:52,666 - INFO - Model was initialized and sent to cuda:0
2024-03-30 14:23:52,669 - INFO - EmotionNet(
  (nn_model): DenseNet(
    (features): Sequential(
      (conv0): Conv2d(3, 64, kernel_size=(7, 7), stride=(2, 2), padding=(3, 3), bias=False)
      (norm0): BatchNorm2d(64, eps=1e-05, momentum=0.1, affine=True, track_running_stats=True)
      (relu0): ReLU(inplace=True)
      (pool0): MaxPool2d(kernel_size=3, stride=2, padding=1, dilation=1, ceil_mode=False)
      (denseblock1): _DenseBlock(
        (denselayer1): _DenseLayer(
          (norm1): BatchNorm2d(64, eps=1e-05, momentum=0.1, affine=True, track_running_stats=True)
          (relu1): ReLU(inplace=True)
          (conv1): Conv2d(64, 128, kernel_size=(1, 1), stride=(1, 1), bias=False)
          (norm2): BatchNorm2d(128, eps=1e-05, momentum=0.1, affine=True, track_running_stats=True)
          (relu2): ReLU(inplace=True)
          (conv2): Conv2d(128, 32, kernel_size=(3, 3), stride=(1, 1), padding=(1, 1), bias=False)
        )
        (denselayer2): _DenseLayer(
          (norm1): BatchNorm2d(96, eps=1e-05, momentum=0.1, affine=True, track_running_stats=True)
          (relu1): ReLU(inplace=True)
          (conv1): Conv2d(96, 128, kernel_size=(1, 1), stride=(1, 1), bias=False)
          (norm2): BatchNorm2d(128, eps=1e-05, momentum=0.1, affine=True, track_running_stats=True)
          (relu2): ReLU(inplace=True)
          (conv2): Conv2d(128, 32, kernel_size=(3, 3), stride=(1, 1), padding=(1, 1), bias=False)
        )
        (denselayer3): _DenseLayer(
          (norm1): BatchNorm2d(128, eps=1e-05, momentum=0.1, affine=True, track_running_stats=True)
          (relu1): ReLU(inplace=True)
          (conv1): Conv2d(128, 128, kernel_size=(1, 1), stride=(1, 1), bias=False)
          (norm2): BatchNorm2d(128, eps=1e-05, momentum=0.1, affine=True, track_running_stats=True)
          (relu2): ReLU(inplace=True)
          (conv2): Conv2d(128, 32, kernel_size=(3, 3), stride=(1, 1), padding=(1, 1), bias=False)
        )
        (denselayer4): _DenseLayer(
          (norm1): BatchNorm2d(160, eps=1e-05, momentum=0.1, affine=True, track_running_stats=True)
          (relu1): ReLU(inplace=True)
          (conv1): Conv2d(160, 128, kernel_size=(1, 1), stride=(1, 1), bias=False)
          (norm2): BatchNorm2d(128, eps=1e-05, momentum=0.1, affine=True, track_running_stats=True)
          (relu2): ReLU(inplace=True)
          (conv2): Conv2d(128, 32, kernel_size=(3, 3), stride=(1, 1), padding=(1, 1), bias=False)
        )
        (denselayer5): _DenseLayer(
          (norm1): BatchNorm2d(192, eps=1e-05, momentum=0.1, affine=True, track_running_stats=True)
          (relu1): ReLU(inplace=True)
          (conv1): Conv2d(192, 128, kernel_size=(1, 1), stride=(1, 1), bias=False)
          (norm2): BatchNorm2d(128, eps=1e-05, momentum=0.1, affine=True, track_running_stats=True)
          (relu2): ReLU(inplace=True)
          (conv2): Conv2d(128, 32, kernel_size=(3, 3), stride=(1, 1), padding=(1, 1), bias=False)
        )
        (denselayer6): _DenseLayer(
          (norm1): BatchNorm2d(224, eps=1e-05, momentum=0.1, affine=True, track_running_stats=True)
          (relu1): ReLU(inplace=True)
          (conv1): Conv2d(224, 128, kernel_size=(1, 1), stride=(1, 1), bias=False)
          (norm2): BatchNorm2d(128, eps=1e-05, momentum=0.1, affine=True, track_running_stats=True)
          (relu2): ReLU(inplace=True)
          (conv2): Conv2d(128, 32, kernel_size=(3, 3), stride=(1, 1), padding=(1, 1), bias=False)
        )
      )
      (transition1): _Transition(
        (norm): BatchNorm2d(256, eps=1e-05, momentum=0.1, affine=True, track_running_stats=True)
        (relu): ReLU(inplace=True)
        (conv): Conv2d(256, 128, kernel_size=(1, 1), stride=(1, 1), bias=False)
        (pool): AvgPool2d(kernel_size=2, stride=2, padding=0)
      )
      (denseblock2): _DenseBlock(
        (denselayer1): _DenseLayer(
          (norm1): BatchNorm2d(128, eps=1e-05, momentum=0.1, affine=True, track_running_stats=True)
          (relu1): ReLU(inplace=True)
          (conv1): Conv2d(128, 128, kernel_size=(1, 1), stride=(1, 1), bias=False)
          (norm2): BatchNorm2d(128, eps=1e-05, momentum=0.1, affine=True, track_running_stats=True)
          (relu2): ReLU(inplace=True)
          (conv2): Conv2d(128, 32, kernel_size=(3, 3), stride=(1, 1), padding=(1, 1), bias=False)
        )
        (denselayer2): _DenseLayer(
          (norm1): BatchNorm2d(160, eps=1e-05, momentum=0.1, affine=True, track_running_stats=True)
          (relu1): ReLU(inplace=True)
          (conv1): Conv2d(160, 128, kernel_size=(1, 1), stride=(1, 1), bias=False)
          (norm2): BatchNorm2d(128, eps=1e-05, momentum=0.1, affine=True, track_running_stats=True)
          (relu2): ReLU(inplace=True)
          (conv2): Conv2d(128, 32, kernel_size=(3, 3), stride=(1, 1), padding=(1, 1), bias=False)
        )
        (denselayer3): _DenseLayer(
          (norm1): BatchNorm2d(192, eps=1e-05, momentum=0.1, affine=True, track_running_stats=True)
          (relu1): ReLU(inplace=True)
          (conv1): Conv2d(192, 128, kernel_size=(1, 1), stride=(1, 1), bias=False)
          (norm2): BatchNorm2d(128, eps=1e-05, momentum=0.1, affine=True, track_running_stats=True)
          (relu2): ReLU(inplace=True)
          (conv2): Conv2d(128, 32, kernel_size=(3, 3), stride=(1, 1), padding=(1, 1), bias=False)
        )
        (denselayer4): _DenseLayer(
          (norm1): BatchNorm2d(224, eps=1e-05, momentum=0.1, affine=True, track_running_stats=True)
          (relu1): ReLU(inplace=True)
          (conv1): Conv2d(224, 128, kernel_size=(1, 1), stride=(1, 1), bias=False)
          (norm2): BatchNorm2d(128, eps=1e-05, momentum=0.1, affine=True, track_running_stats=True)
          (relu2): ReLU(inplace=True)
          (conv2): Conv2d(128, 32, kernel_size=(3, 3), stride=(1, 1), padding=(1, 1), bias=False)
        )
        (denselayer5): _DenseLayer(
          (norm1): BatchNorm2d(256, eps=1e-05, momentum=0.1, affine=True, track_running_stats=True)
          (relu1): ReLU(inplace=True)
          (conv1): Conv2d(256, 128, kernel_size=(1, 1), stride=(1, 1), bias=False)
          (norm2): BatchNorm2d(128, eps=1e-05, momentum=0.1, affine=True, track_running_stats=True)
          (relu2): ReLU(inplace=True)
          (conv2): Conv2d(128, 32, kernel_size=(3, 3), stride=(1, 1), padding=(1, 1), bias=False)
        )
        (denselayer6): _DenseLayer(
          (norm1): BatchNorm2d(288, eps=1e-05, momentum=0.1, affine=True, track_running_stats=True)
          (relu1): ReLU(inplace=True)
          (conv1): Conv2d(288, 128, kernel_size=(1, 1), stride=(1, 1), bias=False)
          (norm2): BatchNorm2d(128, eps=1e-05, momentum=0.1, affine=True, track_running_stats=True)
          (relu2): ReLU(inplace=True)
          (conv2): Conv2d(128, 32, kernel_size=(3, 3), stride=(1, 1), padding=(1, 1), bias=False)
        )
        (denselayer7): _DenseLayer(
          (norm1): BatchNorm2d(320, eps=1e-05, momentum=0.1, affine=True, track_running_stats=True)
          (relu1): ReLU(inplace=True)
          (conv1): Conv2d(320, 128, kernel_size=(1, 1), stride=(1, 1), bias=False)
          (norm2): BatchNorm2d(128, eps=1e-05, momentum=0.1, affine=True, track_running_stats=True)
          (relu2): ReLU(inplace=True)
          (conv2): Conv2d(128, 32, kernel_size=(3, 3), stride=(1, 1), padding=(1, 1), bias=False)
        )
        (denselayer8): _DenseLayer(
          (norm1): BatchNorm2d(352, eps=1e-05, momentum=0.1, affine=True, track_running_stats=True)
          (relu1): ReLU(inplace=True)
          (conv1): Conv2d(352, 128, kernel_size=(1, 1), stride=(1, 1), bias=False)
          (norm2): BatchNorm2d(128, eps=1e-05, momentum=0.1, affine=True, track_running_stats=True)
          (relu2): ReLU(inplace=True)
          (conv2): Conv2d(128, 32, kernel_size=(3, 3), stride=(1, 1), padding=(1, 1), bias=False)
        )
        (denselayer9): _DenseLayer(
          (norm1): BatchNorm2d(384, eps=1e-05, momentum=0.1, affine=True, track_running_stats=True)
          (relu1): ReLU(inplace=True)
          (conv1): Conv2d(384, 128, kernel_size=(1, 1), stride=(1, 1), bias=False)
          (norm2): BatchNorm2d(128, eps=1e-05, momentum=0.1, affine=True, track_running_stats=True)
          (relu2): ReLU(inplace=True)
          (conv2): Conv2d(128, 32, kernel_size=(3, 3), stride=(1, 1), padding=(1, 1), bias=False)
        )
        (denselayer10): _DenseLayer(
          (norm1): BatchNorm2d(416, eps=1e-05, momentum=0.1, affine=True, track_running_stats=True)
          (relu1): ReLU(inplace=True)
          (conv1): Conv2d(416, 128, kernel_size=(1, 1), stride=(1, 1), bias=False)
          (norm2): BatchNorm2d(128, eps=1e-05, momentum=0.1, affine=True, track_running_stats=True)
          (relu2): ReLU(inplace=True)
          (conv2): Conv2d(128, 32, kernel_size=(3, 3), stride=(1, 1), padding=(1, 1), bias=False)
        )
        (denselayer11): _DenseLayer(
          (norm1): BatchNorm2d(448, eps=1e-05, momentum=0.1, affine=True, track_running_stats=True)
          (relu1): ReLU(inplace=True)
          (conv1): Conv2d(448, 128, kernel_size=(1, 1), stride=(1, 1), bias=False)
          (norm2): BatchNorm2d(128, eps=1e-05, momentum=0.1, affine=True, track_running_stats=True)
          (relu2): ReLU(inplace=True)
          (conv2): Conv2d(128, 32, kernel_size=(3, 3), stride=(1, 1), padding=(1, 1), bias=False)
        )
        (denselayer12): _DenseLayer(
          (norm1): BatchNorm2d(480, eps=1e-05, momentum=0.1, affine=True, track_running_stats=True)
          (relu1): ReLU(inplace=True)
          (conv1): Conv2d(480, 128, kernel_size=(1, 1), stride=(1, 1), bias=False)
          (norm2): BatchNorm2d(128, eps=1e-05, momentum=0.1, affine=True, track_running_stats=True)
          (relu2): ReLU(inplace=True)
          (conv2): Conv2d(128, 32, kernel_size=(3, 3), stride=(1, 1), padding=(1, 1), bias=False)
        )
      )
      (transition2): _Transition(
        (norm): BatchNorm2d(512, eps=1e-05, momentum=0.1, affine=True, track_running_stats=True)
        (relu): ReLU(inplace=True)
        (conv): Conv2d(512, 256, kernel_size=(1, 1), stride=(1, 1), bias=False)
        (pool): AvgPool2d(kernel_size=2, stride=2, padding=0)
      )
      (denseblock3): _DenseBlock(
        (denselayer1): _DenseLayer(
          (norm1): BatchNorm2d(256, eps=1e-05, momentum=0.1, affine=True, track_running_stats=True)
          (relu1): ReLU(inplace=True)
          (conv1): Conv2d(256, 128, kernel_size=(1, 1), stride=(1, 1), bias=False)
          (norm2): BatchNorm2d(128, eps=1e-05, momentum=0.1, affine=True, track_running_stats=True)
          (relu2): ReLU(inplace=True)
          (conv2): Conv2d(128, 32, kernel_size=(3, 3), stride=(1, 1), padding=(1, 1), bias=False)
        )
        (denselayer2): _DenseLayer(
          (norm1): BatchNorm2d(288, eps=1e-05, momentum=0.1, affine=True, track_running_stats=True)
          (relu1): ReLU(inplace=True)
          (conv1): Conv2d(288, 128, kernel_size=(1, 1), stride=(1, 1), bias=False)
          (norm2): BatchNorm2d(128, eps=1e-05, momentum=0.1, affine=True, track_running_stats=True)
          (relu2): ReLU(inplace=True)
          (conv2): Conv2d(128, 32, kernel_size=(3, 3), stride=(1, 1), padding=(1, 1), bias=False)
        )
        (denselayer3): _DenseLayer(
          (norm1): BatchNorm2d(320, eps=1e-05, momentum=0.1, affine=True, track_running_stats=True)
          (relu1): ReLU(inplace=True)
          (conv1): Conv2d(320, 128, kernel_size=(1, 1), stride=(1, 1), bias=False)
          (norm2): BatchNorm2d(128, eps=1e-05, momentum=0.1, affine=True, track_running_stats=True)
          (relu2): ReLU(inplace=True)
          (conv2): Conv2d(128, 32, kernel_size=(3, 3), stride=(1, 1), padding=(1, 1), bias=False)
        )
        (denselayer4): _DenseLayer(
          (norm1): BatchNorm2d(352, eps=1e-05, momentum=0.1, affine=True, track_running_stats=True)
          (relu1): ReLU(inplace=True)
          (conv1): Conv2d(352, 128, kernel_size=(1, 1), stride=(1, 1), bias=False)
          (norm2): BatchNorm2d(128, eps=1e-05, momentum=0.1, affine=True, track_running_stats=True)
          (relu2): ReLU(inplace=True)
          (conv2): Conv2d(128, 32, kernel_size=(3, 3), stride=(1, 1), padding=(1, 1), bias=False)
        )
        (denselayer5): _DenseLayer(
          (norm1): BatchNorm2d(384, eps=1e-05, momentum=0.1, affine=True, track_running_stats=True)
          (relu1): ReLU(inplace=True)
          (conv1): Conv2d(384, 128, kernel_size=(1, 1), stride=(1, 1), bias=False)
          (norm2): BatchNorm2d(128, eps=1e-05, momentum=0.1, affine=True, track_running_stats=True)
          (relu2): ReLU(inplace=True)
          (conv2): Conv2d(128, 32, kernel_size=(3, 3), stride=(1, 1), padding=(1, 1), bias=False)
        )
        (denselayer6): _DenseLayer(
          (norm1): BatchNorm2d(416, eps=1e-05, momentum=0.1, affine=True, track_running_stats=True)
          (relu1): ReLU(inplace=True)
          (conv1): Conv2d(416, 128, kernel_size=(1, 1), stride=(1, 1), bias=False)
          (norm2): BatchNorm2d(128, eps=1e-05, momentum=0.1, affine=True, track_running_stats=True)
          (relu2): ReLU(inplace=True)
          (conv2): Conv2d(128, 32, kernel_size=(3, 3), stride=(1, 1), padding=(1, 1), bias=False)
        )
        (denselayer7): _DenseLayer(
          (norm1): BatchNorm2d(448, eps=1e-05, momentum=0.1, affine=True, track_running_stats=True)
          (relu1): ReLU(inplace=True)
          (conv1): Conv2d(448, 128, kernel_size=(1, 1), stride=(1, 1), bias=False)
          (norm2): BatchNorm2d(128, eps=1e-05, momentum=0.1, affine=True, track_running_stats=True)
          (relu2): ReLU(inplace=True)
          (conv2): Conv2d(128, 32, kernel_size=(3, 3), stride=(1, 1), padding=(1, 1), bias=False)
        )
        (denselayer8): _DenseLayer(
          (norm1): BatchNorm2d(480, eps=1e-05, momentum=0.1, affine=True, track_running_stats=True)
          (relu1): ReLU(inplace=True)
          (conv1): Conv2d(480, 128, kernel_size=(1, 1), stride=(1, 1), bias=False)
          (norm2): BatchNorm2d(128, eps=1e-05, momentum=0.1, affine=True, track_running_stats=True)
          (relu2): ReLU(inplace=True)
          (conv2): Conv2d(128, 32, kernel_size=(3, 3), stride=(1, 1), padding=(1, 1), bias=False)
        )
        (denselayer9): _DenseLayer(
          (norm1): BatchNorm2d(512, eps=1e-05, momentum=0.1, affine=True, track_running_stats=True)
          (relu1): ReLU(inplace=True)
          (conv1): Conv2d(512, 128, kernel_size=(1, 1), stride=(1, 1), bias=False)
          (norm2): BatchNorm2d(128, eps=1e-05, momentum=0.1, affine=True, track_running_stats=True)
          (relu2): ReLU(inplace=True)
          (conv2): Conv2d(128, 32, kernel_size=(3, 3), stride=(1, 1), padding=(1, 1), bias=False)
        )
        (denselayer10): _DenseLayer(
          (norm1): BatchNorm2d(544, eps=1e-05, momentum=0.1, affine=True, track_running_stats=True)
          (relu1): ReLU(inplace=True)
          (conv1): Conv2d(544, 128, kernel_size=(1, 1), stride=(1, 1), bias=False)
          (norm2): BatchNorm2d(128, eps=1e-05, momentum=0.1, affine=True, track_running_stats=True)
          (relu2): ReLU(inplace=True)
          (conv2): Conv2d(128, 32, kernel_size=(3, 3), stride=(1, 1), padding=(1, 1), bias=False)
        )
        (denselayer11): _DenseLayer(
          (norm1): BatchNorm2d(576, eps=1e-05, momentum=0.1, affine=True, track_running_stats=True)
          (relu1): ReLU(inplace=True)
          (conv1): Conv2d(576, 128, kernel_size=(1, 1), stride=(1, 1), bias=False)
          (norm2): BatchNorm2d(128, eps=1e-05, momentum=0.1, affine=True, track_running_stats=True)
          (relu2): ReLU(inplace=True)
          (conv2): Conv2d(128, 32, kernel_size=(3, 3), stride=(1, 1), padding=(1, 1), bias=False)
        )
        (denselayer12): _DenseLayer(
          (norm1): BatchNorm2d(608, eps=1e-05, momentum=0.1, affine=True, track_running_stats=True)
          (relu1): ReLU(inplace=True)
          (conv1): Conv2d(608, 128, kernel_size=(1, 1), stride=(1, 1), bias=False)
          (norm2): BatchNorm2d(128, eps=1e-05, momentum=0.1, affine=True, track_running_stats=True)
          (relu2): ReLU(inplace=True)
          (conv2): Conv2d(128, 32, kernel_size=(3, 3), stride=(1, 1), padding=(1, 1), bias=False)
        )
        (denselayer13): _DenseLayer(
          (norm1): BatchNorm2d(640, eps=1e-05, momentum=0.1, affine=True, track_running_stats=True)
          (relu1): ReLU(inplace=True)
          (conv1): Conv2d(640, 128, kernel_size=(1, 1), stride=(1, 1), bias=False)
          (norm2): BatchNorm2d(128, eps=1e-05, momentum=0.1, affine=True, track_running_stats=True)
          (relu2): ReLU(inplace=True)
          (conv2): Conv2d(128, 32, kernel_size=(3, 3), stride=(1, 1), padding=(1, 1), bias=False)
        )
        (denselayer14): _DenseLayer(
          (norm1): BatchNorm2d(672, eps=1e-05, momentum=0.1, affine=True, track_running_stats=True)
          (relu1): ReLU(inplace=True)
          (conv1): Conv2d(672, 128, kernel_size=(1, 1), stride=(1, 1), bias=False)
          (norm2): BatchNorm2d(128, eps=1e-05, momentum=0.1, affine=True, track_running_stats=True)
          (relu2): ReLU(inplace=True)
          (conv2): Conv2d(128, 32, kernel_size=(3, 3), stride=(1, 1), padding=(1, 1), bias=False)
        )
        (denselayer15): _DenseLayer(
          (norm1): BatchNorm2d(704, eps=1e-05, momentum=0.1, affine=True, track_running_stats=True)
          (relu1): ReLU(inplace=True)
          (conv1): Conv2d(704, 128, kernel_size=(1, 1), stride=(1, 1), bias=False)
          (norm2): BatchNorm2d(128, eps=1e-05, momentum=0.1, affine=True, track_running_stats=True)
          (relu2): ReLU(inplace=True)
          (conv2): Conv2d(128, 32, kernel_size=(3, 3), stride=(1, 1), padding=(1, 1), bias=False)
        )
        (denselayer16): _DenseLayer(
          (norm1): BatchNorm2d(736, eps=1e-05, momentum=0.1, affine=True, track_running_stats=True)
          (relu1): ReLU(inplace=True)
          (conv1): Conv2d(736, 128, kernel_size=(1, 1), stride=(1, 1), bias=False)
          (norm2): BatchNorm2d(128, eps=1e-05, momentum=0.1, affine=True, track_running_stats=True)
          (relu2): ReLU(inplace=True)
          (conv2): Conv2d(128, 32, kernel_size=(3, 3), stride=(1, 1), padding=(1, 1), bias=False)
        )
        (denselayer17): _DenseLayer(
          (norm1): BatchNorm2d(768, eps=1e-05, momentum=0.1, affine=True, track_running_stats=True)
          (relu1): ReLU(inplace=True)
          (conv1): Conv2d(768, 128, kernel_size=(1, 1), stride=(1, 1), bias=False)
          (norm2): BatchNorm2d(128, eps=1e-05, momentum=0.1, affine=True, track_running_stats=True)
          (relu2): ReLU(inplace=True)
          (conv2): Conv2d(128, 32, kernel_size=(3, 3), stride=(1, 1), padding=(1, 1), bias=False)
        )
        (denselayer18): _DenseLayer(
          (norm1): BatchNorm2d(800, eps=1e-05, momentum=0.1, affine=True, track_running_stats=True)
          (relu1): ReLU(inplace=True)
          (conv1): Conv2d(800, 128, kernel_size=(1, 1), stride=(1, 1), bias=False)
          (norm2): BatchNorm2d(128, eps=1e-05, momentum=0.1, affine=True, track_running_stats=True)
          (relu2): ReLU(inplace=True)
          (conv2): Conv2d(128, 32, kernel_size=(3, 3), stride=(1, 1), padding=(1, 1), bias=False)
        )
        (denselayer19): _DenseLayer(
          (norm1): BatchNorm2d(832, eps=1e-05, momentum=0.1, affine=True, track_running_stats=True)
          (relu1): ReLU(inplace=True)
          (conv1): Conv2d(832, 128, kernel_size=(1, 1), stride=(1, 1), bias=False)
          (norm2): BatchNorm2d(128, eps=1e-05, momentum=0.1, affine=True, track_running_stats=True)
          (relu2): ReLU(inplace=True)
          (conv2): Conv2d(128, 32, kernel_size=(3, 3), stride=(1, 1), padding=(1, 1), bias=False)
        )
        (denselayer20): _DenseLayer(
          (norm1): BatchNorm2d(864, eps=1e-05, momentum=0.1, affine=True, track_running_stats=True)
          (relu1): ReLU(inplace=True)
          (conv1): Conv2d(864, 128, kernel_size=(1, 1), stride=(1, 1), bias=False)
          (norm2): BatchNorm2d(128, eps=1e-05, momentum=0.1, affine=True, track_running_stats=True)
          (relu2): ReLU(inplace=True)
          (conv2): Conv2d(128, 32, kernel_size=(3, 3), stride=(1, 1), padding=(1, 1), bias=False)
        )
        (denselayer21): _DenseLayer(
          (norm1): BatchNorm2d(896, eps=1e-05, momentum=0.1, affine=True, track_running_stats=True)
          (relu1): ReLU(inplace=True)
          (conv1): Conv2d(896, 128, kernel_size=(1, 1), stride=(1, 1), bias=False)
          (norm2): BatchNorm2d(128, eps=1e-05, momentum=0.1, affine=True, track_running_stats=True)
          (relu2): ReLU(inplace=True)
          (conv2): Conv2d(128, 32, kernel_size=(3, 3), stride=(1, 1), padding=(1, 1), bias=False)
        )
        (denselayer22): _DenseLayer(
          (norm1): BatchNorm2d(928, eps=1e-05, momentum=0.1, affine=True, track_running_stats=True)
          (relu1): ReLU(inplace=True)
          (conv1): Conv2d(928, 128, kernel_size=(1, 1), stride=(1, 1), bias=False)
          (norm2): BatchNorm2d(128, eps=1e-05, momentum=0.1, affine=True, track_running_stats=True)
          (relu2): ReLU(inplace=True)
          (conv2): Conv2d(128, 32, kernel_size=(3, 3), stride=(1, 1), padding=(1, 1), bias=False)
        )
        (denselayer23): _DenseLayer(
          (norm1): BatchNorm2d(960, eps=1e-05, momentum=0.1, affine=True, track_running_stats=True)
          (relu1): ReLU(inplace=True)
          (conv1): Conv2d(960, 128, kernel_size=(1, 1), stride=(1, 1), bias=False)
          (norm2): BatchNorm2d(128, eps=1e-05, momentum=0.1, affine=True, track_running_stats=True)
          (relu2): ReLU(inplace=True)
          (conv2): Conv2d(128, 32, kernel_size=(3, 3), stride=(1, 1), padding=(1, 1), bias=False)
        )
        (denselayer24): _DenseLayer(
          (norm1): BatchNorm2d(992, eps=1e-05, momentum=0.1, affine=True, track_running_stats=True)
          (relu1): ReLU(inplace=True)
          (conv1): Conv2d(992, 128, kernel_size=(1, 1), stride=(1, 1), bias=False)
          (norm2): BatchNorm2d(128, eps=1e-05, momentum=0.1, affine=True, track_running_stats=True)
          (relu2): ReLU(inplace=True)
          (conv2): Conv2d(128, 32, kernel_size=(3, 3), stride=(1, 1), padding=(1, 1), bias=False)
        )
        (denselayer25): _DenseLayer(
          (norm1): BatchNorm2d(1024, eps=1e-05, momentum=0.1, affine=True, track_running_stats=True)
          (relu1): ReLU(inplace=True)
          (conv1): Conv2d(1024, 128, kernel_size=(1, 1), stride=(1, 1), bias=False)
          (norm2): BatchNorm2d(128, eps=1e-05, momentum=0.1, affine=True, track_running_stats=True)
          (relu2): ReLU(inplace=True)
          (conv2): Conv2d(128, 32, kernel_size=(3, 3), stride=(1, 1), padding=(1, 1), bias=False)
        )
        (denselayer26): _DenseLayer(
          (norm1): BatchNorm2d(1056, eps=1e-05, momentum=0.1, affine=True, track_running_stats=True)
          (relu1): ReLU(inplace=True)
          (conv1): Conv2d(1056, 128, kernel_size=(1, 1), stride=(1, 1), bias=False)
          (norm2): BatchNorm2d(128, eps=1e-05, momentum=0.1, affine=True, track_running_stats=True)
          (relu2): ReLU(inplace=True)
          (conv2): Conv2d(128, 32, kernel_size=(3, 3), stride=(1, 1), padding=(1, 1), bias=False)
        )
        (denselayer27): _DenseLayer(
          (norm1): BatchNorm2d(1088, eps=1e-05, momentum=0.1, affine=True, track_running_stats=True)
          (relu1): ReLU(inplace=True)
          (conv1): Conv2d(1088, 128, kernel_size=(1, 1), stride=(1, 1), bias=False)
          (norm2): BatchNorm2d(128, eps=1e-05, momentum=0.1, affine=True, track_running_stats=True)
          (relu2): ReLU(inplace=True)
          (conv2): Conv2d(128, 32, kernel_size=(3, 3), stride=(1, 1), padding=(1, 1), bias=False)
        )
        (denselayer28): _DenseLayer(
          (norm1): BatchNorm2d(1120, eps=1e-05, momentum=0.1, affine=True, track_running_stats=True)
          (relu1): ReLU(inplace=True)
          (conv1): Conv2d(1120, 128, kernel_size=(1, 1), stride=(1, 1), bias=False)
          (norm2): BatchNorm2d(128, eps=1e-05, momentum=0.1, affine=True, track_running_stats=True)
          (relu2): ReLU(inplace=True)
          (conv2): Conv2d(128, 32, kernel_size=(3, 3), stride=(1, 1), padding=(1, 1), bias=False)
        )
        (denselayer29): _DenseLayer(
          (norm1): BatchNorm2d(1152, eps=1e-05, momentum=0.1, affine=True, track_running_stats=True)
          (relu1): ReLU(inplace=True)
          (conv1): Conv2d(1152, 128, kernel_size=(1, 1), stride=(1, 1), bias=False)
          (norm2): BatchNorm2d(128, eps=1e-05, momentum=0.1, affine=True, track_running_stats=True)
          (relu2): ReLU(inplace=True)
          (conv2): Conv2d(128, 32, kernel_size=(3, 3), stride=(1, 1), padding=(1, 1), bias=False)
        )
        (denselayer30): _DenseLayer(
          (norm1): BatchNorm2d(1184, eps=1e-05, momentum=0.1, affine=True, track_running_stats=True)
          (relu1): ReLU(inplace=True)
          (conv1): Conv2d(1184, 128, kernel_size=(1, 1), stride=(1, 1), bias=False)
          (norm2): BatchNorm2d(128, eps=1e-05, momentum=0.1, affine=True, track_running_stats=True)
          (relu2): ReLU(inplace=True)
          (conv2): Conv2d(128, 32, kernel_size=(3, 3), stride=(1, 1), padding=(1, 1), bias=False)
        )
        (denselayer31): _DenseLayer(
          (norm1): BatchNorm2d(1216, eps=1e-05, momentum=0.1, affine=True, track_running_stats=True)
          (relu1): ReLU(inplace=True)
          (conv1): Conv2d(1216, 128, kernel_size=(1, 1), stride=(1, 1), bias=False)
          (norm2): BatchNorm2d(128, eps=1e-05, momentum=0.1, affine=True, track_running_stats=True)
          (relu2): ReLU(inplace=True)
          (conv2): Conv2d(128, 32, kernel_size=(3, 3), stride=(1, 1), padding=(1, 1), bias=False)
        )
        (denselayer32): _DenseLayer(
          (norm1): BatchNorm2d(1248, eps=1e-05, momentum=0.1, affine=True, track_running_stats=True)
          (relu1): ReLU(inplace=True)
          (conv1): Conv2d(1248, 128, kernel_size=(1, 1), stride=(1, 1), bias=False)
          (norm2): BatchNorm2d(128, eps=1e-05, momentum=0.1, affine=True, track_running_stats=True)
          (relu2): ReLU(inplace=True)
          (conv2): Conv2d(128, 32, kernel_size=(3, 3), stride=(1, 1), padding=(1, 1), bias=False)
        )
        (denselayer33): _DenseLayer(
          (norm1): BatchNorm2d(1280, eps=1e-05, momentum=0.1, affine=True, track_running_stats=True)
          (relu1): ReLU(inplace=True)
          (conv1): Conv2d(1280, 128, kernel_size=(1, 1), stride=(1, 1), bias=False)
          (norm2): BatchNorm2d(128, eps=1e-05, momentum=0.1, affine=True, track_running_stats=True)
          (relu2): ReLU(inplace=True)
          (conv2): Conv2d(128, 32, kernel_size=(3, 3), stride=(1, 1), padding=(1, 1), bias=False)
        )
        (denselayer34): _DenseLayer(
          (norm1): BatchNorm2d(1312, eps=1e-05, momentum=0.1, affine=True, track_running_stats=True)
          (relu1): ReLU(inplace=True)
          (conv1): Conv2d(1312, 128, kernel_size=(1, 1), stride=(1, 1), bias=False)
          (norm2): BatchNorm2d(128, eps=1e-05, momentum=0.1, affine=True, track_running_stats=True)
          (relu2): ReLU(inplace=True)
          (conv2): Conv2d(128, 32, kernel_size=(3, 3), stride=(1, 1), padding=(1, 1), bias=False)
        )
        (denselayer35): _DenseLayer(
          (norm1): BatchNorm2d(1344, eps=1e-05, momentum=0.1, affine=True, track_running_stats=True)
          (relu1): ReLU(inplace=True)
          (conv1): Conv2d(1344, 128, kernel_size=(1, 1), stride=(1, 1), bias=False)
          (norm2): BatchNorm2d(128, eps=1e-05, momentum=0.1, affine=True, track_running_stats=True)
          (relu2): ReLU(inplace=True)
          (conv2): Conv2d(128, 32, kernel_size=(3, 3), stride=(1, 1), padding=(1, 1), bias=False)
        )
        (denselayer36): _DenseLayer(
          (norm1): BatchNorm2d(1376, eps=1e-05, momentum=0.1, affine=True, track_running_stats=True)
          (relu1): ReLU(inplace=True)
          (conv1): Conv2d(1376, 128, kernel_size=(1, 1), stride=(1, 1), bias=False)
          (norm2): BatchNorm2d(128, eps=1e-05, momentum=0.1, affine=True, track_running_stats=True)
          (relu2): ReLU(inplace=True)
          (conv2): Conv2d(128, 32, kernel_size=(3, 3), stride=(1, 1), padding=(1, 1), bias=False)
        )
        (denselayer37): _DenseLayer(
          (norm1): BatchNorm2d(1408, eps=1e-05, momentum=0.1, affine=True, track_running_stats=True)
          (relu1): ReLU(inplace=True)
          (conv1): Conv2d(1408, 128, kernel_size=(1, 1), stride=(1, 1), bias=False)
          (norm2): BatchNorm2d(128, eps=1e-05, momentum=0.1, affine=True, track_running_stats=True)
          (relu2): ReLU(inplace=True)
          (conv2): Conv2d(128, 32, kernel_size=(3, 3), stride=(1, 1), padding=(1, 1), bias=False)
        )
        (denselayer38): _DenseLayer(
          (norm1): BatchNorm2d(1440, eps=1e-05, momentum=0.1, affine=True, track_running_stats=True)
          (relu1): ReLU(inplace=True)
          (conv1): Conv2d(1440, 128, kernel_size=(1, 1), stride=(1, 1), bias=False)
          (norm2): BatchNorm2d(128, eps=1e-05, momentum=0.1, affine=True, track_running_stats=True)
          (relu2): ReLU(inplace=True)
          (conv2): Conv2d(128, 32, kernel_size=(3, 3), stride=(1, 1), padding=(1, 1), bias=False)
        )
        (denselayer39): _DenseLayer(
          (norm1): BatchNorm2d(1472, eps=1e-05, momentum=0.1, affine=True, track_running_stats=True)
          (relu1): ReLU(inplace=True)
          (conv1): Conv2d(1472, 128, kernel_size=(1, 1), stride=(1, 1), bias=False)
          (norm2): BatchNorm2d(128, eps=1e-05, momentum=0.1, affine=True, track_running_stats=True)
          (relu2): ReLU(inplace=True)
          (conv2): Conv2d(128, 32, kernel_size=(3, 3), stride=(1, 1), padding=(1, 1), bias=False)
        )
        (denselayer40): _DenseLayer(
          (norm1): BatchNorm2d(1504, eps=1e-05, momentum=0.1, affine=True, track_running_stats=True)
          (relu1): ReLU(inplace=True)
          (conv1): Conv2d(1504, 128, kernel_size=(1, 1), stride=(1, 1), bias=False)
          (norm2): BatchNorm2d(128, eps=1e-05, momentum=0.1, affine=True, track_running_stats=True)
          (relu2): ReLU(inplace=True)
          (conv2): Conv2d(128, 32, kernel_size=(3, 3), stride=(1, 1), padding=(1, 1), bias=False)
        )
        (denselayer41): _DenseLayer(
          (norm1): BatchNorm2d(1536, eps=1e-05, momentum=0.1, affine=True, track_running_stats=True)
          (relu1): ReLU(inplace=True)
          (conv1): Conv2d(1536, 128, kernel_size=(1, 1), stride=(1, 1), bias=False)
          (norm2): BatchNorm2d(128, eps=1e-05, momentum=0.1, affine=True, track_running_stats=True)
          (relu2): ReLU(inplace=True)
          (conv2): Conv2d(128, 32, kernel_size=(3, 3), stride=(1, 1), padding=(1, 1), bias=False)
        )
        (denselayer42): _DenseLayer(
          (norm1): BatchNorm2d(1568, eps=1e-05, momentum=0.1, affine=True, track_running_stats=True)
          (relu1): ReLU(inplace=True)
          (conv1): Conv2d(1568, 128, kernel_size=(1, 1), stride=(1, 1), bias=False)
          (norm2): BatchNorm2d(128, eps=1e-05, momentum=0.1, affine=True, track_running_stats=True)
          (relu2): ReLU(inplace=True)
          (conv2): Conv2d(128, 32, kernel_size=(3, 3), stride=(1, 1), padding=(1, 1), bias=False)
        )
        (denselayer43): _DenseLayer(
          (norm1): BatchNorm2d(1600, eps=1e-05, momentum=0.1, affine=True, track_running_stats=True)
          (relu1): ReLU(inplace=True)
          (conv1): Conv2d(1600, 128, kernel_size=(1, 1), stride=(1, 1), bias=False)
          (norm2): BatchNorm2d(128, eps=1e-05, momentum=0.1, affine=True, track_running_stats=True)
          (relu2): ReLU(inplace=True)
          (conv2): Conv2d(128, 32, kernel_size=(3, 3), stride=(1, 1), padding=(1, 1), bias=False)
        )
        (denselayer44): _DenseLayer(
          (norm1): BatchNorm2d(1632, eps=1e-05, momentum=0.1, affine=True, track_running_stats=True)
          (relu1): ReLU(inplace=True)
          (conv1): Conv2d(1632, 128, kernel_size=(1, 1), stride=(1, 1), bias=False)
          (norm2): BatchNorm2d(128, eps=1e-05, momentum=0.1, affine=True, track_running_stats=True)
          (relu2): ReLU(inplace=True)
          (conv2): Conv2d(128, 32, kernel_size=(3, 3), stride=(1, 1), padding=(1, 1), bias=False)
        )
        (denselayer45): _DenseLayer(
          (norm1): BatchNorm2d(1664, eps=1e-05, momentum=0.1, affine=True, track_running_stats=True)
          (relu1): ReLU(inplace=True)
          (conv1): Conv2d(1664, 128, kernel_size=(1, 1), stride=(1, 1), bias=False)
          (norm2): BatchNorm2d(128, eps=1e-05, momentum=0.1, affine=True, track_running_stats=True)
          (relu2): ReLU(inplace=True)
          (conv2): Conv2d(128, 32, kernel_size=(3, 3), stride=(1, 1), padding=(1, 1), bias=False)
        )
        (denselayer46): _DenseLayer(
          (norm1): BatchNorm2d(1696, eps=1e-05, momentum=0.1, affine=True, track_running_stats=True)
          (relu1): ReLU(inplace=True)
          (conv1): Conv2d(1696, 128, kernel_size=(1, 1), stride=(1, 1), bias=False)
          (norm2): BatchNorm2d(128, eps=1e-05, momentum=0.1, affine=True, track_running_stats=True)
          (relu2): ReLU(inplace=True)
          (conv2): Conv2d(128, 32, kernel_size=(3, 3), stride=(1, 1), padding=(1, 1), bias=False)
        )
        (denselayer47): _DenseLayer(
          (norm1): BatchNorm2d(1728, eps=1e-05, momentum=0.1, affine=True, track_running_stats=True)
          (relu1): ReLU(inplace=True)
          (conv1): Conv2d(1728, 128, kernel_size=(1, 1), stride=(1, 1), bias=False)
          (norm2): BatchNorm2d(128, eps=1e-05, momentum=0.1, affine=True, track_running_stats=True)
          (relu2): ReLU(inplace=True)
          (conv2): Conv2d(128, 32, kernel_size=(3, 3), stride=(1, 1), padding=(1, 1), bias=False)
        )
        (denselayer48): _DenseLayer(
          (norm1): BatchNorm2d(1760, eps=1e-05, momentum=0.1, affine=True, track_running_stats=True)
          (relu1): ReLU(inplace=True)
          (conv1): Conv2d(1760, 128, kernel_size=(1, 1), stride=(1, 1), bias=False)
          (norm2): BatchNorm2d(128, eps=1e-05, momentum=0.1, affine=True, track_running_stats=True)
          (relu2): ReLU(inplace=True)
          (conv2): Conv2d(128, 32, kernel_size=(3, 3), stride=(1, 1), padding=(1, 1), bias=False)
        )
      )
      (transition3): _Transition(
        (norm): BatchNorm2d(1792, eps=1e-05, momentum=0.1, affine=True, track_running_stats=True)
        (relu): ReLU(inplace=True)
        (conv): Conv2d(1792, 896, kernel_size=(1, 1), stride=(1, 1), bias=False)
        (pool): AvgPool2d(kernel_size=2, stride=2, padding=0)
      )
      (denseblock4): _DenseBlock(
        (denselayer1): _DenseLayer(
          (norm1): BatchNorm2d(896, eps=1e-05, momentum=0.1, affine=True, track_running_stats=True)
          (relu1): ReLU(inplace=True)
          (conv1): Conv2d(896, 128, kernel_size=(1, 1), stride=(1, 1), bias=False)
          (norm2): BatchNorm2d(128, eps=1e-05, momentum=0.1, affine=True, track_running_stats=True)
          (relu2): ReLU(inplace=True)
          (conv2): Conv2d(128, 32, kernel_size=(3, 3), stride=(1, 1), padding=(1, 1), bias=False)
        )
        (denselayer2): _DenseLayer(
          (norm1): BatchNorm2d(928, eps=1e-05, momentum=0.1, affine=True, track_running_stats=True)
          (relu1): ReLU(inplace=True)
          (conv1): Conv2d(928, 128, kernel_size=(1, 1), stride=(1, 1), bias=False)
          (norm2): BatchNorm2d(128, eps=1e-05, momentum=0.1, affine=True, track_running_stats=True)
          (relu2): ReLU(inplace=True)
          (conv2): Conv2d(128, 32, kernel_size=(3, 3), stride=(1, 1), padding=(1, 1), bias=False)
        )
        (denselayer3): _DenseLayer(
          (norm1): BatchNorm2d(960, eps=1e-05, momentum=0.1, affine=True, track_running_stats=True)
          (relu1): ReLU(inplace=True)
          (conv1): Conv2d(960, 128, kernel_size=(1, 1), stride=(1, 1), bias=False)
          (norm2): BatchNorm2d(128, eps=1e-05, momentum=0.1, affine=True, track_running_stats=True)
          (relu2): ReLU(inplace=True)
          (conv2): Conv2d(128, 32, kernel_size=(3, 3), stride=(1, 1), padding=(1, 1), bias=False)
        )
        (denselayer4): _DenseLayer(
          (norm1): BatchNorm2d(992, eps=1e-05, momentum=0.1, affine=True, track_running_stats=True)
          (relu1): ReLU(inplace=True)
          (conv1): Conv2d(992, 128, kernel_size=(1, 1), stride=(1, 1), bias=False)
          (norm2): BatchNorm2d(128, eps=1e-05, momentum=0.1, affine=True, track_running_stats=True)
          (relu2): ReLU(inplace=True)
          (conv2): Conv2d(128, 32, kernel_size=(3, 3), stride=(1, 1), padding=(1, 1), bias=False)
        )
        (denselayer5): _DenseLayer(
          (norm1): BatchNorm2d(1024, eps=1e-05, momentum=0.1, affine=True, track_running_stats=True)
          (relu1): ReLU(inplace=True)
          (conv1): Conv2d(1024, 128, kernel_size=(1, 1), stride=(1, 1), bias=False)
          (norm2): BatchNorm2d(128, eps=1e-05, momentum=0.1, affine=True, track_running_stats=True)
          (relu2): ReLU(inplace=True)
          (conv2): Conv2d(128, 32, kernel_size=(3, 3), stride=(1, 1), padding=(1, 1), bias=False)
        )
        (denselayer6): _DenseLayer(
          (norm1): BatchNorm2d(1056, eps=1e-05, momentum=0.1, affine=True, track_running_stats=True)
          (relu1): ReLU(inplace=True)
          (conv1): Conv2d(1056, 128, kernel_size=(1, 1), stride=(1, 1), bias=False)
          (norm2): BatchNorm2d(128, eps=1e-05, momentum=0.1, affine=True, track_running_stats=True)
          (relu2): ReLU(inplace=True)
          (conv2): Conv2d(128, 32, kernel_size=(3, 3), stride=(1, 1), padding=(1, 1), bias=False)
        )
        (denselayer7): _DenseLayer(
          (norm1): BatchNorm2d(1088, eps=1e-05, momentum=0.1, affine=True, track_running_stats=True)
          (relu1): ReLU(inplace=True)
          (conv1): Conv2d(1088, 128, kernel_size=(1, 1), stride=(1, 1), bias=False)
          (norm2): BatchNorm2d(128, eps=1e-05, momentum=0.1, affine=True, track_running_stats=True)
          (relu2): ReLU(inplace=True)
          (conv2): Conv2d(128, 32, kernel_size=(3, 3), stride=(1, 1), padding=(1, 1), bias=False)
        )
        (denselayer8): _DenseLayer(
          (norm1): BatchNorm2d(1120, eps=1e-05, momentum=0.1, affine=True, track_running_stats=True)
          (relu1): ReLU(inplace=True)
          (conv1): Conv2d(1120, 128, kernel_size=(1, 1), stride=(1, 1), bias=False)
          (norm2): BatchNorm2d(128, eps=1e-05, momentum=0.1, affine=True, track_running_stats=True)
          (relu2): ReLU(inplace=True)
          (conv2): Conv2d(128, 32, kernel_size=(3, 3), stride=(1, 1), padding=(1, 1), bias=False)
        )
        (denselayer9): _DenseLayer(
          (norm1): BatchNorm2d(1152, eps=1e-05, momentum=0.1, affine=True, track_running_stats=True)
          (relu1): ReLU(inplace=True)
          (conv1): Conv2d(1152, 128, kernel_size=(1, 1), stride=(1, 1), bias=False)
          (norm2): BatchNorm2d(128, eps=1e-05, momentum=0.1, affine=True, track_running_stats=True)
          (relu2): ReLU(inplace=True)
          (conv2): Conv2d(128, 32, kernel_size=(3, 3), stride=(1, 1), padding=(1, 1), bias=False)
        )
        (denselayer10): _DenseLayer(
          (norm1): BatchNorm2d(1184, eps=1e-05, momentum=0.1, affine=True, track_running_stats=True)
          (relu1): ReLU(inplace=True)
          (conv1): Conv2d(1184, 128, kernel_size=(1, 1), stride=(1, 1), bias=False)
          (norm2): BatchNorm2d(128, eps=1e-05, momentum=0.1, affine=True, track_running_stats=True)
          (relu2): ReLU(inplace=True)
          (conv2): Conv2d(128, 32, kernel_size=(3, 3), stride=(1, 1), padding=(1, 1), bias=False)
        )
        (denselayer11): _DenseLayer(
          (norm1): BatchNorm2d(1216, eps=1e-05, momentum=0.1, affine=True, track_running_stats=True)
          (relu1): ReLU(inplace=True)
          (conv1): Conv2d(1216, 128, kernel_size=(1, 1), stride=(1, 1), bias=False)
          (norm2): BatchNorm2d(128, eps=1e-05, momentum=0.1, affine=True, track_running_stats=True)
          (relu2): ReLU(inplace=True)
          (conv2): Conv2d(128, 32, kernel_size=(3, 3), stride=(1, 1), padding=(1, 1), bias=False)
        )
        (denselayer12): _DenseLayer(
          (norm1): BatchNorm2d(1248, eps=1e-05, momentum=0.1, affine=True, track_running_stats=True)
          (relu1): ReLU(inplace=True)
          (conv1): Conv2d(1248, 128, kernel_size=(1, 1), stride=(1, 1), bias=False)
          (norm2): BatchNorm2d(128, eps=1e-05, momentum=0.1, affine=True, track_running_stats=True)
          (relu2): ReLU(inplace=True)
          (conv2): Conv2d(128, 32, kernel_size=(3, 3), stride=(1, 1), padding=(1, 1), bias=False)
        )
        (denselayer13): _DenseLayer(
          (norm1): BatchNorm2d(1280, eps=1e-05, momentum=0.1, affine=True, track_running_stats=True)
          (relu1): ReLU(inplace=True)
          (conv1): Conv2d(1280, 128, kernel_size=(1, 1), stride=(1, 1), bias=False)
          (norm2): BatchNorm2d(128, eps=1e-05, momentum=0.1, affine=True, track_running_stats=True)
          (relu2): ReLU(inplace=True)
          (conv2): Conv2d(128, 32, kernel_size=(3, 3), stride=(1, 1), padding=(1, 1), bias=False)
        )
        (denselayer14): _DenseLayer(
          (norm1): BatchNorm2d(1312, eps=1e-05, momentum=0.1, affine=True, track_running_stats=True)
          (relu1): ReLU(inplace=True)
          (conv1): Conv2d(1312, 128, kernel_size=(1, 1), stride=(1, 1), bias=False)
          (norm2): BatchNorm2d(128, eps=1e-05, momentum=0.1, affine=True, track_running_stats=True)
          (relu2): ReLU(inplace=True)
          (conv2): Conv2d(128, 32, kernel_size=(3, 3), stride=(1, 1), padding=(1, 1), bias=False)
        )
        (denselayer15): _DenseLayer(
          (norm1): BatchNorm2d(1344, eps=1e-05, momentum=0.1, affine=True, track_running_stats=True)
          (relu1): ReLU(inplace=True)
          (conv1): Conv2d(1344, 128, kernel_size=(1, 1), stride=(1, 1), bias=False)
          (norm2): BatchNorm2d(128, eps=1e-05, momentum=0.1, affine=True, track_running_stats=True)
          (relu2): ReLU(inplace=True)
          (conv2): Conv2d(128, 32, kernel_size=(3, 3), stride=(1, 1), padding=(1, 1), bias=False)
        )
        (denselayer16): _DenseLayer(
          (norm1): BatchNorm2d(1376, eps=1e-05, momentum=0.1, affine=True, track_running_stats=True)
          (relu1): ReLU(inplace=True)
          (conv1): Conv2d(1376, 128, kernel_size=(1, 1), stride=(1, 1), bias=False)
          (norm2): BatchNorm2d(128, eps=1e-05, momentum=0.1, affine=True, track_running_stats=True)
          (relu2): ReLU(inplace=True)
          (conv2): Conv2d(128, 32, kernel_size=(3, 3), stride=(1, 1), padding=(1, 1), bias=False)
        )
        (denselayer17): _DenseLayer(
          (norm1): BatchNorm2d(1408, eps=1e-05, momentum=0.1, affine=True, track_running_stats=True)
          (relu1): ReLU(inplace=True)
          (conv1): Conv2d(1408, 128, kernel_size=(1, 1), stride=(1, 1), bias=False)
          (norm2): BatchNorm2d(128, eps=1e-05, momentum=0.1, affine=True, track_running_stats=True)
          (relu2): ReLU(inplace=True)
          (conv2): Conv2d(128, 32, kernel_size=(3, 3), stride=(1, 1), padding=(1, 1), bias=False)
        )
        (denselayer18): _DenseLayer(
          (norm1): BatchNorm2d(1440, eps=1e-05, momentum=0.1, affine=True, track_running_stats=True)
          (relu1): ReLU(inplace=True)
          (conv1): Conv2d(1440, 128, kernel_size=(1, 1), stride=(1, 1), bias=False)
          (norm2): BatchNorm2d(128, eps=1e-05, momentum=0.1, affine=True, track_running_stats=True)
          (relu2): ReLU(inplace=True)
          (conv2): Conv2d(128, 32, kernel_size=(3, 3), stride=(1, 1), padding=(1, 1), bias=False)
        )
        (denselayer19): _DenseLayer(
          (norm1): BatchNorm2d(1472, eps=1e-05, momentum=0.1, affine=True, track_running_stats=True)
          (relu1): ReLU(inplace=True)
          (conv1): Conv2d(1472, 128, kernel_size=(1, 1), stride=(1, 1), bias=False)
          (norm2): BatchNorm2d(128, eps=1e-05, momentum=0.1, affine=True, track_running_stats=True)
          (relu2): ReLU(inplace=True)
          (conv2): Conv2d(128, 32, kernel_size=(3, 3), stride=(1, 1), padding=(1, 1), bias=False)
        )
        (denselayer20): _DenseLayer(
          (norm1): BatchNorm2d(1504, eps=1e-05, momentum=0.1, affine=True, track_running_stats=True)
          (relu1): ReLU(inplace=True)
          (conv1): Conv2d(1504, 128, kernel_size=(1, 1), stride=(1, 1), bias=False)
          (norm2): BatchNorm2d(128, eps=1e-05, momentum=0.1, affine=True, track_running_stats=True)
          (relu2): ReLU(inplace=True)
          (conv2): Conv2d(128, 32, kernel_size=(3, 3), stride=(1, 1), padding=(1, 1), bias=False)
        )
        (denselayer21): _DenseLayer(
          (norm1): BatchNorm2d(1536, eps=1e-05, momentum=0.1, affine=True, track_running_stats=True)
          (relu1): ReLU(inplace=True)
          (conv1): Conv2d(1536, 128, kernel_size=(1, 1), stride=(1, 1), bias=False)
          (norm2): BatchNorm2d(128, eps=1e-05, momentum=0.1, affine=True, track_running_stats=True)
          (relu2): ReLU(inplace=True)
          (conv2): Conv2d(128, 32, kernel_size=(3, 3), stride=(1, 1), padding=(1, 1), bias=False)
        )
        (denselayer22): _DenseLayer(
          (norm1): BatchNorm2d(1568, eps=1e-05, momentum=0.1, affine=True, track_running_stats=True)
          (relu1): ReLU(inplace=True)
          (conv1): Conv2d(1568, 128, kernel_size=(1, 1), stride=(1, 1), bias=False)
          (norm2): BatchNorm2d(128, eps=1e-05, momentum=0.1, affine=True, track_running_stats=True)
          (relu2): ReLU(inplace=True)
          (conv2): Conv2d(128, 32, kernel_size=(3, 3), stride=(1, 1), padding=(1, 1), bias=False)
        )
        (denselayer23): _DenseLayer(
          (norm1): BatchNorm2d(1600, eps=1e-05, momentum=0.1, affine=True, track_running_stats=True)
          (relu1): ReLU(inplace=True)
          (conv1): Conv2d(1600, 128, kernel_size=(1, 1), stride=(1, 1), bias=False)
          (norm2): BatchNorm2d(128, eps=1e-05, momentum=0.1, affine=True, track_running_stats=True)
          (relu2): ReLU(inplace=True)
          (conv2): Conv2d(128, 32, kernel_size=(3, 3), stride=(1, 1), padding=(1, 1), bias=False)
        )
        (denselayer24): _DenseLayer(
          (norm1): BatchNorm2d(1632, eps=1e-05, momentum=0.1, affine=True, track_running_stats=True)
          (relu1): ReLU(inplace=True)
          (conv1): Conv2d(1632, 128, kernel_size=(1, 1), stride=(1, 1), bias=False)
          (norm2): BatchNorm2d(128, eps=1e-05, momentum=0.1, affine=True, track_running_stats=True)
          (relu2): ReLU(inplace=True)
          (conv2): Conv2d(128, 32, kernel_size=(3, 3), stride=(1, 1), padding=(1, 1), bias=False)
        )
        (denselayer25): _DenseLayer(
          (norm1): BatchNorm2d(1664, eps=1e-05, momentum=0.1, affine=True, track_running_stats=True)
          (relu1): ReLU(inplace=True)
          (conv1): Conv2d(1664, 128, kernel_size=(1, 1), stride=(1, 1), bias=False)
          (norm2): BatchNorm2d(128, eps=1e-05, momentum=0.1, affine=True, track_running_stats=True)
          (relu2): ReLU(inplace=True)
          (conv2): Conv2d(128, 32, kernel_size=(3, 3), stride=(1, 1), padding=(1, 1), bias=False)
        )
        (denselayer26): _DenseLayer(
          (norm1): BatchNorm2d(1696, eps=1e-05, momentum=0.1, affine=True, track_running_stats=True)
          (relu1): ReLU(inplace=True)
          (conv1): Conv2d(1696, 128, kernel_size=(1, 1), stride=(1, 1), bias=False)
          (norm2): BatchNorm2d(128, eps=1e-05, momentum=0.1, affine=True, track_running_stats=True)
          (relu2): ReLU(inplace=True)
          (conv2): Conv2d(128, 32, kernel_size=(3, 3), stride=(1, 1), padding=(1, 1), bias=False)
        )
        (denselayer27): _DenseLayer(
          (norm1): BatchNorm2d(1728, eps=1e-05, momentum=0.1, affine=True, track_running_stats=True)
          (relu1): ReLU(inplace=True)
          (conv1): Conv2d(1728, 128, kernel_size=(1, 1), stride=(1, 1), bias=False)
          (norm2): BatchNorm2d(128, eps=1e-05, momentum=0.1, affine=True, track_running_stats=True)
          (relu2): ReLU(inplace=True)
          (conv2): Conv2d(128, 32, kernel_size=(3, 3), stride=(1, 1), padding=(1, 1), bias=False)
        )
        (denselayer28): _DenseLayer(
          (norm1): BatchNorm2d(1760, eps=1e-05, momentum=0.1, affine=True, track_running_stats=True)
          (relu1): ReLU(inplace=True)
          (conv1): Conv2d(1760, 128, kernel_size=(1, 1), stride=(1, 1), bias=False)
          (norm2): BatchNorm2d(128, eps=1e-05, momentum=0.1, affine=True, track_running_stats=True)
          (relu2): ReLU(inplace=True)
          (conv2): Conv2d(128, 32, kernel_size=(3, 3), stride=(1, 1), padding=(1, 1), bias=False)
        )
        (denselayer29): _DenseLayer(
          (norm1): BatchNorm2d(1792, eps=1e-05, momentum=0.1, affine=True, track_running_stats=True)
          (relu1): ReLU(inplace=True)
          (conv1): Conv2d(1792, 128, kernel_size=(1, 1), stride=(1, 1), bias=False)
          (norm2): BatchNorm2d(128, eps=1e-05, momentum=0.1, affine=True, track_running_stats=True)
          (relu2): ReLU(inplace=True)
          (conv2): Conv2d(128, 32, kernel_size=(3, 3), stride=(1, 1), padding=(1, 1), bias=False)
        )
        (denselayer30): _DenseLayer(
          (norm1): BatchNorm2d(1824, eps=1e-05, momentum=0.1, affine=True, track_running_stats=True)
          (relu1): ReLU(inplace=True)
          (conv1): Conv2d(1824, 128, kernel_size=(1, 1), stride=(1, 1), bias=False)
          (norm2): BatchNorm2d(128, eps=1e-05, momentum=0.1, affine=True, track_running_stats=True)
          (relu2): ReLU(inplace=True)
          (conv2): Conv2d(128, 32, kernel_size=(3, 3), stride=(1, 1), padding=(1, 1), bias=False)
        )
        (denselayer31): _DenseLayer(
          (norm1): BatchNorm2d(1856, eps=1e-05, momentum=0.1, affine=True, track_running_stats=True)
          (relu1): ReLU(inplace=True)
          (conv1): Conv2d(1856, 128, kernel_size=(1, 1), stride=(1, 1), bias=False)
          (norm2): BatchNorm2d(128, eps=1e-05, momentum=0.1, affine=True, track_running_stats=True)
          (relu2): ReLU(inplace=True)
          (conv2): Conv2d(128, 32, kernel_size=(3, 3), stride=(1, 1), padding=(1, 1), bias=False)
        )
        (denselayer32): _DenseLayer(
          (norm1): BatchNorm2d(1888, eps=1e-05, momentum=0.1, affine=True, track_running_stats=True)
          (relu1): ReLU(inplace=True)
          (conv1): Conv2d(1888, 128, kernel_size=(1, 1), stride=(1, 1), bias=False)
          (norm2): BatchNorm2d(128, eps=1e-05, momentum=0.1, affine=True, track_running_stats=True)
          (relu2): ReLU(inplace=True)
          (conv2): Conv2d(128, 32, kernel_size=(3, 3), stride=(1, 1), padding=(1, 1), bias=False)
        )
      )
      (norm5): BatchNorm2d(1920, eps=1e-05, momentum=0.1, affine=True, track_running_stats=True)
    )
    (classifier): Linear(in_features=1920, out_features=7, bias=True)
  )
)
2024-03-30 14:23:54,292 - INFO - All data has been loaded
2024-03-30 14:23:54,294 - INFO - Got hyper parametrs for current model:
2024-03-30 14:23:54,294 - INFO - batch size=32
2024-03-30 14:23:54,294 - INFO - Adam (
Parameter Group 0
    amsgrad: False
    betas: (0.9, 0.999)
    capturable: False
    differentiable: False
    eps: 1e-08
    foreach: None
    fused: None
    initial_lr: 0.0003
    lr: 0.0003
    maximize: False
    weight_decay: 3.4e-05
)
2024-03-30 14:23:54,294 - INFO - <torch.optim.lr_scheduler.CosineAnnealingLR object at 0x7fb6007b2250>
2024-03-30 14:23:54,295 - INFO - DataLoaders initialized
2024-03-30 14:23:54,295 - INFO - HyperParams initiliazed, starting training...
2024-03-30 14:27:54,653 - INFO - Epoch: 1 | Loss: 0.0445 | Validation accuracy: 57.453% | Epoch Time: 240.36 secs
2024-03-30 14:32:00,178 - INFO - Epoch: 2 | Loss: 0.0397 | Validation accuracy: 60.295% | Epoch Time: 244.67 secs
2024-03-30 14:36:08,283 - INFO - Epoch: 3 | Loss: 0.0381 | Validation accuracy: 62.469% | Epoch Time: 245.23 secs
2024-03-30 14:40:16,156 - INFO - Epoch: 4 | Loss: 0.0370 | Validation accuracy: 63.082% | Epoch Time: 245.15 secs
2024-03-30 14:46:02,100 - INFO - Epoch: 5 | Loss: 0.0360 | Training accuracy: 57.937% | Validation accuracy: 64.865% | Epoch Time: 343.39 secs
2024-03-30 14:50:11,045 - INFO - Epoch: 6 | Loss: 0.0353 | Validation accuracy: 65.478% | Epoch Time: 245.87 secs
2024-03-30 14:54:19,096 - INFO - Epoch: 7 | Loss: 0.0345 | Validation accuracy: 64.252% | Epoch Time: 245.26 secs
2024-03-30 14:58:25,693 - INFO - Epoch: 8 | Loss: 0.0337 | Validation accuracy: 66.732% | Epoch Time: 245.32 secs
2024-03-30 15:02:33,286 - INFO - Epoch: 9 | Loss: 0.0334 | Validation accuracy: 67.122% | Epoch Time: 245.13 secs
2024-03-30 15:08:21,799 - INFO - Epoch: 10 | Loss: 0.0329 | Training accuracy: 61.758% | Validation accuracy: 66.648% | Epoch Time: 344.55 secs
2024-03-30 15:12:31,849 - INFO - Epoch: 11 | Loss: 0.0324 | Validation accuracy: 65.227% | Epoch Time: 248.68 secs
2024-03-30 15:16:42,826 - INFO - Epoch: 12 | Loss: 0.0318 | Validation accuracy: 67.735% | Epoch Time: 249.50 secs
2024-03-30 15:20:54,944 - INFO - Epoch: 13 | Loss: 0.0312 | Validation accuracy: 67.540% | Epoch Time: 249.70 secs
2024-03-30 15:25:06,504 - INFO - Epoch: 14 | Loss: 0.0308 | Validation accuracy: 68.515% | Epoch Time: 249.86 secs
2024-03-30 15:31:02,274 - INFO - Epoch: 15 | Loss: 0.0304 | Training accuracy: 65.662% | Validation accuracy: 69.351% | Epoch Time: 353.14 secs
2024-03-30 15:35:19,502 - INFO - Epoch: 16 | Loss: 0.0300 | Validation accuracy: 68.794% | Epoch Time: 253.41 secs
2024-03-30 15:39:30,558 - INFO - Epoch: 17 | Loss: 0.0294 | Validation accuracy: 69.267% | Epoch Time: 249.76 secs
2024-03-30 15:43:40,142 - INFO - Epoch: 18 | Loss: 0.0287 | Validation accuracy: 67.846% | Epoch Time: 248.50 secs
2024-03-30 15:47:50,903 - INFO - Epoch: 19 | Loss: 0.0285 | Validation accuracy: 68.459% | Epoch Time: 249.00 secs
2024-03-30 15:53:43,877 - INFO - Epoch: 20 | Loss: 0.0280 | Training accuracy: 68.877% | Validation accuracy: 69.184% | Epoch Time: 351.88 secs
2024-03-30 15:57:53,086 - INFO - Epoch: 21 | Loss: 0.0274 | Validation accuracy: 69.685% | Epoch Time: 247.51 secs
2024-03-30 16:02:03,175 - INFO - Epoch: 22 | Loss: 0.0266 | Validation accuracy: 68.877% | Epoch Time: 247.64 secs
2024-03-30 16:06:12,659 - INFO - Epoch: 23 | Loss: 0.0266 | Validation accuracy: 68.849% | Epoch Time: 248.55 secs
2024-03-30 16:10:26,143 - INFO - Epoch: 24 | Loss: 0.0259 | Validation accuracy: 67.902% | Epoch Time: 252.52 secs
2024-03-30 16:16:17,843 - INFO - Epoch: 25 | Loss: 0.0255 | Training accuracy: 71.420% | Validation accuracy: 69.824% | Epoch Time: 350.36 secs
2024-03-30 16:20:28,661 - INFO - Epoch: 26 | Loss: 0.0251 | Validation accuracy: 68.598% | Epoch Time: 248.09 secs
2024-03-30 16:24:35,384 - INFO - Epoch: 27 | Loss: 0.0244 | Validation accuracy: 68.710% | Epoch Time: 245.76 secs
2024-03-30 16:28:41,472 - INFO - Epoch: 28 | Loss: 0.0238 | Validation accuracy: 70.020% | Epoch Time: 245.20 secs
2024-03-30 16:32:50,469 - INFO - Epoch: 29 | Loss: 0.0234 | Validation accuracy: 69.769% | Epoch Time: 247.13 secs
2024-03-30 16:38:47,056 - INFO - Epoch: 30 | Loss: 0.0230 | Training accuracy: 76.154% | Validation accuracy: 70.047% | Epoch Time: 355.31 secs
2024-03-30 16:42:54,667 - INFO - Epoch: 31 | Loss: 0.0224 | Validation accuracy: 69.267% | Epoch Time: 245.31 secs
2024-03-30 16:47:02,831 - INFO - Epoch: 32 | Loss: 0.0219 | Validation accuracy: 70.187% | Epoch Time: 247.03 secs
2024-03-30 16:51:11,197 - INFO - Epoch: 33 | Loss: 0.0216 | Validation accuracy: 69.908% | Epoch Time: 245.82 secs
2024-03-30 16:55:18,073 - INFO - Epoch: 34 | Loss: 0.0210 | Validation accuracy: 69.211% | Epoch Time: 245.67 secs
2024-03-30 17:01:02,273 - INFO - Epoch: 35 | Loss: 0.0207 | Training accuracy: 78.247% | Validation accuracy: 68.766% | Epoch Time: 343.00 secs
2024-03-30 17:05:09,959 - INFO - Epoch: 36 | Loss: 0.0199 | Validation accuracy: 69.156% | Epoch Time: 246.35 secs
2024-03-30 17:09:17,358 - INFO - Epoch: 37 | Loss: 0.0193 | Validation accuracy: 69.295% | Epoch Time: 246.27 secs
2024-03-30 17:13:28,466 - INFO - Epoch: 38 | Loss: 0.0191 | Validation accuracy: 70.549% | Epoch Time: 249.76 secs
2024-03-30 17:17:42,677 - INFO - Epoch: 39 | Loss: 0.0185 | Validation accuracy: 69.044% | Epoch Time: 252.12 secs
2024-03-30 17:23:26,885 - INFO - Epoch: 40 | Loss: 0.0181 | Training accuracy: 81.403% | Validation accuracy: 70.577% | Epoch Time: 343.23 secs
2024-03-30 17:27:34,391 - INFO - Epoch: 41 | Loss: 0.0178 | Validation accuracy: 70.744% | Epoch Time: 245.18 secs
2024-03-30 17:31:41,467 - INFO - Epoch: 42 | Loss: 0.0170 | Validation accuracy: 70.326% | Epoch Time: 245.00 secs
2024-03-30 17:35:47,646 - INFO - Epoch: 43 | Loss: 0.0170 | Validation accuracy: 69.490% | Epoch Time: 245.10 secs
2024-03-30 17:39:54,018 - INFO - Epoch: 44 | Loss: 0.0165 | Validation accuracy: 69.267% | Epoch Time: 245.44 secs
2024-03-30 17:45:38,393 - INFO - Epoch: 45 | Loss: 0.0163 | Training accuracy: 82.462% | Validation accuracy: 69.824% | Epoch Time: 343.31 secs
2024-03-30 17:49:45,053 - INFO - Epoch: 46 | Loss: 0.0158 | Validation accuracy: 70.437% | Epoch Time: 245.73 secs
2024-03-30 17:53:52,192 - INFO - Epoch: 47 | Loss: 0.0155 | Validation accuracy: 70.298% | Epoch Time: 246.18 secs
2024-03-30 17:57:59,479 - INFO - Epoch: 48 | Loss: 0.0153 | Validation accuracy: 69.629% | Epoch Time: 246.18 secs
2024-03-30 18:02:06,249 - INFO - Epoch: 49 | Loss: 0.0151 | Validation accuracy: 69.351% | Epoch Time: 245.45 secs
2024-03-30 18:07:49,868 - INFO - Epoch: 50 | Loss: 0.0145 | Training accuracy: 85.325% | Validation accuracy: 70.577% | Epoch Time: 342.55 secs
2024-03-30 18:11:56,119 - INFO - Epoch: 51 | Loss: 0.0141 | Validation accuracy: 70.382% | Epoch Time: 245.10 secs
2024-03-30 18:16:02,114 - INFO - Epoch: 52 | Loss: 0.0143 | Validation accuracy: 70.521% | Epoch Time: 244.86 secs
2024-03-30 18:20:08,162 - INFO - Epoch: 53 | Loss: 0.0137 | Validation accuracy: 70.354% | Epoch Time: 245.09 secs
2024-03-30 18:24:13,967 - INFO - Epoch: 54 | Loss: 0.0134 | Validation accuracy: 70.270% | Epoch Time: 244.72 secs
2024-03-30 18:29:55,974 - INFO - Epoch: 55 | Loss: 0.0134 | Training accuracy: 86.011% | Validation accuracy: 71.636% | Epoch Time: 341.05 secs
2024-03-30 18:34:02,752 - INFO - Epoch: 56 | Loss: 0.0129 | Validation accuracy: 70.382% | Epoch Time: 244.75 secs
2024-03-30 18:38:08,737 - INFO - Epoch: 57 | Loss: 0.0128 | Validation accuracy: 70.772% | Epoch Time: 244.99 secs
2024-03-30 18:42:14,660 - INFO - Epoch: 58 | Loss: 0.0124 | Validation accuracy: 70.075% | Epoch Time: 244.78 secs
2024-03-30 18:46:44,318 - INFO - Epoch: 59 | Loss: 0.0122 | Validation accuracy: 70.828% | Epoch Time: 268.60 secs
2024-03-30 18:52:27,630 - INFO - Epoch: 60 | Loss: 0.0121 | Training accuracy: 87.234% | Validation accuracy: 70.577% | Epoch Time: 342.35 secs
2024-03-30 18:56:36,481 - INFO - Epoch: 61 | Loss: 0.0116 | Validation accuracy: 70.270% | Epoch Time: 247.90 secs
2024-03-30 19:01:00,670 - INFO - Epoch: 62 | Loss: 0.0113 | Validation accuracy: 70.800% | Epoch Time: 263.13 secs
2024-03-30 19:05:07,964 - INFO - Epoch: 63 | Loss: 0.0113 | Validation accuracy: 71.078% | Epoch Time: 246.13 secs
2024-03-30 19:09:15,224 - INFO - Epoch: 64 | Loss: 0.0110 | Validation accuracy: 71.050% | Epoch Time: 246.22 secs
2024-03-30 19:14:58,253 - INFO - Epoch: 65 | Loss: 0.0107 | Training accuracy: 88.554% | Validation accuracy: 70.577% | Epoch Time: 342.10 secs
2024-03-30 19:19:04,383 - INFO - Epoch: 66 | Loss: 0.0107 | Validation accuracy: 71.608% | Epoch Time: 245.20 secs
2024-03-30 19:23:10,362 - INFO - Epoch: 67 | Loss: 0.0101 | Validation accuracy: 71.162% | Epoch Time: 245.04 secs
2024-03-30 19:27:16,750 - INFO - Epoch: 68 | Loss: 0.0104 | Validation accuracy: 71.050% | Epoch Time: 245.45 secs
2024-03-30 19:31:23,250 - INFO - Epoch: 69 | Loss: 0.0100 | Validation accuracy: 70.437% | Epoch Time: 245.05 secs
2024-03-30 19:37:06,621 - INFO - Epoch: 70 | Loss: 0.0099 | Training accuracy: 89.442% | Validation accuracy: 71.162% | Epoch Time: 342.20 secs
2024-03-30 19:41:12,860 - INFO - Epoch: 71 | Loss: 0.0100 | Validation accuracy: 70.911% | Epoch Time: 245.31 secs
2024-03-30 19:45:19,994 - INFO - Epoch: 72 | Loss: 0.0096 | Validation accuracy: 70.800% | Epoch Time: 245.89 secs
2024-03-30 19:49:26,255 - INFO - Epoch: 73 | Loss: 0.0095 | Validation accuracy: 70.660% | Epoch Time: 245.05 secs
2024-03-30 19:53:33,112 - INFO - Epoch: 74 | Loss: 0.0094 | Validation accuracy: 70.354% | Epoch Time: 245.68 secs
2024-03-30 19:59:16,359 - INFO - Epoch: 75 | Loss: 0.0092 | Training accuracy: 90.247% | Validation accuracy: 71.496% | Epoch Time: 342.34 secs
2024-03-30 20:03:22,614 - INFO - Epoch: 76 | Loss: 0.0090 | Validation accuracy: 71.329% | Epoch Time: 245.32 secs
2024-03-30 20:07:29,766 - INFO - Epoch: 77 | Loss: 0.0086 | Validation accuracy: 70.967% | Epoch Time: 245.81 secs
2024-03-30 20:11:36,732 - INFO - Epoch: 78 | Loss: 0.0087 | Validation accuracy: 71.357% | Epoch Time: 245.63 secs
2024-03-30 20:15:43,421 - INFO - Epoch: 79 | Loss: 0.0085 | Validation accuracy: 71.106% | Epoch Time: 245.44 secs
2024-03-30 20:21:27,186 - INFO - Epoch: 80 | Loss: 0.0083 | Training accuracy: 90.947% | Validation accuracy: 71.050% | Epoch Time: 342.65 secs
2024-03-30 20:25:34,093 - INFO - Epoch: 81 | Loss: 0.0084 | Validation accuracy: 70.688% | Epoch Time: 245.34 secs
2024-03-30 20:29:40,261 - INFO - Epoch: 82 | Loss: 0.0082 | Validation accuracy: 70.465% | Epoch Time: 245.12 secs
2024-03-30 20:33:45,746 - INFO - Epoch: 83 | Loss: 0.0082 | Validation accuracy: 70.605% | Epoch Time: 244.53 secs
2024-03-30 20:37:51,797 - INFO - Epoch: 84 | Loss: 0.0078 | Validation accuracy: 71.134% | Epoch Time: 245.08 secs
2024-03-30 20:43:35,468 - INFO - Epoch: 85 | Loss: 0.0078 | Training accuracy: 91.595% | Validation accuracy: 71.441% | Epoch Time: 342.73 secs
2024-03-30 20:47:42,294 - INFO - Epoch: 86 | Loss: 0.0078 | Validation accuracy: 71.580% | Epoch Time: 245.29 secs
2024-03-30 20:51:48,512 - INFO - Epoch: 87 | Loss: 0.0078 | Validation accuracy: 71.245% | Epoch Time: 245.30 secs
2024-03-30 20:55:54,291 - INFO - Epoch: 88 | Loss: 0.0078 | Validation accuracy: 71.524% | Epoch Time: 244.84 secs
2024-03-30 21:00:00,655 - INFO - Epoch: 89 | Loss: 0.0079 | Validation accuracy: 71.468% | Epoch Time: 245.35 secs
2024-03-30 21:05:44,369 - INFO - Epoch: 90 | Loss: 0.0078 | Training accuracy: 91.828% | Validation accuracy: 71.747% | Epoch Time: 342.77 secs
2024-03-30 21:09:52,495 - INFO - Epoch: 91 | Loss: 0.0076 | Validation accuracy: 71.775% | Epoch Time: 244.55 secs
2024-03-30 21:13:59,754 - INFO - Epoch: 92 | Loss: 0.0076 | Validation accuracy: 71.385% | Epoch Time: 245.15 secs
2024-03-30 21:18:06,148 - INFO - Epoch: 93 | Loss: 0.0075 | Validation accuracy: 71.608% | Epoch Time: 245.34 secs
2024-03-30 21:22:12,173 - INFO - Epoch: 94 | Loss: 0.0076 | Validation accuracy: 71.496% | Epoch Time: 245.09 secs
2024-03-30 21:27:57,097 - INFO - Epoch: 95 | Loss: 0.0074 | Training accuracy: 92.003% | Validation accuracy: 71.329% | Epoch Time: 344.03 secs
2024-03-30 21:32:04,042 - INFO - Epoch: 96 | Loss: 0.0075 | Validation accuracy: 72.026% | Epoch Time: 245.83 secs
2024-03-30 21:36:11,324 - INFO - Epoch: 97 | Loss: 0.0074 | Validation accuracy: 71.357% | Epoch Time: 245.32 secs
2024-03-30 21:40:16,984 - INFO - Epoch: 98 | Loss: 0.0073 | Validation accuracy: 71.719% | Epoch Time: 244.74 secs
2024-03-30 21:44:23,223 - INFO - Epoch: 99 | Loss: 0.0073 | Validation accuracy: 71.441% | Epoch Time: 245.10 secs
2024-03-30 21:50:07,219 - INFO - Epoch: 100 | Loss: 0.0076 | Training accuracy: 91.926% | Validation accuracy: 71.301% | Epoch Time: 342.97 secs
2024-03-30 21:50:08,607 - INFO - Train Ended!
2024-03-30 21:50:08,607 - INFO - Saving train statistics
2024-03-30 21:50:08,791 - INFO - Save statistics done!
