2024-04-02 08:05:02,115 - INFO - Args parsed succesfully
2024-04-02 08:05:02,115 - INFO - Params: Namespace(emotion_transform_prob=0.0, epochs=100, exp_name='BYOL_MORE_EPOCHS', fine_tune=True, load_byol=True, net_name='resnet18', use_expanded_dataset=False)
2024-04-02 08:05:02,628 - INFO - BYOL Model was loaded successfully and sent to cuda:0
2024-04-02 08:05:02,629 - INFO - BYOL_Fine_Tune(
  (backbone): Sequential(
    (0): Conv2d(3, 64, kernel_size=(7, 7), stride=(2, 2), padding=(3, 3), bias=False)
    (1): BatchNorm2d(64, eps=1e-05, momentum=0.1, affine=True, track_running_stats=True)
    (2): ReLU(inplace=True)
    (3): MaxPool2d(kernel_size=3, stride=2, padding=1, dilation=1, ceil_mode=False)
    (4): Sequential(
      (0): BasicBlock(
        (conv1): Conv2d(64, 64, kernel_size=(3, 3), stride=(1, 1), padding=(1, 1), bias=False)
        (bn1): BatchNorm2d(64, eps=1e-05, momentum=0.1, affine=True, track_running_stats=True)
        (relu): ReLU(inplace=True)
        (conv2): Conv2d(64, 64, kernel_size=(3, 3), stride=(1, 1), padding=(1, 1), bias=False)
        (bn2): BatchNorm2d(64, eps=1e-05, momentum=0.1, affine=True, track_running_stats=True)
      )
      (1): BasicBlock(
        (conv1): Conv2d(64, 64, kernel_size=(3, 3), stride=(1, 1), padding=(1, 1), bias=False)
        (bn1): BatchNorm2d(64, eps=1e-05, momentum=0.1, affine=True, track_running_stats=True)
        (relu): ReLU(inplace=True)
        (conv2): Conv2d(64, 64, kernel_size=(3, 3), stride=(1, 1), padding=(1, 1), bias=False)
        (bn2): BatchNorm2d(64, eps=1e-05, momentum=0.1, affine=True, track_running_stats=True)
      )
    )
    (5): Sequential(
      (0): BasicBlock(
        (conv1): Conv2d(64, 128, kernel_size=(3, 3), stride=(2, 2), padding=(1, 1), bias=False)
        (bn1): BatchNorm2d(128, eps=1e-05, momentum=0.1, affine=True, track_running_stats=True)
        (relu): ReLU(inplace=True)
        (conv2): Conv2d(128, 128, kernel_size=(3, 3), stride=(1, 1), padding=(1, 1), bias=False)
        (bn2): BatchNorm2d(128, eps=1e-05, momentum=0.1, affine=True, track_running_stats=True)
        (downsample): Sequential(
          (0): Conv2d(64, 128, kernel_size=(1, 1), stride=(2, 2), bias=False)
          (1): BatchNorm2d(128, eps=1e-05, momentum=0.1, affine=True, track_running_stats=True)
        )
      )
      (1): BasicBlock(
        (conv1): Conv2d(128, 128, kernel_size=(3, 3), stride=(1, 1), padding=(1, 1), bias=False)
        (bn1): BatchNorm2d(128, eps=1e-05, momentum=0.1, affine=True, track_running_stats=True)
        (relu): ReLU(inplace=True)
        (conv2): Conv2d(128, 128, kernel_size=(3, 3), stride=(1, 1), padding=(1, 1), bias=False)
        (bn2): BatchNorm2d(128, eps=1e-05, momentum=0.1, affine=True, track_running_stats=True)
      )
    )
    (6): Sequential(
      (0): BasicBlock(
        (conv1): Conv2d(128, 256, kernel_size=(3, 3), stride=(2, 2), padding=(1, 1), bias=False)
        (bn1): BatchNorm2d(256, eps=1e-05, momentum=0.1, affine=True, track_running_stats=True)
        (relu): ReLU(inplace=True)
        (conv2): Conv2d(256, 256, kernel_size=(3, 3), stride=(1, 1), padding=(1, 1), bias=False)
        (bn2): BatchNorm2d(256, eps=1e-05, momentum=0.1, affine=True, track_running_stats=True)
        (downsample): Sequential(
          (0): Conv2d(128, 256, kernel_size=(1, 1), stride=(2, 2), bias=False)
          (1): BatchNorm2d(256, eps=1e-05, momentum=0.1, affine=True, track_running_stats=True)
        )
      )
      (1): BasicBlock(
        (conv1): Conv2d(256, 256, kernel_size=(3, 3), stride=(1, 1), padding=(1, 1), bias=False)
        (bn1): BatchNorm2d(256, eps=1e-05, momentum=0.1, affine=True, track_running_stats=True)
        (relu): ReLU(inplace=True)
        (conv2): Conv2d(256, 256, kernel_size=(3, 3), stride=(1, 1), padding=(1, 1), bias=False)
        (bn2): BatchNorm2d(256, eps=1e-05, momentum=0.1, affine=True, track_running_stats=True)
      )
    )
    (7): Sequential(
      (0): BasicBlock(
        (conv1): Conv2d(256, 512, kernel_size=(3, 3), stride=(2, 2), padding=(1, 1), bias=False)
        (bn1): BatchNorm2d(512, eps=1e-05, momentum=0.1, affine=True, track_running_stats=True)
        (relu): ReLU(inplace=True)
        (conv2): Conv2d(512, 512, kernel_size=(3, 3), stride=(1, 1), padding=(1, 1), bias=False)
        (bn2): BatchNorm2d(512, eps=1e-05, momentum=0.1, affine=True, track_running_stats=True)
        (downsample): Sequential(
          (0): Conv2d(256, 512, kernel_size=(1, 1), stride=(2, 2), bias=False)
          (1): BatchNorm2d(512, eps=1e-05, momentum=0.1, affine=True, track_running_stats=True)
        )
      )
      (1): BasicBlock(
        (conv1): Conv2d(512, 512, kernel_size=(3, 3), stride=(1, 1), padding=(1, 1), bias=False)
        (bn1): BatchNorm2d(512, eps=1e-05, momentum=0.1, affine=True, track_running_stats=True)
        (relu): ReLU(inplace=True)
        (conv2): Conv2d(512, 512, kernel_size=(3, 3), stride=(1, 1), padding=(1, 1), bias=False)
        (bn2): BatchNorm2d(512, eps=1e-05, momentum=0.1, affine=True, track_running_stats=True)
      )
    )
    (8): AdaptiveAvgPool2d(output_size=(1, 1))
  )
  (classifier): Sequential(
    (0): Linear(in_features=512, out_features=128, bias=True)
    (1): ReLU(inplace=True)
    (2): Linear(in_features=128, out_features=7, bias=True)
  )
)
2024-04-02 08:05:04,236 - INFO - All data has been loaded
2024-04-02 08:05:04,237 - INFO - Got hyper parametrs for current model:
2024-04-02 08:05:04,237 - INFO - batch size=128
2024-04-02 08:05:04,237 - INFO - Adam (
Parameter Group 0
    amsgrad: False
    betas: (0.9, 0.999)
    capturable: False
    differentiable: False
    eps: 1e-08
    foreach: None
    fused: None
    initial_lr: 0.0002
    lr: 0.0002
    maximize: False
    weight_decay: 2e-05
)
2024-04-02 08:05:04,237 - INFO - <torch.optim.lr_scheduler.CosineAnnealingLR object at 0x7f0ae082ad00>
2024-04-02 08:05:04,237 - INFO - DataLoaders initialized
2024-04-02 08:05:04,237 - INFO - HyperParams initiliazed, starting training...
2024-04-02 08:06:16,684 - INFO - Epoch: 1 | Loss: 0.0132 | Validation accuracy: 44.497% | Epoch Time: 72.45 secs
2024-04-02 08:07:30,206 - INFO - Epoch: 2 | Loss: 0.0111 | Validation accuracy: 53.859% | Epoch Time: 73.23 secs
2024-04-02 08:08:47,019 - INFO - Epoch: 3 | Loss: 0.0104 | Validation accuracy: 55.391% | Epoch Time: 75.93 secs
2024-04-02 08:10:05,707 - INFO - Epoch: 4 | Loss: 0.0099 | Validation accuracy: 58.596% | Epoch Time: 77.81 secs
2024-04-02 08:12:23,397 - INFO - Epoch: 5 | Loss: 0.0096 | Training accuracy: 53.767% | Validation accuracy: 60.518% | Epoch Time: 136.58 secs
2024-04-02 08:13:48,981 - INFO - Epoch: 6 | Loss: 0.0095 | Validation accuracy: 60.630% | Epoch Time: 83.68 secs
2024-04-02 08:15:12,175 - INFO - Epoch: 7 | Loss: 0.0092 | Validation accuracy: 61.354% | Epoch Time: 82.10 secs
2024-04-02 08:16:34,516 - INFO - Epoch: 8 | Loss: 0.0091 | Validation accuracy: 62.859% | Epoch Time: 81.28 secs
2024-04-02 08:17:58,029 - INFO - Epoch: 9 | Loss: 0.0090 | Validation accuracy: 61.466% | Epoch Time: 82.21 secs
2024-04-02 08:20:14,615 - INFO - Epoch: 10 | Loss: 0.0089 | Training accuracy: 55.185% | Validation accuracy: 62.497% | Epoch Time: 135.95 secs
2024-04-02 08:21:34,941 - INFO - Epoch: 11 | Loss: 0.0087 | Validation accuracy: 64.168% | Epoch Time: 79.87 secs
2024-04-02 08:22:55,400 - INFO - Epoch: 12 | Loss: 0.0086 | Validation accuracy: 62.301% | Epoch Time: 79.55 secs
2024-04-02 08:24:15,835 - INFO - Epoch: 13 | Loss: 0.0086 | Validation accuracy: 64.419% | Epoch Time: 79.80 secs
2024-04-02 08:25:36,801 - INFO - Epoch: 14 | Loss: 0.0085 | Validation accuracy: 65.422% | Epoch Time: 79.88 secs
2024-04-02 08:27:52,211 - INFO - Epoch: 15 | Loss: 0.0084 | Training accuracy: 59.716% | Validation accuracy: 65.366% | Epoch Time: 134.57 secs
2024-04-02 08:29:12,618 - INFO - Epoch: 16 | Loss: 0.0084 | Validation accuracy: 63.834% | Epoch Time: 79.77 secs
2024-04-02 08:30:32,224 - INFO - Epoch: 17 | Loss: 0.0083 | Validation accuracy: 64.419% | Epoch Time: 78.97 secs
2024-04-02 08:31:50,660 - INFO - Epoch: 18 | Loss: 0.0082 | Validation accuracy: 65.004% | Epoch Time: 77.99 secs
2024-04-02 08:33:09,450 - INFO - Epoch: 19 | Loss: 0.0081 | Validation accuracy: 66.119% | Epoch Time: 78.15 secs
2024-04-02 08:35:24,425 - INFO - Epoch: 20 | Loss: 0.0081 | Training accuracy: 60.977% | Validation accuracy: 66.035% | Epoch Time: 133.67 secs
2024-04-02 08:36:42,367 - INFO - Epoch: 21 | Loss: 0.0080 | Validation accuracy: 66.342% | Epoch Time: 77.50 secs
2024-04-02 08:38:01,712 - INFO - Epoch: 22 | Loss: 0.0080 | Validation accuracy: 66.676% | Epoch Time: 78.39 secs
2024-04-02 08:39:21,094 - INFO - Epoch: 23 | Loss: 0.0079 | Validation accuracy: 66.481% | Epoch Time: 78.49 secs
2024-04-02 08:40:38,112 - INFO - Epoch: 24 | Loss: 0.0078 | Validation accuracy: 66.676% | Epoch Time: 76.58 secs
2024-04-02 08:42:51,070 - INFO - Epoch: 25 | Loss: 0.0078 | Training accuracy: 62.493% | Validation accuracy: 66.481% | Epoch Time: 132.54 secs
2024-04-02 08:44:08,998 - INFO - Epoch: 26 | Loss: 0.0077 | Validation accuracy: 67.512% | Epoch Time: 77.50 secs
2024-04-02 08:45:26,472 - INFO - Epoch: 27 | Loss: 0.0077 | Validation accuracy: 68.654% | Epoch Time: 76.45 secs
2024-04-02 08:46:45,700 - INFO - Epoch: 28 | Loss: 0.0076 | Validation accuracy: 67.540% | Epoch Time: 78.17 secs
2024-04-02 08:48:01,438 - INFO - Epoch: 29 | Loss: 0.0076 | Validation accuracy: 66.732% | Epoch Time: 75.31 secs
2024-04-02 08:50:14,563 - INFO - Epoch: 30 | Loss: 0.0075 | Training accuracy: 63.900% | Validation accuracy: 67.345% | Epoch Time: 132.70 secs
2024-04-02 08:51:33,644 - INFO - Epoch: 31 | Loss: 0.0075 | Validation accuracy: 66.815% | Epoch Time: 78.64 secs
2024-04-02 08:52:52,754 - INFO - Epoch: 32 | Loss: 0.0074 | Validation accuracy: 67.094% | Epoch Time: 78.28 secs
2024-04-02 08:54:11,488 - INFO - Epoch: 33 | Loss: 0.0074 | Validation accuracy: 68.403% | Epoch Time: 78.30 secs
2024-04-02 08:55:29,993 - INFO - Epoch: 34 | Loss: 0.0073 | Validation accuracy: 67.846% | Epoch Time: 78.07 secs
2024-04-02 08:57:44,477 - INFO - Epoch: 35 | Loss: 0.0073 | Training accuracy: 65.718% | Validation accuracy: 68.989% | Epoch Time: 134.05 secs
2024-04-02 08:59:03,693 - INFO - Epoch: 36 | Loss: 0.0073 | Validation accuracy: 67.958% | Epoch Time: 78.09 secs
2024-04-02 09:00:22,868 - INFO - Epoch: 37 | Loss: 0.0072 | Validation accuracy: 68.208% | Epoch Time: 78.73 secs
2024-04-02 09:01:42,104 - INFO - Epoch: 38 | Loss: 0.0072 | Validation accuracy: 68.013% | Epoch Time: 78.78 secs
2024-04-02 09:02:59,604 - INFO - Epoch: 39 | Loss: 0.0071 | Validation accuracy: 68.125% | Epoch Time: 76.88 secs
2024-04-02 09:05:12,770 - INFO - Epoch: 40 | Loss: 0.0071 | Training accuracy: 66.711% | Validation accuracy: 68.626% | Epoch Time: 132.55 secs
2024-04-02 09:06:31,362 - INFO - Epoch: 41 | Loss: 0.0070 | Validation accuracy: 68.626% | Epoch Time: 78.16 secs
2024-04-02 09:07:50,036 - INFO - Epoch: 42 | Loss: 0.0070 | Validation accuracy: 68.069% | Epoch Time: 78.05 secs
2024-04-02 09:09:09,160 - INFO - Epoch: 43 | Loss: 0.0070 | Validation accuracy: 68.682% | Epoch Time: 78.71 secs
2024-04-02 09:10:28,518 - INFO - Epoch: 44 | Loss: 0.0069 | Validation accuracy: 68.515% | Epoch Time: 78.72 secs
2024-04-02 09:12:41,343 - INFO - Epoch: 45 | Loss: 0.0069 | Training accuracy: 67.157% | Validation accuracy: 68.041% | Epoch Time: 132.39 secs
2024-04-02 09:14:00,202 - INFO - Epoch: 46 | Loss: 0.0068 | Validation accuracy: 68.348% | Epoch Time: 78.43 secs
2024-04-02 09:15:18,133 - INFO - Epoch: 47 | Loss: 0.0068 | Validation accuracy: 68.598% | Epoch Time: 77.50 secs
2024-04-02 09:16:36,743 - INFO - Epoch: 48 | Loss: 0.0068 | Validation accuracy: 69.323% | Epoch Time: 78.18 secs
2024-04-02 09:17:56,919 - INFO - Epoch: 49 | Loss: 0.0067 | Validation accuracy: 69.211% | Epoch Time: 79.23 secs
2024-04-02 09:20:07,474 - INFO - Epoch: 50 | Loss: 0.0066 | Training accuracy: 68.905% | Validation accuracy: 69.629% | Epoch Time: 130.12 secs
2024-04-02 09:21:26,960 - INFO - Epoch: 51 | Loss: 0.0066 | Validation accuracy: 68.682% | Epoch Time: 78.37 secs
2024-04-02 09:22:46,842 - INFO - Epoch: 52 | Loss: 0.0066 | Validation accuracy: 68.766% | Epoch Time: 79.26 secs
2024-04-02 09:24:06,330 - INFO - Epoch: 53 | Loss: 0.0065 | Validation accuracy: 68.181% | Epoch Time: 79.07 secs
2024-04-02 09:25:24,528 - INFO - Epoch: 54 | Loss: 0.0065 | Validation accuracy: 69.351% | Epoch Time: 77.78 secs
2024-04-02 09:27:39,175 - INFO - Epoch: 55 | Loss: 0.0064 | Training accuracy: 69.762% | Validation accuracy: 68.766% | Epoch Time: 134.22 secs
2024-04-02 09:28:58,568 - INFO - Epoch: 56 | Loss: 0.0064 | Validation accuracy: 68.710% | Epoch Time: 78.71 secs
2024-04-02 09:30:17,925 - INFO - Epoch: 57 | Loss: 0.0064 | Validation accuracy: 68.654% | Epoch Time: 78.93 secs
2024-04-02 09:31:40,928 - INFO - Epoch: 58 | Loss: 0.0063 | Validation accuracy: 68.682% | Epoch Time: 82.59 secs
2024-04-02 09:33:01,597 - INFO - Epoch: 59 | Loss: 0.0063 | Validation accuracy: 69.323% | Epoch Time: 80.03 secs
2024-04-02 09:35:17,108 - INFO - Epoch: 60 | Loss: 0.0063 | Training accuracy: 70.448% | Validation accuracy: 69.156% | Epoch Time: 134.90 secs
2024-04-02 09:36:37,137 - INFO - Epoch: 61 | Loss: 0.0062 | Validation accuracy: 69.908% | Epoch Time: 79.57 secs
2024-04-02 09:37:56,516 - INFO - Epoch: 62 | Loss: 0.0062 | Validation accuracy: 69.379% | Epoch Time: 78.49 secs
2024-04-02 09:39:16,610 - INFO - Epoch: 63 | Loss: 0.0062 | Validation accuracy: 69.184% | Epoch Time: 79.68 secs
2024-04-02 09:40:35,063 - INFO - Epoch: 64 | Loss: 0.0061 | Validation accuracy: 69.713% | Epoch Time: 78.00 secs
2024-04-02 09:42:53,303 - INFO - Epoch: 65 | Loss: 0.0061 | Training accuracy: 71.368% | Validation accuracy: 70.159% | Epoch Time: 137.74 secs
2024-04-02 09:44:13,040 - INFO - Epoch: 66 | Loss: 0.0061 | Validation accuracy: 69.100% | Epoch Time: 78.82 secs
2024-04-02 09:45:31,277 - INFO - Epoch: 67 | Loss: 0.0060 | Validation accuracy: 69.128% | Epoch Time: 77.79 secs
2024-04-02 09:46:50,950 - INFO - Epoch: 68 | Loss: 0.0060 | Validation accuracy: 69.072% | Epoch Time: 79.21 secs
2024-04-02 09:48:09,004 - INFO - Epoch: 69 | Loss: 0.0060 | Validation accuracy: 69.574% | Epoch Time: 77.60 secs
2024-04-02 09:50:19,686 - INFO - Epoch: 70 | Loss: 0.0060 | Training accuracy: 72.033% | Validation accuracy: 69.685% | Epoch Time: 130.24 secs
2024-04-02 09:51:37,620 - INFO - Epoch: 71 | Loss: 0.0060 | Validation accuracy: 69.351% | Epoch Time: 77.48 secs
2024-04-02 09:52:55,720 - INFO - Epoch: 72 | Loss: 0.0059 | Validation accuracy: 69.434% | Epoch Time: 77.44 secs
2024-04-02 09:54:15,925 - INFO - Epoch: 73 | Loss: 0.0058 | Validation accuracy: 69.797% | Epoch Time: 79.56 secs
2024-04-02 09:55:34,576 - INFO - Epoch: 74 | Loss: 0.0058 | Validation accuracy: 69.964% | Epoch Time: 78.20 secs
2024-04-02 09:57:49,609 - INFO - Epoch: 75 | Loss: 0.0059 | Training accuracy: 72.625% | Validation accuracy: 69.184% | Epoch Time: 134.58 secs
2024-04-02 09:59:08,955 - INFO - Epoch: 76 | Loss: 0.0058 | Validation accuracy: 69.602% | Epoch Time: 78.88 secs
2024-04-02 10:00:27,954 - INFO - Epoch: 77 | Loss: 0.0058 | Validation accuracy: 69.936% | Epoch Time: 78.57 secs
2024-04-02 10:01:46,687 - INFO - Epoch: 78 | Loss: 0.0057 | Validation accuracy: 70.131% | Epoch Time: 78.27 secs
2024-04-02 10:03:05,466 - INFO - Epoch: 79 | Loss: 0.0057 | Validation accuracy: 69.797% | Epoch Time: 78.33 secs
2024-04-02 10:05:19,021 - INFO - Epoch: 80 | Loss: 0.0057 | Training accuracy: 73.176% | Validation accuracy: 68.933% | Epoch Time: 133.11 secs
2024-04-02 10:06:39,180 - INFO - Epoch: 81 | Loss: 0.0057 | Validation accuracy: 69.462% | Epoch Time: 79.70 secs
2024-04-02 10:07:58,819 - INFO - Epoch: 82 | Loss: 0.0057 | Validation accuracy: 69.852% | Epoch Time: 79.19 secs
2024-04-02 10:09:18,192 - INFO - Epoch: 83 | Loss: 0.0057 | Validation accuracy: 69.267% | Epoch Time: 78.93 secs
2024-04-02 10:10:36,290 - INFO - Epoch: 84 | Loss: 0.0056 | Validation accuracy: 69.713% | Epoch Time: 77.66 secs
2024-04-02 10:12:50,607 - INFO - Epoch: 85 | Loss: 0.0057 | Training accuracy: 73.604% | Validation accuracy: 69.490% | Epoch Time: 133.88 secs
2024-04-02 10:14:10,016 - INFO - Epoch: 86 | Loss: 0.0056 | Validation accuracy: 69.407% | Epoch Time: 78.57 secs
2024-04-02 10:15:29,811 - INFO - Epoch: 87 | Loss: 0.0056 | Validation accuracy: 69.490% | Epoch Time: 79.15 secs
2024-04-02 10:16:49,645 - INFO - Epoch: 88 | Loss: 0.0056 | Validation accuracy: 69.685% | Epoch Time: 79.41 secs
2024-04-02 10:18:09,620 - INFO - Epoch: 89 | Loss: 0.0056 | Validation accuracy: 69.992% | Epoch Time: 79.54 secs
2024-04-02 10:20:23,618 - INFO - Epoch: 90 | Loss: 0.0056 | Training accuracy: 74.287% | Validation accuracy: 69.741% | Epoch Time: 133.56 secs
2024-04-02 10:21:44,325 - INFO - Epoch: 91 | Loss: 0.0056 | Validation accuracy: 69.629% | Epoch Time: 80.24 secs
2024-04-02 10:23:06,118 - INFO - Epoch: 92 | Loss: 0.0056 | Validation accuracy: 70.103% | Epoch Time: 81.16 secs
2024-04-02 10:24:30,297 - INFO - Epoch: 93 | Loss: 0.0056 | Validation accuracy: 69.713% | Epoch Time: 83.52 secs
2024-04-02 10:25:53,836 - INFO - Epoch: 94 | Loss: 0.0055 | Validation accuracy: 69.797% | Epoch Time: 83.10 secs
2024-04-02 10:28:14,438 - INFO - Epoch: 95 | Loss: 0.0056 | Training accuracy: 73.980% | Validation accuracy: 69.602% | Epoch Time: 139.96 secs
2024-04-02 10:29:36,350 - INFO - Epoch: 96 | Loss: 0.0055 | Validation accuracy: 69.713% | Epoch Time: 81.26 secs
2024-04-02 10:30:58,017 - INFO - Epoch: 97 | Loss: 0.0056 | Validation accuracy: 69.546% | Epoch Time: 81.22 secs
2024-04-02 10:32:21,105 - INFO - Epoch: 98 | Loss: 0.0056 | Validation accuracy: 69.797% | Epoch Time: 82.64 secs
2024-04-02 10:33:40,596 - INFO - Epoch: 99 | Loss: 0.0055 | Validation accuracy: 69.518% | Epoch Time: 79.05 secs
2024-04-02 10:35:56,836 - INFO - Epoch: 100 | Loss: 0.0055 | Training accuracy: 74.137% | Validation accuracy: 69.657% | Epoch Time: 135.57 secs
2024-04-02 10:35:57,418 - INFO - Train Ended!
2024-04-02 10:35:57,419 - INFO - Saving train statistics
2024-04-02 10:35:57,593 - INFO - Save statistics done!
