2024-03-29 17:20:15,121 - INFO - Args parsed succesfully
2024-03-29 17:20:15,121 - INFO - Params: Namespace(emotion_transform_prob=0.8, epochs=100, exp_name='Augmented_New_Transforms_No_Normalization', fine_tune=True, load_byol=False, net_name='resnet18', use_expanded_dataset=False)
2024-03-29 17:20:15,441 - INFO - Model was initialized and sent to cuda:0
2024-03-29 17:20:15,442 - INFO - EmotionNet(
  (nn_model): ResNet(
    (conv1): Conv2d(3, 64, kernel_size=(7, 7), stride=(2, 2), padding=(3, 3), bias=False)
    (bn1): BatchNorm2d(64, eps=1e-05, momentum=0.1, affine=True, track_running_stats=True)
    (relu): ReLU(inplace=True)
    (maxpool): MaxPool2d(kernel_size=3, stride=2, padding=1, dilation=1, ceil_mode=False)
    (layer1): Sequential(
      (0): BasicBlock(
        (conv1): Conv2d(64, 64, kernel_size=(3, 3), stride=(1, 1), padding=(1, 1), bias=False)
        (bn1): BatchNorm2d(64, eps=1e-05, momentum=0.1, affine=True, track_running_stats=True)
        (relu): ReLU(inplace=True)
        (conv2): Conv2d(64, 64, kernel_size=(3, 3), stride=(1, 1), padding=(1, 1), bias=False)
        (bn2): BatchNorm2d(64, eps=1e-05, momentum=0.1, affine=True, track_running_stats=True)
      )
      (1): BasicBlock(
        (conv1): Conv2d(64, 64, kernel_size=(3, 3), stride=(1, 1), padding=(1, 1), bias=False)
        (bn1): BatchNorm2d(64, eps=1e-05, momentum=0.1, affine=True, track_running_stats=True)
        (relu): ReLU(inplace=True)
        (conv2): Conv2d(64, 64, kernel_size=(3, 3), stride=(1, 1), padding=(1, 1), bias=False)
        (bn2): BatchNorm2d(64, eps=1e-05, momentum=0.1, affine=True, track_running_stats=True)
      )
    )
    (layer2): Sequential(
      (0): BasicBlock(
        (conv1): Conv2d(64, 128, kernel_size=(3, 3), stride=(2, 2), padding=(1, 1), bias=False)
        (bn1): BatchNorm2d(128, eps=1e-05, momentum=0.1, affine=True, track_running_stats=True)
        (relu): ReLU(inplace=True)
        (conv2): Conv2d(128, 128, kernel_size=(3, 3), stride=(1, 1), padding=(1, 1), bias=False)
        (bn2): BatchNorm2d(128, eps=1e-05, momentum=0.1, affine=True, track_running_stats=True)
        (downsample): Sequential(
          (0): Conv2d(64, 128, kernel_size=(1, 1), stride=(2, 2), bias=False)
          (1): BatchNorm2d(128, eps=1e-05, momentum=0.1, affine=True, track_running_stats=True)
        )
      )
      (1): BasicBlock(
        (conv1): Conv2d(128, 128, kernel_size=(3, 3), stride=(1, 1), padding=(1, 1), bias=False)
        (bn1): BatchNorm2d(128, eps=1e-05, momentum=0.1, affine=True, track_running_stats=True)
        (relu): ReLU(inplace=True)
        (conv2): Conv2d(128, 128, kernel_size=(3, 3), stride=(1, 1), padding=(1, 1), bias=False)
        (bn2): BatchNorm2d(128, eps=1e-05, momentum=0.1, affine=True, track_running_stats=True)
      )
    )
    (layer3): Sequential(
      (0): BasicBlock(
        (conv1): Conv2d(128, 256, kernel_size=(3, 3), stride=(2, 2), padding=(1, 1), bias=False)
        (bn1): BatchNorm2d(256, eps=1e-05, momentum=0.1, affine=True, track_running_stats=True)
        (relu): ReLU(inplace=True)
        (conv2): Conv2d(256, 256, kernel_size=(3, 3), stride=(1, 1), padding=(1, 1), bias=False)
        (bn2): BatchNorm2d(256, eps=1e-05, momentum=0.1, affine=True, track_running_stats=True)
        (downsample): Sequential(
          (0): Conv2d(128, 256, kernel_size=(1, 1), stride=(2, 2), bias=False)
          (1): BatchNorm2d(256, eps=1e-05, momentum=0.1, affine=True, track_running_stats=True)
        )
      )
      (1): BasicBlock(
        (conv1): Conv2d(256, 256, kernel_size=(3, 3), stride=(1, 1), padding=(1, 1), bias=False)
        (bn1): BatchNorm2d(256, eps=1e-05, momentum=0.1, affine=True, track_running_stats=True)
        (relu): ReLU(inplace=True)
        (conv2): Conv2d(256, 256, kernel_size=(3, 3), stride=(1, 1), padding=(1, 1), bias=False)
        (bn2): BatchNorm2d(256, eps=1e-05, momentum=0.1, affine=True, track_running_stats=True)
      )
    )
    (layer4): Sequential(
      (0): BasicBlock(
        (conv1): Conv2d(256, 512, kernel_size=(3, 3), stride=(2, 2), padding=(1, 1), bias=False)
        (bn1): BatchNorm2d(512, eps=1e-05, momentum=0.1, affine=True, track_running_stats=True)
        (relu): ReLU(inplace=True)
        (conv2): Conv2d(512, 512, kernel_size=(3, 3), stride=(1, 1), padding=(1, 1), bias=False)
        (bn2): BatchNorm2d(512, eps=1e-05, momentum=0.1, affine=True, track_running_stats=True)
        (downsample): Sequential(
          (0): Conv2d(256, 512, kernel_size=(1, 1), stride=(2, 2), bias=False)
          (1): BatchNorm2d(512, eps=1e-05, momentum=0.1, affine=True, track_running_stats=True)
        )
      )
      (1): BasicBlock(
        (conv1): Conv2d(512, 512, kernel_size=(3, 3), stride=(1, 1), padding=(1, 1), bias=False)
        (bn1): BatchNorm2d(512, eps=1e-05, momentum=0.1, affine=True, track_running_stats=True)
        (relu): ReLU(inplace=True)
        (conv2): Conv2d(512, 512, kernel_size=(3, 3), stride=(1, 1), padding=(1, 1), bias=False)
        (bn2): BatchNorm2d(512, eps=1e-05, momentum=0.1, affine=True, track_running_stats=True)
      )
    )
    (avgpool): AdaptiveAvgPool2d(output_size=(1, 1))
    (fc): Linear(in_features=512, out_features=7, bias=True)
  )
)
2024-03-29 17:20:17,085 - INFO - All data has been loaded
2024-03-29 17:20:17,086 - INFO - Got hyper parametrs for current model:
2024-03-29 17:20:17,086 - INFO - batch size=128
2024-03-29 17:20:17,086 - INFO - Adam (
Parameter Group 0
    amsgrad: False
    betas: (0.9, 0.999)
    capturable: False
    differentiable: False
    eps: 1e-08
    foreach: None
    fused: None
    initial_lr: 0.0002
    lr: 0.0002
    maximize: False
    weight_decay: 2e-05
)
2024-03-29 17:20:17,086 - INFO - <torch.optim.lr_scheduler.CosineAnnealingLR object at 0x7ff0acd0a3a0>
2024-03-29 17:20:17,086 - INFO - DataLoaders initialized
2024-03-29 17:20:17,087 - INFO - HyperParams initiliazed, starting training...
2024-03-29 17:22:33,876 - INFO - Epoch: 1 | Loss: 0.0081 | Validation accuracy: 52.494% | Epoch Time: 136.79 secs
2024-03-29 17:24:50,574 - INFO - Epoch: 2 | Loss: 0.0063 | Validation accuracy: 57.175% | Epoch Time: 136.40 secs
2024-03-29 17:27:08,976 - INFO - Epoch: 3 | Loss: 0.0058 | Validation accuracy: 59.794% | Epoch Time: 137.30 secs
2024-03-29 17:29:27,382 - INFO - Epoch: 4 | Loss: 0.0056 | Validation accuracy: 57.063% | Epoch Time: 136.62 secs
2024-03-29 17:33:35,940 - INFO - Epoch: 5 | Loss: 0.0054 | Training accuracy: 73.200% | Validation accuracy: 60.184% | Epoch Time: 248.13 secs
2024-03-29 17:35:53,883 - INFO - Epoch: 6 | Loss: 0.0052 | Validation accuracy: 63.360% | Epoch Time: 136.65 secs
2024-03-29 17:38:13,759 - INFO - Epoch: 7 | Loss: 0.0051 | Validation accuracy: 62.608% | Epoch Time: 138.41 secs
2024-03-29 17:40:31,157 - INFO - Epoch: 8 | Loss: 0.0050 | Validation accuracy: 64.252% | Epoch Time: 136.86 secs
2024-03-29 17:42:51,040 - INFO - Epoch: 9 | Loss: 0.0048 | Validation accuracy: 63.583% | Epoch Time: 138.69 secs
2024-03-29 17:47:04,182 - INFO - Epoch: 10 | Loss: 0.0048 | Training accuracy: 77.331% | Validation accuracy: 64.057% | Epoch Time: 252.44 secs
2024-03-29 17:49:23,080 - INFO - Epoch: 11 | Loss: 0.0047 | Validation accuracy: 64.837% | Epoch Time: 138.28 secs
2024-03-29 17:51:41,995 - INFO - Epoch: 12 | Loss: 0.0046 | Validation accuracy: 64.363% | Epoch Time: 137.04 secs
2024-03-29 17:54:00,301 - INFO - Epoch: 13 | Loss: 0.0045 | Validation accuracy: 65.088% | Epoch Time: 137.86 secs
2024-03-29 17:56:20,235 - INFO - Epoch: 14 | Loss: 0.0045 | Validation accuracy: 65.422% | Epoch Time: 138.07 secs
2024-03-29 18:00:33,334 - INFO - Epoch: 15 | Loss: 0.0044 | Training accuracy: 79.209% | Validation accuracy: 65.227% | Epoch Time: 252.02 secs
2024-03-29 18:02:52,007 - INFO - Epoch: 16 | Loss: 0.0043 | Validation accuracy: 65.060% | Epoch Time: 138.23 secs
2024-03-29 18:05:10,046 - INFO - Epoch: 17 | Loss: 0.0043 | Validation accuracy: 65.116% | Epoch Time: 137.49 secs
2024-03-29 18:07:28,112 - INFO - Epoch: 18 | Loss: 0.0042 | Validation accuracy: 65.088% | Epoch Time: 137.62 secs
2024-03-29 18:09:47,418 - INFO - Epoch: 19 | Loss: 0.0041 | Validation accuracy: 64.475% | Epoch Time: 138.75 secs
2024-03-29 18:14:00,154 - INFO - Epoch: 20 | Loss: 0.0041 | Training accuracy: 80.487% | Validation accuracy: 65.979% | Epoch Time: 252.20 secs
2024-03-29 18:16:20,583 - INFO - Epoch: 21 | Loss: 0.0040 | Validation accuracy: 66.648% | Epoch Time: 138.86 secs
2024-03-29 18:18:39,693 - INFO - Epoch: 22 | Loss: 0.0040 | Validation accuracy: 65.589% | Epoch Time: 138.23 secs
2024-03-29 18:20:59,368 - INFO - Epoch: 23 | Loss: 0.0039 | Validation accuracy: 66.871% | Epoch Time: 139.16 secs
2024-03-29 18:23:20,515 - INFO - Epoch: 24 | Loss: 0.0039 | Validation accuracy: 64.224% | Epoch Time: 139.62 secs
2024-03-29 18:27:34,142 - INFO - Epoch: 25 | Loss: 0.0038 | Training accuracy: 81.302% | Validation accuracy: 66.119% | Epoch Time: 253.11 secs
2024-03-29 18:29:52,862 - INFO - Epoch: 26 | Loss: 0.0037 | Validation accuracy: 67.289% | Epoch Time: 137.89 secs
2024-03-29 18:32:12,624 - INFO - Epoch: 27 | Loss: 0.0037 | Validation accuracy: 65.868% | Epoch Time: 138.15 secs
2024-03-29 18:34:30,222 - INFO - Epoch: 28 | Loss: 0.0036 | Validation accuracy: 66.815% | Epoch Time: 137.16 secs
2024-03-29 18:36:47,786 - INFO - Epoch: 29 | Loss: 0.0036 | Validation accuracy: 67.373% | Epoch Time: 137.14 secs
2024-03-29 18:40:58,597 - INFO - Epoch: 30 | Loss: 0.0036 | Training accuracy: 83.197% | Validation accuracy: 66.927% | Epoch Time: 249.52 secs
2024-03-29 18:43:15,971 - INFO - Epoch: 31 | Loss: 0.0035 | Validation accuracy: 66.732% | Epoch Time: 136.73 secs
2024-03-29 18:45:33,723 - INFO - Epoch: 32 | Loss: 0.0034 | Validation accuracy: 67.651% | Epoch Time: 137.35 secs
2024-03-29 18:47:52,555 - INFO - Epoch: 33 | Loss: 0.0034 | Validation accuracy: 66.147% | Epoch Time: 137.39 secs
2024-03-29 18:50:10,836 - INFO - Epoch: 34 | Loss: 0.0033 | Validation accuracy: 66.787% | Epoch Time: 137.86 secs
2024-03-29 18:54:23,576 - INFO - Epoch: 35 | Loss: 0.0033 | Training accuracy: 84.381% | Validation accuracy: 65.979% | Epoch Time: 252.29 secs
2024-03-29 18:56:42,590 - INFO - Epoch: 36 | Loss: 0.0032 | Validation accuracy: 67.289% | Epoch Time: 138.56 secs
2024-03-29 18:59:01,125 - INFO - Epoch: 37 | Loss: 0.0032 | Validation accuracy: 66.147% | Epoch Time: 137.71 secs
2024-03-29 19:01:19,538 - INFO - Epoch: 38 | Loss: 0.0032 | Validation accuracy: 67.958% | Epoch Time: 137.81 secs
2024-03-29 19:03:38,627 - INFO - Epoch: 39 | Loss: 0.0031 | Validation accuracy: 67.818% | Epoch Time: 138.03 secs
2024-03-29 19:07:51,704 - INFO - Epoch: 40 | Loss: 0.0031 | Training accuracy: 86.064% | Validation accuracy: 68.403% | Epoch Time: 252.63 secs
2024-03-29 19:10:11,411 - INFO - Epoch: 41 | Loss: 0.0030 | Validation accuracy: 68.264% | Epoch Time: 137.97 secs
2024-03-29 19:12:27,741 - INFO - Epoch: 42 | Loss: 0.0030 | Validation accuracy: 68.598% | Epoch Time: 135.90 secs
2024-03-29 19:14:47,218 - INFO - Epoch: 43 | Loss: 0.0030 | Validation accuracy: 67.846% | Epoch Time: 138.34 secs
2024-03-29 19:17:05,670 - INFO - Epoch: 44 | Loss: 0.0029 | Validation accuracy: 68.598% | Epoch Time: 138.01 secs
2024-03-29 19:21:18,801 - INFO - Epoch: 45 | Loss: 0.0028 | Training accuracy: 86.478% | Validation accuracy: 68.376% | Epoch Time: 252.65 secs
2024-03-29 19:23:38,614 - INFO - Epoch: 46 | Loss: 0.0028 | Validation accuracy: 67.540% | Epoch Time: 139.28 secs
2024-03-29 19:25:57,007 - INFO - Epoch: 47 | Loss: 0.0028 | Validation accuracy: 67.790% | Epoch Time: 137.96 secs
2024-03-29 19:28:15,034 - INFO - Epoch: 48 | Loss: 0.0028 | Validation accuracy: 68.515% | Epoch Time: 137.59 secs
2024-03-29 19:30:32,463 - INFO - Epoch: 49 | Loss: 0.0028 | Validation accuracy: 68.933% | Epoch Time: 136.86 secs
2024-03-29 19:34:42,515 - INFO - Epoch: 50 | Loss: 0.0027 | Training accuracy: 87.736% | Validation accuracy: 69.044% | Epoch Time: 249.07 secs
2024-03-29 19:37:02,639 - INFO - Epoch: 51 | Loss: 0.0026 | Validation accuracy: 68.794% | Epoch Time: 138.47 secs
2024-03-29 19:39:19,955 - INFO - Epoch: 52 | Loss: 0.0026 | Validation accuracy: 68.320% | Epoch Time: 136.74 secs
2024-03-29 19:41:39,332 - INFO - Epoch: 53 | Loss: 0.0026 | Validation accuracy: 68.989% | Epoch Time: 138.93 secs
2024-03-29 19:43:57,369 - INFO - Epoch: 54 | Loss: 0.0026 | Validation accuracy: 69.239% | Epoch Time: 137.59 secs
2024-03-29 19:48:10,726 - INFO - Epoch: 55 | Loss: 0.0025 | Training accuracy: 88.091% | Validation accuracy: 68.933% | Epoch Time: 252.42 secs
2024-03-29 19:50:29,964 - INFO - Epoch: 56 | Loss: 0.0024 | Validation accuracy: 69.156% | Epoch Time: 138.32 secs
2024-03-29 19:52:48,005 - INFO - Epoch: 57 | Loss: 0.0025 | Validation accuracy: 69.211% | Epoch Time: 137.52 secs
2024-03-29 19:55:06,074 - INFO - Epoch: 58 | Loss: 0.0024 | Validation accuracy: 68.626% | Epoch Time: 137.61 secs
2024-03-29 19:57:24,303 - INFO - Epoch: 59 | Loss: 0.0024 | Validation accuracy: 69.518% | Epoch Time: 137.57 secs
2024-03-29 20:01:38,119 - INFO - Epoch: 60 | Loss: 0.0024 | Training accuracy: 89.425% | Validation accuracy: 69.323% | Epoch Time: 252.50 secs
2024-03-29 20:03:56,207 - INFO - Epoch: 61 | Loss: 0.0023 | Validation accuracy: 68.794% | Epoch Time: 137.45 secs
2024-03-29 20:06:14,444 - INFO - Epoch: 62 | Loss: 0.0023 | Validation accuracy: 69.880% | Epoch Time: 137.41 secs
2024-03-29 20:08:32,391 - INFO - Epoch: 63 | Loss: 0.0023 | Validation accuracy: 68.738% | Epoch Time: 136.70 secs
2024-03-29 20:10:50,046 - INFO - Epoch: 64 | Loss: 0.0023 | Validation accuracy: 69.184% | Epoch Time: 137.14 secs
2024-03-29 20:14:59,903 - INFO - Epoch: 65 | Loss: 0.0023 | Training accuracy: 89.892% | Validation accuracy: 70.270% | Epoch Time: 249.21 secs
2024-03-29 20:17:18,644 - INFO - Epoch: 66 | Loss: 0.0022 | Validation accuracy: 69.323% | Epoch Time: 137.17 secs
2024-03-29 20:19:37,137 - INFO - Epoch: 67 | Loss: 0.0022 | Validation accuracy: 69.323% | Epoch Time: 137.37 secs
2024-03-29 20:21:54,817 - INFO - Epoch: 68 | Loss: 0.0022 | Validation accuracy: 69.964% | Epoch Time: 137.25 secs
2024-03-29 20:24:13,679 - INFO - Epoch: 69 | Loss: 0.0022 | Validation accuracy: 69.629% | Epoch Time: 138.00 secs
2024-03-29 20:28:24,579 - INFO - Epoch: 70 | Loss: 0.0021 | Training accuracy: 90.327% | Validation accuracy: 70.549% | Epoch Time: 249.98 secs
2024-03-29 20:30:43,581 - INFO - Epoch: 71 | Loss: 0.0021 | Validation accuracy: 69.852% | Epoch Time: 137.86 secs
2024-03-29 20:33:03,361 - INFO - Epoch: 72 | Loss: 0.0021 | Validation accuracy: 69.295% | Epoch Time: 137.72 secs
2024-03-29 20:35:21,405 - INFO - Epoch: 73 | Loss: 0.0021 | Validation accuracy: 69.880% | Epoch Time: 137.62 secs
2024-03-29 20:37:40,547 - INFO - Epoch: 74 | Loss: 0.0020 | Validation accuracy: 70.270% | Epoch Time: 138.51 secs
2024-03-29 20:41:55,261 - INFO - Epoch: 75 | Loss: 0.0020 | Training accuracy: 91.097% | Validation accuracy: 70.326% | Epoch Time: 254.19 secs
2024-03-29 20:44:15,070 - INFO - Epoch: 76 | Loss: 0.0020 | Validation accuracy: 70.493% | Epoch Time: 139.37 secs
2024-03-29 20:46:32,802 - INFO - Epoch: 77 | Loss: 0.0020 | Validation accuracy: 70.493% | Epoch Time: 137.10 secs
2024-03-29 20:48:51,772 - INFO - Epoch: 78 | Loss: 0.0020 | Validation accuracy: 70.521% | Epoch Time: 138.47 secs
2024-03-29 20:51:10,311 - INFO - Epoch: 79 | Loss: 0.0019 | Validation accuracy: 70.020% | Epoch Time: 138.12 secs
2024-03-29 20:55:21,294 - INFO - Epoch: 80 | Loss: 0.0020 | Training accuracy: 91.327% | Validation accuracy: 70.075% | Epoch Time: 250.53 secs
2024-03-29 20:57:39,248 - INFO - Epoch: 81 | Loss: 0.0019 | Validation accuracy: 70.437% | Epoch Time: 137.50 secs
2024-03-29 20:59:58,354 - INFO - Epoch: 82 | Loss: 0.0019 | Validation accuracy: 69.852% | Epoch Time: 138.64 secs
2024-03-29 21:02:18,651 - INFO - Epoch: 83 | Loss: 0.0019 | Validation accuracy: 70.159% | Epoch Time: 139.85 secs
2024-03-29 21:04:36,740 - INFO - Epoch: 84 | Loss: 0.0019 | Validation accuracy: 70.465% | Epoch Time: 137.46 secs
2024-03-29 21:08:49,244 - INFO - Epoch: 85 | Loss: 0.0018 | Training accuracy: 91.741% | Validation accuracy: 70.465% | Epoch Time: 251.77 secs
2024-03-29 21:11:08,274 - INFO - Epoch: 86 | Loss: 0.0018 | Validation accuracy: 70.828% | Epoch Time: 138.25 secs
2024-03-29 21:13:26,297 - INFO - Epoch: 87 | Loss: 0.0019 | Validation accuracy: 70.577% | Epoch Time: 137.12 secs
2024-03-29 21:15:43,679 - INFO - Epoch: 88 | Loss: 0.0019 | Validation accuracy: 70.772% | Epoch Time: 136.92 secs
2024-03-29 21:18:01,164 - INFO - Epoch: 89 | Loss: 0.0019 | Validation accuracy: 70.911% | Epoch Time: 137.07 secs
2024-03-29 21:22:13,767 - INFO - Epoch: 90 | Loss: 0.0018 | Training accuracy: 91.344% | Validation accuracy: 70.855% | Epoch Time: 251.73 secs
2024-03-29 21:24:33,223 - INFO - Epoch: 91 | Loss: 0.0018 | Validation accuracy: 70.883% | Epoch Time: 139.03 secs
2024-03-29 21:26:52,689 - INFO - Epoch: 92 | Loss: 0.0018 | Validation accuracy: 70.605% | Epoch Time: 138.82 secs
2024-03-29 21:29:11,164 - INFO - Epoch: 93 | Loss: 0.0019 | Validation accuracy: 70.688% | Epoch Time: 137.82 secs
2024-03-29 21:31:29,976 - INFO - Epoch: 94 | Loss: 0.0018 | Validation accuracy: 70.716% | Epoch Time: 138.16 secs
2024-03-29 21:35:41,036 - INFO - Epoch: 95 | Loss: 0.0018 | Training accuracy: 91.825% | Validation accuracy: 70.744% | Epoch Time: 250.61 secs
2024-03-29 21:37:58,273 - INFO - Epoch: 96 | Loss: 0.0018 | Validation accuracy: 70.772% | Epoch Time: 136.73 secs
2024-03-29 21:40:16,849 - INFO - Epoch: 97 | Loss: 0.0018 | Validation accuracy: 70.549% | Epoch Time: 137.93 secs
2024-03-29 21:42:35,173 - INFO - Epoch: 98 | Loss: 0.0018 | Validation accuracy: 70.410% | Epoch Time: 137.37 secs
2024-03-29 21:44:53,675 - INFO - Epoch: 99 | Loss: 0.0018 | Validation accuracy: 70.716% | Epoch Time: 138.09 secs
2024-03-29 21:49:06,755 - INFO - Epoch: 100 | Loss: 0.0018 | Training accuracy: 91.686% | Validation accuracy: 70.828% | Epoch Time: 252.65 secs
2024-03-29 21:49:07,333 - INFO - Train Ended!
2024-03-29 21:49:07,333 - INFO - Saving train statistics
2024-03-29 21:49:07,519 - INFO - Save statistics done!
