2024-03-27 17:55:30,706 - INFO - Args parsed succesfully
2024-03-27 17:55:30,706 - INFO - Params: Namespace(emotion_transform_prob=None, epochs=100, exp_name='Expanded_New_Transforms', net_name='resnet18', use_expanded_dataset=True)
2024-03-27 17:55:31,035 - INFO - Model was initialized and sent to cuda:0
2024-03-27 17:55:33,049 - INFO - All data has been loaded
2024-03-27 17:55:33,050 - INFO - Got hyper parametrs for current model:
2024-03-27 17:55:33,050 - INFO - batch size=128
2024-03-27 17:55:33,050 - INFO - Adam (
Parameter Group 0
    amsgrad: False
    betas: (0.9, 0.999)
    capturable: False
    differentiable: False
    eps: 1e-08
    foreach: None
    fused: None
    initial_lr: 0.0002
    lr: 0.0002
    maximize: False
    weight_decay: 2e-05
)
2024-03-27 17:55:33,050 - INFO - <torch.optim.lr_scheduler.CosineAnnealingLR object at 0x7fb83488bd60>
2024-03-27 17:55:33,051 - INFO - DataLoaders initialized
2024-03-27 17:55:33,051 - INFO - HyperParams initiliazed, starting training...
2024-03-27 18:01:35,991 - INFO - Epoch: 1 | Loss: 0.0053 | Validation accuracy: 56.757% | Epoch Time: 362.94 secs
2024-03-27 18:07:57,008 - INFO - Epoch: 2 | Loss: 0.0040 | Validation accuracy: 61.103% | Epoch Time: 380.12 secs
2024-03-27 18:14:22,128 - INFO - Epoch: 3 | Loss: 0.0036 | Validation accuracy: 59.822% | Epoch Time: 383.87 secs
2024-03-27 18:20:44,995 - INFO - Epoch: 4 | Loss: 0.0035 | Validation accuracy: 63.611% | Epoch Time: 382.03 secs
2024-03-27 18:31:44,981 - INFO - Epoch: 5 | Loss: 0.0033 | Training accuracy: 85.090% | Validation accuracy: 62.413% | Epoch Time: 658.90 secs
2024-03-27 18:38:04,295 - INFO - Epoch: 6 | Loss: 0.0032 | Validation accuracy: 65.004% | Epoch Time: 378.85 secs
2024-03-27 18:44:28,919 - INFO - Epoch: 7 | Loss: 0.0032 | Validation accuracy: 64.921% | Epoch Time: 383.48 secs
2024-03-27 18:51:09,355 - INFO - Epoch: 8 | Loss: 0.0031 | Validation accuracy: 64.976% | Epoch Time: 399.89 secs
2024-03-27 18:57:47,324 - INFO - Epoch: 9 | Loss: 0.0030 | Validation accuracy: 65.255% | Epoch Time: 397.33 secs
2024-03-27 19:09:04,020 - INFO - Epoch: 10 | Loss: 0.0030 | Training accuracy: 87.042% | Validation accuracy: 67.261% | Epoch Time: 675.70 secs
2024-03-27 19:15:25,038 - INFO - Epoch: 11 | Loss: 0.0029 | Validation accuracy: 67.233% | Epoch Time: 379.93 secs
2024-03-27 19:21:59,102 - INFO - Epoch: 12 | Loss: 0.0028 | Validation accuracy: 66.230% | Epoch Time: 393.61 secs
2024-03-27 19:28:26,149 - INFO - Epoch: 13 | Loss: 0.0028 | Validation accuracy: 66.760% | Epoch Time: 386.61 secs
2024-03-27 19:34:52,942 - INFO - Epoch: 14 | Loss: 0.0028 | Validation accuracy: 67.428% | Epoch Time: 385.84 secs
2024-03-27 19:46:20,497 - INFO - Epoch: 15 | Loss: 0.0027 | Training accuracy: 87.759% | Validation accuracy: 67.512% | Epoch Time: 686.11 secs
2024-03-27 19:52:41,630 - INFO - Epoch: 16 | Loss: 0.0027 | Validation accuracy: 67.846% | Epoch Time: 379.45 secs
2024-03-27 19:59:05,589 - INFO - Epoch: 17 | Loss: 0.0026 | Validation accuracy: 67.874% | Epoch Time: 382.46 secs
2024-03-27 20:05:33,935 - INFO - Epoch: 18 | Loss: 0.0026 | Validation accuracy: 68.041% | Epoch Time: 387.19 secs
2024-03-27 20:12:05,197 - INFO - Epoch: 19 | Loss: 0.0025 | Validation accuracy: 67.790% | Epoch Time: 389.91 secs
2024-03-27 20:23:18,883 - INFO - Epoch: 20 | Loss: 0.0025 | Training accuracy: 88.586% | Validation accuracy: 68.515% | Epoch Time: 673.18 secs
2024-03-27 20:29:49,448 - INFO - Epoch: 21 | Loss: 0.0025 | Validation accuracy: 68.013% | Epoch Time: 389.59 secs
2024-03-27 20:36:16,150 - INFO - Epoch: 22 | Loss: 0.0024 | Validation accuracy: 67.790% | Epoch Time: 385.92 secs
2024-03-27 20:43:15,216 - INFO - Epoch: 23 | Loss: 0.0024 | Validation accuracy: 67.094% | Epoch Time: 418.61 secs
2024-03-27 20:53:51,815 - INFO - Epoch: 24 | Loss: 0.0024 | Validation accuracy: 69.407% | Epoch Time: 636.07 secs
2024-03-27 21:13:17,083 - INFO - Epoch: 25 | Loss: 0.0024 | Training accuracy: 89.455% | Validation accuracy: 68.571% | Epoch Time: 1164.06 secs
2024-03-27 21:23:57,206 - INFO - Epoch: 26 | Loss: 0.0023 | Validation accuracy: 67.930% | Epoch Time: 639.55 secs
2024-03-27 21:34:19,387 - INFO - Epoch: 27 | Loss: 0.0023 | Validation accuracy: 68.320% | Epoch Time: 621.35 secs
2024-03-27 21:44:38,740 - INFO - Epoch: 28 | Loss: 0.0023 | Validation accuracy: 69.239% | Epoch Time: 618.45 secs
2024-03-27 21:54:58,978 - INFO - Epoch: 29 | Loss: 0.0022 | Validation accuracy: 69.156% | Epoch Time: 619.80 secs
2024-03-27 22:14:01,404 - INFO - Epoch: 30 | Loss: 0.0022 | Training accuracy: 89.853% | Validation accuracy: 68.961% | Epoch Time: 1141.96 secs
2024-03-27 22:24:24,981 - INFO - Epoch: 31 | Loss: 0.0022 | Validation accuracy: 68.292% | Epoch Time: 623.12 secs
2024-03-27 22:34:50,298 - INFO - Epoch: 32 | Loss: 0.0021 | Validation accuracy: 70.047% | Epoch Time: 624.87 secs
2024-03-27 22:45:17,468 - INFO - Epoch: 33 | Loss: 0.0022 | Validation accuracy: 69.657% | Epoch Time: 626.09 secs
2024-03-27 22:55:41,874 - INFO - Epoch: 34 | Loss: 0.0021 | Validation accuracy: 68.738% | Epoch Time: 623.78 secs
2024-03-27 23:14:47,344 - INFO - Epoch: 35 | Loss: 0.0021 | Training accuracy: 90.572% | Validation accuracy: 69.379% | Epoch Time: 1144.82 secs
2024-03-27 23:25:09,087 - INFO - Epoch: 36 | Loss: 0.0020 | Validation accuracy: 68.682% | Epoch Time: 621.27 secs
2024-03-27 23:35:33,288 - INFO - Epoch: 37 | Loss: 0.0020 | Validation accuracy: 68.710% | Epoch Time: 623.77 secs
2024-03-27 23:46:05,119 - INFO - Epoch: 38 | Loss: 0.0020 | Validation accuracy: 69.546% | Epoch Time: 631.15 secs
2024-03-27 23:56:31,398 - INFO - Epoch: 39 | Loss: 0.0019 | Validation accuracy: 68.710% | Epoch Time: 625.73 secs
2024-03-28 00:15:45,433 - INFO - Epoch: 40 | Loss: 0.0019 | Training accuracy: 91.200% | Validation accuracy: 68.459% | Epoch Time: 1153.44 secs
2024-03-28 00:26:12,550 - INFO - Epoch: 41 | Loss: 0.0019 | Validation accuracy: 70.103% | Epoch Time: 626.35 secs
2024-03-28 00:36:42,390 - INFO - Epoch: 42 | Loss: 0.0019 | Validation accuracy: 69.602% | Epoch Time: 628.68 secs
2024-03-28 00:47:05,540 - INFO - Epoch: 43 | Loss: 0.0018 | Validation accuracy: 68.794% | Epoch Time: 622.25 secs
2024-03-28 00:57:28,692 - INFO - Epoch: 44 | Loss: 0.0018 | Validation accuracy: 69.908% | Epoch Time: 622.30 secs
2024-03-28 01:16:30,627 - INFO - Epoch: 45 | Loss: 0.0018 | Training accuracy: 91.964% | Validation accuracy: 69.100% | Epoch Time: 1141.41 secs
2024-03-28 01:26:54,152 - INFO - Epoch: 46 | Loss: 0.0018 | Validation accuracy: 68.626% | Epoch Time: 622.69 secs
2024-03-28 01:37:21,453 - INFO - Epoch: 47 | Loss: 0.0018 | Validation accuracy: 69.741% | Epoch Time: 626.71 secs
2024-03-28 01:47:50,933 - INFO - Epoch: 48 | Loss: 0.0017 | Validation accuracy: 70.270% | Epoch Time: 627.93 secs
2024-03-28 01:58:15,105 - INFO - Epoch: 49 | Loss: 0.0017 | Validation accuracy: 68.710% | Epoch Time: 622.92 secs
2024-03-28 02:17:23,953 - INFO - Epoch: 50 | Loss: 0.0017 | Training accuracy: 92.476% | Validation accuracy: 69.852% | Epoch Time: 1148.21 secs
2024-03-28 02:27:49,858 - INFO - Epoch: 51 | Loss: 0.0017 | Validation accuracy: 70.103% | Epoch Time: 625.47 secs
2024-03-28 02:38:12,841 - INFO - Epoch: 52 | Loss: 0.0016 | Validation accuracy: 70.131% | Epoch Time: 622.53 secs
2024-03-28 02:48:37,151 - INFO - Epoch: 53 | Loss: 0.0016 | Validation accuracy: 70.382% | Epoch Time: 623.84 secs
2024-03-28 02:58:59,222 - INFO - Epoch: 54 | Loss: 0.0016 | Validation accuracy: 69.797% | Epoch Time: 621.12 secs
2024-03-28 03:17:59,677 - INFO - Epoch: 55 | Loss: 0.0016 | Training accuracy: 92.944% | Validation accuracy: 70.605% | Epoch Time: 1140.01 secs
2024-03-28 03:28:27,871 - INFO - Epoch: 56 | Loss: 0.0016 | Validation accuracy: 69.490% | Epoch Time: 626.78 secs
2024-03-28 03:38:56,140 - INFO - Epoch: 57 | Loss: 0.0015 | Validation accuracy: 70.047% | Epoch Time: 627.85 secs
2024-03-28 03:49:28,604 - INFO - Epoch: 58 | Loss: 0.0015 | Validation accuracy: 68.933% | Epoch Time: 631.76 secs
2024-03-28 03:59:55,978 - INFO - Epoch: 59 | Loss: 0.0015 | Validation accuracy: 70.354% | Epoch Time: 626.95 secs
2024-03-28 04:18:54,993 - INFO - Epoch: 60 | Loss: 0.0015 | Training accuracy: 93.465% | Validation accuracy: 70.493% | Epoch Time: 1138.39 secs
2024-03-28 04:29:20,400 - INFO - Epoch: 61 | Loss: 0.0015 | Validation accuracy: 70.103% | Epoch Time: 624.91 secs
2024-03-28 04:39:44,608 - INFO - Epoch: 62 | Loss: 0.0015 | Validation accuracy: 70.382% | Epoch Time: 623.72 secs
2024-03-28 04:50:09,159 - INFO - Epoch: 63 | Loss: 0.0014 | Validation accuracy: 70.577% | Epoch Time: 624.12 secs
2024-03-28 05:00:27,319 - INFO - Epoch: 64 | Loss: 0.0014 | Validation accuracy: 70.159% | Epoch Time: 617.73 secs
2024-03-28 05:19:26,969 - INFO - Epoch: 65 | Loss: 0.0014 | Training accuracy: 93.939% | Validation accuracy: 70.883% | Epoch Time: 1139.22 secs
2024-03-28 05:29:52,799 - INFO - Epoch: 66 | Loss: 0.0014 | Validation accuracy: 70.410% | Epoch Time: 624.96 secs
2024-03-28 05:40:13,140 - INFO - Epoch: 67 | Loss: 0.0013 | Validation accuracy: 70.187% | Epoch Time: 619.92 secs
2024-03-28 05:50:33,936 - INFO - Epoch: 68 | Loss: 0.0013 | Validation accuracy: 70.521% | Epoch Time: 620.34 secs
2024-03-28 06:01:00,993 - INFO - Epoch: 69 | Loss: 0.0013 | Validation accuracy: 70.828% | Epoch Time: 626.58 secs
2024-03-28 06:20:06,246 - INFO - Epoch: 70 | Loss: 0.0013 | Training accuracy: 94.208% | Validation accuracy: 70.298% | Epoch Time: 1144.82 secs
2024-03-28 06:30:32,319 - INFO - Epoch: 71 | Loss: 0.0013 | Validation accuracy: 70.493% | Epoch Time: 625.65 secs
2024-03-28 06:40:53,647 - INFO - Epoch: 72 | Loss: 0.0013 | Validation accuracy: 70.632% | Epoch Time: 620.62 secs
2024-03-28 06:51:15,968 - INFO - Epoch: 73 | Loss: 0.0012 | Validation accuracy: 70.688% | Epoch Time: 621.69 secs
2024-03-28 07:01:42,089 - INFO - Epoch: 74 | Loss: 0.0012 | Validation accuracy: 71.078% | Epoch Time: 625.68 secs
2024-03-28 07:21:03,959 - INFO - Epoch: 75 | Loss: 0.0012 | Training accuracy: 94.459% | Validation accuracy: 69.657% | Epoch Time: 1161.01 secs
2024-03-28 07:31:28,104 - INFO - Epoch: 76 | Loss: 0.0012 | Validation accuracy: 71.078% | Epoch Time: 623.72 secs
2024-03-28 07:41:54,050 - INFO - Epoch: 77 | Loss: 0.0012 | Validation accuracy: 70.103% | Epoch Time: 625.53 secs
2024-03-28 07:52:26,508 - INFO - Epoch: 78 | Loss: 0.0012 | Validation accuracy: 70.744% | Epoch Time: 632.00 secs
2024-03-28 08:02:52,775 - INFO - Epoch: 79 | Loss: 0.0012 | Validation accuracy: 69.852% | Epoch Time: 625.55 secs
2024-03-28 08:21:57,350 - INFO - Epoch: 80 | Loss: 0.0012 | Training accuracy: 94.761% | Validation accuracy: 70.354% | Epoch Time: 1144.13 secs
2024-03-28 08:32:20,260 - INFO - Epoch: 81 | Loss: 0.0012 | Validation accuracy: 70.326% | Epoch Time: 622.45 secs
2024-03-28 08:42:44,193 - INFO - Epoch: 82 | Loss: 0.0011 | Validation accuracy: 70.688% | Epoch Time: 623.52 secs
2024-03-28 08:53:11,380 - INFO - Epoch: 83 | Loss: 0.0011 | Validation accuracy: 70.493% | Epoch Time: 626.74 secs
2024-03-28 09:03:35,157 - INFO - Epoch: 84 | Loss: 0.0011 | Validation accuracy: 71.023% | Epoch Time: 623.36 secs
2024-03-28 09:22:35,988 - INFO - Epoch: 85 | Loss: 0.0011 | Training accuracy: 95.031% | Validation accuracy: 70.772% | Epoch Time: 1140.19 secs
2024-03-28 09:33:01,763 - INFO - Epoch: 86 | Loss: 0.0011 | Validation accuracy: 70.911% | Epoch Time: 625.32 secs
2024-03-28 09:43:32,500 - INFO - Epoch: 87 | Loss: 0.0011 | Validation accuracy: 70.744% | Epoch Time: 630.32 secs
2024-03-28 09:54:05,765 - INFO - Epoch: 88 | Loss: 0.0011 | Validation accuracy: 71.162% | Epoch Time: 632.83 secs
2024-03-28 10:04:30,648 - INFO - Epoch: 89 | Loss: 0.0011 | Validation accuracy: 70.828% | Epoch Time: 623.77 secs
2024-03-28 10:23:35,771 - INFO - Epoch: 90 | Loss: 0.0011 | Training accuracy: 95.042% | Validation accuracy: 71.329% | Epoch Time: 1144.60 secs
2024-03-28 10:34:09,063 - INFO - Epoch: 91 | Loss: 0.0011 | Validation accuracy: 71.524% | Epoch Time: 632.19 secs
2024-03-28 10:44:40,475 - INFO - Epoch: 92 | Loss: 0.0011 | Validation accuracy: 71.441% | Epoch Time: 629.86 secs
2024-03-28 10:55:17,409 - INFO - Epoch: 93 | Loss: 0.0011 | Validation accuracy: 71.245% | Epoch Time: 636.52 secs
2024-03-28 11:05:47,176 - INFO - Epoch: 94 | Loss: 0.0011 | Validation accuracy: 71.273% | Epoch Time: 629.33 secs
2024-03-28 11:24:55,794 - INFO - Epoch: 95 | Loss: 0.0011 | Training accuracy: 95.031% | Validation accuracy: 71.552% | Epoch Time: 1148.16 secs
2024-03-28 11:35:23,851 - INFO - Epoch: 96 | Loss: 0.0011 | Validation accuracy: 71.496% | Epoch Time: 626.74 secs
2024-03-28 11:45:47,017 - INFO - Epoch: 97 | Loss: 0.0011 | Validation accuracy: 71.357% | Epoch Time: 622.46 secs
2024-03-28 11:56:04,520 - INFO - Epoch: 98 | Loss: 0.0011 | Validation accuracy: 71.441% | Epoch Time: 616.86 secs
2024-03-28 12:06:21,286 - INFO - Epoch: 99 | Loss: 0.0011 | Validation accuracy: 71.329% | Epoch Time: 616.32 secs
2024-03-28 12:25:18,999 - INFO - Epoch: 100 | Loss: 0.0011 | Training accuracy: 95.136% | Validation accuracy: 71.496% | Epoch Time: 1137.04 secs
2024-03-28 12:25:19,625 - INFO - Train Ended!
2024-03-28 12:25:19,626 - INFO - Saving train statistics
2024-03-28 12:25:19,804 - INFO - Save statistics done!
