2024-03-29 14:44:46,091 - INFO - Args parsed succesfully
2024-03-29 14:44:46,091 - INFO - Params: Namespace(emotion_transform_prob=0.0, epochs=100, exp_name='Regular_New_Transforms_No_Normalization', fine_tune=True, net_name='resnet18', use_expanded_dataset=False)
2024-03-29 14:44:46,410 - INFO - Model was initialized and sent to cuda:0
2024-03-29 14:44:48,056 - INFO - All data has been loaded
2024-03-29 14:44:48,057 - INFO - Got hyper parametrs for current model:
2024-03-29 14:44:48,057 - INFO - batch size=128
2024-03-29 14:44:48,057 - INFO - Adam (
Parameter Group 0
    amsgrad: False
    betas: (0.9, 0.999)
    capturable: False
    differentiable: False
    eps: 1e-08
    foreach: None
    fused: None
    initial_lr: 0.0002
    lr: 0.0002
    maximize: False
    weight_decay: 2e-05
)
2024-03-29 14:44:48,057 - INFO - <torch.optim.lr_scheduler.CosineAnnealingLR object at 0x7f173d49dbb0>
2024-03-29 14:44:48,058 - INFO - DataLoaders initialized
2024-03-29 14:44:48,058 - INFO - HyperParams initiliazed, starting training...
2024-03-29 14:46:03,922 - INFO - Epoch: 1 | Loss: 0.0112 | Validation accuracy: 58.150% | Epoch Time: 75.86 secs
2024-03-29 14:47:22,510 - INFO - Epoch: 2 | Loss: 0.0097 | Validation accuracy: 60.741% | Epoch Time: 77.10 secs
2024-03-29 14:48:39,861 - INFO - Epoch: 3 | Loss: 0.0091 | Validation accuracy: 63.416% | Epoch Time: 76.28 secs
2024-03-29 14:49:57,917 - INFO - Epoch: 4 | Loss: 0.0088 | Validation accuracy: 64.029% | Epoch Time: 76.46 secs
2024-03-29 14:52:07,484 - INFO - Epoch: 5 | Loss: 0.0085 | Training accuracy: 59.828% | Validation accuracy: 66.620% | Epoch Time: 128.34 secs
2024-03-29 14:53:25,517 - INFO - Epoch: 6 | Loss: 0.0084 | Validation accuracy: 64.698% | Epoch Time: 76.99 secs
2024-03-29 14:54:42,775 - INFO - Epoch: 7 | Loss: 0.0082 | Validation accuracy: 65.116% | Epoch Time: 76.52 secs
2024-03-29 14:56:00,260 - INFO - Epoch: 8 | Loss: 0.0079 | Validation accuracy: 67.707% | Epoch Time: 76.82 secs
2024-03-29 14:57:20,516 - INFO - Epoch: 9 | Loss: 0.0078 | Validation accuracy: 66.815% | Epoch Time: 79.21 secs
2024-03-29 14:59:39,033 - INFO - Epoch: 10 | Loss: 0.0077 | Training accuracy: 63.743% | Validation accuracy: 65.812% | Epoch Time: 137.86 secs
2024-03-29 15:00:59,637 - INFO - Epoch: 11 | Loss: 0.0075 | Validation accuracy: 67.122% | Epoch Time: 80.17 secs
2024-03-29 15:02:21,027 - INFO - Epoch: 12 | Loss: 0.0074 | Validation accuracy: 68.069% | Epoch Time: 80.93 secs
2024-03-29 15:03:42,032 - INFO - Epoch: 13 | Loss: 0.0073 | Validation accuracy: 67.512% | Epoch Time: 80.10 secs
2024-03-29 15:05:04,115 - INFO - Epoch: 14 | Loss: 0.0071 | Validation accuracy: 67.958% | Epoch Time: 81.57 secs
2024-03-29 15:07:21,720 - INFO - Epoch: 15 | Loss: 0.0070 | Training accuracy: 67.627% | Validation accuracy: 66.955% | Epoch Time: 136.51 secs
2024-03-29 15:08:43,397 - INFO - Epoch: 16 | Loss: 0.0069 | Validation accuracy: 66.760% | Epoch Time: 81.25 secs
2024-03-29 15:10:05,503 - INFO - Epoch: 17 | Loss: 0.0067 | Validation accuracy: 67.094% | Epoch Time: 81.63 secs
2024-03-29 15:11:26,807 - INFO - Epoch: 18 | Loss: 0.0066 | Validation accuracy: 67.289% | Epoch Time: 80.86 secs
2024-03-29 15:12:47,376 - INFO - Epoch: 19 | Loss: 0.0065 | Validation accuracy: 67.150% | Epoch Time: 80.13 secs
2024-03-29 15:15:05,463 - INFO - Epoch: 20 | Loss: 0.0064 | Training accuracy: 69.985% | Validation accuracy: 68.766% | Epoch Time: 137.46 secs
2024-03-29 15:16:27,644 - INFO - Epoch: 21 | Loss: 0.0063 | Validation accuracy: 67.986% | Epoch Time: 81.23 secs
2024-03-29 15:17:48,701 - INFO - Epoch: 22 | Loss: 0.0061 | Validation accuracy: 67.763% | Epoch Time: 80.49 secs
2024-03-29 15:19:09,704 - INFO - Epoch: 23 | Loss: 0.0060 | Validation accuracy: 69.184% | Epoch Time: 79.97 secs
2024-03-29 15:20:32,978 - INFO - Epoch: 24 | Loss: 0.0059 | Validation accuracy: 66.955% | Epoch Time: 82.04 secs
2024-03-29 15:22:50,848 - INFO - Epoch: 25 | Loss: 0.0058 | Training accuracy: 73.562% | Validation accuracy: 68.989% | Epoch Time: 137.43 secs
2024-03-29 15:24:09,779 - INFO - Epoch: 26 | Loss: 0.0056 | Validation accuracy: 69.100% | Epoch Time: 78.40 secs
2024-03-29 15:25:29,205 - INFO - Epoch: 27 | Loss: 0.0055 | Validation accuracy: 69.156% | Epoch Time: 78.91 secs
2024-03-29 15:26:48,476 - INFO - Epoch: 28 | Loss: 0.0054 | Validation accuracy: 68.682% | Epoch Time: 78.85 secs
2024-03-29 15:28:06,487 - INFO - Epoch: 29 | Loss: 0.0053 | Validation accuracy: 69.072% | Epoch Time: 77.46 secs
2024-03-29 15:30:19,088 - INFO - Epoch: 30 | Loss: 0.0052 | Training accuracy: 75.847% | Validation accuracy: 68.543% | Epoch Time: 132.17 secs
2024-03-29 15:31:38,609 - INFO - Epoch: 31 | Loss: 0.0051 | Validation accuracy: 68.403% | Epoch Time: 79.09 secs
2024-03-29 15:32:58,923 - INFO - Epoch: 32 | Loss: 0.0050 | Validation accuracy: 68.181% | Epoch Time: 79.68 secs
2024-03-29 15:34:21,434 - INFO - Epoch: 33 | Loss: 0.0049 | Validation accuracy: 70.103% | Epoch Time: 81.78 secs
2024-03-29 15:35:41,983 - INFO - Epoch: 34 | Loss: 0.0048 | Validation accuracy: 69.462% | Epoch Time: 79.38 secs
2024-03-29 15:38:15,068 - INFO - Epoch: 35 | Loss: 0.0047 | Training accuracy: 77.944% | Validation accuracy: 69.434% | Epoch Time: 152.66 secs
2024-03-29 15:39:36,330 - INFO - Epoch: 36 | Loss: 0.0045 | Validation accuracy: 69.741% | Epoch Time: 80.46 secs
2024-03-29 15:40:57,445 - INFO - Epoch: 37 | Loss: 0.0044 | Validation accuracy: 69.908% | Epoch Time: 80.69 secs
2024-03-29 15:42:23,979 - INFO - Epoch: 38 | Loss: 0.0044 | Validation accuracy: 69.407% | Epoch Time: 85.77 secs
2024-03-29 15:43:57,903 - INFO - Epoch: 39 | Loss: 0.0043 | Validation accuracy: 69.964% | Epoch Time: 93.47 secs
2024-03-29 15:46:16,997 - INFO - Epoch: 40 | Loss: 0.0042 | Training accuracy: 80.414% | Validation accuracy: 70.020% | Epoch Time: 138.67 secs
2024-03-29 15:47:58,493 - INFO - Epoch: 41 | Loss: 0.0042 | Validation accuracy: 69.518% | Epoch Time: 101.04 secs
2024-03-29 15:49:20,430 - INFO - Epoch: 42 | Loss: 0.0041 | Validation accuracy: 69.769% | Epoch Time: 81.13 secs
2024-03-29 15:50:41,441 - INFO - Epoch: 43 | Loss: 0.0040 | Validation accuracy: 70.159% | Epoch Time: 80.56 secs
2024-03-29 15:52:03,099 - INFO - Epoch: 44 | Loss: 0.0040 | Validation accuracy: 70.298% | Epoch Time: 80.70 secs
2024-03-29 15:54:22,181 - INFO - Epoch: 45 | Loss: 0.0039 | Training accuracy: 81.964% | Validation accuracy: 69.908% | Epoch Time: 137.44 secs
2024-03-29 15:55:46,794 - INFO - Epoch: 46 | Loss: 0.0038 | Validation accuracy: 70.215% | Epoch Time: 84.12 secs
2024-03-29 15:57:50,874 - INFO - Epoch: 47 | Loss: 0.0037 | Validation accuracy: 71.273% | Epoch Time: 123.63 secs
2024-03-29 15:59:21,472 - INFO - Epoch: 48 | Loss: 0.0038 | Validation accuracy: 70.911% | Epoch Time: 89.38 secs
2024-03-29 16:00:42,183 - INFO - Epoch: 49 | Loss: 0.0036 | Validation accuracy: 70.298% | Epoch Time: 80.17 secs
2024-03-29 16:02:56,906 - INFO - Epoch: 50 | Loss: 0.0036 | Training accuracy: 83.803% | Validation accuracy: 69.964% | Epoch Time: 134.20 secs
2024-03-29 16:04:17,443 - INFO - Epoch: 51 | Loss: 0.0035 | Validation accuracy: 70.549% | Epoch Time: 79.96 secs
2024-03-29 16:05:38,253 - INFO - Epoch: 52 | Loss: 0.0034 | Validation accuracy: 70.521% | Epoch Time: 80.21 secs
2024-03-29 16:06:59,340 - INFO - Epoch: 53 | Loss: 0.0034 | Validation accuracy: 69.797% | Epoch Time: 80.50 secs
2024-03-29 16:08:20,361 - INFO - Epoch: 54 | Loss: 0.0034 | Validation accuracy: 71.162% | Epoch Time: 80.46 secs
2024-03-29 16:10:34,239 - INFO - Epoch: 55 | Loss: 0.0033 | Training accuracy: 85.231% | Validation accuracy: 71.273% | Epoch Time: 133.29 secs
2024-03-29 16:11:53,326 - INFO - Epoch: 56 | Loss: 0.0032 | Validation accuracy: 70.911% | Epoch Time: 78.17 secs
2024-03-29 16:13:12,820 - INFO - Epoch: 57 | Loss: 0.0032 | Validation accuracy: 71.608% | Epoch Time: 79.06 secs
2024-03-29 16:14:32,821 - INFO - Epoch: 58 | Loss: 0.0032 | Validation accuracy: 70.326% | Epoch Time: 78.83 secs
2024-03-29 16:15:51,852 - INFO - Epoch: 59 | Loss: 0.0031 | Validation accuracy: 70.828% | Epoch Time: 78.58 secs
2024-03-29 16:18:05,504 - INFO - Epoch: 60 | Loss: 0.0031 | Training accuracy: 85.924% | Validation accuracy: 70.354% | Epoch Time: 133.23 secs
2024-03-29 16:19:23,993 - INFO - Epoch: 61 | Loss: 0.0030 | Validation accuracy: 71.245% | Epoch Time: 77.39 secs
2024-03-29 16:20:42,758 - INFO - Epoch: 62 | Loss: 0.0030 | Validation accuracy: 71.552% | Epoch Time: 78.26 secs
2024-03-29 16:22:01,757 - INFO - Epoch: 63 | Loss: 0.0029 | Validation accuracy: 71.413% | Epoch Time: 78.47 secs
2024-03-29 16:23:20,651 - INFO - Epoch: 64 | Loss: 0.0030 | Validation accuracy: 71.385% | Epoch Time: 78.32 secs
2024-03-29 16:25:34,843 - INFO - Epoch: 65 | Loss: 0.0028 | Training accuracy: 87.185% | Validation accuracy: 71.245% | Epoch Time: 133.61 secs
2024-03-29 16:26:53,799 - INFO - Epoch: 66 | Loss: 0.0029 | Validation accuracy: 71.663% | Epoch Time: 78.44 secs
2024-03-29 16:28:12,789 - INFO - Epoch: 67 | Loss: 0.0028 | Validation accuracy: 71.078% | Epoch Time: 77.73 secs
2024-03-29 16:29:31,382 - INFO - Epoch: 68 | Loss: 0.0028 | Validation accuracy: 71.273% | Epoch Time: 78.16 secs
2024-03-29 16:30:50,264 - INFO - Epoch: 69 | Loss: 0.0027 | Validation accuracy: 71.078% | Epoch Time: 78.27 secs
2024-03-29 16:33:03,760 - INFO - Epoch: 70 | Loss: 0.0027 | Training accuracy: 87.924% | Validation accuracy: 71.385% | Epoch Time: 133.06 secs
2024-03-29 16:34:23,276 - INFO - Epoch: 71 | Loss: 0.0028 | Validation accuracy: 71.023% | Epoch Time: 78.90 secs
2024-03-29 16:35:40,016 - INFO - Epoch: 72 | Loss: 0.0026 | Validation accuracy: 71.273% | Epoch Time: 76.11 secs
2024-03-29 16:36:57,417 - INFO - Epoch: 73 | Loss: 0.0026 | Validation accuracy: 71.218% | Epoch Time: 76.66 secs
2024-03-29 16:38:17,446 - INFO - Epoch: 74 | Loss: 0.0025 | Validation accuracy: 71.357% | Epoch Time: 79.49 secs
2024-03-29 16:40:33,909 - INFO - Epoch: 75 | Loss: 0.0026 | Training accuracy: 88.310% | Validation accuracy: 71.190% | Epoch Time: 135.91 secs
2024-03-29 16:41:53,974 - INFO - Epoch: 76 | Loss: 0.0024 | Validation accuracy: 71.245% | Epoch Time: 79.63 secs
2024-03-29 16:43:15,204 - INFO - Epoch: 77 | Loss: 0.0025 | Validation accuracy: 71.050% | Epoch Time: 80.21 secs
2024-03-29 16:44:33,929 - INFO - Epoch: 78 | Loss: 0.0025 | Validation accuracy: 71.134% | Epoch Time: 78.27 secs
2024-03-29 16:45:52,850 - INFO - Epoch: 79 | Loss: 0.0025 | Validation accuracy: 70.855% | Epoch Time: 77.93 secs
2024-03-29 16:48:07,666 - INFO - Epoch: 80 | Loss: 0.0024 | Training accuracy: 88.990% | Validation accuracy: 71.078% | Epoch Time: 133.84 secs
2024-03-29 16:49:28,168 - INFO - Epoch: 81 | Loss: 0.0024 | Validation accuracy: 71.524% | Epoch Time: 79.78 secs
2024-03-29 16:50:46,871 - INFO - Epoch: 82 | Loss: 0.0024 | Validation accuracy: 71.663% | Epoch Time: 77.54 secs
2024-03-29 16:52:06,604 - INFO - Epoch: 83 | Loss: 0.0024 | Validation accuracy: 71.858% | Epoch Time: 79.09 secs
2024-03-29 16:53:25,635 - INFO - Epoch: 84 | Loss: 0.0024 | Validation accuracy: 71.608% | Epoch Time: 77.81 secs
2024-03-29 16:55:37,858 - INFO - Epoch: 85 | Loss: 0.0023 | Training accuracy: 89.052% | Validation accuracy: 71.636% | Epoch Time: 131.69 secs
2024-03-29 16:56:56,536 - INFO - Epoch: 86 | Loss: 0.0023 | Validation accuracy: 71.747% | Epoch Time: 77.60 secs
2024-03-29 16:58:15,841 - INFO - Epoch: 87 | Loss: 0.0024 | Validation accuracy: 71.719% | Epoch Time: 78.30 secs
2024-03-29 16:59:35,162 - INFO - Epoch: 88 | Loss: 0.0024 | Validation accuracy: 71.970% | Epoch Time: 78.48 secs
2024-03-29 17:00:56,482 - INFO - Epoch: 89 | Loss: 0.0023 | Validation accuracy: 71.914% | Epoch Time: 80.33 secs
2024-03-29 17:03:07,698 - INFO - Epoch: 90 | Loss: 0.0023 | Training accuracy: 89.122% | Validation accuracy: 71.691% | Epoch Time: 130.68 secs
2024-03-29 17:04:28,172 - INFO - Epoch: 91 | Loss: 0.0023 | Validation accuracy: 71.998% | Epoch Time: 79.83 secs
2024-03-29 17:05:49,278 - INFO - Epoch: 92 | Loss: 0.0023 | Validation accuracy: 71.998% | Epoch Time: 78.89 secs
2024-03-29 17:07:08,340 - INFO - Epoch: 93 | Loss: 0.0023 | Validation accuracy: 71.747% | Epoch Time: 78.24 secs
2024-03-29 17:08:27,528 - INFO - Epoch: 94 | Loss: 0.0023 | Validation accuracy: 71.886% | Epoch Time: 78.55 secs
2024-03-29 17:10:40,747 - INFO - Epoch: 95 | Loss: 0.0023 | Training accuracy: 89.606% | Validation accuracy: 71.914% | Epoch Time: 132.69 secs
2024-03-29 17:12:00,301 - INFO - Epoch: 96 | Loss: 0.0023 | Validation accuracy: 72.053% | Epoch Time: 79.12 secs
2024-03-29 17:13:20,708 - INFO - Epoch: 97 | Loss: 0.0022 | Validation accuracy: 71.998% | Epoch Time: 78.51 secs
2024-03-29 17:14:37,778 - INFO - Epoch: 98 | Loss: 0.0022 | Validation accuracy: 71.775% | Epoch Time: 76.53 secs
2024-03-29 17:15:56,934 - INFO - Epoch: 99 | Loss: 0.0022 | Validation accuracy: 72.053% | Epoch Time: 78.32 secs
2024-03-29 17:18:10,344 - INFO - Epoch: 100 | Loss: 0.0022 | Training accuracy: 89.557% | Validation accuracy: 71.719% | Epoch Time: 132.78 secs
2024-03-29 17:18:11,345 - INFO - Train Ended!
2024-03-29 17:18:11,345 - INFO - Saving train statistics
2024-03-29 17:18:11,531 - INFO - Save statistics done!
