2024-03-27 15:01:14,739 - INFO - Args parsed succesfully
2024-03-27 15:01:14,739 - INFO - Params: Namespace(emotion_transform_prob=None, epochs=100, exp_name='Regular_New_Transforms', net_name='resnet18', use_expanded_dataset=False)
2024-03-27 15:01:15,056 - INFO - Model was initialized and sent to cuda:0
2024-03-27 15:01:16,682 - INFO - All data has been loaded
2024-03-27 15:01:16,683 - INFO - Got hyper parametrs for current model:
2024-03-27 15:01:16,683 - INFO - batch size=128
2024-03-27 15:01:16,683 - INFO - Adam (
Parameter Group 0
    amsgrad: False
    betas: (0.9, 0.999)
    capturable: False
    differentiable: False
    eps: 1e-08
    foreach: None
    fused: None
    initial_lr: 0.0002
    lr: 0.0002
    maximize: False
    weight_decay: 2e-05
)
2024-03-27 15:01:16,683 - INFO - <torch.optim.lr_scheduler.CosineAnnealingLR object at 0x7f0bc42a9d60>
2024-03-27 15:01:16,683 - INFO - DataLoaders initialized
2024-03-27 15:01:16,683 - INFO - HyperParams initiliazed, starting training...
2024-03-27 15:02:41,840 - INFO - Epoch: 1 | Loss: 0.0112 | Validation accuracy: 58.791% | Epoch Time: 85.16 secs
2024-03-27 15:04:08,487 - INFO - Epoch: 2 | Loss: 0.0097 | Validation accuracy: 62.190% | Epoch Time: 85.56 secs
2024-03-27 15:05:34,993 - INFO - Epoch: 3 | Loss: 0.0091 | Validation accuracy: 64.252% | Epoch Time: 85.59 secs
2024-03-27 15:07:01,778 - INFO - Epoch: 4 | Loss: 0.0088 | Validation accuracy: 64.168% | Epoch Time: 85.74 secs
2024-03-27 15:09:28,510 - INFO - Epoch: 5 | Loss: 0.0085 | Training accuracy: 59.758% | Validation accuracy: 65.283% | Epoch Time: 145.95 secs
2024-03-27 15:10:59,916 - INFO - Epoch: 6 | Loss: 0.0083 | Validation accuracy: 64.475% | Epoch Time: 89.23 secs
2024-03-27 15:12:29,321 - INFO - Epoch: 7 | Loss: 0.0081 | Validation accuracy: 66.202% | Epoch Time: 88.96 secs
2024-03-27 15:14:00,584 - INFO - Epoch: 8 | Loss: 0.0079 | Validation accuracy: 67.205% | Epoch Time: 89.86 secs
2024-03-27 15:15:31,360 - INFO - Epoch: 9 | Loss: 0.0078 | Validation accuracy: 67.150% | Epoch Time: 89.33 secs
2024-03-27 15:18:04,156 - INFO - Epoch: 10 | Loss: 0.0076 | Training accuracy: 64.614% | Validation accuracy: 67.261% | Epoch Time: 152.36 secs
2024-03-27 15:19:33,975 - INFO - Epoch: 11 | Loss: 0.0075 | Validation accuracy: 67.010% | Epoch Time: 88.73 secs
2024-03-27 15:21:03,373 - INFO - Epoch: 12 | Loss: 0.0074 | Validation accuracy: 67.846% | Epoch Time: 88.94 secs
2024-03-27 15:22:34,743 - INFO - Epoch: 13 | Loss: 0.0073 | Validation accuracy: 67.233% | Epoch Time: 89.77 secs
2024-03-27 15:24:04,813 - INFO - Epoch: 14 | Loss: 0.0071 | Validation accuracy: 65.868% | Epoch Time: 89.64 secs
2024-03-27 15:26:39,696 - INFO - Epoch: 15 | Loss: 0.0070 | Training accuracy: 67.571% | Validation accuracy: 67.763% | Epoch Time: 154.45 secs
2024-03-27 15:28:09,773 - INFO - Epoch: 16 | Loss: 0.0069 | Validation accuracy: 67.818% | Epoch Time: 89.45 secs
2024-03-27 15:29:39,403 - INFO - Epoch: 17 | Loss: 0.0068 | Validation accuracy: 67.818% | Epoch Time: 88.90 secs
2024-03-27 15:31:09,812 - INFO - Epoch: 18 | Loss: 0.0066 | Validation accuracy: 67.846% | Epoch Time: 89.93 secs
2024-03-27 15:32:40,326 - INFO - Epoch: 19 | Loss: 0.0065 | Validation accuracy: 68.125% | Epoch Time: 89.64 secs
2024-03-27 15:35:14,061 - INFO - Epoch: 20 | Loss: 0.0063 | Training accuracy: 70.403% | Validation accuracy: 69.880% | Epoch Time: 152.55 secs
2024-03-27 15:36:45,052 - INFO - Epoch: 21 | Loss: 0.0062 | Validation accuracy: 69.211% | Epoch Time: 89.69 secs
2024-03-27 15:38:16,288 - INFO - Epoch: 22 | Loss: 0.0062 | Validation accuracy: 68.738% | Epoch Time: 90.64 secs
2024-03-27 15:39:47,815 - INFO - Epoch: 23 | Loss: 0.0061 | Validation accuracy: 68.264% | Epoch Time: 91.09 secs
2024-03-27 15:41:19,206 - INFO - Epoch: 24 | Loss: 0.0059 | Validation accuracy: 70.410% | Epoch Time: 90.76 secs
2024-03-27 15:43:55,587 - INFO - Epoch: 25 | Loss: 0.0057 | Training accuracy: 73.987% | Validation accuracy: 69.434% | Epoch Time: 154.89 secs
2024-03-27 15:45:26,815 - INFO - Epoch: 26 | Loss: 0.0056 | Validation accuracy: 69.518% | Epoch Time: 90.72 secs
2024-03-27 15:46:58,070 - INFO - Epoch: 27 | Loss: 0.0056 | Validation accuracy: 69.769% | Epoch Time: 90.83 secs
2024-03-27 15:48:29,101 - INFO - Epoch: 28 | Loss: 0.0053 | Validation accuracy: 69.295% | Epoch Time: 90.55 secs
2024-03-27 15:50:01,047 - INFO - Epoch: 29 | Loss: 0.0053 | Validation accuracy: 70.131% | Epoch Time: 90.74 secs
2024-03-27 15:52:36,855 - INFO - Epoch: 30 | Loss: 0.0051 | Training accuracy: 76.199% | Validation accuracy: 68.905% | Epoch Time: 155.36 secs
2024-03-27 15:54:04,171 - INFO - Epoch: 31 | Loss: 0.0051 | Validation accuracy: 68.905% | Epoch Time: 86.87 secs
2024-03-27 15:55:35,178 - INFO - Epoch: 32 | Loss: 0.0049 | Validation accuracy: 68.933% | Epoch Time: 90.55 secs
2024-03-27 15:57:05,859 - INFO - Epoch: 33 | Loss: 0.0049 | Validation accuracy: 68.821% | Epoch Time: 90.25 secs
2024-03-27 15:58:37,035 - INFO - Epoch: 34 | Loss: 0.0048 | Validation accuracy: 69.100% | Epoch Time: 90.71 secs
2024-03-27 16:01:13,201 - INFO - Epoch: 35 | Loss: 0.0047 | Training accuracy: 78.853% | Validation accuracy: 69.685% | Epoch Time: 155.73 secs
2024-03-27 16:02:45,508 - INFO - Epoch: 36 | Loss: 0.0046 | Validation accuracy: 70.159% | Epoch Time: 91.61 secs
2024-03-27 16:04:17,153 - INFO - Epoch: 37 | Loss: 0.0046 | Validation accuracy: 69.295% | Epoch Time: 91.18 secs
2024-03-27 16:05:48,924 - INFO - Epoch: 38 | Loss: 0.0044 | Validation accuracy: 70.967% | Epoch Time: 91.23 secs
2024-03-27 16:07:21,564 - INFO - Epoch: 39 | Loss: 0.0043 | Validation accuracy: 70.437% | Epoch Time: 91.31 secs
2024-03-27 16:09:56,560 - INFO - Epoch: 40 | Loss: 0.0043 | Training accuracy: 80.821% | Validation accuracy: 70.187% | Epoch Time: 154.57 secs
2024-03-27 16:11:26,385 - INFO - Epoch: 41 | Loss: 0.0042 | Validation accuracy: 69.908% | Epoch Time: 89.38 secs
2024-03-27 16:12:57,785 - INFO - Epoch: 42 | Loss: 0.0041 | Validation accuracy: 70.883% | Epoch Time: 90.79 secs
2024-03-27 16:14:28,763 - INFO - Epoch: 43 | Loss: 0.0041 | Validation accuracy: 69.964% | Epoch Time: 90.38 secs
2024-03-27 16:15:59,658 - INFO - Epoch: 44 | Loss: 0.0039 | Validation accuracy: 70.632% | Epoch Time: 90.43 secs
2024-03-27 16:18:35,436 - INFO - Epoch: 45 | Loss: 0.0040 | Training accuracy: 82.800% | Validation accuracy: 70.354% | Epoch Time: 155.35 secs
2024-03-27 16:20:06,605 - INFO - Epoch: 46 | Loss: 0.0038 | Validation accuracy: 70.632% | Epoch Time: 90.27 secs
2024-03-27 16:21:39,372 - INFO - Epoch: 47 | Loss: 0.0037 | Validation accuracy: 70.270% | Epoch Time: 92.17 secs
2024-03-27 16:23:10,039 - INFO - Epoch: 48 | Loss: 0.0037 | Validation accuracy: 70.995% | Epoch Time: 89.70 secs
2024-03-27 16:24:42,059 - INFO - Epoch: 49 | Loss: 0.0036 | Validation accuracy: 70.772% | Epoch Time: 90.72 secs
2024-03-27 16:27:18,650 - INFO - Epoch: 50 | Loss: 0.0036 | Training accuracy: 83.671% | Validation accuracy: 70.939% | Epoch Time: 155.87 secs
2024-03-27 16:28:49,827 - INFO - Epoch: 51 | Loss: 0.0036 | Validation accuracy: 71.106% | Epoch Time: 90.24 secs
2024-03-27 16:30:19,773 - INFO - Epoch: 52 | Loss: 0.0035 | Validation accuracy: 71.301% | Epoch Time: 88.89 secs
2024-03-27 16:31:52,148 - INFO - Epoch: 53 | Loss: 0.0033 | Validation accuracy: 71.441% | Epoch Time: 90.61 secs
2024-03-27 16:33:22,745 - INFO - Epoch: 54 | Loss: 0.0033 | Validation accuracy: 70.410% | Epoch Time: 88.74 secs
2024-03-27 16:35:58,764 - INFO - Epoch: 55 | Loss: 0.0033 | Training accuracy: 84.778% | Validation accuracy: 70.828% | Epoch Time: 155.49 secs
2024-03-27 16:37:29,640 - INFO - Epoch: 56 | Loss: 0.0033 | Validation accuracy: 70.326% | Epoch Time: 90.44 secs
2024-03-27 16:39:01,067 - INFO - Epoch: 57 | Loss: 0.0032 | Validation accuracy: 70.298% | Epoch Time: 90.99 secs
2024-03-27 16:40:32,659 - INFO - Epoch: 58 | Loss: 0.0031 | Validation accuracy: 69.908% | Epoch Time: 90.75 secs
2024-03-27 16:42:03,686 - INFO - Epoch: 59 | Loss: 0.0031 | Validation accuracy: 71.245% | Epoch Time: 90.57 secs
2024-03-27 16:44:39,325 - INFO - Epoch: 60 | Loss: 0.0032 | Training accuracy: 86.130% | Validation accuracy: 70.382% | Epoch Time: 155.19 secs
2024-03-27 16:46:10,585 - INFO - Epoch: 61 | Loss: 0.0031 | Validation accuracy: 70.967% | Epoch Time: 90.73 secs
2024-03-27 16:47:41,685 - INFO - Epoch: 62 | Loss: 0.0030 | Validation accuracy: 70.772% | Epoch Time: 90.66 secs
2024-03-27 16:49:12,125 - INFO - Epoch: 63 | Loss: 0.0030 | Validation accuracy: 70.800% | Epoch Time: 89.83 secs
2024-03-27 16:50:42,635 - INFO - Epoch: 64 | Loss: 0.0029 | Validation accuracy: 71.329% | Epoch Time: 89.87 secs
2024-03-27 16:53:18,820 - INFO - Epoch: 65 | Loss: 0.0028 | Training accuracy: 87.067% | Validation accuracy: 71.162% | Epoch Time: 155.70 secs
2024-03-27 16:54:49,751 - INFO - Epoch: 66 | Loss: 0.0029 | Validation accuracy: 70.883% | Epoch Time: 90.47 secs
2024-03-27 16:56:17,285 - INFO - Epoch: 67 | Loss: 0.0028 | Validation accuracy: 71.608% | Epoch Time: 86.94 secs
2024-03-27 16:57:47,740 - INFO - Epoch: 68 | Loss: 0.0028 | Validation accuracy: 71.301% | Epoch Time: 88.54 secs
2024-03-27 16:59:18,856 - INFO - Epoch: 69 | Loss: 0.0027 | Validation accuracy: 71.636% | Epoch Time: 90.36 secs
2024-03-27 17:01:54,096 - INFO - Epoch: 70 | Loss: 0.0027 | Training accuracy: 87.715% | Validation accuracy: 71.719% | Epoch Time: 154.36 secs
2024-03-27 17:03:25,735 - INFO - Epoch: 71 | Loss: 0.0027 | Validation accuracy: 71.468% | Epoch Time: 90.31 secs
2024-03-27 17:04:57,299 - INFO - Epoch: 72 | Loss: 0.0027 | Validation accuracy: 71.245% | Epoch Time: 90.87 secs
2024-03-27 17:06:27,813 - INFO - Epoch: 73 | Loss: 0.0026 | Validation accuracy: 71.385% | Epoch Time: 89.86 secs
2024-03-27 17:07:57,939 - INFO - Epoch: 74 | Loss: 0.0026 | Validation accuracy: 71.496% | Epoch Time: 89.68 secs
2024-03-27 17:10:33,749 - INFO - Epoch: 75 | Loss: 0.0026 | Training accuracy: 88.317% | Validation accuracy: 71.496% | Epoch Time: 155.09 secs
2024-03-27 17:12:05,548 - INFO - Epoch: 76 | Loss: 0.0026 | Validation accuracy: 71.245% | Epoch Time: 90.78 secs
2024-03-27 17:13:36,727 - INFO - Epoch: 77 | Loss: 0.0026 | Validation accuracy: 71.970% | Epoch Time: 90.73 secs
2024-03-27 17:15:08,285 - INFO - Epoch: 78 | Loss: 0.0025 | Validation accuracy: 72.026% | Epoch Time: 90.63 secs
2024-03-27 17:16:40,409 - INFO - Epoch: 79 | Loss: 0.0025 | Validation accuracy: 71.413% | Epoch Time: 90.82 secs
2024-03-27 17:19:16,132 - INFO - Epoch: 80 | Loss: 0.0024 | Training accuracy: 89.014% | Validation accuracy: 71.831% | Epoch Time: 155.07 secs
2024-03-27 17:20:47,106 - INFO - Epoch: 81 | Loss: 0.0025 | Validation accuracy: 71.329% | Epoch Time: 90.39 secs
2024-03-27 17:22:18,934 - INFO - Epoch: 82 | Loss: 0.0024 | Validation accuracy: 71.524% | Epoch Time: 91.07 secs
2024-03-27 17:23:49,213 - INFO - Epoch: 83 | Loss: 0.0024 | Validation accuracy: 71.719% | Epoch Time: 89.86 secs
2024-03-27 17:25:20,524 - INFO - Epoch: 84 | Loss: 0.0024 | Validation accuracy: 71.441% | Epoch Time: 90.85 secs
2024-03-27 17:27:56,227 - INFO - Epoch: 85 | Loss: 0.0024 | Training accuracy: 89.111% | Validation accuracy: 71.329% | Epoch Time: 154.93 secs
2024-03-27 17:29:27,266 - INFO - Epoch: 86 | Loss: 0.0024 | Validation accuracy: 71.468% | Epoch Time: 90.59 secs
2024-03-27 17:30:58,528 - INFO - Epoch: 87 | Loss: 0.0023 | Validation accuracy: 71.858% | Epoch Time: 90.23 secs
2024-03-27 17:32:29,256 - INFO - Epoch: 88 | Loss: 0.0024 | Validation accuracy: 71.831% | Epoch Time: 90.16 secs
2024-03-27 17:34:00,184 - INFO - Epoch: 89 | Loss: 0.0024 | Validation accuracy: 71.524% | Epoch Time: 90.43 secs
2024-03-27 17:36:35,831 - INFO - Epoch: 90 | Loss: 0.0023 | Training accuracy: 89.324% | Validation accuracy: 71.552% | Epoch Time: 155.13 secs
2024-03-27 17:38:07,138 - INFO - Epoch: 91 | Loss: 0.0023 | Validation accuracy: 71.552% | Epoch Time: 90.64 secs
2024-03-27 17:39:38,355 - INFO - Epoch: 92 | Loss: 0.0024 | Validation accuracy: 71.385% | Epoch Time: 90.32 secs
2024-03-27 17:41:10,058 - INFO - Epoch: 93 | Loss: 0.0023 | Validation accuracy: 71.496% | Epoch Time: 90.92 secs
2024-03-27 17:42:41,205 - INFO - Epoch: 94 | Loss: 0.0023 | Validation accuracy: 71.775% | Epoch Time: 90.34 secs
2024-03-27 17:45:17,155 - INFO - Epoch: 95 | Loss: 0.0023 | Training accuracy: 89.623% | Validation accuracy: 71.636% | Epoch Time: 155.46 secs
2024-03-27 17:46:47,951 - INFO - Epoch: 96 | Loss: 0.0023 | Validation accuracy: 71.580% | Epoch Time: 90.36 secs
2024-03-27 17:48:18,054 - INFO - Epoch: 97 | Loss: 0.0023 | Validation accuracy: 71.747% | Epoch Time: 89.44 secs
2024-03-27 17:49:49,308 - INFO - Epoch: 98 | Loss: 0.0022 | Validation accuracy: 71.580% | Epoch Time: 90.80 secs
2024-03-27 17:51:20,871 - INFO - Epoch: 99 | Loss: 0.0023 | Validation accuracy: 71.803% | Epoch Time: 90.81 secs
2024-03-27 17:53:57,674 - INFO - Epoch: 100 | Loss: 0.0024 | Training accuracy: 89.791% | Validation accuracy: 71.552% | Epoch Time: 156.28 secs
2024-03-27 17:53:58,482 - INFO - Train Ended!
2024-03-27 17:53:58,482 - INFO - Saving train statistics
2024-03-27 17:53:58,666 - INFO - Save statistics done!
