2024-03-31 08:11:22,180 - INFO - Args parsed succesfully
2024-03-31 08:11:22,180 - INFO - Params: Namespace(emotion_transform_prob=None, epochs=100, exp_name='Expanded_New_Transforms_No_Normalization', fine_tune=True, load_byol=False, net_name='densenet201', use_expanded_dataset=True)
2024-03-31 08:11:22,740 - INFO - Model was initialized and sent to cuda:0
2024-03-31 08:11:22,743 - INFO - EmotionNet(
  (nn_model): DenseNet(
    (features): Sequential(
      (conv0): Conv2d(3, 64, kernel_size=(7, 7), stride=(2, 2), padding=(3, 3), bias=False)
      (norm0): BatchNorm2d(64, eps=1e-05, momentum=0.1, affine=True, track_running_stats=True)
      (relu0): ReLU(inplace=True)
      (pool0): MaxPool2d(kernel_size=3, stride=2, padding=1, dilation=1, ceil_mode=False)
      (denseblock1): _DenseBlock(
        (denselayer1): _DenseLayer(
          (norm1): BatchNorm2d(64, eps=1e-05, momentum=0.1, affine=True, track_running_stats=True)
          (relu1): ReLU(inplace=True)
          (conv1): Conv2d(64, 128, kernel_size=(1, 1), stride=(1, 1), bias=False)
          (norm2): BatchNorm2d(128, eps=1e-05, momentum=0.1, affine=True, track_running_stats=True)
          (relu2): ReLU(inplace=True)
          (conv2): Conv2d(128, 32, kernel_size=(3, 3), stride=(1, 1), padding=(1, 1), bias=False)
        )
        (denselayer2): _DenseLayer(
          (norm1): BatchNorm2d(96, eps=1e-05, momentum=0.1, affine=True, track_running_stats=True)
          (relu1): ReLU(inplace=True)
          (conv1): Conv2d(96, 128, kernel_size=(1, 1), stride=(1, 1), bias=False)
          (norm2): BatchNorm2d(128, eps=1e-05, momentum=0.1, affine=True, track_running_stats=True)
          (relu2): ReLU(inplace=True)
          (conv2): Conv2d(128, 32, kernel_size=(3, 3), stride=(1, 1), padding=(1, 1), bias=False)
        )
        (denselayer3): _DenseLayer(
          (norm1): BatchNorm2d(128, eps=1e-05, momentum=0.1, affine=True, track_running_stats=True)
          (relu1): ReLU(inplace=True)
          (conv1): Conv2d(128, 128, kernel_size=(1, 1), stride=(1, 1), bias=False)
          (norm2): BatchNorm2d(128, eps=1e-05, momentum=0.1, affine=True, track_running_stats=True)
          (relu2): ReLU(inplace=True)
          (conv2): Conv2d(128, 32, kernel_size=(3, 3), stride=(1, 1), padding=(1, 1), bias=False)
        )
        (denselayer4): _DenseLayer(
          (norm1): BatchNorm2d(160, eps=1e-05, momentum=0.1, affine=True, track_running_stats=True)
          (relu1): ReLU(inplace=True)
          (conv1): Conv2d(160, 128, kernel_size=(1, 1), stride=(1, 1), bias=False)
          (norm2): BatchNorm2d(128, eps=1e-05, momentum=0.1, affine=True, track_running_stats=True)
          (relu2): ReLU(inplace=True)
          (conv2): Conv2d(128, 32, kernel_size=(3, 3), stride=(1, 1), padding=(1, 1), bias=False)
        )
        (denselayer5): _DenseLayer(
          (norm1): BatchNorm2d(192, eps=1e-05, momentum=0.1, affine=True, track_running_stats=True)
          (relu1): ReLU(inplace=True)
          (conv1): Conv2d(192, 128, kernel_size=(1, 1), stride=(1, 1), bias=False)
          (norm2): BatchNorm2d(128, eps=1e-05, momentum=0.1, affine=True, track_running_stats=True)
          (relu2): ReLU(inplace=True)
          (conv2): Conv2d(128, 32, kernel_size=(3, 3), stride=(1, 1), padding=(1, 1), bias=False)
        )
        (denselayer6): _DenseLayer(
          (norm1): BatchNorm2d(224, eps=1e-05, momentum=0.1, affine=True, track_running_stats=True)
          (relu1): ReLU(inplace=True)
          (conv1): Conv2d(224, 128, kernel_size=(1, 1), stride=(1, 1), bias=False)
          (norm2): BatchNorm2d(128, eps=1e-05, momentum=0.1, affine=True, track_running_stats=True)
          (relu2): ReLU(inplace=True)
          (conv2): Conv2d(128, 32, kernel_size=(3, 3), stride=(1, 1), padding=(1, 1), bias=False)
        )
      )
      (transition1): _Transition(
        (norm): BatchNorm2d(256, eps=1e-05, momentum=0.1, affine=True, track_running_stats=True)
        (relu): ReLU(inplace=True)
        (conv): Conv2d(256, 128, kernel_size=(1, 1), stride=(1, 1), bias=False)
        (pool): AvgPool2d(kernel_size=2, stride=2, padding=0)
      )
      (denseblock2): _DenseBlock(
        (denselayer1): _DenseLayer(
          (norm1): BatchNorm2d(128, eps=1e-05, momentum=0.1, affine=True, track_running_stats=True)
          (relu1): ReLU(inplace=True)
          (conv1): Conv2d(128, 128, kernel_size=(1, 1), stride=(1, 1), bias=False)
          (norm2): BatchNorm2d(128, eps=1e-05, momentum=0.1, affine=True, track_running_stats=True)
          (relu2): ReLU(inplace=True)
          (conv2): Conv2d(128, 32, kernel_size=(3, 3), stride=(1, 1), padding=(1, 1), bias=False)
        )
        (denselayer2): _DenseLayer(
          (norm1): BatchNorm2d(160, eps=1e-05, momentum=0.1, affine=True, track_running_stats=True)
          (relu1): ReLU(inplace=True)
          (conv1): Conv2d(160, 128, kernel_size=(1, 1), stride=(1, 1), bias=False)
          (norm2): BatchNorm2d(128, eps=1e-05, momentum=0.1, affine=True, track_running_stats=True)
          (relu2): ReLU(inplace=True)
          (conv2): Conv2d(128, 32, kernel_size=(3, 3), stride=(1, 1), padding=(1, 1), bias=False)
        )
        (denselayer3): _DenseLayer(
          (norm1): BatchNorm2d(192, eps=1e-05, momentum=0.1, affine=True, track_running_stats=True)
          (relu1): ReLU(inplace=True)
          (conv1): Conv2d(192, 128, kernel_size=(1, 1), stride=(1, 1), bias=False)
          (norm2): BatchNorm2d(128, eps=1e-05, momentum=0.1, affine=True, track_running_stats=True)
          (relu2): ReLU(inplace=True)
          (conv2): Conv2d(128, 32, kernel_size=(3, 3), stride=(1, 1), padding=(1, 1), bias=False)
        )
        (denselayer4): _DenseLayer(
          (norm1): BatchNorm2d(224, eps=1e-05, momentum=0.1, affine=True, track_running_stats=True)
          (relu1): ReLU(inplace=True)
          (conv1): Conv2d(224, 128, kernel_size=(1, 1), stride=(1, 1), bias=False)
          (norm2): BatchNorm2d(128, eps=1e-05, momentum=0.1, affine=True, track_running_stats=True)
          (relu2): ReLU(inplace=True)
          (conv2): Conv2d(128, 32, kernel_size=(3, 3), stride=(1, 1), padding=(1, 1), bias=False)
        )
        (denselayer5): _DenseLayer(
          (norm1): BatchNorm2d(256, eps=1e-05, momentum=0.1, affine=True, track_running_stats=True)
          (relu1): ReLU(inplace=True)
          (conv1): Conv2d(256, 128, kernel_size=(1, 1), stride=(1, 1), bias=False)
          (norm2): BatchNorm2d(128, eps=1e-05, momentum=0.1, affine=True, track_running_stats=True)
          (relu2): ReLU(inplace=True)
          (conv2): Conv2d(128, 32, kernel_size=(3, 3), stride=(1, 1), padding=(1, 1), bias=False)
        )
        (denselayer6): _DenseLayer(
          (norm1): BatchNorm2d(288, eps=1e-05, momentum=0.1, affine=True, track_running_stats=True)
          (relu1): ReLU(inplace=True)
          (conv1): Conv2d(288, 128, kernel_size=(1, 1), stride=(1, 1), bias=False)
          (norm2): BatchNorm2d(128, eps=1e-05, momentum=0.1, affine=True, track_running_stats=True)
          (relu2): ReLU(inplace=True)
          (conv2): Conv2d(128, 32, kernel_size=(3, 3), stride=(1, 1), padding=(1, 1), bias=False)
        )
        (denselayer7): _DenseLayer(
          (norm1): BatchNorm2d(320, eps=1e-05, momentum=0.1, affine=True, track_running_stats=True)
          (relu1): ReLU(inplace=True)
          (conv1): Conv2d(320, 128, kernel_size=(1, 1), stride=(1, 1), bias=False)
          (norm2): BatchNorm2d(128, eps=1e-05, momentum=0.1, affine=True, track_running_stats=True)
          (relu2): ReLU(inplace=True)
          (conv2): Conv2d(128, 32, kernel_size=(3, 3), stride=(1, 1), padding=(1, 1), bias=False)
        )
        (denselayer8): _DenseLayer(
          (norm1): BatchNorm2d(352, eps=1e-05, momentum=0.1, affine=True, track_running_stats=True)
          (relu1): ReLU(inplace=True)
          (conv1): Conv2d(352, 128, kernel_size=(1, 1), stride=(1, 1), bias=False)
          (norm2): BatchNorm2d(128, eps=1e-05, momentum=0.1, affine=True, track_running_stats=True)
          (relu2): ReLU(inplace=True)
          (conv2): Conv2d(128, 32, kernel_size=(3, 3), stride=(1, 1), padding=(1, 1), bias=False)
        )
        (denselayer9): _DenseLayer(
          (norm1): BatchNorm2d(384, eps=1e-05, momentum=0.1, affine=True, track_running_stats=True)
          (relu1): ReLU(inplace=True)
          (conv1): Conv2d(384, 128, kernel_size=(1, 1), stride=(1, 1), bias=False)
          (norm2): BatchNorm2d(128, eps=1e-05, momentum=0.1, affine=True, track_running_stats=True)
          (relu2): ReLU(inplace=True)
          (conv2): Conv2d(128, 32, kernel_size=(3, 3), stride=(1, 1), padding=(1, 1), bias=False)
        )
        (denselayer10): _DenseLayer(
          (norm1): BatchNorm2d(416, eps=1e-05, momentum=0.1, affine=True, track_running_stats=True)
          (relu1): ReLU(inplace=True)
          (conv1): Conv2d(416, 128, kernel_size=(1, 1), stride=(1, 1), bias=False)
          (norm2): BatchNorm2d(128, eps=1e-05, momentum=0.1, affine=True, track_running_stats=True)
          (relu2): ReLU(inplace=True)
          (conv2): Conv2d(128, 32, kernel_size=(3, 3), stride=(1, 1), padding=(1, 1), bias=False)
        )
        (denselayer11): _DenseLayer(
          (norm1): BatchNorm2d(448, eps=1e-05, momentum=0.1, affine=True, track_running_stats=True)
          (relu1): ReLU(inplace=True)
          (conv1): Conv2d(448, 128, kernel_size=(1, 1), stride=(1, 1), bias=False)
          (norm2): BatchNorm2d(128, eps=1e-05, momentum=0.1, affine=True, track_running_stats=True)
          (relu2): ReLU(inplace=True)
          (conv2): Conv2d(128, 32, kernel_size=(3, 3), stride=(1, 1), padding=(1, 1), bias=False)
        )
        (denselayer12): _DenseLayer(
          (norm1): BatchNorm2d(480, eps=1e-05, momentum=0.1, affine=True, track_running_stats=True)
          (relu1): ReLU(inplace=True)
          (conv1): Conv2d(480, 128, kernel_size=(1, 1), stride=(1, 1), bias=False)
          (norm2): BatchNorm2d(128, eps=1e-05, momentum=0.1, affine=True, track_running_stats=True)
          (relu2): ReLU(inplace=True)
          (conv2): Conv2d(128, 32, kernel_size=(3, 3), stride=(1, 1), padding=(1, 1), bias=False)
        )
      )
      (transition2): _Transition(
        (norm): BatchNorm2d(512, eps=1e-05, momentum=0.1, affine=True, track_running_stats=True)
        (relu): ReLU(inplace=True)
        (conv): Conv2d(512, 256, kernel_size=(1, 1), stride=(1, 1), bias=False)
        (pool): AvgPool2d(kernel_size=2, stride=2, padding=0)
      )
      (denseblock3): _DenseBlock(
        (denselayer1): _DenseLayer(
          (norm1): BatchNorm2d(256, eps=1e-05, momentum=0.1, affine=True, track_running_stats=True)
          (relu1): ReLU(inplace=True)
          (conv1): Conv2d(256, 128, kernel_size=(1, 1), stride=(1, 1), bias=False)
          (norm2): BatchNorm2d(128, eps=1e-05, momentum=0.1, affine=True, track_running_stats=True)
          (relu2): ReLU(inplace=True)
          (conv2): Conv2d(128, 32, kernel_size=(3, 3), stride=(1, 1), padding=(1, 1), bias=False)
        )
        (denselayer2): _DenseLayer(
          (norm1): BatchNorm2d(288, eps=1e-05, momentum=0.1, affine=True, track_running_stats=True)
          (relu1): ReLU(inplace=True)
          (conv1): Conv2d(288, 128, kernel_size=(1, 1), stride=(1, 1), bias=False)
          (norm2): BatchNorm2d(128, eps=1e-05, momentum=0.1, affine=True, track_running_stats=True)
          (relu2): ReLU(inplace=True)
          (conv2): Conv2d(128, 32, kernel_size=(3, 3), stride=(1, 1), padding=(1, 1), bias=False)
        )
        (denselayer3): _DenseLayer(
          (norm1): BatchNorm2d(320, eps=1e-05, momentum=0.1, affine=True, track_running_stats=True)
          (relu1): ReLU(inplace=True)
          (conv1): Conv2d(320, 128, kernel_size=(1, 1), stride=(1, 1), bias=False)
          (norm2): BatchNorm2d(128, eps=1e-05, momentum=0.1, affine=True, track_running_stats=True)
          (relu2): ReLU(inplace=True)
          (conv2): Conv2d(128, 32, kernel_size=(3, 3), stride=(1, 1), padding=(1, 1), bias=False)
        )
        (denselayer4): _DenseLayer(
          (norm1): BatchNorm2d(352, eps=1e-05, momentum=0.1, affine=True, track_running_stats=True)
          (relu1): ReLU(inplace=True)
          (conv1): Conv2d(352, 128, kernel_size=(1, 1), stride=(1, 1), bias=False)
          (norm2): BatchNorm2d(128, eps=1e-05, momentum=0.1, affine=True, track_running_stats=True)
          (relu2): ReLU(inplace=True)
          (conv2): Conv2d(128, 32, kernel_size=(3, 3), stride=(1, 1), padding=(1, 1), bias=False)
        )
        (denselayer5): _DenseLayer(
          (norm1): BatchNorm2d(384, eps=1e-05, momentum=0.1, affine=True, track_running_stats=True)
          (relu1): ReLU(inplace=True)
          (conv1): Conv2d(384, 128, kernel_size=(1, 1), stride=(1, 1), bias=False)
          (norm2): BatchNorm2d(128, eps=1e-05, momentum=0.1, affine=True, track_running_stats=True)
          (relu2): ReLU(inplace=True)
          (conv2): Conv2d(128, 32, kernel_size=(3, 3), stride=(1, 1), padding=(1, 1), bias=False)
        )
        (denselayer6): _DenseLayer(
          (norm1): BatchNorm2d(416, eps=1e-05, momentum=0.1, affine=True, track_running_stats=True)
          (relu1): ReLU(inplace=True)
          (conv1): Conv2d(416, 128, kernel_size=(1, 1), stride=(1, 1), bias=False)
          (norm2): BatchNorm2d(128, eps=1e-05, momentum=0.1, affine=True, track_running_stats=True)
          (relu2): ReLU(inplace=True)
          (conv2): Conv2d(128, 32, kernel_size=(3, 3), stride=(1, 1), padding=(1, 1), bias=False)
        )
        (denselayer7): _DenseLayer(
          (norm1): BatchNorm2d(448, eps=1e-05, momentum=0.1, affine=True, track_running_stats=True)
          (relu1): ReLU(inplace=True)
          (conv1): Conv2d(448, 128, kernel_size=(1, 1), stride=(1, 1), bias=False)
          (norm2): BatchNorm2d(128, eps=1e-05, momentum=0.1, affine=True, track_running_stats=True)
          (relu2): ReLU(inplace=True)
          (conv2): Conv2d(128, 32, kernel_size=(3, 3), stride=(1, 1), padding=(1, 1), bias=False)
        )
        (denselayer8): _DenseLayer(
          (norm1): BatchNorm2d(480, eps=1e-05, momentum=0.1, affine=True, track_running_stats=True)
          (relu1): ReLU(inplace=True)
          (conv1): Conv2d(480, 128, kernel_size=(1, 1), stride=(1, 1), bias=False)
          (norm2): BatchNorm2d(128, eps=1e-05, momentum=0.1, affine=True, track_running_stats=True)
          (relu2): ReLU(inplace=True)
          (conv2): Conv2d(128, 32, kernel_size=(3, 3), stride=(1, 1), padding=(1, 1), bias=False)
        )
        (denselayer9): _DenseLayer(
          (norm1): BatchNorm2d(512, eps=1e-05, momentum=0.1, affine=True, track_running_stats=True)
          (relu1): ReLU(inplace=True)
          (conv1): Conv2d(512, 128, kernel_size=(1, 1), stride=(1, 1), bias=False)
          (norm2): BatchNorm2d(128, eps=1e-05, momentum=0.1, affine=True, track_running_stats=True)
          (relu2): ReLU(inplace=True)
          (conv2): Conv2d(128, 32, kernel_size=(3, 3), stride=(1, 1), padding=(1, 1), bias=False)
        )
        (denselayer10): _DenseLayer(
          (norm1): BatchNorm2d(544, eps=1e-05, momentum=0.1, affine=True, track_running_stats=True)
          (relu1): ReLU(inplace=True)
          (conv1): Conv2d(544, 128, kernel_size=(1, 1), stride=(1, 1), bias=False)
          (norm2): BatchNorm2d(128, eps=1e-05, momentum=0.1, affine=True, track_running_stats=True)
          (relu2): ReLU(inplace=True)
          (conv2): Conv2d(128, 32, kernel_size=(3, 3), stride=(1, 1), padding=(1, 1), bias=False)
        )
        (denselayer11): _DenseLayer(
          (norm1): BatchNorm2d(576, eps=1e-05, momentum=0.1, affine=True, track_running_stats=True)
          (relu1): ReLU(inplace=True)
          (conv1): Conv2d(576, 128, kernel_size=(1, 1), stride=(1, 1), bias=False)
          (norm2): BatchNorm2d(128, eps=1e-05, momentum=0.1, affine=True, track_running_stats=True)
          (relu2): ReLU(inplace=True)
          (conv2): Conv2d(128, 32, kernel_size=(3, 3), stride=(1, 1), padding=(1, 1), bias=False)
        )
        (denselayer12): _DenseLayer(
          (norm1): BatchNorm2d(608, eps=1e-05, momentum=0.1, affine=True, track_running_stats=True)
          (relu1): ReLU(inplace=True)
          (conv1): Conv2d(608, 128, kernel_size=(1, 1), stride=(1, 1), bias=False)
          (norm2): BatchNorm2d(128, eps=1e-05, momentum=0.1, affine=True, track_running_stats=True)
          (relu2): ReLU(inplace=True)
          (conv2): Conv2d(128, 32, kernel_size=(3, 3), stride=(1, 1), padding=(1, 1), bias=False)
        )
        (denselayer13): _DenseLayer(
          (norm1): BatchNorm2d(640, eps=1e-05, momentum=0.1, affine=True, track_running_stats=True)
          (relu1): ReLU(inplace=True)
          (conv1): Conv2d(640, 128, kernel_size=(1, 1), stride=(1, 1), bias=False)
          (norm2): BatchNorm2d(128, eps=1e-05, momentum=0.1, affine=True, track_running_stats=True)
          (relu2): ReLU(inplace=True)
          (conv2): Conv2d(128, 32, kernel_size=(3, 3), stride=(1, 1), padding=(1, 1), bias=False)
        )
        (denselayer14): _DenseLayer(
          (norm1): BatchNorm2d(672, eps=1e-05, momentum=0.1, affine=True, track_running_stats=True)
          (relu1): ReLU(inplace=True)
          (conv1): Conv2d(672, 128, kernel_size=(1, 1), stride=(1, 1), bias=False)
          (norm2): BatchNorm2d(128, eps=1e-05, momentum=0.1, affine=True, track_running_stats=True)
          (relu2): ReLU(inplace=True)
          (conv2): Conv2d(128, 32, kernel_size=(3, 3), stride=(1, 1), padding=(1, 1), bias=False)
        )
        (denselayer15): _DenseLayer(
          (norm1): BatchNorm2d(704, eps=1e-05, momentum=0.1, affine=True, track_running_stats=True)
          (relu1): ReLU(inplace=True)
          (conv1): Conv2d(704, 128, kernel_size=(1, 1), stride=(1, 1), bias=False)
          (norm2): BatchNorm2d(128, eps=1e-05, momentum=0.1, affine=True, track_running_stats=True)
          (relu2): ReLU(inplace=True)
          (conv2): Conv2d(128, 32, kernel_size=(3, 3), stride=(1, 1), padding=(1, 1), bias=False)
        )
        (denselayer16): _DenseLayer(
          (norm1): BatchNorm2d(736, eps=1e-05, momentum=0.1, affine=True, track_running_stats=True)
          (relu1): ReLU(inplace=True)
          (conv1): Conv2d(736, 128, kernel_size=(1, 1), stride=(1, 1), bias=False)
          (norm2): BatchNorm2d(128, eps=1e-05, momentum=0.1, affine=True, track_running_stats=True)
          (relu2): ReLU(inplace=True)
          (conv2): Conv2d(128, 32, kernel_size=(3, 3), stride=(1, 1), padding=(1, 1), bias=False)
        )
        (denselayer17): _DenseLayer(
          (norm1): BatchNorm2d(768, eps=1e-05, momentum=0.1, affine=True, track_running_stats=True)
          (relu1): ReLU(inplace=True)
          (conv1): Conv2d(768, 128, kernel_size=(1, 1), stride=(1, 1), bias=False)
          (norm2): BatchNorm2d(128, eps=1e-05, momentum=0.1, affine=True, track_running_stats=True)
          (relu2): ReLU(inplace=True)
          (conv2): Conv2d(128, 32, kernel_size=(3, 3), stride=(1, 1), padding=(1, 1), bias=False)
        )
        (denselayer18): _DenseLayer(
          (norm1): BatchNorm2d(800, eps=1e-05, momentum=0.1, affine=True, track_running_stats=True)
          (relu1): ReLU(inplace=True)
          (conv1): Conv2d(800, 128, kernel_size=(1, 1), stride=(1, 1), bias=False)
          (norm2): BatchNorm2d(128, eps=1e-05, momentum=0.1, affine=True, track_running_stats=True)
          (relu2): ReLU(inplace=True)
          (conv2): Conv2d(128, 32, kernel_size=(3, 3), stride=(1, 1), padding=(1, 1), bias=False)
        )
        (denselayer19): _DenseLayer(
          (norm1): BatchNorm2d(832, eps=1e-05, momentum=0.1, affine=True, track_running_stats=True)
          (relu1): ReLU(inplace=True)
          (conv1): Conv2d(832, 128, kernel_size=(1, 1), stride=(1, 1), bias=False)
          (norm2): BatchNorm2d(128, eps=1e-05, momentum=0.1, affine=True, track_running_stats=True)
          (relu2): ReLU(inplace=True)
          (conv2): Conv2d(128, 32, kernel_size=(3, 3), stride=(1, 1), padding=(1, 1), bias=False)
        )
        (denselayer20): _DenseLayer(
          (norm1): BatchNorm2d(864, eps=1e-05, momentum=0.1, affine=True, track_running_stats=True)
          (relu1): ReLU(inplace=True)
          (conv1): Conv2d(864, 128, kernel_size=(1, 1), stride=(1, 1), bias=False)
          (norm2): BatchNorm2d(128, eps=1e-05, momentum=0.1, affine=True, track_running_stats=True)
          (relu2): ReLU(inplace=True)
          (conv2): Conv2d(128, 32, kernel_size=(3, 3), stride=(1, 1), padding=(1, 1), bias=False)
        )
        (denselayer21): _DenseLayer(
          (norm1): BatchNorm2d(896, eps=1e-05, momentum=0.1, affine=True, track_running_stats=True)
          (relu1): ReLU(inplace=True)
          (conv1): Conv2d(896, 128, kernel_size=(1, 1), stride=(1, 1), bias=False)
          (norm2): BatchNorm2d(128, eps=1e-05, momentum=0.1, affine=True, track_running_stats=True)
          (relu2): ReLU(inplace=True)
          (conv2): Conv2d(128, 32, kernel_size=(3, 3), stride=(1, 1), padding=(1, 1), bias=False)
        )
        (denselayer22): _DenseLayer(
          (norm1): BatchNorm2d(928, eps=1e-05, momentum=0.1, affine=True, track_running_stats=True)
          (relu1): ReLU(inplace=True)
          (conv1): Conv2d(928, 128, kernel_size=(1, 1), stride=(1, 1), bias=False)
          (norm2): BatchNorm2d(128, eps=1e-05, momentum=0.1, affine=True, track_running_stats=True)
          (relu2): ReLU(inplace=True)
          (conv2): Conv2d(128, 32, kernel_size=(3, 3), stride=(1, 1), padding=(1, 1), bias=False)
        )
        (denselayer23): _DenseLayer(
          (norm1): BatchNorm2d(960, eps=1e-05, momentum=0.1, affine=True, track_running_stats=True)
          (relu1): ReLU(inplace=True)
          (conv1): Conv2d(960, 128, kernel_size=(1, 1), stride=(1, 1), bias=False)
          (norm2): BatchNorm2d(128, eps=1e-05, momentum=0.1, affine=True, track_running_stats=True)
          (relu2): ReLU(inplace=True)
          (conv2): Conv2d(128, 32, kernel_size=(3, 3), stride=(1, 1), padding=(1, 1), bias=False)
        )
        (denselayer24): _DenseLayer(
          (norm1): BatchNorm2d(992, eps=1e-05, momentum=0.1, affine=True, track_running_stats=True)
          (relu1): ReLU(inplace=True)
          (conv1): Conv2d(992, 128, kernel_size=(1, 1), stride=(1, 1), bias=False)
          (norm2): BatchNorm2d(128, eps=1e-05, momentum=0.1, affine=True, track_running_stats=True)
          (relu2): ReLU(inplace=True)
          (conv2): Conv2d(128, 32, kernel_size=(3, 3), stride=(1, 1), padding=(1, 1), bias=False)
        )
        (denselayer25): _DenseLayer(
          (norm1): BatchNorm2d(1024, eps=1e-05, momentum=0.1, affine=True, track_running_stats=True)
          (relu1): ReLU(inplace=True)
          (conv1): Conv2d(1024, 128, kernel_size=(1, 1), stride=(1, 1), bias=False)
          (norm2): BatchNorm2d(128, eps=1e-05, momentum=0.1, affine=True, track_running_stats=True)
          (relu2): ReLU(inplace=True)
          (conv2): Conv2d(128, 32, kernel_size=(3, 3), stride=(1, 1), padding=(1, 1), bias=False)
        )
        (denselayer26): _DenseLayer(
          (norm1): BatchNorm2d(1056, eps=1e-05, momentum=0.1, affine=True, track_running_stats=True)
          (relu1): ReLU(inplace=True)
          (conv1): Conv2d(1056, 128, kernel_size=(1, 1), stride=(1, 1), bias=False)
          (norm2): BatchNorm2d(128, eps=1e-05, momentum=0.1, affine=True, track_running_stats=True)
          (relu2): ReLU(inplace=True)
          (conv2): Conv2d(128, 32, kernel_size=(3, 3), stride=(1, 1), padding=(1, 1), bias=False)
        )
        (denselayer27): _DenseLayer(
          (norm1): BatchNorm2d(1088, eps=1e-05, momentum=0.1, affine=True, track_running_stats=True)
          (relu1): ReLU(inplace=True)
          (conv1): Conv2d(1088, 128, kernel_size=(1, 1), stride=(1, 1), bias=False)
          (norm2): BatchNorm2d(128, eps=1e-05, momentum=0.1, affine=True, track_running_stats=True)
          (relu2): ReLU(inplace=True)
          (conv2): Conv2d(128, 32, kernel_size=(3, 3), stride=(1, 1), padding=(1, 1), bias=False)
        )
        (denselayer28): _DenseLayer(
          (norm1): BatchNorm2d(1120, eps=1e-05, momentum=0.1, affine=True, track_running_stats=True)
          (relu1): ReLU(inplace=True)
          (conv1): Conv2d(1120, 128, kernel_size=(1, 1), stride=(1, 1), bias=False)
          (norm2): BatchNorm2d(128, eps=1e-05, momentum=0.1, affine=True, track_running_stats=True)
          (relu2): ReLU(inplace=True)
          (conv2): Conv2d(128, 32, kernel_size=(3, 3), stride=(1, 1), padding=(1, 1), bias=False)
        )
        (denselayer29): _DenseLayer(
          (norm1): BatchNorm2d(1152, eps=1e-05, momentum=0.1, affine=True, track_running_stats=True)
          (relu1): ReLU(inplace=True)
          (conv1): Conv2d(1152, 128, kernel_size=(1, 1), stride=(1, 1), bias=False)
          (norm2): BatchNorm2d(128, eps=1e-05, momentum=0.1, affine=True, track_running_stats=True)
          (relu2): ReLU(inplace=True)
          (conv2): Conv2d(128, 32, kernel_size=(3, 3), stride=(1, 1), padding=(1, 1), bias=False)
        )
        (denselayer30): _DenseLayer(
          (norm1): BatchNorm2d(1184, eps=1e-05, momentum=0.1, affine=True, track_running_stats=True)
          (relu1): ReLU(inplace=True)
          (conv1): Conv2d(1184, 128, kernel_size=(1, 1), stride=(1, 1), bias=False)
          (norm2): BatchNorm2d(128, eps=1e-05, momentum=0.1, affine=True, track_running_stats=True)
          (relu2): ReLU(inplace=True)
          (conv2): Conv2d(128, 32, kernel_size=(3, 3), stride=(1, 1), padding=(1, 1), bias=False)
        )
        (denselayer31): _DenseLayer(
          (norm1): BatchNorm2d(1216, eps=1e-05, momentum=0.1, affine=True, track_running_stats=True)
          (relu1): ReLU(inplace=True)
          (conv1): Conv2d(1216, 128, kernel_size=(1, 1), stride=(1, 1), bias=False)
          (norm2): BatchNorm2d(128, eps=1e-05, momentum=0.1, affine=True, track_running_stats=True)
          (relu2): ReLU(inplace=True)
          (conv2): Conv2d(128, 32, kernel_size=(3, 3), stride=(1, 1), padding=(1, 1), bias=False)
        )
        (denselayer32): _DenseLayer(
          (norm1): BatchNorm2d(1248, eps=1e-05, momentum=0.1, affine=True, track_running_stats=True)
          (relu1): ReLU(inplace=True)
          (conv1): Conv2d(1248, 128, kernel_size=(1, 1), stride=(1, 1), bias=False)
          (norm2): BatchNorm2d(128, eps=1e-05, momentum=0.1, affine=True, track_running_stats=True)
          (relu2): ReLU(inplace=True)
          (conv2): Conv2d(128, 32, kernel_size=(3, 3), stride=(1, 1), padding=(1, 1), bias=False)
        )
        (denselayer33): _DenseLayer(
          (norm1): BatchNorm2d(1280, eps=1e-05, momentum=0.1, affine=True, track_running_stats=True)
          (relu1): ReLU(inplace=True)
          (conv1): Conv2d(1280, 128, kernel_size=(1, 1), stride=(1, 1), bias=False)
          (norm2): BatchNorm2d(128, eps=1e-05, momentum=0.1, affine=True, track_running_stats=True)
          (relu2): ReLU(inplace=True)
          (conv2): Conv2d(128, 32, kernel_size=(3, 3), stride=(1, 1), padding=(1, 1), bias=False)
        )
        (denselayer34): _DenseLayer(
          (norm1): BatchNorm2d(1312, eps=1e-05, momentum=0.1, affine=True, track_running_stats=True)
          (relu1): ReLU(inplace=True)
          (conv1): Conv2d(1312, 128, kernel_size=(1, 1), stride=(1, 1), bias=False)
          (norm2): BatchNorm2d(128, eps=1e-05, momentum=0.1, affine=True, track_running_stats=True)
          (relu2): ReLU(inplace=True)
          (conv2): Conv2d(128, 32, kernel_size=(3, 3), stride=(1, 1), padding=(1, 1), bias=False)
        )
        (denselayer35): _DenseLayer(
          (norm1): BatchNorm2d(1344, eps=1e-05, momentum=0.1, affine=True, track_running_stats=True)
          (relu1): ReLU(inplace=True)
          (conv1): Conv2d(1344, 128, kernel_size=(1, 1), stride=(1, 1), bias=False)
          (norm2): BatchNorm2d(128, eps=1e-05, momentum=0.1, affine=True, track_running_stats=True)
          (relu2): ReLU(inplace=True)
          (conv2): Conv2d(128, 32, kernel_size=(3, 3), stride=(1, 1), padding=(1, 1), bias=False)
        )
        (denselayer36): _DenseLayer(
          (norm1): BatchNorm2d(1376, eps=1e-05, momentum=0.1, affine=True, track_running_stats=True)
          (relu1): ReLU(inplace=True)
          (conv1): Conv2d(1376, 128, kernel_size=(1, 1), stride=(1, 1), bias=False)
          (norm2): BatchNorm2d(128, eps=1e-05, momentum=0.1, affine=True, track_running_stats=True)
          (relu2): ReLU(inplace=True)
          (conv2): Conv2d(128, 32, kernel_size=(3, 3), stride=(1, 1), padding=(1, 1), bias=False)
        )
        (denselayer37): _DenseLayer(
          (norm1): BatchNorm2d(1408, eps=1e-05, momentum=0.1, affine=True, track_running_stats=True)
          (relu1): ReLU(inplace=True)
          (conv1): Conv2d(1408, 128, kernel_size=(1, 1), stride=(1, 1), bias=False)
          (norm2): BatchNorm2d(128, eps=1e-05, momentum=0.1, affine=True, track_running_stats=True)
          (relu2): ReLU(inplace=True)
          (conv2): Conv2d(128, 32, kernel_size=(3, 3), stride=(1, 1), padding=(1, 1), bias=False)
        )
        (denselayer38): _DenseLayer(
          (norm1): BatchNorm2d(1440, eps=1e-05, momentum=0.1, affine=True, track_running_stats=True)
          (relu1): ReLU(inplace=True)
          (conv1): Conv2d(1440, 128, kernel_size=(1, 1), stride=(1, 1), bias=False)
          (norm2): BatchNorm2d(128, eps=1e-05, momentum=0.1, affine=True, track_running_stats=True)
          (relu2): ReLU(inplace=True)
          (conv2): Conv2d(128, 32, kernel_size=(3, 3), stride=(1, 1), padding=(1, 1), bias=False)
        )
        (denselayer39): _DenseLayer(
          (norm1): BatchNorm2d(1472, eps=1e-05, momentum=0.1, affine=True, track_running_stats=True)
          (relu1): ReLU(inplace=True)
          (conv1): Conv2d(1472, 128, kernel_size=(1, 1), stride=(1, 1), bias=False)
          (norm2): BatchNorm2d(128, eps=1e-05, momentum=0.1, affine=True, track_running_stats=True)
          (relu2): ReLU(inplace=True)
          (conv2): Conv2d(128, 32, kernel_size=(3, 3), stride=(1, 1), padding=(1, 1), bias=False)
        )
        (denselayer40): _DenseLayer(
          (norm1): BatchNorm2d(1504, eps=1e-05, momentum=0.1, affine=True, track_running_stats=True)
          (relu1): ReLU(inplace=True)
          (conv1): Conv2d(1504, 128, kernel_size=(1, 1), stride=(1, 1), bias=False)
          (norm2): BatchNorm2d(128, eps=1e-05, momentum=0.1, affine=True, track_running_stats=True)
          (relu2): ReLU(inplace=True)
          (conv2): Conv2d(128, 32, kernel_size=(3, 3), stride=(1, 1), padding=(1, 1), bias=False)
        )
        (denselayer41): _DenseLayer(
          (norm1): BatchNorm2d(1536, eps=1e-05, momentum=0.1, affine=True, track_running_stats=True)
          (relu1): ReLU(inplace=True)
          (conv1): Conv2d(1536, 128, kernel_size=(1, 1), stride=(1, 1), bias=False)
          (norm2): BatchNorm2d(128, eps=1e-05, momentum=0.1, affine=True, track_running_stats=True)
          (relu2): ReLU(inplace=True)
          (conv2): Conv2d(128, 32, kernel_size=(3, 3), stride=(1, 1), padding=(1, 1), bias=False)
        )
        (denselayer42): _DenseLayer(
          (norm1): BatchNorm2d(1568, eps=1e-05, momentum=0.1, affine=True, track_running_stats=True)
          (relu1): ReLU(inplace=True)
          (conv1): Conv2d(1568, 128, kernel_size=(1, 1), stride=(1, 1), bias=False)
          (norm2): BatchNorm2d(128, eps=1e-05, momentum=0.1, affine=True, track_running_stats=True)
          (relu2): ReLU(inplace=True)
          (conv2): Conv2d(128, 32, kernel_size=(3, 3), stride=(1, 1), padding=(1, 1), bias=False)
        )
        (denselayer43): _DenseLayer(
          (norm1): BatchNorm2d(1600, eps=1e-05, momentum=0.1, affine=True, track_running_stats=True)
          (relu1): ReLU(inplace=True)
          (conv1): Conv2d(1600, 128, kernel_size=(1, 1), stride=(1, 1), bias=False)
          (norm2): BatchNorm2d(128, eps=1e-05, momentum=0.1, affine=True, track_running_stats=True)
          (relu2): ReLU(inplace=True)
          (conv2): Conv2d(128, 32, kernel_size=(3, 3), stride=(1, 1), padding=(1, 1), bias=False)
        )
        (denselayer44): _DenseLayer(
          (norm1): BatchNorm2d(1632, eps=1e-05, momentum=0.1, affine=True, track_running_stats=True)
          (relu1): ReLU(inplace=True)
          (conv1): Conv2d(1632, 128, kernel_size=(1, 1), stride=(1, 1), bias=False)
          (norm2): BatchNorm2d(128, eps=1e-05, momentum=0.1, affine=True, track_running_stats=True)
          (relu2): ReLU(inplace=True)
          (conv2): Conv2d(128, 32, kernel_size=(3, 3), stride=(1, 1), padding=(1, 1), bias=False)
        )
        (denselayer45): _DenseLayer(
          (norm1): BatchNorm2d(1664, eps=1e-05, momentum=0.1, affine=True, track_running_stats=True)
          (relu1): ReLU(inplace=True)
          (conv1): Conv2d(1664, 128, kernel_size=(1, 1), stride=(1, 1), bias=False)
          (norm2): BatchNorm2d(128, eps=1e-05, momentum=0.1, affine=True, track_running_stats=True)
          (relu2): ReLU(inplace=True)
          (conv2): Conv2d(128, 32, kernel_size=(3, 3), stride=(1, 1), padding=(1, 1), bias=False)
        )
        (denselayer46): _DenseLayer(
          (norm1): BatchNorm2d(1696, eps=1e-05, momentum=0.1, affine=True, track_running_stats=True)
          (relu1): ReLU(inplace=True)
          (conv1): Conv2d(1696, 128, kernel_size=(1, 1), stride=(1, 1), bias=False)
          (norm2): BatchNorm2d(128, eps=1e-05, momentum=0.1, affine=True, track_running_stats=True)
          (relu2): ReLU(inplace=True)
          (conv2): Conv2d(128, 32, kernel_size=(3, 3), stride=(1, 1), padding=(1, 1), bias=False)
        )
        (denselayer47): _DenseLayer(
          (norm1): BatchNorm2d(1728, eps=1e-05, momentum=0.1, affine=True, track_running_stats=True)
          (relu1): ReLU(inplace=True)
          (conv1): Conv2d(1728, 128, kernel_size=(1, 1), stride=(1, 1), bias=False)
          (norm2): BatchNorm2d(128, eps=1e-05, momentum=0.1, affine=True, track_running_stats=True)
          (relu2): ReLU(inplace=True)
          (conv2): Conv2d(128, 32, kernel_size=(3, 3), stride=(1, 1), padding=(1, 1), bias=False)
        )
        (denselayer48): _DenseLayer(
          (norm1): BatchNorm2d(1760, eps=1e-05, momentum=0.1, affine=True, track_running_stats=True)
          (relu1): ReLU(inplace=True)
          (conv1): Conv2d(1760, 128, kernel_size=(1, 1), stride=(1, 1), bias=False)
          (norm2): BatchNorm2d(128, eps=1e-05, momentum=0.1, affine=True, track_running_stats=True)
          (relu2): ReLU(inplace=True)
          (conv2): Conv2d(128, 32, kernel_size=(3, 3), stride=(1, 1), padding=(1, 1), bias=False)
        )
      )
      (transition3): _Transition(
        (norm): BatchNorm2d(1792, eps=1e-05, momentum=0.1, affine=True, track_running_stats=True)
        (relu): ReLU(inplace=True)
        (conv): Conv2d(1792, 896, kernel_size=(1, 1), stride=(1, 1), bias=False)
        (pool): AvgPool2d(kernel_size=2, stride=2, padding=0)
      )
      (denseblock4): _DenseBlock(
        (denselayer1): _DenseLayer(
          (norm1): BatchNorm2d(896, eps=1e-05, momentum=0.1, affine=True, track_running_stats=True)
          (relu1): ReLU(inplace=True)
          (conv1): Conv2d(896, 128, kernel_size=(1, 1), stride=(1, 1), bias=False)
          (norm2): BatchNorm2d(128, eps=1e-05, momentum=0.1, affine=True, track_running_stats=True)
          (relu2): ReLU(inplace=True)
          (conv2): Conv2d(128, 32, kernel_size=(3, 3), stride=(1, 1), padding=(1, 1), bias=False)
        )
        (denselayer2): _DenseLayer(
          (norm1): BatchNorm2d(928, eps=1e-05, momentum=0.1, affine=True, track_running_stats=True)
          (relu1): ReLU(inplace=True)
          (conv1): Conv2d(928, 128, kernel_size=(1, 1), stride=(1, 1), bias=False)
          (norm2): BatchNorm2d(128, eps=1e-05, momentum=0.1, affine=True, track_running_stats=True)
          (relu2): ReLU(inplace=True)
          (conv2): Conv2d(128, 32, kernel_size=(3, 3), stride=(1, 1), padding=(1, 1), bias=False)
        )
        (denselayer3): _DenseLayer(
          (norm1): BatchNorm2d(960, eps=1e-05, momentum=0.1, affine=True, track_running_stats=True)
          (relu1): ReLU(inplace=True)
          (conv1): Conv2d(960, 128, kernel_size=(1, 1), stride=(1, 1), bias=False)
          (norm2): BatchNorm2d(128, eps=1e-05, momentum=0.1, affine=True, track_running_stats=True)
          (relu2): ReLU(inplace=True)
          (conv2): Conv2d(128, 32, kernel_size=(3, 3), stride=(1, 1), padding=(1, 1), bias=False)
        )
        (denselayer4): _DenseLayer(
          (norm1): BatchNorm2d(992, eps=1e-05, momentum=0.1, affine=True, track_running_stats=True)
          (relu1): ReLU(inplace=True)
          (conv1): Conv2d(992, 128, kernel_size=(1, 1), stride=(1, 1), bias=False)
          (norm2): BatchNorm2d(128, eps=1e-05, momentum=0.1, affine=True, track_running_stats=True)
          (relu2): ReLU(inplace=True)
          (conv2): Conv2d(128, 32, kernel_size=(3, 3), stride=(1, 1), padding=(1, 1), bias=False)
        )
        (denselayer5): _DenseLayer(
          (norm1): BatchNorm2d(1024, eps=1e-05, momentum=0.1, affine=True, track_running_stats=True)
          (relu1): ReLU(inplace=True)
          (conv1): Conv2d(1024, 128, kernel_size=(1, 1), stride=(1, 1), bias=False)
          (norm2): BatchNorm2d(128, eps=1e-05, momentum=0.1, affine=True, track_running_stats=True)
          (relu2): ReLU(inplace=True)
          (conv2): Conv2d(128, 32, kernel_size=(3, 3), stride=(1, 1), padding=(1, 1), bias=False)
        )
        (denselayer6): _DenseLayer(
          (norm1): BatchNorm2d(1056, eps=1e-05, momentum=0.1, affine=True, track_running_stats=True)
          (relu1): ReLU(inplace=True)
          (conv1): Conv2d(1056, 128, kernel_size=(1, 1), stride=(1, 1), bias=False)
          (norm2): BatchNorm2d(128, eps=1e-05, momentum=0.1, affine=True, track_running_stats=True)
          (relu2): ReLU(inplace=True)
          (conv2): Conv2d(128, 32, kernel_size=(3, 3), stride=(1, 1), padding=(1, 1), bias=False)
        )
        (denselayer7): _DenseLayer(
          (norm1): BatchNorm2d(1088, eps=1e-05, momentum=0.1, affine=True, track_running_stats=True)
          (relu1): ReLU(inplace=True)
          (conv1): Conv2d(1088, 128, kernel_size=(1, 1), stride=(1, 1), bias=False)
          (norm2): BatchNorm2d(128, eps=1e-05, momentum=0.1, affine=True, track_running_stats=True)
          (relu2): ReLU(inplace=True)
          (conv2): Conv2d(128, 32, kernel_size=(3, 3), stride=(1, 1), padding=(1, 1), bias=False)
        )
        (denselayer8): _DenseLayer(
          (norm1): BatchNorm2d(1120, eps=1e-05, momentum=0.1, affine=True, track_running_stats=True)
          (relu1): ReLU(inplace=True)
          (conv1): Conv2d(1120, 128, kernel_size=(1, 1), stride=(1, 1), bias=False)
          (norm2): BatchNorm2d(128, eps=1e-05, momentum=0.1, affine=True, track_running_stats=True)
          (relu2): ReLU(inplace=True)
          (conv2): Conv2d(128, 32, kernel_size=(3, 3), stride=(1, 1), padding=(1, 1), bias=False)
        )
        (denselayer9): _DenseLayer(
          (norm1): BatchNorm2d(1152, eps=1e-05, momentum=0.1, affine=True, track_running_stats=True)
          (relu1): ReLU(inplace=True)
          (conv1): Conv2d(1152, 128, kernel_size=(1, 1), stride=(1, 1), bias=False)
          (norm2): BatchNorm2d(128, eps=1e-05, momentum=0.1, affine=True, track_running_stats=True)
          (relu2): ReLU(inplace=True)
          (conv2): Conv2d(128, 32, kernel_size=(3, 3), stride=(1, 1), padding=(1, 1), bias=False)
        )
        (denselayer10): _DenseLayer(
          (norm1): BatchNorm2d(1184, eps=1e-05, momentum=0.1, affine=True, track_running_stats=True)
          (relu1): ReLU(inplace=True)
          (conv1): Conv2d(1184, 128, kernel_size=(1, 1), stride=(1, 1), bias=False)
          (norm2): BatchNorm2d(128, eps=1e-05, momentum=0.1, affine=True, track_running_stats=True)
          (relu2): ReLU(inplace=True)
          (conv2): Conv2d(128, 32, kernel_size=(3, 3), stride=(1, 1), padding=(1, 1), bias=False)
        )
        (denselayer11): _DenseLayer(
          (norm1): BatchNorm2d(1216, eps=1e-05, momentum=0.1, affine=True, track_running_stats=True)
          (relu1): ReLU(inplace=True)
          (conv1): Conv2d(1216, 128, kernel_size=(1, 1), stride=(1, 1), bias=False)
          (norm2): BatchNorm2d(128, eps=1e-05, momentum=0.1, affine=True, track_running_stats=True)
          (relu2): ReLU(inplace=True)
          (conv2): Conv2d(128, 32, kernel_size=(3, 3), stride=(1, 1), padding=(1, 1), bias=False)
        )
        (denselayer12): _DenseLayer(
          (norm1): BatchNorm2d(1248, eps=1e-05, momentum=0.1, affine=True, track_running_stats=True)
          (relu1): ReLU(inplace=True)
          (conv1): Conv2d(1248, 128, kernel_size=(1, 1), stride=(1, 1), bias=False)
          (norm2): BatchNorm2d(128, eps=1e-05, momentum=0.1, affine=True, track_running_stats=True)
          (relu2): ReLU(inplace=True)
          (conv2): Conv2d(128, 32, kernel_size=(3, 3), stride=(1, 1), padding=(1, 1), bias=False)
        )
        (denselayer13): _DenseLayer(
          (norm1): BatchNorm2d(1280, eps=1e-05, momentum=0.1, affine=True, track_running_stats=True)
          (relu1): ReLU(inplace=True)
          (conv1): Conv2d(1280, 128, kernel_size=(1, 1), stride=(1, 1), bias=False)
          (norm2): BatchNorm2d(128, eps=1e-05, momentum=0.1, affine=True, track_running_stats=True)
          (relu2): ReLU(inplace=True)
          (conv2): Conv2d(128, 32, kernel_size=(3, 3), stride=(1, 1), padding=(1, 1), bias=False)
        )
        (denselayer14): _DenseLayer(
          (norm1): BatchNorm2d(1312, eps=1e-05, momentum=0.1, affine=True, track_running_stats=True)
          (relu1): ReLU(inplace=True)
          (conv1): Conv2d(1312, 128, kernel_size=(1, 1), stride=(1, 1), bias=False)
          (norm2): BatchNorm2d(128, eps=1e-05, momentum=0.1, affine=True, track_running_stats=True)
          (relu2): ReLU(inplace=True)
          (conv2): Conv2d(128, 32, kernel_size=(3, 3), stride=(1, 1), padding=(1, 1), bias=False)
        )
        (denselayer15): _DenseLayer(
          (norm1): BatchNorm2d(1344, eps=1e-05, momentum=0.1, affine=True, track_running_stats=True)
          (relu1): ReLU(inplace=True)
          (conv1): Conv2d(1344, 128, kernel_size=(1, 1), stride=(1, 1), bias=False)
          (norm2): BatchNorm2d(128, eps=1e-05, momentum=0.1, affine=True, track_running_stats=True)
          (relu2): ReLU(inplace=True)
          (conv2): Conv2d(128, 32, kernel_size=(3, 3), stride=(1, 1), padding=(1, 1), bias=False)
        )
        (denselayer16): _DenseLayer(
          (norm1): BatchNorm2d(1376, eps=1e-05, momentum=0.1, affine=True, track_running_stats=True)
          (relu1): ReLU(inplace=True)
          (conv1): Conv2d(1376, 128, kernel_size=(1, 1), stride=(1, 1), bias=False)
          (norm2): BatchNorm2d(128, eps=1e-05, momentum=0.1, affine=True, track_running_stats=True)
          (relu2): ReLU(inplace=True)
          (conv2): Conv2d(128, 32, kernel_size=(3, 3), stride=(1, 1), padding=(1, 1), bias=False)
        )
        (denselayer17): _DenseLayer(
          (norm1): BatchNorm2d(1408, eps=1e-05, momentum=0.1, affine=True, track_running_stats=True)
          (relu1): ReLU(inplace=True)
          (conv1): Conv2d(1408, 128, kernel_size=(1, 1), stride=(1, 1), bias=False)
          (norm2): BatchNorm2d(128, eps=1e-05, momentum=0.1, affine=True, track_running_stats=True)
          (relu2): ReLU(inplace=True)
          (conv2): Conv2d(128, 32, kernel_size=(3, 3), stride=(1, 1), padding=(1, 1), bias=False)
        )
        (denselayer18): _DenseLayer(
          (norm1): BatchNorm2d(1440, eps=1e-05, momentum=0.1, affine=True, track_running_stats=True)
          (relu1): ReLU(inplace=True)
          (conv1): Conv2d(1440, 128, kernel_size=(1, 1), stride=(1, 1), bias=False)
          (norm2): BatchNorm2d(128, eps=1e-05, momentum=0.1, affine=True, track_running_stats=True)
          (relu2): ReLU(inplace=True)
          (conv2): Conv2d(128, 32, kernel_size=(3, 3), stride=(1, 1), padding=(1, 1), bias=False)
        )
        (denselayer19): _DenseLayer(
          (norm1): BatchNorm2d(1472, eps=1e-05, momentum=0.1, affine=True, track_running_stats=True)
          (relu1): ReLU(inplace=True)
          (conv1): Conv2d(1472, 128, kernel_size=(1, 1), stride=(1, 1), bias=False)
          (norm2): BatchNorm2d(128, eps=1e-05, momentum=0.1, affine=True, track_running_stats=True)
          (relu2): ReLU(inplace=True)
          (conv2): Conv2d(128, 32, kernel_size=(3, 3), stride=(1, 1), padding=(1, 1), bias=False)
        )
        (denselayer20): _DenseLayer(
          (norm1): BatchNorm2d(1504, eps=1e-05, momentum=0.1, affine=True, track_running_stats=True)
          (relu1): ReLU(inplace=True)
          (conv1): Conv2d(1504, 128, kernel_size=(1, 1), stride=(1, 1), bias=False)
          (norm2): BatchNorm2d(128, eps=1e-05, momentum=0.1, affine=True, track_running_stats=True)
          (relu2): ReLU(inplace=True)
          (conv2): Conv2d(128, 32, kernel_size=(3, 3), stride=(1, 1), padding=(1, 1), bias=False)
        )
        (denselayer21): _DenseLayer(
          (norm1): BatchNorm2d(1536, eps=1e-05, momentum=0.1, affine=True, track_running_stats=True)
          (relu1): ReLU(inplace=True)
          (conv1): Conv2d(1536, 128, kernel_size=(1, 1), stride=(1, 1), bias=False)
          (norm2): BatchNorm2d(128, eps=1e-05, momentum=0.1, affine=True, track_running_stats=True)
          (relu2): ReLU(inplace=True)
          (conv2): Conv2d(128, 32, kernel_size=(3, 3), stride=(1, 1), padding=(1, 1), bias=False)
        )
        (denselayer22): _DenseLayer(
          (norm1): BatchNorm2d(1568, eps=1e-05, momentum=0.1, affine=True, track_running_stats=True)
          (relu1): ReLU(inplace=True)
          (conv1): Conv2d(1568, 128, kernel_size=(1, 1), stride=(1, 1), bias=False)
          (norm2): BatchNorm2d(128, eps=1e-05, momentum=0.1, affine=True, track_running_stats=True)
          (relu2): ReLU(inplace=True)
          (conv2): Conv2d(128, 32, kernel_size=(3, 3), stride=(1, 1), padding=(1, 1), bias=False)
        )
        (denselayer23): _DenseLayer(
          (norm1): BatchNorm2d(1600, eps=1e-05, momentum=0.1, affine=True, track_running_stats=True)
          (relu1): ReLU(inplace=True)
          (conv1): Conv2d(1600, 128, kernel_size=(1, 1), stride=(1, 1), bias=False)
          (norm2): BatchNorm2d(128, eps=1e-05, momentum=0.1, affine=True, track_running_stats=True)
          (relu2): ReLU(inplace=True)
          (conv2): Conv2d(128, 32, kernel_size=(3, 3), stride=(1, 1), padding=(1, 1), bias=False)
        )
        (denselayer24): _DenseLayer(
          (norm1): BatchNorm2d(1632, eps=1e-05, momentum=0.1, affine=True, track_running_stats=True)
          (relu1): ReLU(inplace=True)
          (conv1): Conv2d(1632, 128, kernel_size=(1, 1), stride=(1, 1), bias=False)
          (norm2): BatchNorm2d(128, eps=1e-05, momentum=0.1, affine=True, track_running_stats=True)
          (relu2): ReLU(inplace=True)
          (conv2): Conv2d(128, 32, kernel_size=(3, 3), stride=(1, 1), padding=(1, 1), bias=False)
        )
        (denselayer25): _DenseLayer(
          (norm1): BatchNorm2d(1664, eps=1e-05, momentum=0.1, affine=True, track_running_stats=True)
          (relu1): ReLU(inplace=True)
          (conv1): Conv2d(1664, 128, kernel_size=(1, 1), stride=(1, 1), bias=False)
          (norm2): BatchNorm2d(128, eps=1e-05, momentum=0.1, affine=True, track_running_stats=True)
          (relu2): ReLU(inplace=True)
          (conv2): Conv2d(128, 32, kernel_size=(3, 3), stride=(1, 1), padding=(1, 1), bias=False)
        )
        (denselayer26): _DenseLayer(
          (norm1): BatchNorm2d(1696, eps=1e-05, momentum=0.1, affine=True, track_running_stats=True)
          (relu1): ReLU(inplace=True)
          (conv1): Conv2d(1696, 128, kernel_size=(1, 1), stride=(1, 1), bias=False)
          (norm2): BatchNorm2d(128, eps=1e-05, momentum=0.1, affine=True, track_running_stats=True)
          (relu2): ReLU(inplace=True)
          (conv2): Conv2d(128, 32, kernel_size=(3, 3), stride=(1, 1), padding=(1, 1), bias=False)
        )
        (denselayer27): _DenseLayer(
          (norm1): BatchNorm2d(1728, eps=1e-05, momentum=0.1, affine=True, track_running_stats=True)
          (relu1): ReLU(inplace=True)
          (conv1): Conv2d(1728, 128, kernel_size=(1, 1), stride=(1, 1), bias=False)
          (norm2): BatchNorm2d(128, eps=1e-05, momentum=0.1, affine=True, track_running_stats=True)
          (relu2): ReLU(inplace=True)
          (conv2): Conv2d(128, 32, kernel_size=(3, 3), stride=(1, 1), padding=(1, 1), bias=False)
        )
        (denselayer28): _DenseLayer(
          (norm1): BatchNorm2d(1760, eps=1e-05, momentum=0.1, affine=True, track_running_stats=True)
          (relu1): ReLU(inplace=True)
          (conv1): Conv2d(1760, 128, kernel_size=(1, 1), stride=(1, 1), bias=False)
          (norm2): BatchNorm2d(128, eps=1e-05, momentum=0.1, affine=True, track_running_stats=True)
          (relu2): ReLU(inplace=True)
          (conv2): Conv2d(128, 32, kernel_size=(3, 3), stride=(1, 1), padding=(1, 1), bias=False)
        )
        (denselayer29): _DenseLayer(
          (norm1): BatchNorm2d(1792, eps=1e-05, momentum=0.1, affine=True, track_running_stats=True)
          (relu1): ReLU(inplace=True)
          (conv1): Conv2d(1792, 128, kernel_size=(1, 1), stride=(1, 1), bias=False)
          (norm2): BatchNorm2d(128, eps=1e-05, momentum=0.1, affine=True, track_running_stats=True)
          (relu2): ReLU(inplace=True)
          (conv2): Conv2d(128, 32, kernel_size=(3, 3), stride=(1, 1), padding=(1, 1), bias=False)
        )
        (denselayer30): _DenseLayer(
          (norm1): BatchNorm2d(1824, eps=1e-05, momentum=0.1, affine=True, track_running_stats=True)
          (relu1): ReLU(inplace=True)
          (conv1): Conv2d(1824, 128, kernel_size=(1, 1), stride=(1, 1), bias=False)
          (norm2): BatchNorm2d(128, eps=1e-05, momentum=0.1, affine=True, track_running_stats=True)
          (relu2): ReLU(inplace=True)
          (conv2): Conv2d(128, 32, kernel_size=(3, 3), stride=(1, 1), padding=(1, 1), bias=False)
        )
        (denselayer31): _DenseLayer(
          (norm1): BatchNorm2d(1856, eps=1e-05, momentum=0.1, affine=True, track_running_stats=True)
          (relu1): ReLU(inplace=True)
          (conv1): Conv2d(1856, 128, kernel_size=(1, 1), stride=(1, 1), bias=False)
          (norm2): BatchNorm2d(128, eps=1e-05, momentum=0.1, affine=True, track_running_stats=True)
          (relu2): ReLU(inplace=True)
          (conv2): Conv2d(128, 32, kernel_size=(3, 3), stride=(1, 1), padding=(1, 1), bias=False)
        )
        (denselayer32): _DenseLayer(
          (norm1): BatchNorm2d(1888, eps=1e-05, momentum=0.1, affine=True, track_running_stats=True)
          (relu1): ReLU(inplace=True)
          (conv1): Conv2d(1888, 128, kernel_size=(1, 1), stride=(1, 1), bias=False)
          (norm2): BatchNorm2d(128, eps=1e-05, momentum=0.1, affine=True, track_running_stats=True)
          (relu2): ReLU(inplace=True)
          (conv2): Conv2d(128, 32, kernel_size=(3, 3), stride=(1, 1), padding=(1, 1), bias=False)
        )
      )
      (norm5): BatchNorm2d(1920, eps=1e-05, momentum=0.1, affine=True, track_running_stats=True)
    )
    (classifier): Linear(in_features=1920, out_features=7, bias=True)
  )
)
2024-03-31 08:11:25,354 - INFO - All data has been loaded
2024-03-31 08:11:25,356 - INFO - Got hyper parametrs for current model:
2024-03-31 08:11:25,356 - INFO - batch size=32
2024-03-31 08:11:25,356 - INFO - Adam (
Parameter Group 0
    amsgrad: False
    betas: (0.9, 0.999)
    capturable: False
    differentiable: False
    eps: 1e-08
    foreach: None
    fused: None
    initial_lr: 0.0003
    lr: 0.0003
    maximize: False
    weight_decay: 3.4e-05
)
2024-03-31 08:11:25,356 - INFO - <torch.optim.lr_scheduler.CosineAnnealingLR object at 0x7ff0a3fad160>
2024-03-31 08:11:25,357 - INFO - DataLoaders initialized
2024-03-31 08:11:25,357 - INFO - HyperParams initiliazed, starting training...
2024-03-31 08:29:27,502 - INFO - Epoch: 1 | Loss: 0.0214 | Validation accuracy: 57.035% | Epoch Time: 1082.14 secs
2024-03-31 08:47:40,879 - INFO - Epoch: 2 | Loss: 0.0170 | Validation accuracy: 58.763% | Epoch Time: 1092.64 secs
2024-03-31 09:05:55,826 - INFO - Epoch: 3 | Loss: 0.0155 | Validation accuracy: 62.023% | Epoch Time: 1092.20 secs
2024-03-31 09:24:09,074 - INFO - Epoch: 4 | Loss: 0.0146 | Validation accuracy: 61.716% | Epoch Time: 1090.62 secs
2024-03-31 09:49:47,934 - INFO - Epoch: 5 | Loss: 0.0141 | Training accuracy: 84.751% | Validation accuracy: 62.469% | Epoch Time: 1537.81 secs
2024-03-31 10:08:02,102 - INFO - Epoch: 6 | Loss: 0.0137 | Validation accuracy: 64.948% | Epoch Time: 1091.95 secs
2024-03-31 10:26:14,801 - INFO - Epoch: 7 | Loss: 0.0133 | Validation accuracy: 63.750% | Epoch Time: 1090.53 secs
2024-03-31 10:44:27,307 - INFO - Epoch: 8 | Loss: 0.0130 | Validation accuracy: 62.942% | Epoch Time: 1091.26 secs
2024-03-31 11:02:39,765 - INFO - Epoch: 9 | Loss: 0.0128 | Validation accuracy: 65.450% | Epoch Time: 1091.09 secs
2024-03-31 11:28:21,419 - INFO - Epoch: 10 | Loss: 0.0125 | Training accuracy: 86.035% | Validation accuracy: 64.753% | Epoch Time: 1539.69 secs
2024-03-31 11:46:35,475 - INFO - Epoch: 11 | Loss: 0.0123 | Validation accuracy: 65.088% | Epoch Time: 1092.82 secs
2024-03-31 12:04:47,721 - INFO - Epoch: 12 | Loss: 0.0122 | Validation accuracy: 65.143% | Epoch Time: 1090.60 secs
2024-03-31 12:23:00,157 - INFO - Epoch: 13 | Loss: 0.0120 | Validation accuracy: 65.116% | Epoch Time: 1090.81 secs
2024-03-31 12:41:08,273 - INFO - Epoch: 14 | Loss: 0.0119 | Validation accuracy: 65.450% | Epoch Time: 1086.66 secs
2024-03-31 13:06:46,756 - INFO - Epoch: 15 | Loss: 0.0118 | Training accuracy: 86.698% | Validation accuracy: 65.840% | Epoch Time: 1537.42 secs
2024-03-31 13:24:56,228 - INFO - Epoch: 16 | Loss: 0.0116 | Validation accuracy: 67.233% | Epoch Time: 1087.03 secs
2024-03-31 13:43:10,325 - INFO - Epoch: 17 | Loss: 0.0115 | Validation accuracy: 66.537% | Epoch Time: 1091.92 secs
2024-03-31 14:01:23,902 - INFO - Epoch: 18 | Loss: 0.0114 | Validation accuracy: 66.760% | Epoch Time: 1092.74 secs
2024-03-31 14:19:32,227 - INFO - Epoch: 19 | Loss: 0.0113 | Validation accuracy: 66.397% | Epoch Time: 1087.48 secs
2024-03-31 14:45:12,834 - INFO - Epoch: 20 | Loss: 0.0112 | Training accuracy: 87.779% | Validation accuracy: 68.013% | Epoch Time: 1539.02 secs
2024-03-31 15:03:29,928 - INFO - Epoch: 21 | Loss: 0.0111 | Validation accuracy: 66.982% | Epoch Time: 1095.26 secs
2024-03-31 15:21:46,190 - INFO - Epoch: 22 | Loss: 0.0110 | Validation accuracy: 66.871% | Epoch Time: 1095.31 secs
2024-03-31 15:40:03,786 - INFO - Epoch: 23 | Loss: 0.0109 | Validation accuracy: 67.373% | Epoch Time: 1095.94 secs
2024-03-31 15:58:22,171 - INFO - Epoch: 24 | Loss: 0.0108 | Validation accuracy: 68.933% | Epoch Time: 1097.52 secs
2024-03-31 16:24:07,744 - INFO - Epoch: 25 | Loss: 0.0108 | Training accuracy: 88.247% | Validation accuracy: 67.874% | Epoch Time: 1542.84 secs
2024-03-31 16:42:26,744 - INFO - Epoch: 26 | Loss: 0.0107 | Validation accuracy: 67.651% | Epoch Time: 1097.73 secs
2024-03-31 17:00:48,941 - INFO - Epoch: 27 | Loss: 0.0105 | Validation accuracy: 68.264% | Epoch Time: 1100.96 secs
2024-03-31 17:19:09,425 - INFO - Epoch: 28 | Loss: 0.0105 | Validation accuracy: 68.264% | Epoch Time: 1099.42 secs
2024-03-31 17:37:28,448 - INFO - Epoch: 29 | Loss: 0.0103 | Validation accuracy: 67.456% | Epoch Time: 1097.85 secs
2024-03-31 18:03:15,702 - INFO - Epoch: 30 | Loss: 0.0103 | Training accuracy: 88.701% | Validation accuracy: 67.930% | Epoch Time: 1546.38 secs
2024-03-31 18:21:34,600 - INFO - Epoch: 31 | Loss: 0.0102 | Validation accuracy: 67.958% | Epoch Time: 1098.01 secs
2024-03-31 18:39:51,737 - INFO - Epoch: 32 | Loss: 0.0102 | Validation accuracy: 67.846% | Epoch Time: 1096.28 secs
2024-03-31 18:58:08,269 - INFO - Epoch: 33 | Loss: 0.0099 | Validation accuracy: 67.958% | Epoch Time: 1095.49 secs
2024-03-31 19:16:24,033 - INFO - Epoch: 34 | Loss: 0.0100 | Validation accuracy: 68.292% | Epoch Time: 1094.69 secs
2024-03-31 19:42:06,155 - INFO - Epoch: 35 | Loss: 0.0099 | Training accuracy: 88.891% | Validation accuracy: 66.537% | Epoch Time: 1541.28 secs
2024-03-31 20:00:20,185 - INFO - Epoch: 36 | Loss: 0.0098 | Validation accuracy: 68.236% | Epoch Time: 1093.14 secs
2024-03-31 20:18:36,015 - INFO - Epoch: 37 | Loss: 0.0097 | Validation accuracy: 68.181% | Epoch Time: 1094.55 secs
2024-03-31 20:36:49,603 - INFO - Epoch: 38 | Loss: 0.0096 | Validation accuracy: 68.515% | Epoch Time: 1092.50 secs
2024-03-31 20:55:02,522 - INFO - Epoch: 39 | Loss: 0.0094 | Validation accuracy: 68.961% | Epoch Time: 1092.05 secs
2024-03-31 21:20:37,305 - INFO - Epoch: 40 | Loss: 0.0094 | Training accuracy: 89.541% | Validation accuracy: 67.707% | Epoch Time: 1532.60 secs
2024-03-31 21:38:50,260 - INFO - Epoch: 41 | Loss: 0.0093 | Validation accuracy: 68.069% | Epoch Time: 1091.75 secs
2024-03-31 21:57:01,576 - INFO - Epoch: 42 | Loss: 0.0093 | Validation accuracy: 68.376% | Epoch Time: 1090.21 secs
2024-03-31 22:15:12,963 - INFO - Epoch: 43 | Loss: 0.0092 | Validation accuracy: 68.571% | Epoch Time: 1090.28 secs
2024-03-31 22:33:23,803 - INFO - Epoch: 44 | Loss: 0.0091 | Validation accuracy: 68.153% | Epoch Time: 1089.88 secs
2024-03-31 22:58:58,295 - INFO - Epoch: 45 | Loss: 0.0090 | Training accuracy: 89.935% | Validation accuracy: 68.766% | Epoch Time: 1533.42 secs
2024-03-31 23:17:06,584 - INFO - Epoch: 46 | Loss: 0.0089 | Validation accuracy: 68.515% | Epoch Time: 1087.37 secs
2024-03-31 23:35:12,612 - INFO - Epoch: 47 | Loss: 0.0088 | Validation accuracy: 67.958% | Epoch Time: 1084.96 secs
2024-03-31 23:53:23,688 - INFO - Epoch: 48 | Loss: 0.0087 | Validation accuracy: 68.989% | Epoch Time: 1089.60 secs
2024-04-01 00:11:35,565 - INFO - Epoch: 49 | Loss: 0.0085 | Validation accuracy: 68.598% | Epoch Time: 1088.54 secs
2024-04-01 00:37:07,087 - INFO - Epoch: 50 | Loss: 0.0085 | Training accuracy: 90.273% | Validation accuracy: 67.512% | Epoch Time: 1530.68 secs
2024-04-01 00:55:17,964 - INFO - Epoch: 51 | Loss: 0.0084 | Validation accuracy: 68.598% | Epoch Time: 1090.03 secs
2024-04-01 01:13:28,938 - INFO - Epoch: 52 | Loss: 0.0083 | Validation accuracy: 69.379% | Epoch Time: 1090.11 secs
2024-04-01 01:31:41,263 - INFO - Epoch: 53 | Loss: 0.0082 | Validation accuracy: 69.072% | Epoch Time: 1090.46 secs
2024-04-01 01:49:49,024 - INFO - Epoch: 54 | Loss: 0.0081 | Validation accuracy: 69.323% | Epoch Time: 1086.49 secs
2024-04-01 02:15:24,119 - INFO - Epoch: 55 | Loss: 0.0080 | Training accuracy: 91.329% | Validation accuracy: 70.047% | Epoch Time: 1534.21 secs
2024-04-01 02:33:31,819 - INFO - Epoch: 56 | Loss: 0.0079 | Validation accuracy: 69.852% | Epoch Time: 1085.57 secs
2024-04-01 02:51:42,626 - INFO - Epoch: 57 | Loss: 0.0077 | Validation accuracy: 69.602% | Epoch Time: 1089.75 secs
2024-04-01 03:09:53,659 - INFO - Epoch: 58 | Loss: 0.0077 | Validation accuracy: 70.270% | Epoch Time: 1090.17 secs
2024-04-01 03:28:05,426 - INFO - Epoch: 59 | Loss: 0.0077 | Validation accuracy: 69.295% | Epoch Time: 1089.38 secs
2024-04-01 03:53:41,052 - INFO - Epoch: 60 | Loss: 0.0074 | Training accuracy: 91.822% | Validation accuracy: 69.713% | Epoch Time: 1534.78 secs
2024-04-01 04:11:47,469 - INFO - Epoch: 61 | Loss: 0.0074 | Validation accuracy: 68.961% | Epoch Time: 1084.91 secs
2024-04-01 04:29:59,215 - INFO - Epoch: 62 | Loss: 0.0072 | Validation accuracy: 69.713% | Epoch Time: 1090.35 secs
2024-04-01 04:48:09,170 - INFO - Epoch: 63 | Loss: 0.0071 | Validation accuracy: 69.797% | Epoch Time: 1088.89 secs
2024-04-01 05:06:19,299 - INFO - Epoch: 64 | Loss: 0.0070 | Validation accuracy: 68.849% | Epoch Time: 1088.81 secs
2024-04-01 05:31:52,135 - INFO - Epoch: 65 | Loss: 0.0069 | Training accuracy: 92.567% | Validation accuracy: 69.602% | Epoch Time: 1531.76 secs
2024-04-01 05:49:59,050 - INFO - Epoch: 66 | Loss: 0.0069 | Validation accuracy: 69.685% | Epoch Time: 1086.04 secs
2024-04-01 06:08:09,249 - INFO - Epoch: 67 | Loss: 0.0068 | Validation accuracy: 69.239% | Epoch Time: 1088.90 secs
2024-04-01 06:26:18,743 - INFO - Epoch: 68 | Loss: 0.0066 | Validation accuracy: 69.852% | Epoch Time: 1088.41 secs
2024-04-01 06:44:27,766 - INFO - Epoch: 69 | Loss: 0.0065 | Validation accuracy: 68.961% | Epoch Time: 1087.75 secs
2024-04-01 07:10:01,398 - INFO - Epoch: 70 | Loss: 0.0064 | Training accuracy: 93.079% | Validation accuracy: 69.351% | Epoch Time: 1532.74 secs
2024-04-01 07:28:09,580 - INFO - Epoch: 71 | Loss: 0.0063 | Validation accuracy: 70.020% | Epoch Time: 1087.12 secs
2024-04-01 07:46:16,969 - INFO - Epoch: 72 | Loss: 0.0062 | Validation accuracy: 69.016% | Epoch Time: 1086.54 secs
2024-04-01 08:04:26,120 - INFO - Epoch: 73 | Loss: 0.0061 | Validation accuracy: 69.574% | Epoch Time: 1087.68 secs
2024-04-01 08:22:35,698 - INFO - Epoch: 74 | Loss: 0.0061 | Validation accuracy: 69.267% | Epoch Time: 1088.32 secs
2024-04-01 08:48:08,834 - INFO - Epoch: 75 | Loss: 0.0060 | Training accuracy: 93.653% | Validation accuracy: 69.574% | Epoch Time: 1532.10 secs
2024-04-01 09:06:20,448 - INFO - Epoch: 76 | Loss: 0.0059 | Validation accuracy: 69.852% | Epoch Time: 1090.75 secs
2024-04-01 09:24:28,839 - INFO - Epoch: 77 | Loss: 0.0057 | Validation accuracy: 70.410% | Epoch Time: 1087.50 secs
2024-04-01 09:43:00,601 - INFO - Epoch: 78 | Loss: 0.0057 | Validation accuracy: 69.824% | Epoch Time: 1109.48 secs
2024-04-01 10:01:11,987 - INFO - Epoch: 79 | Loss: 0.0056 | Validation accuracy: 70.103% | Epoch Time: 1090.52 secs
2024-04-01 10:26:50,911 - INFO - Epoch: 80 | Loss: 0.0056 | Training accuracy: 93.937% | Validation accuracy: 70.187% | Epoch Time: 1538.05 secs
2024-04-01 10:45:03,217 - INFO - Epoch: 81 | Loss: 0.0055 | Validation accuracy: 69.852% | Epoch Time: 1091.44 secs
2024-04-01 11:03:15,631 - INFO - Epoch: 82 | Loss: 0.0054 | Validation accuracy: 70.075% | Epoch Time: 1091.24 secs
2024-04-01 11:21:29,080 - INFO - Epoch: 83 | Loss: 0.0054 | Validation accuracy: 69.880% | Epoch Time: 1091.76 secs
2024-04-01 11:39:41,693 - INFO - Epoch: 84 | Loss: 0.0053 | Validation accuracy: 69.908% | Epoch Time: 1091.31 secs
2024-04-01 12:05:19,682 - INFO - Epoch: 85 | Loss: 0.0053 | Training accuracy: 94.365% | Validation accuracy: 70.326% | Epoch Time: 1536.68 secs
2024-04-01 12:23:32,979 - INFO - Epoch: 86 | Loss: 0.0052 | Validation accuracy: 70.270% | Epoch Time: 1092.11 secs
2024-04-01 12:41:47,008 - INFO - Epoch: 87 | Loss: 0.0052 | Validation accuracy: 70.410% | Epoch Time: 1092.95 secs
2024-04-01 13:00:00,645 - INFO - Epoch: 88 | Loss: 0.0051 | Validation accuracy: 70.020% | Epoch Time: 1092.54 secs
2024-04-01 13:18:15,085 - INFO - Epoch: 89 | Loss: 0.0051 | Validation accuracy: 69.629% | Epoch Time: 1093.35 secs
2024-04-01 13:43:57,735 - INFO - Epoch: 90 | Loss: 0.0051 | Training accuracy: 94.516% | Validation accuracy: 70.075% | Epoch Time: 1541.63 secs
2024-04-01 14:02:13,032 - INFO - Epoch: 91 | Loss: 0.0050 | Validation accuracy: 69.574% | Epoch Time: 1094.38 secs
2024-04-01 14:20:26,749 - INFO - Epoch: 92 | Loss: 0.0050 | Validation accuracy: 69.964% | Epoch Time: 1092.38 secs
2024-04-01 14:38:41,508 - INFO - Epoch: 93 | Loss: 0.0050 | Validation accuracy: 69.936% | Epoch Time: 1093.80 secs
2024-04-01 14:56:51,618 - INFO - Epoch: 94 | Loss: 0.0050 | Validation accuracy: 69.880% | Epoch Time: 1089.17 secs
2024-04-01 15:22:29,434 - INFO - Epoch: 95 | Loss: 0.0049 | Training accuracy: 94.572% | Validation accuracy: 70.075% | Epoch Time: 1536.46 secs
2024-04-01 15:40:41,708 - INFO - Epoch: 96 | Loss: 0.0049 | Validation accuracy: 70.075% | Epoch Time: 1091.14 secs
2024-04-01 15:58:55,303 - INFO - Epoch: 97 | Loss: 0.0049 | Validation accuracy: 69.769% | Epoch Time: 1091.45 secs
2024-04-01 16:17:07,466 - INFO - Epoch: 98 | Loss: 0.0049 | Validation accuracy: 69.992% | Epoch Time: 1091.03 secs
2024-04-01 16:35:19,746 - INFO - Epoch: 99 | Loss: 0.0050 | Validation accuracy: 69.769% | Epoch Time: 1090.34 secs
2024-04-01 17:01:00,856 - INFO - Epoch: 100 | Loss: 0.0049 | Training accuracy: 94.671% | Validation accuracy: 70.103% | Epoch Time: 1539.96 secs
2024-04-01 17:01:02,645 - INFO - Train Ended!
2024-04-01 17:01:02,646 - INFO - Saving train statistics
2024-04-01 17:01:02,828 - INFO - Save statistics done!
