2024-03-30 21:50:12,341 - INFO - Args parsed succesfully
2024-03-30 21:50:12,341 - INFO - Params: Namespace(emotion_transform_prob=0.8, epochs=100, exp_name='Augmented_New_Transforms_No_Normalization', fine_tune=True, load_byol=False, net_name='densenet201', use_expanded_dataset=False)
2024-03-30 21:50:13,061 - INFO - Model was initialized and sent to cuda:0
2024-03-30 21:50:13,064 - INFO - EmotionNet(
  (nn_model): DenseNet(
    (features): Sequential(
      (conv0): Conv2d(3, 64, kernel_size=(7, 7), stride=(2, 2), padding=(3, 3), bias=False)
      (norm0): BatchNorm2d(64, eps=1e-05, momentum=0.1, affine=True, track_running_stats=True)
      (relu0): ReLU(inplace=True)
      (pool0): MaxPool2d(kernel_size=3, stride=2, padding=1, dilation=1, ceil_mode=False)
      (denseblock1): _DenseBlock(
        (denselayer1): _DenseLayer(
          (norm1): BatchNorm2d(64, eps=1e-05, momentum=0.1, affine=True, track_running_stats=True)
          (relu1): ReLU(inplace=True)
          (conv1): Conv2d(64, 128, kernel_size=(1, 1), stride=(1, 1), bias=False)
          (norm2): BatchNorm2d(128, eps=1e-05, momentum=0.1, affine=True, track_running_stats=True)
          (relu2): ReLU(inplace=True)
          (conv2): Conv2d(128, 32, kernel_size=(3, 3), stride=(1, 1), padding=(1, 1), bias=False)
        )
        (denselayer2): _DenseLayer(
          (norm1): BatchNorm2d(96, eps=1e-05, momentum=0.1, affine=True, track_running_stats=True)
          (relu1): ReLU(inplace=True)
          (conv1): Conv2d(96, 128, kernel_size=(1, 1), stride=(1, 1), bias=False)
          (norm2): BatchNorm2d(128, eps=1e-05, momentum=0.1, affine=True, track_running_stats=True)
          (relu2): ReLU(inplace=True)
          (conv2): Conv2d(128, 32, kernel_size=(3, 3), stride=(1, 1), padding=(1, 1), bias=False)
        )
        (denselayer3): _DenseLayer(
          (norm1): BatchNorm2d(128, eps=1e-05, momentum=0.1, affine=True, track_running_stats=True)
          (relu1): ReLU(inplace=True)
          (conv1): Conv2d(128, 128, kernel_size=(1, 1), stride=(1, 1), bias=False)
          (norm2): BatchNorm2d(128, eps=1e-05, momentum=0.1, affine=True, track_running_stats=True)
          (relu2): ReLU(inplace=True)
          (conv2): Conv2d(128, 32, kernel_size=(3, 3), stride=(1, 1), padding=(1, 1), bias=False)
        )
        (denselayer4): _DenseLayer(
          (norm1): BatchNorm2d(160, eps=1e-05, momentum=0.1, affine=True, track_running_stats=True)
          (relu1): ReLU(inplace=True)
          (conv1): Conv2d(160, 128, kernel_size=(1, 1), stride=(1, 1), bias=False)
          (norm2): BatchNorm2d(128, eps=1e-05, momentum=0.1, affine=True, track_running_stats=True)
          (relu2): ReLU(inplace=True)
          (conv2): Conv2d(128, 32, kernel_size=(3, 3), stride=(1, 1), padding=(1, 1), bias=False)
        )
        (denselayer5): _DenseLayer(
          (norm1): BatchNorm2d(192, eps=1e-05, momentum=0.1, affine=True, track_running_stats=True)
          (relu1): ReLU(inplace=True)
          (conv1): Conv2d(192, 128, kernel_size=(1, 1), stride=(1, 1), bias=False)
          (norm2): BatchNorm2d(128, eps=1e-05, momentum=0.1, affine=True, track_running_stats=True)
          (relu2): ReLU(inplace=True)
          (conv2): Conv2d(128, 32, kernel_size=(3, 3), stride=(1, 1), padding=(1, 1), bias=False)
        )
        (denselayer6): _DenseLayer(
          (norm1): BatchNorm2d(224, eps=1e-05, momentum=0.1, affine=True, track_running_stats=True)
          (relu1): ReLU(inplace=True)
          (conv1): Conv2d(224, 128, kernel_size=(1, 1), stride=(1, 1), bias=False)
          (norm2): BatchNorm2d(128, eps=1e-05, momentum=0.1, affine=True, track_running_stats=True)
          (relu2): ReLU(inplace=True)
          (conv2): Conv2d(128, 32, kernel_size=(3, 3), stride=(1, 1), padding=(1, 1), bias=False)
        )
      )
      (transition1): _Transition(
        (norm): BatchNorm2d(256, eps=1e-05, momentum=0.1, affine=True, track_running_stats=True)
        (relu): ReLU(inplace=True)
        (conv): Conv2d(256, 128, kernel_size=(1, 1), stride=(1, 1), bias=False)
        (pool): AvgPool2d(kernel_size=2, stride=2, padding=0)
      )
      (denseblock2): _DenseBlock(
        (denselayer1): _DenseLayer(
          (norm1): BatchNorm2d(128, eps=1e-05, momentum=0.1, affine=True, track_running_stats=True)
          (relu1): ReLU(inplace=True)
          (conv1): Conv2d(128, 128, kernel_size=(1, 1), stride=(1, 1), bias=False)
          (norm2): BatchNorm2d(128, eps=1e-05, momentum=0.1, affine=True, track_running_stats=True)
          (relu2): ReLU(inplace=True)
          (conv2): Conv2d(128, 32, kernel_size=(3, 3), stride=(1, 1), padding=(1, 1), bias=False)
        )
        (denselayer2): _DenseLayer(
          (norm1): BatchNorm2d(160, eps=1e-05, momentum=0.1, affine=True, track_running_stats=True)
          (relu1): ReLU(inplace=True)
          (conv1): Conv2d(160, 128, kernel_size=(1, 1), stride=(1, 1), bias=False)
          (norm2): BatchNorm2d(128, eps=1e-05, momentum=0.1, affine=True, track_running_stats=True)
          (relu2): ReLU(inplace=True)
          (conv2): Conv2d(128, 32, kernel_size=(3, 3), stride=(1, 1), padding=(1, 1), bias=False)
        )
        (denselayer3): _DenseLayer(
          (norm1): BatchNorm2d(192, eps=1e-05, momentum=0.1, affine=True, track_running_stats=True)
          (relu1): ReLU(inplace=True)
          (conv1): Conv2d(192, 128, kernel_size=(1, 1), stride=(1, 1), bias=False)
          (norm2): BatchNorm2d(128, eps=1e-05, momentum=0.1, affine=True, track_running_stats=True)
          (relu2): ReLU(inplace=True)
          (conv2): Conv2d(128, 32, kernel_size=(3, 3), stride=(1, 1), padding=(1, 1), bias=False)
        )
        (denselayer4): _DenseLayer(
          (norm1): BatchNorm2d(224, eps=1e-05, momentum=0.1, affine=True, track_running_stats=True)
          (relu1): ReLU(inplace=True)
          (conv1): Conv2d(224, 128, kernel_size=(1, 1), stride=(1, 1), bias=False)
          (norm2): BatchNorm2d(128, eps=1e-05, momentum=0.1, affine=True, track_running_stats=True)
          (relu2): ReLU(inplace=True)
          (conv2): Conv2d(128, 32, kernel_size=(3, 3), stride=(1, 1), padding=(1, 1), bias=False)
        )
        (denselayer5): _DenseLayer(
          (norm1): BatchNorm2d(256, eps=1e-05, momentum=0.1, affine=True, track_running_stats=True)
          (relu1): ReLU(inplace=True)
          (conv1): Conv2d(256, 128, kernel_size=(1, 1), stride=(1, 1), bias=False)
          (norm2): BatchNorm2d(128, eps=1e-05, momentum=0.1, affine=True, track_running_stats=True)
          (relu2): ReLU(inplace=True)
          (conv2): Conv2d(128, 32, kernel_size=(3, 3), stride=(1, 1), padding=(1, 1), bias=False)
        )
        (denselayer6): _DenseLayer(
          (norm1): BatchNorm2d(288, eps=1e-05, momentum=0.1, affine=True, track_running_stats=True)
          (relu1): ReLU(inplace=True)
          (conv1): Conv2d(288, 128, kernel_size=(1, 1), stride=(1, 1), bias=False)
          (norm2): BatchNorm2d(128, eps=1e-05, momentum=0.1, affine=True, track_running_stats=True)
          (relu2): ReLU(inplace=True)
          (conv2): Conv2d(128, 32, kernel_size=(3, 3), stride=(1, 1), padding=(1, 1), bias=False)
        )
        (denselayer7): _DenseLayer(
          (norm1): BatchNorm2d(320, eps=1e-05, momentum=0.1, affine=True, track_running_stats=True)
          (relu1): ReLU(inplace=True)
          (conv1): Conv2d(320, 128, kernel_size=(1, 1), stride=(1, 1), bias=False)
          (norm2): BatchNorm2d(128, eps=1e-05, momentum=0.1, affine=True, track_running_stats=True)
          (relu2): ReLU(inplace=True)
          (conv2): Conv2d(128, 32, kernel_size=(3, 3), stride=(1, 1), padding=(1, 1), bias=False)
        )
        (denselayer8): _DenseLayer(
          (norm1): BatchNorm2d(352, eps=1e-05, momentum=0.1, affine=True, track_running_stats=True)
          (relu1): ReLU(inplace=True)
          (conv1): Conv2d(352, 128, kernel_size=(1, 1), stride=(1, 1), bias=False)
          (norm2): BatchNorm2d(128, eps=1e-05, momentum=0.1, affine=True, track_running_stats=True)
          (relu2): ReLU(inplace=True)
          (conv2): Conv2d(128, 32, kernel_size=(3, 3), stride=(1, 1), padding=(1, 1), bias=False)
        )
        (denselayer9): _DenseLayer(
          (norm1): BatchNorm2d(384, eps=1e-05, momentum=0.1, affine=True, track_running_stats=True)
          (relu1): ReLU(inplace=True)
          (conv1): Conv2d(384, 128, kernel_size=(1, 1), stride=(1, 1), bias=False)
          (norm2): BatchNorm2d(128, eps=1e-05, momentum=0.1, affine=True, track_running_stats=True)
          (relu2): ReLU(inplace=True)
          (conv2): Conv2d(128, 32, kernel_size=(3, 3), stride=(1, 1), padding=(1, 1), bias=False)
        )
        (denselayer10): _DenseLayer(
          (norm1): BatchNorm2d(416, eps=1e-05, momentum=0.1, affine=True, track_running_stats=True)
          (relu1): ReLU(inplace=True)
          (conv1): Conv2d(416, 128, kernel_size=(1, 1), stride=(1, 1), bias=False)
          (norm2): BatchNorm2d(128, eps=1e-05, momentum=0.1, affine=True, track_running_stats=True)
          (relu2): ReLU(inplace=True)
          (conv2): Conv2d(128, 32, kernel_size=(3, 3), stride=(1, 1), padding=(1, 1), bias=False)
        )
        (denselayer11): _DenseLayer(
          (norm1): BatchNorm2d(448, eps=1e-05, momentum=0.1, affine=True, track_running_stats=True)
          (relu1): ReLU(inplace=True)
          (conv1): Conv2d(448, 128, kernel_size=(1, 1), stride=(1, 1), bias=False)
          (norm2): BatchNorm2d(128, eps=1e-05, momentum=0.1, affine=True, track_running_stats=True)
          (relu2): ReLU(inplace=True)
          (conv2): Conv2d(128, 32, kernel_size=(3, 3), stride=(1, 1), padding=(1, 1), bias=False)
        )
        (denselayer12): _DenseLayer(
          (norm1): BatchNorm2d(480, eps=1e-05, momentum=0.1, affine=True, track_running_stats=True)
          (relu1): ReLU(inplace=True)
          (conv1): Conv2d(480, 128, kernel_size=(1, 1), stride=(1, 1), bias=False)
          (norm2): BatchNorm2d(128, eps=1e-05, momentum=0.1, affine=True, track_running_stats=True)
          (relu2): ReLU(inplace=True)
          (conv2): Conv2d(128, 32, kernel_size=(3, 3), stride=(1, 1), padding=(1, 1), bias=False)
        )
      )
      (transition2): _Transition(
        (norm): BatchNorm2d(512, eps=1e-05, momentum=0.1, affine=True, track_running_stats=True)
        (relu): ReLU(inplace=True)
        (conv): Conv2d(512, 256, kernel_size=(1, 1), stride=(1, 1), bias=False)
        (pool): AvgPool2d(kernel_size=2, stride=2, padding=0)
      )
      (denseblock3): _DenseBlock(
        (denselayer1): _DenseLayer(
          (norm1): BatchNorm2d(256, eps=1e-05, momentum=0.1, affine=True, track_running_stats=True)
          (relu1): ReLU(inplace=True)
          (conv1): Conv2d(256, 128, kernel_size=(1, 1), stride=(1, 1), bias=False)
          (norm2): BatchNorm2d(128, eps=1e-05, momentum=0.1, affine=True, track_running_stats=True)
          (relu2): ReLU(inplace=True)
          (conv2): Conv2d(128, 32, kernel_size=(3, 3), stride=(1, 1), padding=(1, 1), bias=False)
        )
        (denselayer2): _DenseLayer(
          (norm1): BatchNorm2d(288, eps=1e-05, momentum=0.1, affine=True, track_running_stats=True)
          (relu1): ReLU(inplace=True)
          (conv1): Conv2d(288, 128, kernel_size=(1, 1), stride=(1, 1), bias=False)
          (norm2): BatchNorm2d(128, eps=1e-05, momentum=0.1, affine=True, track_running_stats=True)
          (relu2): ReLU(inplace=True)
          (conv2): Conv2d(128, 32, kernel_size=(3, 3), stride=(1, 1), padding=(1, 1), bias=False)
        )
        (denselayer3): _DenseLayer(
          (norm1): BatchNorm2d(320, eps=1e-05, momentum=0.1, affine=True, track_running_stats=True)
          (relu1): ReLU(inplace=True)
          (conv1): Conv2d(320, 128, kernel_size=(1, 1), stride=(1, 1), bias=False)
          (norm2): BatchNorm2d(128, eps=1e-05, momentum=0.1, affine=True, track_running_stats=True)
          (relu2): ReLU(inplace=True)
          (conv2): Conv2d(128, 32, kernel_size=(3, 3), stride=(1, 1), padding=(1, 1), bias=False)
        )
        (denselayer4): _DenseLayer(
          (norm1): BatchNorm2d(352, eps=1e-05, momentum=0.1, affine=True, track_running_stats=True)
          (relu1): ReLU(inplace=True)
          (conv1): Conv2d(352, 128, kernel_size=(1, 1), stride=(1, 1), bias=False)
          (norm2): BatchNorm2d(128, eps=1e-05, momentum=0.1, affine=True, track_running_stats=True)
          (relu2): ReLU(inplace=True)
          (conv2): Conv2d(128, 32, kernel_size=(3, 3), stride=(1, 1), padding=(1, 1), bias=False)
        )
        (denselayer5): _DenseLayer(
          (norm1): BatchNorm2d(384, eps=1e-05, momentum=0.1, affine=True, track_running_stats=True)
          (relu1): ReLU(inplace=True)
          (conv1): Conv2d(384, 128, kernel_size=(1, 1), stride=(1, 1), bias=False)
          (norm2): BatchNorm2d(128, eps=1e-05, momentum=0.1, affine=True, track_running_stats=True)
          (relu2): ReLU(inplace=True)
          (conv2): Conv2d(128, 32, kernel_size=(3, 3), stride=(1, 1), padding=(1, 1), bias=False)
        )
        (denselayer6): _DenseLayer(
          (norm1): BatchNorm2d(416, eps=1e-05, momentum=0.1, affine=True, track_running_stats=True)
          (relu1): ReLU(inplace=True)
          (conv1): Conv2d(416, 128, kernel_size=(1, 1), stride=(1, 1), bias=False)
          (norm2): BatchNorm2d(128, eps=1e-05, momentum=0.1, affine=True, track_running_stats=True)
          (relu2): ReLU(inplace=True)
          (conv2): Conv2d(128, 32, kernel_size=(3, 3), stride=(1, 1), padding=(1, 1), bias=False)
        )
        (denselayer7): _DenseLayer(
          (norm1): BatchNorm2d(448, eps=1e-05, momentum=0.1, affine=True, track_running_stats=True)
          (relu1): ReLU(inplace=True)
          (conv1): Conv2d(448, 128, kernel_size=(1, 1), stride=(1, 1), bias=False)
          (norm2): BatchNorm2d(128, eps=1e-05, momentum=0.1, affine=True, track_running_stats=True)
          (relu2): ReLU(inplace=True)
          (conv2): Conv2d(128, 32, kernel_size=(3, 3), stride=(1, 1), padding=(1, 1), bias=False)
        )
        (denselayer8): _DenseLayer(
          (norm1): BatchNorm2d(480, eps=1e-05, momentum=0.1, affine=True, track_running_stats=True)
          (relu1): ReLU(inplace=True)
          (conv1): Conv2d(480, 128, kernel_size=(1, 1), stride=(1, 1), bias=False)
          (norm2): BatchNorm2d(128, eps=1e-05, momentum=0.1, affine=True, track_running_stats=True)
          (relu2): ReLU(inplace=True)
          (conv2): Conv2d(128, 32, kernel_size=(3, 3), stride=(1, 1), padding=(1, 1), bias=False)
        )
        (denselayer9): _DenseLayer(
          (norm1): BatchNorm2d(512, eps=1e-05, momentum=0.1, affine=True, track_running_stats=True)
          (relu1): ReLU(inplace=True)
          (conv1): Conv2d(512, 128, kernel_size=(1, 1), stride=(1, 1), bias=False)
          (norm2): BatchNorm2d(128, eps=1e-05, momentum=0.1, affine=True, track_running_stats=True)
          (relu2): ReLU(inplace=True)
          (conv2): Conv2d(128, 32, kernel_size=(3, 3), stride=(1, 1), padding=(1, 1), bias=False)
        )
        (denselayer10): _DenseLayer(
          (norm1): BatchNorm2d(544, eps=1e-05, momentum=0.1, affine=True, track_running_stats=True)
          (relu1): ReLU(inplace=True)
          (conv1): Conv2d(544, 128, kernel_size=(1, 1), stride=(1, 1), bias=False)
          (norm2): BatchNorm2d(128, eps=1e-05, momentum=0.1, affine=True, track_running_stats=True)
          (relu2): ReLU(inplace=True)
          (conv2): Conv2d(128, 32, kernel_size=(3, 3), stride=(1, 1), padding=(1, 1), bias=False)
        )
        (denselayer11): _DenseLayer(
          (norm1): BatchNorm2d(576, eps=1e-05, momentum=0.1, affine=True, track_running_stats=True)
          (relu1): ReLU(inplace=True)
          (conv1): Conv2d(576, 128, kernel_size=(1, 1), stride=(1, 1), bias=False)
          (norm2): BatchNorm2d(128, eps=1e-05, momentum=0.1, affine=True, track_running_stats=True)
          (relu2): ReLU(inplace=True)
          (conv2): Conv2d(128, 32, kernel_size=(3, 3), stride=(1, 1), padding=(1, 1), bias=False)
        )
        (denselayer12): _DenseLayer(
          (norm1): BatchNorm2d(608, eps=1e-05, momentum=0.1, affine=True, track_running_stats=True)
          (relu1): ReLU(inplace=True)
          (conv1): Conv2d(608, 128, kernel_size=(1, 1), stride=(1, 1), bias=False)
          (norm2): BatchNorm2d(128, eps=1e-05, momentum=0.1, affine=True, track_running_stats=True)
          (relu2): ReLU(inplace=True)
          (conv2): Conv2d(128, 32, kernel_size=(3, 3), stride=(1, 1), padding=(1, 1), bias=False)
        )
        (denselayer13): _DenseLayer(
          (norm1): BatchNorm2d(640, eps=1e-05, momentum=0.1, affine=True, track_running_stats=True)
          (relu1): ReLU(inplace=True)
          (conv1): Conv2d(640, 128, kernel_size=(1, 1), stride=(1, 1), bias=False)
          (norm2): BatchNorm2d(128, eps=1e-05, momentum=0.1, affine=True, track_running_stats=True)
          (relu2): ReLU(inplace=True)
          (conv2): Conv2d(128, 32, kernel_size=(3, 3), stride=(1, 1), padding=(1, 1), bias=False)
        )
        (denselayer14): _DenseLayer(
          (norm1): BatchNorm2d(672, eps=1e-05, momentum=0.1, affine=True, track_running_stats=True)
          (relu1): ReLU(inplace=True)
          (conv1): Conv2d(672, 128, kernel_size=(1, 1), stride=(1, 1), bias=False)
          (norm2): BatchNorm2d(128, eps=1e-05, momentum=0.1, affine=True, track_running_stats=True)
          (relu2): ReLU(inplace=True)
          (conv2): Conv2d(128, 32, kernel_size=(3, 3), stride=(1, 1), padding=(1, 1), bias=False)
        )
        (denselayer15): _DenseLayer(
          (norm1): BatchNorm2d(704, eps=1e-05, momentum=0.1, affine=True, track_running_stats=True)
          (relu1): ReLU(inplace=True)
          (conv1): Conv2d(704, 128, kernel_size=(1, 1), stride=(1, 1), bias=False)
          (norm2): BatchNorm2d(128, eps=1e-05, momentum=0.1, affine=True, track_running_stats=True)
          (relu2): ReLU(inplace=True)
          (conv2): Conv2d(128, 32, kernel_size=(3, 3), stride=(1, 1), padding=(1, 1), bias=False)
        )
        (denselayer16): _DenseLayer(
          (norm1): BatchNorm2d(736, eps=1e-05, momentum=0.1, affine=True, track_running_stats=True)
          (relu1): ReLU(inplace=True)
          (conv1): Conv2d(736, 128, kernel_size=(1, 1), stride=(1, 1), bias=False)
          (norm2): BatchNorm2d(128, eps=1e-05, momentum=0.1, affine=True, track_running_stats=True)
          (relu2): ReLU(inplace=True)
          (conv2): Conv2d(128, 32, kernel_size=(3, 3), stride=(1, 1), padding=(1, 1), bias=False)
        )
        (denselayer17): _DenseLayer(
          (norm1): BatchNorm2d(768, eps=1e-05, momentum=0.1, affine=True, track_running_stats=True)
          (relu1): ReLU(inplace=True)
          (conv1): Conv2d(768, 128, kernel_size=(1, 1), stride=(1, 1), bias=False)
          (norm2): BatchNorm2d(128, eps=1e-05, momentum=0.1, affine=True, track_running_stats=True)
          (relu2): ReLU(inplace=True)
          (conv2): Conv2d(128, 32, kernel_size=(3, 3), stride=(1, 1), padding=(1, 1), bias=False)
        )
        (denselayer18): _DenseLayer(
          (norm1): BatchNorm2d(800, eps=1e-05, momentum=0.1, affine=True, track_running_stats=True)
          (relu1): ReLU(inplace=True)
          (conv1): Conv2d(800, 128, kernel_size=(1, 1), stride=(1, 1), bias=False)
          (norm2): BatchNorm2d(128, eps=1e-05, momentum=0.1, affine=True, track_running_stats=True)
          (relu2): ReLU(inplace=True)
          (conv2): Conv2d(128, 32, kernel_size=(3, 3), stride=(1, 1), padding=(1, 1), bias=False)
        )
        (denselayer19): _DenseLayer(
          (norm1): BatchNorm2d(832, eps=1e-05, momentum=0.1, affine=True, track_running_stats=True)
          (relu1): ReLU(inplace=True)
          (conv1): Conv2d(832, 128, kernel_size=(1, 1), stride=(1, 1), bias=False)
          (norm2): BatchNorm2d(128, eps=1e-05, momentum=0.1, affine=True, track_running_stats=True)
          (relu2): ReLU(inplace=True)
          (conv2): Conv2d(128, 32, kernel_size=(3, 3), stride=(1, 1), padding=(1, 1), bias=False)
        )
        (denselayer20): _DenseLayer(
          (norm1): BatchNorm2d(864, eps=1e-05, momentum=0.1, affine=True, track_running_stats=True)
          (relu1): ReLU(inplace=True)
          (conv1): Conv2d(864, 128, kernel_size=(1, 1), stride=(1, 1), bias=False)
          (norm2): BatchNorm2d(128, eps=1e-05, momentum=0.1, affine=True, track_running_stats=True)
          (relu2): ReLU(inplace=True)
          (conv2): Conv2d(128, 32, kernel_size=(3, 3), stride=(1, 1), padding=(1, 1), bias=False)
        )
        (denselayer21): _DenseLayer(
          (norm1): BatchNorm2d(896, eps=1e-05, momentum=0.1, affine=True, track_running_stats=True)
          (relu1): ReLU(inplace=True)
          (conv1): Conv2d(896, 128, kernel_size=(1, 1), stride=(1, 1), bias=False)
          (norm2): BatchNorm2d(128, eps=1e-05, momentum=0.1, affine=True, track_running_stats=True)
          (relu2): ReLU(inplace=True)
          (conv2): Conv2d(128, 32, kernel_size=(3, 3), stride=(1, 1), padding=(1, 1), bias=False)
        )
        (denselayer22): _DenseLayer(
          (norm1): BatchNorm2d(928, eps=1e-05, momentum=0.1, affine=True, track_running_stats=True)
          (relu1): ReLU(inplace=True)
          (conv1): Conv2d(928, 128, kernel_size=(1, 1), stride=(1, 1), bias=False)
          (norm2): BatchNorm2d(128, eps=1e-05, momentum=0.1, affine=True, track_running_stats=True)
          (relu2): ReLU(inplace=True)
          (conv2): Conv2d(128, 32, kernel_size=(3, 3), stride=(1, 1), padding=(1, 1), bias=False)
        )
        (denselayer23): _DenseLayer(
          (norm1): BatchNorm2d(960, eps=1e-05, momentum=0.1, affine=True, track_running_stats=True)
          (relu1): ReLU(inplace=True)
          (conv1): Conv2d(960, 128, kernel_size=(1, 1), stride=(1, 1), bias=False)
          (norm2): BatchNorm2d(128, eps=1e-05, momentum=0.1, affine=True, track_running_stats=True)
          (relu2): ReLU(inplace=True)
          (conv2): Conv2d(128, 32, kernel_size=(3, 3), stride=(1, 1), padding=(1, 1), bias=False)
        )
        (denselayer24): _DenseLayer(
          (norm1): BatchNorm2d(992, eps=1e-05, momentum=0.1, affine=True, track_running_stats=True)
          (relu1): ReLU(inplace=True)
          (conv1): Conv2d(992, 128, kernel_size=(1, 1), stride=(1, 1), bias=False)
          (norm2): BatchNorm2d(128, eps=1e-05, momentum=0.1, affine=True, track_running_stats=True)
          (relu2): ReLU(inplace=True)
          (conv2): Conv2d(128, 32, kernel_size=(3, 3), stride=(1, 1), padding=(1, 1), bias=False)
        )
        (denselayer25): _DenseLayer(
          (norm1): BatchNorm2d(1024, eps=1e-05, momentum=0.1, affine=True, track_running_stats=True)
          (relu1): ReLU(inplace=True)
          (conv1): Conv2d(1024, 128, kernel_size=(1, 1), stride=(1, 1), bias=False)
          (norm2): BatchNorm2d(128, eps=1e-05, momentum=0.1, affine=True, track_running_stats=True)
          (relu2): ReLU(inplace=True)
          (conv2): Conv2d(128, 32, kernel_size=(3, 3), stride=(1, 1), padding=(1, 1), bias=False)
        )
        (denselayer26): _DenseLayer(
          (norm1): BatchNorm2d(1056, eps=1e-05, momentum=0.1, affine=True, track_running_stats=True)
          (relu1): ReLU(inplace=True)
          (conv1): Conv2d(1056, 128, kernel_size=(1, 1), stride=(1, 1), bias=False)
          (norm2): BatchNorm2d(128, eps=1e-05, momentum=0.1, affine=True, track_running_stats=True)
          (relu2): ReLU(inplace=True)
          (conv2): Conv2d(128, 32, kernel_size=(3, 3), stride=(1, 1), padding=(1, 1), bias=False)
        )
        (denselayer27): _DenseLayer(
          (norm1): BatchNorm2d(1088, eps=1e-05, momentum=0.1, affine=True, track_running_stats=True)
          (relu1): ReLU(inplace=True)
          (conv1): Conv2d(1088, 128, kernel_size=(1, 1), stride=(1, 1), bias=False)
          (norm2): BatchNorm2d(128, eps=1e-05, momentum=0.1, affine=True, track_running_stats=True)
          (relu2): ReLU(inplace=True)
          (conv2): Conv2d(128, 32, kernel_size=(3, 3), stride=(1, 1), padding=(1, 1), bias=False)
        )
        (denselayer28): _DenseLayer(
          (norm1): BatchNorm2d(1120, eps=1e-05, momentum=0.1, affine=True, track_running_stats=True)
          (relu1): ReLU(inplace=True)
          (conv1): Conv2d(1120, 128, kernel_size=(1, 1), stride=(1, 1), bias=False)
          (norm2): BatchNorm2d(128, eps=1e-05, momentum=0.1, affine=True, track_running_stats=True)
          (relu2): ReLU(inplace=True)
          (conv2): Conv2d(128, 32, kernel_size=(3, 3), stride=(1, 1), padding=(1, 1), bias=False)
        )
        (denselayer29): _DenseLayer(
          (norm1): BatchNorm2d(1152, eps=1e-05, momentum=0.1, affine=True, track_running_stats=True)
          (relu1): ReLU(inplace=True)
          (conv1): Conv2d(1152, 128, kernel_size=(1, 1), stride=(1, 1), bias=False)
          (norm2): BatchNorm2d(128, eps=1e-05, momentum=0.1, affine=True, track_running_stats=True)
          (relu2): ReLU(inplace=True)
          (conv2): Conv2d(128, 32, kernel_size=(3, 3), stride=(1, 1), padding=(1, 1), bias=False)
        )
        (denselayer30): _DenseLayer(
          (norm1): BatchNorm2d(1184, eps=1e-05, momentum=0.1, affine=True, track_running_stats=True)
          (relu1): ReLU(inplace=True)
          (conv1): Conv2d(1184, 128, kernel_size=(1, 1), stride=(1, 1), bias=False)
          (norm2): BatchNorm2d(128, eps=1e-05, momentum=0.1, affine=True, track_running_stats=True)
          (relu2): ReLU(inplace=True)
          (conv2): Conv2d(128, 32, kernel_size=(3, 3), stride=(1, 1), padding=(1, 1), bias=False)
        )
        (denselayer31): _DenseLayer(
          (norm1): BatchNorm2d(1216, eps=1e-05, momentum=0.1, affine=True, track_running_stats=True)
          (relu1): ReLU(inplace=True)
          (conv1): Conv2d(1216, 128, kernel_size=(1, 1), stride=(1, 1), bias=False)
          (norm2): BatchNorm2d(128, eps=1e-05, momentum=0.1, affine=True, track_running_stats=True)
          (relu2): ReLU(inplace=True)
          (conv2): Conv2d(128, 32, kernel_size=(3, 3), stride=(1, 1), padding=(1, 1), bias=False)
        )
        (denselayer32): _DenseLayer(
          (norm1): BatchNorm2d(1248, eps=1e-05, momentum=0.1, affine=True, track_running_stats=True)
          (relu1): ReLU(inplace=True)
          (conv1): Conv2d(1248, 128, kernel_size=(1, 1), stride=(1, 1), bias=False)
          (norm2): BatchNorm2d(128, eps=1e-05, momentum=0.1, affine=True, track_running_stats=True)
          (relu2): ReLU(inplace=True)
          (conv2): Conv2d(128, 32, kernel_size=(3, 3), stride=(1, 1), padding=(1, 1), bias=False)
        )
        (denselayer33): _DenseLayer(
          (norm1): BatchNorm2d(1280, eps=1e-05, momentum=0.1, affine=True, track_running_stats=True)
          (relu1): ReLU(inplace=True)
          (conv1): Conv2d(1280, 128, kernel_size=(1, 1), stride=(1, 1), bias=False)
          (norm2): BatchNorm2d(128, eps=1e-05, momentum=0.1, affine=True, track_running_stats=True)
          (relu2): ReLU(inplace=True)
          (conv2): Conv2d(128, 32, kernel_size=(3, 3), stride=(1, 1), padding=(1, 1), bias=False)
        )
        (denselayer34): _DenseLayer(
          (norm1): BatchNorm2d(1312, eps=1e-05, momentum=0.1, affine=True, track_running_stats=True)
          (relu1): ReLU(inplace=True)
          (conv1): Conv2d(1312, 128, kernel_size=(1, 1), stride=(1, 1), bias=False)
          (norm2): BatchNorm2d(128, eps=1e-05, momentum=0.1, affine=True, track_running_stats=True)
          (relu2): ReLU(inplace=True)
          (conv2): Conv2d(128, 32, kernel_size=(3, 3), stride=(1, 1), padding=(1, 1), bias=False)
        )
        (denselayer35): _DenseLayer(
          (norm1): BatchNorm2d(1344, eps=1e-05, momentum=0.1, affine=True, track_running_stats=True)
          (relu1): ReLU(inplace=True)
          (conv1): Conv2d(1344, 128, kernel_size=(1, 1), stride=(1, 1), bias=False)
          (norm2): BatchNorm2d(128, eps=1e-05, momentum=0.1, affine=True, track_running_stats=True)
          (relu2): ReLU(inplace=True)
          (conv2): Conv2d(128, 32, kernel_size=(3, 3), stride=(1, 1), padding=(1, 1), bias=False)
        )
        (denselayer36): _DenseLayer(
          (norm1): BatchNorm2d(1376, eps=1e-05, momentum=0.1, affine=True, track_running_stats=True)
          (relu1): ReLU(inplace=True)
          (conv1): Conv2d(1376, 128, kernel_size=(1, 1), stride=(1, 1), bias=False)
          (norm2): BatchNorm2d(128, eps=1e-05, momentum=0.1, affine=True, track_running_stats=True)
          (relu2): ReLU(inplace=True)
          (conv2): Conv2d(128, 32, kernel_size=(3, 3), stride=(1, 1), padding=(1, 1), bias=False)
        )
        (denselayer37): _DenseLayer(
          (norm1): BatchNorm2d(1408, eps=1e-05, momentum=0.1, affine=True, track_running_stats=True)
          (relu1): ReLU(inplace=True)
          (conv1): Conv2d(1408, 128, kernel_size=(1, 1), stride=(1, 1), bias=False)
          (norm2): BatchNorm2d(128, eps=1e-05, momentum=0.1, affine=True, track_running_stats=True)
          (relu2): ReLU(inplace=True)
          (conv2): Conv2d(128, 32, kernel_size=(3, 3), stride=(1, 1), padding=(1, 1), bias=False)
        )
        (denselayer38): _DenseLayer(
          (norm1): BatchNorm2d(1440, eps=1e-05, momentum=0.1, affine=True, track_running_stats=True)
          (relu1): ReLU(inplace=True)
          (conv1): Conv2d(1440, 128, kernel_size=(1, 1), stride=(1, 1), bias=False)
          (norm2): BatchNorm2d(128, eps=1e-05, momentum=0.1, affine=True, track_running_stats=True)
          (relu2): ReLU(inplace=True)
          (conv2): Conv2d(128, 32, kernel_size=(3, 3), stride=(1, 1), padding=(1, 1), bias=False)
        )
        (denselayer39): _DenseLayer(
          (norm1): BatchNorm2d(1472, eps=1e-05, momentum=0.1, affine=True, track_running_stats=True)
          (relu1): ReLU(inplace=True)
          (conv1): Conv2d(1472, 128, kernel_size=(1, 1), stride=(1, 1), bias=False)
          (norm2): BatchNorm2d(128, eps=1e-05, momentum=0.1, affine=True, track_running_stats=True)
          (relu2): ReLU(inplace=True)
          (conv2): Conv2d(128, 32, kernel_size=(3, 3), stride=(1, 1), padding=(1, 1), bias=False)
        )
        (denselayer40): _DenseLayer(
          (norm1): BatchNorm2d(1504, eps=1e-05, momentum=0.1, affine=True, track_running_stats=True)
          (relu1): ReLU(inplace=True)
          (conv1): Conv2d(1504, 128, kernel_size=(1, 1), stride=(1, 1), bias=False)
          (norm2): BatchNorm2d(128, eps=1e-05, momentum=0.1, affine=True, track_running_stats=True)
          (relu2): ReLU(inplace=True)
          (conv2): Conv2d(128, 32, kernel_size=(3, 3), stride=(1, 1), padding=(1, 1), bias=False)
        )
        (denselayer41): _DenseLayer(
          (norm1): BatchNorm2d(1536, eps=1e-05, momentum=0.1, affine=True, track_running_stats=True)
          (relu1): ReLU(inplace=True)
          (conv1): Conv2d(1536, 128, kernel_size=(1, 1), stride=(1, 1), bias=False)
          (norm2): BatchNorm2d(128, eps=1e-05, momentum=0.1, affine=True, track_running_stats=True)
          (relu2): ReLU(inplace=True)
          (conv2): Conv2d(128, 32, kernel_size=(3, 3), stride=(1, 1), padding=(1, 1), bias=False)
        )
        (denselayer42): _DenseLayer(
          (norm1): BatchNorm2d(1568, eps=1e-05, momentum=0.1, affine=True, track_running_stats=True)
          (relu1): ReLU(inplace=True)
          (conv1): Conv2d(1568, 128, kernel_size=(1, 1), stride=(1, 1), bias=False)
          (norm2): BatchNorm2d(128, eps=1e-05, momentum=0.1, affine=True, track_running_stats=True)
          (relu2): ReLU(inplace=True)
          (conv2): Conv2d(128, 32, kernel_size=(3, 3), stride=(1, 1), padding=(1, 1), bias=False)
        )
        (denselayer43): _DenseLayer(
          (norm1): BatchNorm2d(1600, eps=1e-05, momentum=0.1, affine=True, track_running_stats=True)
          (relu1): ReLU(inplace=True)
          (conv1): Conv2d(1600, 128, kernel_size=(1, 1), stride=(1, 1), bias=False)
          (norm2): BatchNorm2d(128, eps=1e-05, momentum=0.1, affine=True, track_running_stats=True)
          (relu2): ReLU(inplace=True)
          (conv2): Conv2d(128, 32, kernel_size=(3, 3), stride=(1, 1), padding=(1, 1), bias=False)
        )
        (denselayer44): _DenseLayer(
          (norm1): BatchNorm2d(1632, eps=1e-05, momentum=0.1, affine=True, track_running_stats=True)
          (relu1): ReLU(inplace=True)
          (conv1): Conv2d(1632, 128, kernel_size=(1, 1), stride=(1, 1), bias=False)
          (norm2): BatchNorm2d(128, eps=1e-05, momentum=0.1, affine=True, track_running_stats=True)
          (relu2): ReLU(inplace=True)
          (conv2): Conv2d(128, 32, kernel_size=(3, 3), stride=(1, 1), padding=(1, 1), bias=False)
        )
        (denselayer45): _DenseLayer(
          (norm1): BatchNorm2d(1664, eps=1e-05, momentum=0.1, affine=True, track_running_stats=True)
          (relu1): ReLU(inplace=True)
          (conv1): Conv2d(1664, 128, kernel_size=(1, 1), stride=(1, 1), bias=False)
          (norm2): BatchNorm2d(128, eps=1e-05, momentum=0.1, affine=True, track_running_stats=True)
          (relu2): ReLU(inplace=True)
          (conv2): Conv2d(128, 32, kernel_size=(3, 3), stride=(1, 1), padding=(1, 1), bias=False)
        )
        (denselayer46): _DenseLayer(
          (norm1): BatchNorm2d(1696, eps=1e-05, momentum=0.1, affine=True, track_running_stats=True)
          (relu1): ReLU(inplace=True)
          (conv1): Conv2d(1696, 128, kernel_size=(1, 1), stride=(1, 1), bias=False)
          (norm2): BatchNorm2d(128, eps=1e-05, momentum=0.1, affine=True, track_running_stats=True)
          (relu2): ReLU(inplace=True)
          (conv2): Conv2d(128, 32, kernel_size=(3, 3), stride=(1, 1), padding=(1, 1), bias=False)
        )
        (denselayer47): _DenseLayer(
          (norm1): BatchNorm2d(1728, eps=1e-05, momentum=0.1, affine=True, track_running_stats=True)
          (relu1): ReLU(inplace=True)
          (conv1): Conv2d(1728, 128, kernel_size=(1, 1), stride=(1, 1), bias=False)
          (norm2): BatchNorm2d(128, eps=1e-05, momentum=0.1, affine=True, track_running_stats=True)
          (relu2): ReLU(inplace=True)
          (conv2): Conv2d(128, 32, kernel_size=(3, 3), stride=(1, 1), padding=(1, 1), bias=False)
        )
        (denselayer48): _DenseLayer(
          (norm1): BatchNorm2d(1760, eps=1e-05, momentum=0.1, affine=True, track_running_stats=True)
          (relu1): ReLU(inplace=True)
          (conv1): Conv2d(1760, 128, kernel_size=(1, 1), stride=(1, 1), bias=False)
          (norm2): BatchNorm2d(128, eps=1e-05, momentum=0.1, affine=True, track_running_stats=True)
          (relu2): ReLU(inplace=True)
          (conv2): Conv2d(128, 32, kernel_size=(3, 3), stride=(1, 1), padding=(1, 1), bias=False)
        )
      )
      (transition3): _Transition(
        (norm): BatchNorm2d(1792, eps=1e-05, momentum=0.1, affine=True, track_running_stats=True)
        (relu): ReLU(inplace=True)
        (conv): Conv2d(1792, 896, kernel_size=(1, 1), stride=(1, 1), bias=False)
        (pool): AvgPool2d(kernel_size=2, stride=2, padding=0)
      )
      (denseblock4): _DenseBlock(
        (denselayer1): _DenseLayer(
          (norm1): BatchNorm2d(896, eps=1e-05, momentum=0.1, affine=True, track_running_stats=True)
          (relu1): ReLU(inplace=True)
          (conv1): Conv2d(896, 128, kernel_size=(1, 1), stride=(1, 1), bias=False)
          (norm2): BatchNorm2d(128, eps=1e-05, momentum=0.1, affine=True, track_running_stats=True)
          (relu2): ReLU(inplace=True)
          (conv2): Conv2d(128, 32, kernel_size=(3, 3), stride=(1, 1), padding=(1, 1), bias=False)
        )
        (denselayer2): _DenseLayer(
          (norm1): BatchNorm2d(928, eps=1e-05, momentum=0.1, affine=True, track_running_stats=True)
          (relu1): ReLU(inplace=True)
          (conv1): Conv2d(928, 128, kernel_size=(1, 1), stride=(1, 1), bias=False)
          (norm2): BatchNorm2d(128, eps=1e-05, momentum=0.1, affine=True, track_running_stats=True)
          (relu2): ReLU(inplace=True)
          (conv2): Conv2d(128, 32, kernel_size=(3, 3), stride=(1, 1), padding=(1, 1), bias=False)
        )
        (denselayer3): _DenseLayer(
          (norm1): BatchNorm2d(960, eps=1e-05, momentum=0.1, affine=True, track_running_stats=True)
          (relu1): ReLU(inplace=True)
          (conv1): Conv2d(960, 128, kernel_size=(1, 1), stride=(1, 1), bias=False)
          (norm2): BatchNorm2d(128, eps=1e-05, momentum=0.1, affine=True, track_running_stats=True)
          (relu2): ReLU(inplace=True)
          (conv2): Conv2d(128, 32, kernel_size=(3, 3), stride=(1, 1), padding=(1, 1), bias=False)
        )
        (denselayer4): _DenseLayer(
          (norm1): BatchNorm2d(992, eps=1e-05, momentum=0.1, affine=True, track_running_stats=True)
          (relu1): ReLU(inplace=True)
          (conv1): Conv2d(992, 128, kernel_size=(1, 1), stride=(1, 1), bias=False)
          (norm2): BatchNorm2d(128, eps=1e-05, momentum=0.1, affine=True, track_running_stats=True)
          (relu2): ReLU(inplace=True)
          (conv2): Conv2d(128, 32, kernel_size=(3, 3), stride=(1, 1), padding=(1, 1), bias=False)
        )
        (denselayer5): _DenseLayer(
          (norm1): BatchNorm2d(1024, eps=1e-05, momentum=0.1, affine=True, track_running_stats=True)
          (relu1): ReLU(inplace=True)
          (conv1): Conv2d(1024, 128, kernel_size=(1, 1), stride=(1, 1), bias=False)
          (norm2): BatchNorm2d(128, eps=1e-05, momentum=0.1, affine=True, track_running_stats=True)
          (relu2): ReLU(inplace=True)
          (conv2): Conv2d(128, 32, kernel_size=(3, 3), stride=(1, 1), padding=(1, 1), bias=False)
        )
        (denselayer6): _DenseLayer(
          (norm1): BatchNorm2d(1056, eps=1e-05, momentum=0.1, affine=True, track_running_stats=True)
          (relu1): ReLU(inplace=True)
          (conv1): Conv2d(1056, 128, kernel_size=(1, 1), stride=(1, 1), bias=False)
          (norm2): BatchNorm2d(128, eps=1e-05, momentum=0.1, affine=True, track_running_stats=True)
          (relu2): ReLU(inplace=True)
          (conv2): Conv2d(128, 32, kernel_size=(3, 3), stride=(1, 1), padding=(1, 1), bias=False)
        )
        (denselayer7): _DenseLayer(
          (norm1): BatchNorm2d(1088, eps=1e-05, momentum=0.1, affine=True, track_running_stats=True)
          (relu1): ReLU(inplace=True)
          (conv1): Conv2d(1088, 128, kernel_size=(1, 1), stride=(1, 1), bias=False)
          (norm2): BatchNorm2d(128, eps=1e-05, momentum=0.1, affine=True, track_running_stats=True)
          (relu2): ReLU(inplace=True)
          (conv2): Conv2d(128, 32, kernel_size=(3, 3), stride=(1, 1), padding=(1, 1), bias=False)
        )
        (denselayer8): _DenseLayer(
          (norm1): BatchNorm2d(1120, eps=1e-05, momentum=0.1, affine=True, track_running_stats=True)
          (relu1): ReLU(inplace=True)
          (conv1): Conv2d(1120, 128, kernel_size=(1, 1), stride=(1, 1), bias=False)
          (norm2): BatchNorm2d(128, eps=1e-05, momentum=0.1, affine=True, track_running_stats=True)
          (relu2): ReLU(inplace=True)
          (conv2): Conv2d(128, 32, kernel_size=(3, 3), stride=(1, 1), padding=(1, 1), bias=False)
        )
        (denselayer9): _DenseLayer(
          (norm1): BatchNorm2d(1152, eps=1e-05, momentum=0.1, affine=True, track_running_stats=True)
          (relu1): ReLU(inplace=True)
          (conv1): Conv2d(1152, 128, kernel_size=(1, 1), stride=(1, 1), bias=False)
          (norm2): BatchNorm2d(128, eps=1e-05, momentum=0.1, affine=True, track_running_stats=True)
          (relu2): ReLU(inplace=True)
          (conv2): Conv2d(128, 32, kernel_size=(3, 3), stride=(1, 1), padding=(1, 1), bias=False)
        )
        (denselayer10): _DenseLayer(
          (norm1): BatchNorm2d(1184, eps=1e-05, momentum=0.1, affine=True, track_running_stats=True)
          (relu1): ReLU(inplace=True)
          (conv1): Conv2d(1184, 128, kernel_size=(1, 1), stride=(1, 1), bias=False)
          (norm2): BatchNorm2d(128, eps=1e-05, momentum=0.1, affine=True, track_running_stats=True)
          (relu2): ReLU(inplace=True)
          (conv2): Conv2d(128, 32, kernel_size=(3, 3), stride=(1, 1), padding=(1, 1), bias=False)
        )
        (denselayer11): _DenseLayer(
          (norm1): BatchNorm2d(1216, eps=1e-05, momentum=0.1, affine=True, track_running_stats=True)
          (relu1): ReLU(inplace=True)
          (conv1): Conv2d(1216, 128, kernel_size=(1, 1), stride=(1, 1), bias=False)
          (norm2): BatchNorm2d(128, eps=1e-05, momentum=0.1, affine=True, track_running_stats=True)
          (relu2): ReLU(inplace=True)
          (conv2): Conv2d(128, 32, kernel_size=(3, 3), stride=(1, 1), padding=(1, 1), bias=False)
        )
        (denselayer12): _DenseLayer(
          (norm1): BatchNorm2d(1248, eps=1e-05, momentum=0.1, affine=True, track_running_stats=True)
          (relu1): ReLU(inplace=True)
          (conv1): Conv2d(1248, 128, kernel_size=(1, 1), stride=(1, 1), bias=False)
          (norm2): BatchNorm2d(128, eps=1e-05, momentum=0.1, affine=True, track_running_stats=True)
          (relu2): ReLU(inplace=True)
          (conv2): Conv2d(128, 32, kernel_size=(3, 3), stride=(1, 1), padding=(1, 1), bias=False)
        )
        (denselayer13): _DenseLayer(
          (norm1): BatchNorm2d(1280, eps=1e-05, momentum=0.1, affine=True, track_running_stats=True)
          (relu1): ReLU(inplace=True)
          (conv1): Conv2d(1280, 128, kernel_size=(1, 1), stride=(1, 1), bias=False)
          (norm2): BatchNorm2d(128, eps=1e-05, momentum=0.1, affine=True, track_running_stats=True)
          (relu2): ReLU(inplace=True)
          (conv2): Conv2d(128, 32, kernel_size=(3, 3), stride=(1, 1), padding=(1, 1), bias=False)
        )
        (denselayer14): _DenseLayer(
          (norm1): BatchNorm2d(1312, eps=1e-05, momentum=0.1, affine=True, track_running_stats=True)
          (relu1): ReLU(inplace=True)
          (conv1): Conv2d(1312, 128, kernel_size=(1, 1), stride=(1, 1), bias=False)
          (norm2): BatchNorm2d(128, eps=1e-05, momentum=0.1, affine=True, track_running_stats=True)
          (relu2): ReLU(inplace=True)
          (conv2): Conv2d(128, 32, kernel_size=(3, 3), stride=(1, 1), padding=(1, 1), bias=False)
        )
        (denselayer15): _DenseLayer(
          (norm1): BatchNorm2d(1344, eps=1e-05, momentum=0.1, affine=True, track_running_stats=True)
          (relu1): ReLU(inplace=True)
          (conv1): Conv2d(1344, 128, kernel_size=(1, 1), stride=(1, 1), bias=False)
          (norm2): BatchNorm2d(128, eps=1e-05, momentum=0.1, affine=True, track_running_stats=True)
          (relu2): ReLU(inplace=True)
          (conv2): Conv2d(128, 32, kernel_size=(3, 3), stride=(1, 1), padding=(1, 1), bias=False)
        )
        (denselayer16): _DenseLayer(
          (norm1): BatchNorm2d(1376, eps=1e-05, momentum=0.1, affine=True, track_running_stats=True)
          (relu1): ReLU(inplace=True)
          (conv1): Conv2d(1376, 128, kernel_size=(1, 1), stride=(1, 1), bias=False)
          (norm2): BatchNorm2d(128, eps=1e-05, momentum=0.1, affine=True, track_running_stats=True)
          (relu2): ReLU(inplace=True)
          (conv2): Conv2d(128, 32, kernel_size=(3, 3), stride=(1, 1), padding=(1, 1), bias=False)
        )
        (denselayer17): _DenseLayer(
          (norm1): BatchNorm2d(1408, eps=1e-05, momentum=0.1, affine=True, track_running_stats=True)
          (relu1): ReLU(inplace=True)
          (conv1): Conv2d(1408, 128, kernel_size=(1, 1), stride=(1, 1), bias=False)
          (norm2): BatchNorm2d(128, eps=1e-05, momentum=0.1, affine=True, track_running_stats=True)
          (relu2): ReLU(inplace=True)
          (conv2): Conv2d(128, 32, kernel_size=(3, 3), stride=(1, 1), padding=(1, 1), bias=False)
        )
        (denselayer18): _DenseLayer(
          (norm1): BatchNorm2d(1440, eps=1e-05, momentum=0.1, affine=True, track_running_stats=True)
          (relu1): ReLU(inplace=True)
          (conv1): Conv2d(1440, 128, kernel_size=(1, 1), stride=(1, 1), bias=False)
          (norm2): BatchNorm2d(128, eps=1e-05, momentum=0.1, affine=True, track_running_stats=True)
          (relu2): ReLU(inplace=True)
          (conv2): Conv2d(128, 32, kernel_size=(3, 3), stride=(1, 1), padding=(1, 1), bias=False)
        )
        (denselayer19): _DenseLayer(
          (norm1): BatchNorm2d(1472, eps=1e-05, momentum=0.1, affine=True, track_running_stats=True)
          (relu1): ReLU(inplace=True)
          (conv1): Conv2d(1472, 128, kernel_size=(1, 1), stride=(1, 1), bias=False)
          (norm2): BatchNorm2d(128, eps=1e-05, momentum=0.1, affine=True, track_running_stats=True)
          (relu2): ReLU(inplace=True)
          (conv2): Conv2d(128, 32, kernel_size=(3, 3), stride=(1, 1), padding=(1, 1), bias=False)
        )
        (denselayer20): _DenseLayer(
          (norm1): BatchNorm2d(1504, eps=1e-05, momentum=0.1, affine=True, track_running_stats=True)
          (relu1): ReLU(inplace=True)
          (conv1): Conv2d(1504, 128, kernel_size=(1, 1), stride=(1, 1), bias=False)
          (norm2): BatchNorm2d(128, eps=1e-05, momentum=0.1, affine=True, track_running_stats=True)
          (relu2): ReLU(inplace=True)
          (conv2): Conv2d(128, 32, kernel_size=(3, 3), stride=(1, 1), padding=(1, 1), bias=False)
        )
        (denselayer21): _DenseLayer(
          (norm1): BatchNorm2d(1536, eps=1e-05, momentum=0.1, affine=True, track_running_stats=True)
          (relu1): ReLU(inplace=True)
          (conv1): Conv2d(1536, 128, kernel_size=(1, 1), stride=(1, 1), bias=False)
          (norm2): BatchNorm2d(128, eps=1e-05, momentum=0.1, affine=True, track_running_stats=True)
          (relu2): ReLU(inplace=True)
          (conv2): Conv2d(128, 32, kernel_size=(3, 3), stride=(1, 1), padding=(1, 1), bias=False)
        )
        (denselayer22): _DenseLayer(
          (norm1): BatchNorm2d(1568, eps=1e-05, momentum=0.1, affine=True, track_running_stats=True)
          (relu1): ReLU(inplace=True)
          (conv1): Conv2d(1568, 128, kernel_size=(1, 1), stride=(1, 1), bias=False)
          (norm2): BatchNorm2d(128, eps=1e-05, momentum=0.1, affine=True, track_running_stats=True)
          (relu2): ReLU(inplace=True)
          (conv2): Conv2d(128, 32, kernel_size=(3, 3), stride=(1, 1), padding=(1, 1), bias=False)
        )
        (denselayer23): _DenseLayer(
          (norm1): BatchNorm2d(1600, eps=1e-05, momentum=0.1, affine=True, track_running_stats=True)
          (relu1): ReLU(inplace=True)
          (conv1): Conv2d(1600, 128, kernel_size=(1, 1), stride=(1, 1), bias=False)
          (norm2): BatchNorm2d(128, eps=1e-05, momentum=0.1, affine=True, track_running_stats=True)
          (relu2): ReLU(inplace=True)
          (conv2): Conv2d(128, 32, kernel_size=(3, 3), stride=(1, 1), padding=(1, 1), bias=False)
        )
        (denselayer24): _DenseLayer(
          (norm1): BatchNorm2d(1632, eps=1e-05, momentum=0.1, affine=True, track_running_stats=True)
          (relu1): ReLU(inplace=True)
          (conv1): Conv2d(1632, 128, kernel_size=(1, 1), stride=(1, 1), bias=False)
          (norm2): BatchNorm2d(128, eps=1e-05, momentum=0.1, affine=True, track_running_stats=True)
          (relu2): ReLU(inplace=True)
          (conv2): Conv2d(128, 32, kernel_size=(3, 3), stride=(1, 1), padding=(1, 1), bias=False)
        )
        (denselayer25): _DenseLayer(
          (norm1): BatchNorm2d(1664, eps=1e-05, momentum=0.1, affine=True, track_running_stats=True)
          (relu1): ReLU(inplace=True)
          (conv1): Conv2d(1664, 128, kernel_size=(1, 1), stride=(1, 1), bias=False)
          (norm2): BatchNorm2d(128, eps=1e-05, momentum=0.1, affine=True, track_running_stats=True)
          (relu2): ReLU(inplace=True)
          (conv2): Conv2d(128, 32, kernel_size=(3, 3), stride=(1, 1), padding=(1, 1), bias=False)
        )
        (denselayer26): _DenseLayer(
          (norm1): BatchNorm2d(1696, eps=1e-05, momentum=0.1, affine=True, track_running_stats=True)
          (relu1): ReLU(inplace=True)
          (conv1): Conv2d(1696, 128, kernel_size=(1, 1), stride=(1, 1), bias=False)
          (norm2): BatchNorm2d(128, eps=1e-05, momentum=0.1, affine=True, track_running_stats=True)
          (relu2): ReLU(inplace=True)
          (conv2): Conv2d(128, 32, kernel_size=(3, 3), stride=(1, 1), padding=(1, 1), bias=False)
        )
        (denselayer27): _DenseLayer(
          (norm1): BatchNorm2d(1728, eps=1e-05, momentum=0.1, affine=True, track_running_stats=True)
          (relu1): ReLU(inplace=True)
          (conv1): Conv2d(1728, 128, kernel_size=(1, 1), stride=(1, 1), bias=False)
          (norm2): BatchNorm2d(128, eps=1e-05, momentum=0.1, affine=True, track_running_stats=True)
          (relu2): ReLU(inplace=True)
          (conv2): Conv2d(128, 32, kernel_size=(3, 3), stride=(1, 1), padding=(1, 1), bias=False)
        )
        (denselayer28): _DenseLayer(
          (norm1): BatchNorm2d(1760, eps=1e-05, momentum=0.1, affine=True, track_running_stats=True)
          (relu1): ReLU(inplace=True)
          (conv1): Conv2d(1760, 128, kernel_size=(1, 1), stride=(1, 1), bias=False)
          (norm2): BatchNorm2d(128, eps=1e-05, momentum=0.1, affine=True, track_running_stats=True)
          (relu2): ReLU(inplace=True)
          (conv2): Conv2d(128, 32, kernel_size=(3, 3), stride=(1, 1), padding=(1, 1), bias=False)
        )
        (denselayer29): _DenseLayer(
          (norm1): BatchNorm2d(1792, eps=1e-05, momentum=0.1, affine=True, track_running_stats=True)
          (relu1): ReLU(inplace=True)
          (conv1): Conv2d(1792, 128, kernel_size=(1, 1), stride=(1, 1), bias=False)
          (norm2): BatchNorm2d(128, eps=1e-05, momentum=0.1, affine=True, track_running_stats=True)
          (relu2): ReLU(inplace=True)
          (conv2): Conv2d(128, 32, kernel_size=(3, 3), stride=(1, 1), padding=(1, 1), bias=False)
        )
        (denselayer30): _DenseLayer(
          (norm1): BatchNorm2d(1824, eps=1e-05, momentum=0.1, affine=True, track_running_stats=True)
          (relu1): ReLU(inplace=True)
          (conv1): Conv2d(1824, 128, kernel_size=(1, 1), stride=(1, 1), bias=False)
          (norm2): BatchNorm2d(128, eps=1e-05, momentum=0.1, affine=True, track_running_stats=True)
          (relu2): ReLU(inplace=True)
          (conv2): Conv2d(128, 32, kernel_size=(3, 3), stride=(1, 1), padding=(1, 1), bias=False)
        )
        (denselayer31): _DenseLayer(
          (norm1): BatchNorm2d(1856, eps=1e-05, momentum=0.1, affine=True, track_running_stats=True)
          (relu1): ReLU(inplace=True)
          (conv1): Conv2d(1856, 128, kernel_size=(1, 1), stride=(1, 1), bias=False)
          (norm2): BatchNorm2d(128, eps=1e-05, momentum=0.1, affine=True, track_running_stats=True)
          (relu2): ReLU(inplace=True)
          (conv2): Conv2d(128, 32, kernel_size=(3, 3), stride=(1, 1), padding=(1, 1), bias=False)
        )
        (denselayer32): _DenseLayer(
          (norm1): BatchNorm2d(1888, eps=1e-05, momentum=0.1, affine=True, track_running_stats=True)
          (relu1): ReLU(inplace=True)
          (conv1): Conv2d(1888, 128, kernel_size=(1, 1), stride=(1, 1), bias=False)
          (norm2): BatchNorm2d(128, eps=1e-05, momentum=0.1, affine=True, track_running_stats=True)
          (relu2): ReLU(inplace=True)
          (conv2): Conv2d(128, 32, kernel_size=(3, 3), stride=(1, 1), padding=(1, 1), bias=False)
        )
      )
      (norm5): BatchNorm2d(1920, eps=1e-05, momentum=0.1, affine=True, track_running_stats=True)
    )
    (classifier): Linear(in_features=1920, out_features=7, bias=True)
  )
)
2024-03-30 21:50:16,991 - INFO - All data has been loaded
2024-03-30 21:50:16,993 - INFO - Got hyper parametrs for current model:
2024-03-30 21:50:16,993 - INFO - batch size=32
2024-03-30 21:50:16,993 - INFO - Adam (
Parameter Group 0
    amsgrad: False
    betas: (0.9, 0.999)
    capturable: False
    differentiable: False
    eps: 1e-08
    foreach: None
    fused: None
    initial_lr: 0.0003
    lr: 0.0003
    maximize: False
    weight_decay: 3.4e-05
)
2024-03-30 21:50:16,993 - INFO - <torch.optim.lr_scheduler.CosineAnnealingLR object at 0x7f7d20b4f1c0>
2024-03-30 21:50:16,994 - INFO - DataLoaders initialized
2024-03-30 21:50:16,994 - INFO - HyperParams initiliazed, starting training...
2024-03-30 21:55:26,083 - INFO - Epoch: 1 | Loss: 0.0319 | Validation accuracy: 55.364% | Epoch Time: 309.09 secs
2024-03-30 22:00:36,857 - INFO - Epoch: 2 | Loss: 0.0262 | Validation accuracy: 58.038% | Epoch Time: 309.89 secs
2024-03-30 22:05:46,173 - INFO - Epoch: 3 | Loss: 0.0247 | Validation accuracy: 60.713% | Epoch Time: 306.89 secs
2024-03-30 22:10:55,364 - INFO - Epoch: 4 | Loss: 0.0238 | Validation accuracy: 59.877% | Epoch Time: 306.86 secs
2024-03-30 22:18:42,361 - INFO - Epoch: 5 | Loss: 0.0230 | Training accuracy: 73.858% | Validation accuracy: 61.048% | Epoch Time: 466.05 secs
2024-03-30 22:23:50,770 - INFO - Epoch: 6 | Loss: 0.0221 | Validation accuracy: 60.518% | Epoch Time: 306.47 secs
2024-03-30 22:28:57,971 - INFO - Epoch: 7 | Loss: 0.0220 | Validation accuracy: 62.246% | Epoch Time: 306.05 secs
2024-03-30 22:34:05,436 - INFO - Epoch: 8 | Loss: 0.0212 | Validation accuracy: 62.413% | Epoch Time: 305.43 secs
2024-03-30 22:39:12,561 - INFO - Epoch: 9 | Loss: 0.0209 | Validation accuracy: 62.274% | Epoch Time: 305.18 secs
2024-03-30 22:47:01,442 - INFO - Epoch: 10 | Loss: 0.0205 | Training accuracy: 76.673% | Validation accuracy: 64.363% | Epoch Time: 467.92 secs
2024-03-30 22:52:09,169 - INFO - Epoch: 11 | Loss: 0.0203 | Validation accuracy: 63.583% | Epoch Time: 305.80 secs
2024-03-30 22:57:16,021 - INFO - Epoch: 12 | Loss: 0.0199 | Validation accuracy: 64.252% | Epoch Time: 305.70 secs
2024-03-30 23:02:22,075 - INFO - Epoch: 13 | Loss: 0.0197 | Validation accuracy: 65.506% | Epoch Time: 304.91 secs
2024-03-30 23:07:28,814 - INFO - Epoch: 14 | Loss: 0.0194 | Validation accuracy: 65.227% | Epoch Time: 304.81 secs
2024-03-30 23:15:13,239 - INFO - Epoch: 15 | Loss: 0.0191 | Training accuracy: 78.049% | Validation accuracy: 66.174% | Epoch Time: 463.47 secs
2024-03-30 23:20:21,156 - INFO - Epoch: 16 | Loss: 0.0188 | Validation accuracy: 65.394% | Epoch Time: 305.60 secs
2024-03-30 23:25:26,301 - INFO - Epoch: 17 | Loss: 0.0182 | Validation accuracy: 64.447% | Epoch Time: 304.22 secs
2024-03-30 23:30:31,210 - INFO - Epoch: 18 | Loss: 0.0182 | Validation accuracy: 66.397% | Epoch Time: 303.56 secs
2024-03-30 23:35:37,616 - INFO - Epoch: 19 | Loss: 0.0179 | Validation accuracy: 65.422% | Epoch Time: 303.89 secs
2024-03-30 23:43:22,083 - INFO - Epoch: 20 | Loss: 0.0181 | Training accuracy: 79.818% | Validation accuracy: 66.147% | Epoch Time: 463.31 secs
2024-03-30 23:48:28,297 - INFO - Epoch: 21 | Loss: 0.0176 | Validation accuracy: 65.812% | Epoch Time: 305.27 secs
2024-03-30 23:53:33,160 - INFO - Epoch: 22 | Loss: 0.0177 | Validation accuracy: 66.119% | Epoch Time: 303.89 secs
2024-03-30 23:58:37,954 - INFO - Epoch: 23 | Loss: 0.0172 | Validation accuracy: 65.979% | Epoch Time: 303.73 secs
2024-03-31 00:03:42,589 - INFO - Epoch: 24 | Loss: 0.0168 | Validation accuracy: 66.119% | Epoch Time: 303.69 secs
2024-03-31 00:11:24,307 - INFO - Epoch: 25 | Loss: 0.0168 | Training accuracy: 80.487% | Validation accuracy: 66.397% | Epoch Time: 460.70 secs
2024-03-31 00:16:29,460 - INFO - Epoch: 26 | Loss: 0.0167 | Validation accuracy: 67.595% | Epoch Time: 304.02 secs
2024-03-31 00:21:35,559 - INFO - Epoch: 27 | Loss: 0.0163 | Validation accuracy: 65.561% | Epoch Time: 303.73 secs
2024-03-31 00:26:40,014 - INFO - Epoch: 28 | Loss: 0.0159 | Validation accuracy: 66.982% | Epoch Time: 303.30 secs
2024-03-31 00:31:45,374 - INFO - Epoch: 29 | Loss: 0.0159 | Validation accuracy: 65.422% | Epoch Time: 304.40 secs
2024-03-31 00:39:27,450 - INFO - Epoch: 30 | Loss: 0.0158 | Training accuracy: 82.577% | Validation accuracy: 67.066% | Epoch Time: 460.92 secs
2024-03-31 00:44:32,896 - INFO - Epoch: 31 | Loss: 0.0155 | Validation accuracy: 67.763% | Epoch Time: 304.47 secs
2024-03-31 00:49:38,604 - INFO - Epoch: 32 | Loss: 0.0153 | Validation accuracy: 68.766% | Epoch Time: 303.62 secs
2024-03-31 00:54:43,560 - INFO - Epoch: 33 | Loss: 0.0148 | Validation accuracy: 67.094% | Epoch Time: 302.93 secs
2024-03-31 00:59:47,625 - INFO - Epoch: 34 | Loss: 0.0147 | Validation accuracy: 68.208% | Epoch Time: 302.86 secs
2024-03-31 01:07:29,919 - INFO - Epoch: 35 | Loss: 0.0145 | Training accuracy: 81.755% | Validation accuracy: 64.921% | Epoch Time: 461.35 secs
2024-03-31 01:12:34,632 - INFO - Epoch: 36 | Loss: 0.0144 | Validation accuracy: 68.013% | Epoch Time: 303.72 secs
2024-03-31 01:17:39,274 - INFO - Epoch: 37 | Loss: 0.0141 | Validation accuracy: 67.707% | Epoch Time: 303.49 secs
2024-03-31 01:22:43,419 - INFO - Epoch: 38 | Loss: 0.0139 | Validation accuracy: 67.373% | Epoch Time: 303.12 secs
2024-03-31 01:27:46,547 - INFO - Epoch: 39 | Loss: 0.0138 | Validation accuracy: 67.707% | Epoch Time: 302.19 secs
2024-03-31 01:35:29,954 - INFO - Epoch: 40 | Loss: 0.0138 | Training accuracy: 85.057% | Validation accuracy: 67.177% | Epoch Time: 462.23 secs
2024-03-31 01:40:35,227 - INFO - Epoch: 41 | Loss: 0.0136 | Validation accuracy: 68.766% | Epoch Time: 304.31 secs
2024-03-31 01:45:39,561 - INFO - Epoch: 42 | Loss: 0.0130 | Validation accuracy: 66.815% | Epoch Time: 303.20 secs
2024-03-31 01:50:43,387 - INFO - Epoch: 43 | Loss: 0.0129 | Validation accuracy: 67.150% | Epoch Time: 302.86 secs
2024-03-31 01:55:47,422 - INFO - Epoch: 44 | Loss: 0.0126 | Validation accuracy: 69.379% | Epoch Time: 302.57 secs
2024-03-31 02:03:30,416 - INFO - Epoch: 45 | Loss: 0.0121 | Training accuracy: 86.471% | Validation accuracy: 68.125% | Epoch Time: 460.72 secs
2024-03-31 02:08:35,480 - INFO - Epoch: 46 | Loss: 0.0122 | Validation accuracy: 68.376% | Epoch Time: 304.12 secs
2024-03-31 02:13:39,882 - INFO - Epoch: 47 | Loss: 0.0120 | Validation accuracy: 69.156% | Epoch Time: 303.45 secs
2024-03-31 02:18:44,539 - INFO - Epoch: 48 | Loss: 0.0120 | Validation accuracy: 69.016% | Epoch Time: 303.70 secs
2024-03-31 02:23:48,495 - INFO - Epoch: 49 | Loss: 0.0117 | Validation accuracy: 68.961% | Epoch Time: 302.91 secs
2024-03-31 02:31:30,961 - INFO - Epoch: 50 | Loss: 0.0112 | Training accuracy: 87.109% | Validation accuracy: 68.961% | Epoch Time: 461.53 secs
2024-03-31 02:36:36,906 - INFO - Epoch: 51 | Loss: 0.0114 | Validation accuracy: 68.543% | Epoch Time: 304.57 secs
2024-03-31 02:41:40,710 - INFO - Epoch: 52 | Loss: 0.0111 | Validation accuracy: 68.794% | Epoch Time: 302.71 secs
2024-03-31 02:46:43,835 - INFO - Epoch: 53 | Loss: 0.0107 | Validation accuracy: 68.236% | Epoch Time: 301.84 secs
2024-03-31 02:51:47,177 - INFO - Epoch: 54 | Loss: 0.0108 | Validation accuracy: 68.821% | Epoch Time: 302.26 secs
2024-03-31 02:59:29,758 - INFO - Epoch: 55 | Loss: 0.0106 | Training accuracy: 88.627% | Validation accuracy: 68.320% | Epoch Time: 461.69 secs
2024-03-31 04:04:34,351 - INFO - Epoch: 56 | Loss: 0.0105 | Validation accuracy: 68.431% | Epoch Time: 303.74 secs
2024-03-31 04:09:37,821 - INFO - Epoch: 57 | Loss: 0.0103 | Validation accuracy: 68.821% | Epoch Time: 302.60 secs
2024-03-31 04:14:42,004 - INFO - Epoch: 58 | Loss: 0.0100 | Validation accuracy: 69.379% | Epoch Time: 302.93 secs
2024-03-31 04:19:46,215 - INFO - Epoch: 59 | Loss: 0.0099 | Validation accuracy: 69.741% | Epoch Time: 303.02 secs
2024-03-31 04:27:27,920 - INFO - Epoch: 60 | Loss: 0.0098 | Training accuracy: 89.428% | Validation accuracy: 68.348% | Epoch Time: 459.22 secs
2024-03-31 04:32:32,880 - INFO - Epoch: 61 | Loss: 0.0095 | Validation accuracy: 69.351% | Epoch Time: 303.90 secs
2024-03-31 04:37:36,904 - INFO - Epoch: 62 | Loss: 0.0096 | Validation accuracy: 69.741% | Epoch Time: 303.17 secs
2024-03-31 04:42:40,651 - INFO - Epoch: 63 | Loss: 0.0096 | Validation accuracy: 69.824% | Epoch Time: 302.79 secs
2024-03-31 04:47:45,417 - INFO - Epoch: 64 | Loss: 0.0091 | Validation accuracy: 69.462% | Epoch Time: 302.33 secs
2024-03-31 04:55:25,167 - INFO - Epoch: 65 | Loss: 0.0090 | Training accuracy: 90.069% | Validation accuracy: 69.797% | Epoch Time: 458.70 secs
2024-03-31 05:00:29,564 - INFO - Epoch: 66 | Loss: 0.0091 | Validation accuracy: 69.184% | Epoch Time: 303.51 secs
2024-03-31 05:05:33,608 - INFO - Epoch: 67 | Loss: 0.0090 | Validation accuracy: 69.379% | Epoch Time: 302.98 secs
2024-03-31 05:10:36,667 - INFO - Epoch: 68 | Loss: 0.0088 | Validation accuracy: 70.131% | Epoch Time: 302.21 secs
2024-03-31 05:15:41,506 - INFO - Epoch: 69 | Loss: 0.0085 | Validation accuracy: 70.242% | Epoch Time: 302.33 secs
2024-03-31 05:23:24,107 - INFO - Epoch: 70 | Loss: 0.0084 | Training accuracy: 90.456% | Validation accuracy: 70.632% | Epoch Time: 460.63 secs
2024-03-31 05:28:29,683 - INFO - Epoch: 71 | Loss: 0.0084 | Validation accuracy: 70.911% | Epoch Time: 303.66 secs
2024-03-31 05:33:34,932 - INFO - Epoch: 72 | Loss: 0.0082 | Validation accuracy: 70.215% | Epoch Time: 303.15 secs
2024-03-31 05:38:39,129 - INFO - Epoch: 73 | Loss: 0.0081 | Validation accuracy: 70.660% | Epoch Time: 303.13 secs
2024-03-31 05:43:42,320 - INFO - Epoch: 74 | Loss: 0.0078 | Validation accuracy: 70.187% | Epoch Time: 302.12 secs
2024-03-31 05:51:21,783 - INFO - Epoch: 75 | Loss: 0.0077 | Training accuracy: 91.522% | Validation accuracy: 70.465% | Epoch Time: 458.62 secs
2024-03-31 05:56:26,060 - INFO - Epoch: 76 | Loss: 0.0079 | Validation accuracy: 70.437% | Epoch Time: 303.39 secs
2024-03-31 06:01:30,393 - INFO - Epoch: 77 | Loss: 0.0076 | Validation accuracy: 70.242% | Epoch Time: 303.46 secs
2024-03-31 06:06:33,588 - INFO - Epoch: 78 | Loss: 0.0077 | Validation accuracy: 71.357% | Epoch Time: 302.31 secs
2024-03-31 06:11:38,614 - INFO - Epoch: 79 | Loss: 0.0074 | Validation accuracy: 70.855% | Epoch Time: 302.33 secs
2024-03-31 06:19:19,565 - INFO - Epoch: 80 | Loss: 0.0074 | Training accuracy: 92.009% | Validation accuracy: 70.688% | Epoch Time: 459.98 secs
2024-03-31 06:24:24,376 - INFO - Epoch: 81 | Loss: 0.0072 | Validation accuracy: 71.134% | Epoch Time: 303.74 secs
2024-03-31 06:29:28,054 - INFO - Epoch: 82 | Loss: 0.0072 | Validation accuracy: 70.855% | Epoch Time: 302.63 secs
2024-03-31 06:34:31,946 - INFO - Epoch: 83 | Loss: 0.0073 | Validation accuracy: 70.326% | Epoch Time: 302.83 secs
2024-03-31 06:39:35,712 - INFO - Epoch: 84 | Loss: 0.0071 | Validation accuracy: 70.410% | Epoch Time: 302.52 secs
2024-03-31 06:47:16,225 - INFO - Epoch: 85 | Loss: 0.0071 | Training accuracy: 92.504% | Validation accuracy: 71.190% | Epoch Time: 459.67 secs
2024-03-31 06:52:21,777 - INFO - Epoch: 86 | Loss: 0.0068 | Validation accuracy: 70.772% | Epoch Time: 304.09 secs
2024-03-31 06:57:26,109 - INFO - Epoch: 87 | Loss: 0.0068 | Validation accuracy: 71.218% | Epoch Time: 303.47 secs
2024-03-31 07:02:29,983 - INFO - Epoch: 88 | Loss: 0.0068 | Validation accuracy: 70.911% | Epoch Time: 302.58 secs
2024-03-31 07:07:33,898 - INFO - Epoch: 89 | Loss: 0.0067 | Validation accuracy: 71.190% | Epoch Time: 302.73 secs
2024-03-31 07:15:15,267 - INFO - Epoch: 90 | Loss: 0.0067 | Training accuracy: 92.563% | Validation accuracy: 71.023% | Epoch Time: 460.49 secs
2024-03-31 07:20:20,066 - INFO - Epoch: 91 | Loss: 0.0067 | Validation accuracy: 71.023% | Epoch Time: 303.79 secs
2024-03-31 07:25:25,246 - INFO - Epoch: 92 | Loss: 0.0069 | Validation accuracy: 71.468% | Epoch Time: 303.58 secs
2024-03-31 07:30:30,894 - INFO - Epoch: 93 | Loss: 0.0069 | Validation accuracy: 71.441% | Epoch Time: 302.85 secs
2024-03-31 07:35:35,360 - INFO - Epoch: 94 | Loss: 0.0066 | Validation accuracy: 71.218% | Epoch Time: 303.43 secs
2024-03-31 07:43:17,868 - INFO - Epoch: 95 | Loss: 0.0066 | Training accuracy: 92.727% | Validation accuracy: 71.218% | Epoch Time: 461.24 secs
2024-03-31 07:48:23,677 - INFO - Epoch: 96 | Loss: 0.0065 | Validation accuracy: 71.218% | Epoch Time: 304.49 secs
2024-03-31 07:53:27,663 - INFO - Epoch: 97 | Loss: 0.0065 | Validation accuracy: 71.468% | Epoch Time: 302.64 secs
2024-03-31 07:58:31,714 - INFO - Epoch: 98 | Loss: 0.0064 | Validation accuracy: 71.385% | Epoch Time: 302.98 secs
2024-03-31 08:03:35,585 - INFO - Epoch: 99 | Loss: 0.0067 | Validation accuracy: 71.357% | Epoch Time: 302.82 secs
2024-03-31 08:11:16,652 - INFO - Epoch: 100 | Loss: 0.0066 | Training accuracy: 92.919% | Validation accuracy: 71.385% | Epoch Time: 460.19 secs
2024-03-31 08:11:18,503 - INFO - Train Ended!
2024-03-31 08:11:18,504 - INFO - Saving train statistics
2024-03-31 08:11:18,690 - INFO - Save statistics done!
